[0.013s] Invoking command in '/home/ttpidelta/RushBoTT-ros2_ws/build/ros_gz_example_bringup': AMENT_PREFIX_PATH=/home/ttpidelta/RushBoTT-ros2_ws/install/ros_gz_example_gazebo:/home/ttpidelta/RushBoTT-ros2_ws/install/ros_gz_example_description:${AMENT_PREFIX_PATH} CMAKE_PREFIX_PATH=/home/ttpidelta/RushBoTT-ros2_ws/install/ros_gz_example_gazebo:/home/ttpidelta/RushBoTT-ros2_ws/install/ros_gz_example_description:/opt/ros/jazzy/opt/gz_sim_vendor:/opt/ros/jazzy/opt/gz_sensors_vendor:/opt/ros/jazzy/opt/gz_physics_vendor:/opt/ros/jazzy/opt/sdformat_vendor:/opt/ros/jazzy/opt/gz_gui_vendor:/opt/ros/jazzy/opt/gz_transport_vendor:/opt/ros/jazzy/opt/gz_rendering_vendor:/opt/ros/jazzy/opt/gz_plugin_vendor:/opt/ros/jazzy/opt/gz_fuel_tools_vendor:/opt/ros/jazzy/opt/gz_msgs_vendor:/opt/ros/jazzy/opt/gz_common_vendor:/opt/ros/jazzy/opt/gz_math_vendor:/opt/ros/jazzy/opt/gz_utils_vendor:/opt/ros/jazzy/opt/gz_tools_vendor:/opt/ros/jazzy/opt/gz_ogre_next_vendor:/opt/ros/jazzy/opt/gz_dartsim_vendor:/opt/ros/jazzy/opt/gz_cmake_vendor:/opt/ros/jazzy GZ_SIM_PLUGIN_PATH=/home/ttpidelta/RushBoTT-ros2_ws/install/ros_gz_example_gazebo/lib/ros_gz_example_gazebo GZ_SIM_RESOURCE_PATH=/home/ttpidelta/RushBoTT-ros2_ws/install/ros_gz_example_gazebo/share/ros_gz_example_gazebo/worlds:/home/ttpidelta/RushBoTT-ros2_ws/install/ros_gz_example_description/share/ros_gz_example_description/models /usr/bin/cmake --build /home/ttpidelta/RushBoTT-ros2_ws/build/ros_gz_example_bringup -- -j12 -l12
[0.042s] -- Found ament_cmake: 2.5.2 (/opt/ros/jazzy/share/ament_cmake/cmake)
[0.249s] -- Found ros_gz_example_description: 0.0.0 (/home/ttpidelta/RushBoTT-ros2_ws/install/ros_gz_example_description/share/ros_gz_example_description/cmake)
[0.249s] -- Found ros_gz_example_gazebo: 0.0.0 (/home/ttpidelta/RushBoTT-ros2_ws/install/ros_gz_example_gazebo/share/ros_gz_example_gazebo/cmake)
[0.250s] -- Found ament_lint_auto: 0.17.1 (/opt/ros/jazzy/share/ament_lint_auto/cmake)
[0.335s] -- Configuring done (0.3s)
[0.340s] -- Generating done (0.0s)
[0.341s] -- Build files have been written to: /home/ttpidelta/RushBoTT-ros2_ws/build/ros_gz_example_bringup
[0.365s] Invoked command in '/home/ttpidelta/RushBoTT-ros2_ws/build/ros_gz_example_bringup' returned '0': AMENT_PREFIX_PATH=/home/ttpidelta/RushBoTT-ros2_ws/install/ros_gz_example_gazebo:/home/ttpidelta/RushBoTT-ros2_ws/install/ros_gz_example_description:${AMENT_PREFIX_PATH} CMAKE_PREFIX_PATH=/home/ttpidelta/RushBoTT-ros2_ws/install/ros_gz_example_gazebo:/home/ttpidelta/RushBoTT-ros2_ws/install/ros_gz_example_description:/opt/ros/jazzy/opt/gz_sim_vendor:/opt/ros/jazzy/opt/gz_sensors_vendor:/opt/ros/jazzy/opt/gz_physics_vendor:/opt/ros/jazzy/opt/sdformat_vendor:/opt/ros/jazzy/opt/gz_gui_vendor:/opt/ros/jazzy/opt/gz_transport_vendor:/opt/ros/jazzy/opt/gz_rendering_vendor:/opt/ros/jazzy/opt/gz_plugin_vendor:/opt/ros/jazzy/opt/gz_fuel_tools_vendor:/opt/ros/jazzy/opt/gz_msgs_vendor:/opt/ros/jazzy/opt/gz_common_vendor:/opt/ros/jazzy/opt/gz_math_vendor:/opt/ros/jazzy/opt/gz_utils_vendor:/opt/ros/jazzy/opt/gz_tools_vendor:/opt/ros/jazzy/opt/gz_ogre_next_vendor:/opt/ros/jazzy/opt/gz_dartsim_vendor:/opt/ros/jazzy/opt/gz_cmake_vendor:/opt/ros/jazzy GZ_SIM_PLUGIN_PATH=/home/ttpidelta/RushBoTT-ros2_ws/install/ros_gz_example_gazebo/lib/ros_gz_example_gazebo GZ_SIM_RESOURCE_PATH=/home/ttpidelta/RushBoTT-ros2_ws/install/ros_gz_example_gazebo/share/ros_gz_example_gazebo/worlds:/home/ttpidelta/RushBoTT-ros2_ws/install/ros_gz_example_description/share/ros_gz_example_description/models /usr/bin/cmake --build /home/ttpidelta/RushBoTT-ros2_ws/build/ros_gz_example_bringup -- -j12 -l12
[0.391s] Invoking command in '/home/ttpidelta/RushBoTT-ros2_ws/build/ros_gz_example_bringup': AMENT_PREFIX_PATH=/home/ttpidelta/RushBoTT-ros2_ws/install/ros_gz_example_gazebo:/home/ttpidelta/RushBoTT-ros2_ws/install/ros_gz_example_description:${AMENT_PREFIX_PATH} CMAKE_PREFIX_PATH=/home/ttpidelta/RushBoTT-ros2_ws/install/ros_gz_example_gazebo:/home/ttpidelta/RushBoTT-ros2_ws/install/ros_gz_example_description:/opt/ros/jazzy/opt/gz_sim_vendor:/opt/ros/jazzy/opt/gz_sensors_vendor:/opt/ros/jazzy/opt/gz_physics_vendor:/opt/ros/jazzy/opt/sdformat_vendor:/opt/ros/jazzy/opt/gz_gui_vendor:/opt/ros/jazzy/opt/gz_transport_vendor:/opt/ros/jazzy/opt/gz_rendering_vendor:/opt/ros/jazzy/opt/gz_plugin_vendor:/opt/ros/jazzy/opt/gz_fuel_tools_vendor:/opt/ros/jazzy/opt/gz_msgs_vendor:/opt/ros/jazzy/opt/gz_common_vendor:/opt/ros/jazzy/opt/gz_math_vendor:/opt/ros/jazzy/opt/gz_utils_vendor:/opt/ros/jazzy/opt/gz_tools_vendor:/opt/ros/jazzy/opt/gz_ogre_next_vendor:/opt/ros/jazzy/opt/gz_dartsim_vendor:/opt/ros/jazzy/opt/gz_cmake_vendor:/opt/ros/jazzy GZ_SIM_PLUGIN_PATH=/home/ttpidelta/RushBoTT-ros2_ws/install/ros_gz_example_gazebo/lib/ros_gz_example_gazebo GZ_SIM_RESOURCE_PATH=/home/ttpidelta/RushBoTT-ros2_ws/install/ros_gz_example_gazebo/share/ros_gz_example_gazebo/worlds:/home/ttpidelta/RushBoTT-ros2_ws/install/ros_gz_example_description/share/ros_gz_example_description/models /usr/bin/cmake --install /home/ttpidelta/RushBoTT-ros2_ws/build/ros_gz_example_bringup
[0.400s] -- Install configuration: ""
[0.400s] -- Up-to-date: /home/ttpidelta/RushBoTT-ros2_ws/install/ros_gz_example_bringup/share/ros_gz_example_bringup/launch
[0.400s] -- Installing: /home/ttpidelta/RushBoTT-ros2_ws/install/ros_gz_example_bringup/share/ros_gz_example_bringup/launch/rrbot_setup.launch.py
[0.400s] -- Installing: /home/ttpidelta/RushBoTT-ros2_ws/install/ros_gz_example_bringup/share/ros_gz_example_bringup/launch/diff_drive.launch.py
[0.401s] -- Up-to-date: /home/ttpidelta/RushBoTT-ros2_ws/install/ros_gz_example_bringup/share/ros_gz_example_bringup/config
[0.401s] -- Installing: /home/ttpidelta/RushBoTT-ros2_ws/install/ros_gz_example_bringup/share/ros_gz_example_bringup/config/rrbot.rviz
[0.402s] -- Installing: /home/ttpidelta/RushBoTT-ros2_ws/install/ros_gz_example_bringup/share/ros_gz_example_bringup/config/ros_gz_example_bridge.yaml
[0.402s] -- Installing: /home/ttpidelta/RushBoTT-ros2_ws/install/ros_gz_example_bringup/share/ros_gz_example_bringup/config/diff_drive.rviz
[0.403s] -- Up-to-date: /home/ttpidelta/RushBoTT-ros2_ws/install/ros_gz_example_bringup/share/ament_index/resource_index/package_run_dependencies/ros_gz_example_bringup
[0.403s] -- Up-to-date: /home/ttpidelta/RushBoTT-ros2_ws/install/ros_gz_example_bringup/share/ament_index/resource_index/parent_prefix_path/ros_gz_example_bringup
[0.404s] -- Up-to-date: /home/ttpidelta/RushBoTT-ros2_ws/install/ros_gz_example_bringup/share/ros_gz_example_bringup/environment/ament_prefix_path.sh
[0.404s] -- Up-to-date: /home/ttpidelta/RushBoTT-ros2_ws/install/ros_gz_example_bringup/share/ros_gz_example_bringup/environment/ament_prefix_path.dsv
[0.404s] -- Up-to-date: /home/ttpidelta/RushBoTT-ros2_ws/install/ros_gz_example_bringup/share/ros_gz_example_bringup/environment/path.sh
[0.404s] -- Up-to-date: /home/ttpidelta/RushBoTT-ros2_ws/install/ros_gz_example_bringup/share/ros_gz_example_bringup/environment/path.dsv
[0.405s] -- Up-to-date: /home/ttpidelta/RushBoTT-ros2_ws/install/ros_gz_example_bringup/share/ros_gz_example_bringup/local_setup.bash
[0.405s] -- Up-to-date: /home/ttpidelta/RushBoTT-ros2_ws/install/ros_gz_example_bringup/share/ros_gz_example_bringup/local_setup.sh
[0.405s] -- Up-to-date: /home/ttpidelta/RushBoTT-ros2_ws/install/ros_gz_example_bringup/share/ros_gz_example_bringup/local_setup.zsh
[0.405s] -- Up-to-date: /home/ttpidelta/RushBoTT-ros2_ws/install/ros_gz_example_bringup/share/ros_gz_example_bringup/local_setup.dsv
[0.405s] -- Up-to-date: /home/ttpidelta/RushBoTT-ros2_ws/install/ros_gz_example_bringup/share/ros_gz_example_bringup/package.dsv
[0.405s] -- Up-to-date: /home/ttpidelta/RushBoTT-ros2_ws/install/ros_gz_example_bringup/share/ament_index/resource_index/packages/ros_gz_example_bringup
[0.405s] -- Up-to-date: /home/ttpidelta/RushBoTT-ros2_ws/install/ros_gz_example_bringup/share/ros_gz_example_bringup/cmake/ros_gz_example_bringupConfig.cmake
[0.405s] -- Up-to-date: /home/ttpidelta/RushBoTT-ros2_ws/install/ros_gz_example_bringup/share/ros_gz_example_bringup/cmake/ros_gz_example_bringupConfig-version.cmake
[0.405s] -- Installing: /home/ttpidelta/RushBoTT-ros2_ws/install/ros_gz_example_bringup/share/ros_gz_example_bringup/package.xml
[0.407s] Invoked command in '/home/ttpidelta/RushBoTT-ros2_ws/build/ros_gz_example_bringup' returned '0': AMENT_PREFIX_PATH=/home/ttpidelta/RushBoTT-ros2_ws/install/ros_gz_example_gazebo:/home/ttpidelta/RushBoTT-ros2_ws/install/ros_gz_example_description:${AMENT_PREFIX_PATH} CMAKE_PREFIX_PATH=/home/ttpidelta/RushBoTT-ros2_ws/install/ros_gz_example_gazebo:/home/ttpidelta/RushBoTT-ros2_ws/install/ros_gz_example_description:/opt/ros/jazzy/opt/gz_sim_vendor:/opt/ros/jazzy/opt/gz_sensors_vendor:/opt/ros/jazzy/opt/gz_physics_vendor:/opt/ros/jazzy/opt/sdformat_vendor:/opt/ros/jazzy/opt/gz_gui_vendor:/opt/ros/jazzy/opt/gz_transport_vendor:/opt/ros/jazzy/opt/gz_rendering_vendor:/opt/ros/jazzy/opt/gz_plugin_vendor:/opt/ros/jazzy/opt/gz_fuel_tools_vendor:/opt/ros/jazzy/opt/gz_msgs_vendor:/opt/ros/jazzy/opt/gz_common_vendor:/opt/ros/jazzy/opt/gz_math_vendor:/opt/ros/jazzy/opt/gz_utils_vendor:/opt/ros/jazzy/opt/gz_tools_vendor:/opt/ros/jazzy/opt/gz_ogre_next_vendor:/opt/ros/jazzy/opt/gz_dartsim_vendor:/opt/ros/jazzy/opt/gz_cmake_vendor:/opt/ros/jazzy GZ_SIM_PLUGIN_PATH=/home/ttpidelta/RushBoTT-ros2_ws/install/ros_gz_example_gazebo/lib/ros_gz_example_gazebo GZ_SIM_RESOURCE_PATH=/home/ttpidelta/RushBoTT-ros2_ws/install/ros_gz_example_gazebo/share/ros_gz_example_gazebo/worlds:/home/ttpidelta/RushBoTT-ros2_ws/install/ros_gz_example_description/share/ros_gz_example_description/models /usr/bin/cmake --install /home/ttpidelta/RushBoTT-ros2_ws/build/ros_gz_example_bringup
