[0.014s] Invoking command in '/home/ttpidelta/RushBoTT-ros2_ws/build/ros_gz_example_gazebo': CMAKE_PREFIX_PATH=/home/ttpidelta/RushBoTT-ros2_ws/install/ros_gz_example_description:/home/ttpidelta/RushBoTT-ros2_ws/install/rushbott_description:/home/ttpidelta/RushBoTT-ros2_ws/install/ros_gz_example_bringup:/home/ttpidelta/RushBoTT-ros2_ws/install/ros_gz_example_gazebo:/home/ttpidelta/RushBoTT-ros2_ws/install/ros_gz_example_application:/opt/ros/jazzy/opt/gz_sim_vendor:/opt/ros/jazzy/opt/gz_sensors_vendor:/opt/ros/jazzy/opt/gz_physics_vendor:/opt/ros/jazzy/opt/sdformat_vendor:/opt/ros/jazzy/opt/gz_gui_vendor:/opt/ros/jazzy/opt/gz_transport_vendor:/opt/ros/jazzy/opt/gz_rendering_vendor:/opt/ros/jazzy/opt/gz_plugin_vendor:/opt/ros/jazzy/opt/gz_fuel_tools_vendor:/opt/ros/jazzy/opt/gz_msgs_vendor:/opt/ros/jazzy/opt/gz_common_vendor:/opt/ros/jazzy/opt/gz_math_vendor:/opt/ros/jazzy/opt/gz_utils_vendor:/opt/ros/jazzy/opt/gz_tools_vendor:/opt/ros/jazzy/opt/gz_ogre_next_vendor:/opt/ros/jazzy/opt/gz_dartsim_vendor:/opt/ros/jazzy/opt/gz_cmake_vendor:/opt/ros/jazzy GZ_SIM_RESOURCE_PATH=/home/ttpidelta/RushBoTT-ros2_ws/install/ros_gz_example_description/share/ros_gz_example_description/models:${GZ_SIM_RESOURCE_PATH} /usr/bin/cmake --build /home/ttpidelta/RushBoTT-ros2_ws/build/ros_gz_example_gazebo -- -j12 -l12
[0.090s] [ 50%] Built target FullSystem
[0.091s] [100%] Built target BasicSystem
[0.106s] Invoked command in '/home/ttpidelta/RushBoTT-ros2_ws/build/ros_gz_example_gazebo' returned '0': CMAKE_PREFIX_PATH=/home/ttpidelta/RushBoTT-ros2_ws/install/ros_gz_example_description:/home/ttpidelta/RushBoTT-ros2_ws/install/rushbott_description:/home/ttpidelta/RushBoTT-ros2_ws/install/ros_gz_example_bringup:/home/ttpidelta/RushBoTT-ros2_ws/install/ros_gz_example_gazebo:/home/ttpidelta/RushBoTT-ros2_ws/install/ros_gz_example_application:/opt/ros/jazzy/opt/gz_sim_vendor:/opt/ros/jazzy/opt/gz_sensors_vendor:/opt/ros/jazzy/opt/gz_physics_vendor:/opt/ros/jazzy/opt/sdformat_vendor:/opt/ros/jazzy/opt/gz_gui_vendor:/opt/ros/jazzy/opt/gz_transport_vendor:/opt/ros/jazzy/opt/gz_rendering_vendor:/opt/ros/jazzy/opt/gz_plugin_vendor:/opt/ros/jazzy/opt/gz_fuel_tools_vendor:/opt/ros/jazzy/opt/gz_msgs_vendor:/opt/ros/jazzy/opt/gz_common_vendor:/opt/ros/jazzy/opt/gz_math_vendor:/opt/ros/jazzy/opt/gz_utils_vendor:/opt/ros/jazzy/opt/gz_tools_vendor:/opt/ros/jazzy/opt/gz_ogre_next_vendor:/opt/ros/jazzy/opt/gz_dartsim_vendor:/opt/ros/jazzy/opt/gz_cmake_vendor:/opt/ros/jazzy GZ_SIM_RESOURCE_PATH=/home/ttpidelta/RushBoTT-ros2_ws/install/ros_gz_example_description/share/ros_gz_example_description/models:${GZ_SIM_RESOURCE_PATH} /usr/bin/cmake --build /home/ttpidelta/RushBoTT-ros2_ws/build/ros_gz_example_gazebo -- -j12 -l12
[0.144s] Invoking command in '/home/ttpidelta/RushBoTT-ros2_ws/build/ros_gz_example_gazebo': CMAKE_PREFIX_PATH=/home/ttpidelta/RushBoTT-ros2_ws/install/ros_gz_example_description:/home/ttpidelta/RushBoTT-ros2_ws/install/rushbott_description:/home/ttpidelta/RushBoTT-ros2_ws/install/ros_gz_example_bringup:/home/ttpidelta/RushBoTT-ros2_ws/install/ros_gz_example_gazebo:/home/ttpidelta/RushBoTT-ros2_ws/install/ros_gz_example_application:/opt/ros/jazzy/opt/gz_sim_vendor:/opt/ros/jazzy/opt/gz_sensors_vendor:/opt/ros/jazzy/opt/gz_physics_vendor:/opt/ros/jazzy/opt/sdformat_vendor:/opt/ros/jazzy/opt/gz_gui_vendor:/opt/ros/jazzy/opt/gz_transport_vendor:/opt/ros/jazzy/opt/gz_rendering_vendor:/opt/ros/jazzy/opt/gz_plugin_vendor:/opt/ros/jazzy/opt/gz_fuel_tools_vendor:/opt/ros/jazzy/opt/gz_msgs_vendor:/opt/ros/jazzy/opt/gz_common_vendor:/opt/ros/jazzy/opt/gz_math_vendor:/opt/ros/jazzy/opt/gz_utils_vendor:/opt/ros/jazzy/opt/gz_tools_vendor:/opt/ros/jazzy/opt/gz_ogre_next_vendor:/opt/ros/jazzy/opt/gz_dartsim_vendor:/opt/ros/jazzy/opt/gz_cmake_vendor:/opt/ros/jazzy GZ_SIM_RESOURCE_PATH=/home/ttpidelta/RushBoTT-ros2_ws/install/ros_gz_example_description/share/ros_gz_example_description/models:${GZ_SIM_RESOURCE_PATH} /usr/bin/cmake --install /home/ttpidelta/RushBoTT-ros2_ws/build/ros_gz_example_gazebo
[0.154s] -- Install configuration: ""
[0.155s] -- Up-to-date: /home/ttpidelta/RushBoTT-ros2_ws/install/ros_gz_example_gazebo/lib/ros_gz_example_gazebo/libBasicSystem.so
[0.155s] -- Up-to-date: /home/ttpidelta/RushBoTT-ros2_ws/install/ros_gz_example_gazebo/lib/ros_gz_example_gazebo/libFullSystem.so
[0.155s] -- Up-to-date: /home/ttpidelta/RushBoTT-ros2_ws/install/ros_gz_example_gazebo/share/ros_gz_example_gazebo/worlds
[0.156s] -- Up-to-date: /home/ttpidelta/RushBoTT-ros2_ws/install/ros_gz_example_gazebo/share/ros_gz_example_gazebo/worlds/diff_drive.sdf
[0.156s] -- Up-to-date: /home/ttpidelta/RushBoTT-ros2_ws/install/ros_gz_example_gazebo/share/ros_gz_example_gazebo/environment/ros_gz_example_gazebo.dsv
[0.156s] -- Up-to-date: /home/ttpidelta/RushBoTT-ros2_ws/install/ros_gz_example_gazebo/share/ros_gz_example_gazebo/environment/ros_gz_example_gazebo.sh
[0.157s] -- Up-to-date: /home/ttpidelta/RushBoTT-ros2_ws/install/ros_gz_example_gazebo/share/ament_index/resource_index/package_run_dependencies/ros_gz_example_gazebo
[0.157s] -- Up-to-date: /home/ttpidelta/RushBoTT-ros2_ws/install/ros_gz_example_gazebo/share/ament_index/resource_index/parent_prefix_path/ros_gz_example_gazebo
[0.157s] -- Up-to-date: /home/ttpidelta/RushBoTT-ros2_ws/install/ros_gz_example_gazebo/share/ros_gz_example_gazebo/environment/ament_prefix_path.sh
[0.157s] -- Up-to-date: /home/ttpidelta/RushBoTT-ros2_ws/install/ros_gz_example_gazebo/share/ros_gz_example_gazebo/environment/ament_prefix_path.dsv
[0.157s] -- Up-to-date: /home/ttpidelta/RushBoTT-ros2_ws/install/ros_gz_example_gazebo/share/ros_gz_example_gazebo/environment/path.sh
[0.157s] -- Up-to-date: /home/ttpidelta/RushBoTT-ros2_ws/install/ros_gz_example_gazebo/share/ros_gz_example_gazebo/environment/path.dsv
[0.158s] -- Up-to-date: /home/ttpidelta/RushBoTT-ros2_ws/install/ros_gz_example_gazebo/share/ros_gz_example_gazebo/local_setup.bash
[0.158s] -- Up-to-date: /home/ttpidelta/RushBoTT-ros2_ws/install/ros_gz_example_gazebo/share/ros_gz_example_gazebo/local_setup.sh
[0.158s] -- Up-to-date: /home/ttpidelta/RushBoTT-ros2_ws/install/ros_gz_example_gazebo/share/ros_gz_example_gazebo/local_setup.zsh
[0.158s] -- Up-to-date: /home/ttpidelta/RushBoTT-ros2_ws/install/ros_gz_example_gazebo/share/ros_gz_example_gazebo/local_setup.dsv
[0.158s] -- Installing: /home/ttpidelta/RushBoTT-ros2_ws/install/ros_gz_example_gazebo/share/ros_gz_example_gazebo/package.dsv
[0.158s] -- Up-to-date: /home/ttpidelta/RushBoTT-ros2_ws/install/ros_gz_example_gazebo/share/ament_index/resource_index/packages/ros_gz_example_gazebo
[0.158s] -- Up-to-date: /home/ttpidelta/RushBoTT-ros2_ws/install/ros_gz_example_gazebo/share/ros_gz_example_gazebo/cmake/ros_gz_example_gazeboConfig.cmake
[0.158s] -- Up-to-date: /home/ttpidelta/RushBoTT-ros2_ws/install/ros_gz_example_gazebo/share/ros_gz_example_gazebo/cmake/ros_gz_example_gazeboConfig-version.cmake
[0.158s] -- Up-to-date: /home/ttpidelta/RushBoTT-ros2_ws/install/ros_gz_example_gazebo/share/ros_gz_example_gazebo/package.xml
[0.160s] Invoked command in '/home/ttpidelta/RushBoTT-ros2_ws/build/ros_gz_example_gazebo' returned '0': CMAKE_PREFIX_PATH=/home/ttpidelta/RushBoTT-ros2_ws/install/ros_gz_example_description:/home/ttpidelta/RushBoTT-ros2_ws/install/rushbott_description:/home/ttpidelta/RushBoTT-ros2_ws/install/ros_gz_example_bringup:/home/ttpidelta/RushBoTT-ros2_ws/install/ros_gz_example_gazebo:/home/ttpidelta/RushBoTT-ros2_ws/install/ros_gz_example_application:/opt/ros/jazzy/opt/gz_sim_vendor:/opt/ros/jazzy/opt/gz_sensors_vendor:/opt/ros/jazzy/opt/gz_physics_vendor:/opt/ros/jazzy/opt/sdformat_vendor:/opt/ros/jazzy/opt/gz_gui_vendor:/opt/ros/jazzy/opt/gz_transport_vendor:/opt/ros/jazzy/opt/gz_rendering_vendor:/opt/ros/jazzy/opt/gz_plugin_vendor:/opt/ros/jazzy/opt/gz_fuel_tools_vendor:/opt/ros/jazzy/opt/gz_msgs_vendor:/opt/ros/jazzy/opt/gz_common_vendor:/opt/ros/jazzy/opt/gz_math_vendor:/opt/ros/jazzy/opt/gz_utils_vendor:/opt/ros/jazzy/opt/gz_tools_vendor:/opt/ros/jazzy/opt/gz_ogre_next_vendor:/opt/ros/jazzy/opt/gz_dartsim_vendor:/opt/ros/jazzy/opt/gz_cmake_vendor:/opt/ros/jazzy GZ_SIM_RESOURCE_PATH=/home/ttpidelta/RushBoTT-ros2_ws/install/ros_gz_example_description/share/ros_gz_example_description/models:${GZ_SIM_RESOURCE_PATH} /usr/bin/cmake --install /home/ttpidelta/RushBoTT-ros2_ws/build/ros_gz_example_gazebo
