[0.017s] Invoking command in '/home/ttpidelta/RushBoTT-ros2_ws/build/ros_gz_example_description': CMAKE_PREFIX_PATH=${CMAKE_PREFIX_PATH}:/opt/ros/jazzy /usr/bin/cmake /home/ttpidelta/RushBoTT-ros2_ws/src/rushbott/ros_gz_example_description -DBUILD_TESTING=ON -DCMAKE_INSTALL_PREFIX=/home/ttpidelta/RushBoTT-ros2_ws/install/ros_gz_example_description
[0.075s] -- The C compiler identification is GNU 13.2.0
[0.134s] -- The CXX compiler identification is GNU 13.2.0
[0.151s] -- Detecting C compiler ABI info
[0.251s] -- Detecting C compiler ABI info - done
[0.262s] -- Check for working C compiler: /usr/bin/cc - skipped
[0.263s] -- Detecting C compile features
[0.263s] -- Detecting C compile features - done
[0.273s] -- Detecting CXX compiler ABI info
[0.384s] -- Detecting CXX compiler ABI info - done
[0.395s] -- Check for working CXX compiler: /usr/bin/c++ - skipped
[0.395s] -- Detecting CXX compile features
[0.396s] -- Detecting CXX compile features - done
[0.404s] -- Found ament_cmake: 2.5.2 (/opt/ros/jazzy/share/ament_cmake/cmake)
[0.593s] -- Found Python3: /usr/bin/python3 (found version "3.12.3") found components: Interpreter 
[0.776s] -- Found ament_lint_auto: 0.17.1 (/opt/ros/jazzy/share/ament_lint_auto/cmake)
[0.871s] -- Configuring done (0.8s)
[0.876s] -- Generating done (0.0s)
[0.877s] -- Build files have been written to: /home/ttpidelta/RushBoTT-ros2_ws/build/ros_gz_example_description
[0.883s] Invoked command in '/home/ttpidelta/RushBoTT-ros2_ws/build/ros_gz_example_description' returned '0': CMAKE_PREFIX_PATH=${CMAKE_PREFIX_PATH}:/opt/ros/jazzy /usr/bin/cmake /home/ttpidelta/RushBoTT-ros2_ws/src/rushbott/ros_gz_example_description -DBUILD_TESTING=ON -DCMAKE_INSTALL_PREFIX=/home/ttpidelta/RushBoTT-ros2_ws/install/ros_gz_example_description
[0.884s] Invoking command in '/home/ttpidelta/RushBoTT-ros2_ws/build/ros_gz_example_description': CMAKE_PREFIX_PATH=${CMAKE_PREFIX_PATH}:/opt/ros/jazzy /usr/bin/cmake --build /home/ttpidelta/RushBoTT-ros2_ws/build/ros_gz_example_description -- -j12 -l12
[0.932s] Invoked command in '/home/ttpidelta/RushBoTT-ros2_ws/build/ros_gz_example_description' returned '0': CMAKE_PREFIX_PATH=${CMAKE_PREFIX_PATH}:/opt/ros/jazzy /usr/bin/cmake --build /home/ttpidelta/RushBoTT-ros2_ws/build/ros_gz_example_description -- -j12 -l12
[0.964s] Invoking command in '/home/ttpidelta/RushBoTT-ros2_ws/build/ros_gz_example_description': CMAKE_PREFIX_PATH=${CMAKE_PREFIX_PATH}:/opt/ros/jazzy /usr/bin/cmake --install /home/ttpidelta/RushBoTT-ros2_ws/build/ros_gz_example_description
[0.972s] -- Install configuration: ""
[0.972s] -- Installing: /home/ttpidelta/RushBoTT-ros2_ws/install/ros_gz_example_description/share/ros_gz_example_description/models
[0.973s] -- Installing: /home/ttpidelta/RushBoTT-ros2_ws/install/ros_gz_example_description/share/ros_gz_example_description/models/diff_drive
[0.973s] -- Installing: /home/ttpidelta/RushBoTT-ros2_ws/install/ros_gz_example_description/share/ros_gz_example_description/models/diff_drive/model.sdf
[0.974s] -- Installing: /home/ttpidelta/RushBoTT-ros2_ws/install/ros_gz_example_description/share/ros_gz_example_description/models/diff_drive/model.config
[0.974s] -- Installing: /home/ttpidelta/RushBoTT-ros2_ws/install/ros_gz_example_description/share/ros_gz_example_description/models/rrbot
[0.974s] -- Installing: /home/ttpidelta/RushBoTT-ros2_ws/install/ros_gz_example_description/share/ros_gz_example_description/models/rrbot/model.sdf
[0.974s] -- Installing: /home/ttpidelta/RushBoTT-ros2_ws/install/ros_gz_example_description/share/ros_gz_example_description/environment/ros_gz_example_description.dsv
[0.975s] -- Installing: /home/ttpidelta/RushBoTT-ros2_ws/install/ros_gz_example_description/share/ros_gz_example_description/environment/ros_gz_example_description.sh
[0.975s] -- Installing: /home/ttpidelta/RushBoTT-ros2_ws/install/ros_gz_example_description/share/ament_index/resource_index/package_run_dependencies/ros_gz_example_description
[0.976s] -- Installing: /home/ttpidelta/RushBoTT-ros2_ws/install/ros_gz_example_description/share/ament_index/resource_index/parent_prefix_path/ros_gz_example_description
[0.976s] -- Installing: /home/ttpidelta/RushBoTT-ros2_ws/install/ros_gz_example_description/share/ros_gz_example_description/environment/ament_prefix_path.sh
[0.977s] -- Installing: /home/ttpidelta/RushBoTT-ros2_ws/install/ros_gz_example_description/share/ros_gz_example_description/environment/ament_prefix_path.dsv
[0.977s] -- Installing: /home/ttpidelta/RushBoTT-ros2_ws/install/ros_gz_example_description/share/ros_gz_example_description/environment/path.sh
[0.978s] -- Installing: /home/ttpidelta/RushBoTT-ros2_ws/install/ros_gz_example_description/share/ros_gz_example_description/environment/path.dsv
[0.978s] -- Installing: /home/ttpidelta/RushBoTT-ros2_ws/install/ros_gz_example_description/share/ros_gz_example_description/local_setup.bash
[0.980s] -- Installing: /home/ttpidelta/RushBoTT-ros2_ws/install/ros_gz_example_description/share/ros_gz_example_description/local_setup.sh
[0.980s] -- Installing: /home/ttpidelta/RushBoTT-ros2_ws/install/ros_gz_example_description/share/ros_gz_example_description/local_setup.zsh
[0.980s] -- Installing: /home/ttpidelta/RushBoTT-ros2_ws/install/ros_gz_example_description/share/ros_gz_example_description/local_setup.dsv
[0.980s] -- Installing: /home/ttpidelta/RushBoTT-ros2_ws/install/ros_gz_example_description/share/ros_gz_example_description/package.dsv
[0.983s] -- Installing: /home/ttpidelta/RushBoTT-ros2_ws/install/ros_gz_example_description/share/ament_index/resource_index/packages/ros_gz_example_description
[0.984s] -- Installing: /home/ttpidelta/RushBoTT-ros2_ws/install/ros_gz_example_description/share/ros_gz_example_description/cmake/ros_gz_example_descriptionConfig.cmake
[0.984s] -- Installing: /home/ttpidelta/RushBoTT-ros2_ws/install/ros_gz_example_description/share/ros_gz_example_description/cmake/ros_gz_example_descriptionConfig-version.cmake
[0.985s] -- Installing: /home/ttpidelta/RushBoTT-ros2_ws/install/ros_gz_example_description/share/ros_gz_example_description/package.xml
[0.986s] Invoked command in '/home/ttpidelta/RushBoTT-ros2_ws/build/ros_gz_example_description' returned '0': CMAKE_PREFIX_PATH=${CMAKE_PREFIX_PATH}:/opt/ros/jazzy /usr/bin/cmake --install /home/ttpidelta/RushBoTT-ros2_ws/build/ros_gz_example_description
