[0.010s] Invoking command in '/home/ttpidelta/RushBoTT-ros2_ws/build/ros_gz_example_gazebo': CMAKE_PREFIX_PATH=/home/ttpidelta/RushBoTT-ros2_ws/install/ros_gz_example_description:/home/ttpidelta/RushBoTT-ros2_ws/install/ros_gz_example_bringup:/home/ttpidelta/RushBoTT-ros2_ws/install/ros_gz_example_gazebo:/home/ttpidelta/RushBoTT-ros2_ws/install/ros_gz_example_application:/opt/ros/jazzy/opt/gz_sim_vendor:/opt/ros/jazzy/opt/gz_sensors_vendor:/opt/ros/jazzy/opt/gz_physics_vendor:/opt/ros/jazzy/opt/sdformat_vendor:/opt/ros/jazzy/opt/gz_gui_vendor:/opt/ros/jazzy/opt/gz_transport_vendor:/opt/ros/jazzy/opt/gz_rendering_vendor:/opt/ros/jazzy/opt/gz_plugin_vendor:/opt/ros/jazzy/opt/gz_fuel_tools_vendor:/opt/ros/jazzy/opt/gz_msgs_vendor:/opt/ros/jazzy/opt/gz_common_vendor:/opt/ros/jazzy/opt/gz_math_vendor:/opt/ros/jazzy/opt/gz_utils_vendor:/opt/ros/jazzy/opt/gz_tools_vendor:/opt/ros/jazzy/opt/gz_ogre_next_vendor:/opt/ros/jazzy/opt/gz_dartsim_vendor:/opt/ros/jazzy/opt/gz_cmake_vendor:/home/ttpidelta/RushBoTT-ros2_ws/install/rushbott_description:/opt/ros/jazzy GZ_SIM_RESOURCE_PATH=/home/ttpidelta/RushBoTT-ros2_ws/install/ros_gz_example_description/share/ros_gz_example_description/models:${GZ_SIM_RESOURCE_PATH} /usr/bin/cmake /home/ttpidelta/RushBoTT-ros2_ws/src/rushbott_gz/rushbott_gz_gazebo -DCMAKE_INSTALL_PREFIX=/home/ttpidelta/RushBoTT-ros2_ws/install/ros_gz_example_gazebo
[0.075s] -- The C compiler identification is GNU 13.2.0
[0.138s] -- The CXX compiler identification is GNU 13.2.0
[0.157s] -- Detecting C compiler ABI info
[0.259s] -- Detecting C compiler ABI info - done
[0.272s] -- Check for working C compiler: /usr/bin/cc - skipped
[0.272s] -- Detecting C compile features
[0.272s] -- Detecting C compile features - done
[0.284s] -- Detecting CXX compiler ABI info
[0.403s] -- Detecting CXX compiler ABI info - done
[0.414s] -- Check for working CXX compiler: /usr/bin/c++ - skipped
[0.415s] -- Detecting CXX compile features
[0.415s] -- Detecting CXX compile features - done
[0.424s] -- Found ament_cmake: 2.5.2 (/opt/ros/jazzy/share/ament_cmake/cmake)
[0.608s] -- Found Python3: /usr/bin/python3 (found version "3.12.3") found components: Interpreter 
[0.807s] -- Found ros_gz_example_description: 0.0.0 (/home/ttpidelta/RushBoTT-ros2_ws/install/ros_gz_example_description/share/ros_gz_example_description/cmake)
[0.831s] -- Looking for gz-plugin2 -- found version 2.0.3
[0.832s] -- Searching for dependencies of gz-plugin2
[0.838s] -- Looking for gz-utils2 -- found version 2.2.0
[0.838s] -- Searching for dependencies of gz-utils2
[0.839s] -- Searching for <gz-utils2> component [cli]
[0.845s] -- Looking for gz-utils2-cli -- found version 2.2.0
[0.846s] -- Searching for dependencies of gz-utils2-cli
[0.848s] -- Searching for <gz-plugin2> component [register]
[0.852s] -- Looking for gz-plugin2-register -- found version 2.0.3
[0.852s] -- Searching for dependencies of gz-plugin2-register
[0.858s] -- Looking for gz-common5 -- found version 5.7.0
[0.858s] -- Searching for dependencies of gz-common5
[0.859s] -- Looking for gz-utils2 -- found version 2.2.0
[0.860s] -- Looking for dlfcn.h - found
[0.869s] -- Looking for libdl - found
[0.871s] -- Found DL: TRUE  
[0.880s] -- Checking for module 'uuid'
[0.899s] --   Found uuid, version 2.39.3
[0.940s] -- Found UUID: TRUE  
[0.941s] -- Searching for <gz-common5> component [profiler]
[0.947s] -- Looking for gz-common5-profiler -- found version 5.7.0
[0.947s] -- Searching for dependencies of gz-common5-profiler
[0.951s] -- Looking for gz-sim8 -- found version 8.7.0
[0.951s] -- Searching for dependencies of gz-sim8
[0.955s] -- Looking for sdformat14 -- found version 14.5.0
[0.955s] -- Searching for dependencies of sdformat14
[0.962s] -- Checking for module 'tinyxml2'
[0.982s] --   Found tinyxml2, version 10.0.0
[1.029s] -- Looking for gz-math7 -- found version 7.5.1
[1.029s] -- Searching for dependencies of gz-math7
[1.029s] -- Looking for gz-utils2 -- found version 2.2.0
[1.032s] -- Looking for gz-utils2 -- found version 2.2.0
[1.035s] -- Looking for gz-plugin2 -- found version 2.0.3
[1.035s] -- Searching for dependencies of gz-plugin2
[1.035s] -- Looking for gz-utils2 -- found version 2.2.0
[1.035s] -- Searching for <gz-plugin2> component [loader]
[1.039s] -- Looking for gz-plugin2-loader -- found version 2.0.3
[1.040s] -- Searching for dependencies of gz-plugin2-loader
[1.041s] -- Searching for <gz-plugin2> component [register]
[1.045s] -- Looking for gz-transport13 -- found version 13.4.0
[1.045s] -- Searching for dependencies of gz-transport13
[1.221s] -- Found Protobuf: /usr/lib/x86_64-linux-gnu/libprotobuf.so (found version "3.21.12") 
[1.246s] -- Config-file not installed for ZeroMQ -- checking for pkg-config
[1.252s] -- Checking for module 'libzmq >= 4'
[1.271s] --   Found libzmq, version 4.3.5
[1.328s] -- Found ZeroMQ: TRUE (Required is at least version "4") 
[1.338s] -- Looking for gz-utils2 -- found version 2.2.0
[1.344s] -- Looking for gz-msgs10 -- found version 10.3.1
[1.344s] -- Searching for dependencies of gz-msgs10
[1.376s] -- Looking for gz-utils2 -- found version 2.2.0
[1.377s] -- Looking for gz-math7 -- found version 7.5.1
[1.551s] -- Searching for <gz-transport13> component [log]
[1.555s] -- Looking for gz-transport13-log -- found version 13.4.0
[1.555s] -- Searching for dependencies of gz-transport13-log
[1.557s] -- Searching for <gz-transport13> component [parameters]
[1.561s] -- Looking for gz-transport13-parameters -- found version 13.4.0
[1.561s] -- Searching for dependencies of gz-transport13-parameters
[1.563s] -- Looking for gz-msgs10 -- found version 10.3.1
[1.564s] -- Looking for gz-common5 -- found version 5.7.0
[1.564s] -- Searching for dependencies of gz-common5
[1.565s] -- Looking for gz-utils2 -- found version 2.2.0
[1.565s] -- Looking for dlfcn.h - found
[1.565s] -- Looking for libdl - found
[1.573s] -- Searching for <gz-common5> component [av]
[1.578s] -- Looking for gz-common5-av -- found version 5.7.0
[1.578s] -- Searching for dependencies of gz-common5-av
[1.584s] -- Checking for module 'libswscale'
[1.601s] --   Found libswscale, version 7.5.100
[1.644s] -- Found SWSCALE: TRUE  
[1.650s] -- Checking for module 'libavdevice >= 56.4.100'
[1.670s] --   Found libavdevice, version 60.3.100
[1.728s] -- Found AVDEVICE: TRUE (Required is at least version "56.4.100") 
[1.734s] -- Checking for module 'libavformat'
[1.751s] --   Found libavformat, version 60.16.100
[1.795s] -- Found AVFORMAT: TRUE  
[1.801s] -- Checking for module 'libavcodec'
[1.819s] --   Found libavcodec, version 60.31.102
[1.860s] -- Found AVCODEC: TRUE  
[1.866s] -- Checking for module 'libavutil'
[1.883s] --   Found libavutil, version 58.29.100
[1.924s] -- Found AVUTIL: TRUE  
[1.926s] -- Searching for <gz-common5> component [events]
[1.931s] -- Looking for gz-common5-events -- found version 5.7.0
[1.931s] -- Searching for dependencies of gz-common5-events
[1.931s] -- Looking for gz-math7 -- found version 7.5.1
[1.933s] -- Searching for <gz-common5> component [graphics]
[1.937s] -- Looking for gz-common5-graphics -- found version 5.7.0
[1.937s] -- Searching for dependencies of gz-common5-graphics
[1.938s] -- Looking for gz-math7 -- found version 7.5.1
[1.950s] -- Found GzAssimp: TRUE (found version "5.3.0") 
[1.951s] -- Searching for <gz-common5> component [io]
[1.956s] -- Looking for gz-common5-io -- found version 5.7.0
[1.956s] -- Searching for dependencies of gz-common5-io
[1.958s] -- Searching for <gz-common5> component [profiler]
[1.962s] -- Looking for gz-fuel_tools9 -- found version 9.1.0
[1.962s] -- Searching for dependencies of gz-fuel_tools9
[2.064s] -- Found CURL: /usr/lib/x86_64-linux-gnu/libcurl.so (found version "8.5.0")  
[2.082s] -- Checking for module 'jsoncpp'
[2.099s] --   Found jsoncpp, version 1.9.5
[2.139s] -- Found JSONCPP: TRUE  
[2.165s] -- Checking for module 'yaml-0.1'
[2.183s] --   Found yaml-0.1, version 0.2.5
[2.227s] -- Found YAML: TRUE  
[2.233s] -- Checking for module 'libzip'
[2.249s] --   Found libzip, version 1.7.3
[2.287s] -- Found ZIP: TRUE  
[2.287s] -- Looking for gz-utils2 -- found version 2.2.0
[2.288s] -- Looking for gz-common5 -- found version 5.7.0
[2.288s] -- Searching for dependencies of gz-common5
[2.289s] -- Looking for gz-utils2 -- found version 2.2.0
[2.289s] -- Looking for dlfcn.h - found
[2.289s] -- Looking for libdl - found
[2.296s] -- Searching for <gz-common5> component [testing]
[2.302s] -- Looking for gz-common5-testing -- found version 5.7.0
[2.302s] -- Searching for dependencies of gz-common5-testing
[2.304s] -- Looking for gz-math7 -- found version 7.5.1
[2.304s] -- Looking for gz-msgs10 -- found version 10.3.1
[2.309s] -- Looking for gz-gui8 -- found version 8.3.0
[2.309s] -- Searching for dependencies of gz-gui8
[2.345s] -- Looking for gz-utils2 -- found version 2.2.0
[2.345s] -- Looking for gz-math7 -- found version 7.5.1
[2.345s] -- Looking for gz-common5 -- found version 5.7.0
[2.346s] -- Looking for gz-plugin2 -- found version 2.0.3
[2.346s] -- Looking for gz-transport13 -- found version 13.4.0
[2.350s] -- Looking for gz-rendering8 -- found version 8.2.1
[2.351s] -- Searching for dependencies of gz-rendering8
[2.351s] -- Looking for gz-math7 -- found version 7.5.1
[2.351s] -- Searching for dependencies of gz-math7
[2.351s] -- Looking for gz-utils2 -- found version 2.2.0
[2.352s] -- Searching for <gz-math7> component [eigen3]
[2.357s] -- Looking for gz-math7-eigen3 -- found version 7.5.1
[2.357s] -- Searching for dependencies of gz-math7-eigen3
[2.376s] -- Looking for gz-common5 -- found version 5.7.0
[2.376s] -- Searching for dependencies of gz-common5
[2.376s] -- Looking for gz-utils2 -- found version 2.2.0
[2.377s] -- Looking for dlfcn.h - found
[2.377s] -- Looking for libdl - found
[2.385s] -- Searching for <gz-common5> component [graphics]
[2.385s] -- Searching for <gz-common5> component [events]
[2.385s] -- Searching for <gz-common5> component [geospatial]
[2.390s] -- Looking for gz-common5-geospatial -- found version 5.7.0
[2.390s] -- Searching for dependencies of gz-common5-geospatial
[2.390s] -- Looking for gz-math7 -- found version 7.5.1
[2.391s] -- Looking for gz-common5 -- found version 5.7.0
[2.393s] -- Looking for gz-plugin2 -- found version 2.0.3
[2.393s] -- Searching for dependencies of gz-plugin2
[2.394s] -- Looking for gz-utils2 -- found version 2.2.0
[2.394s] -- Searching for <gz-plugin2> component [all]
[2.398s] -- Looking for all libraries of gz-plugin2 -- found version 2.0.3
[2.398s] -- Looking for gz-plugin2 -- found version 2.0.3
[2.400s] -- Looking for gz-utils2 -- found version 2.2.0
[2.410s] -- Found OpenGL: /usr/lib/x86_64-linux-gnu/libOpenGL.so  found components: OpenGL 
[2.413s] -- Looking for gz-msgs10 -- found version 10.3.1
[2.460s] -- Looking for gz-physics7 -- found version 7.4.0
[2.460s] -- Searching for dependencies of gz-physics7
[2.460s] -- Looking for gz-common5 -- found version 5.7.0
[2.461s] -- Looking for gz-math7 -- found version 7.5.1
[2.461s] -- Looking for gz-plugin2 -- found version 2.0.3
[2.462s] -- Looking for gz-utils2 -- found version 2.2.0
[2.464s] -- Searching for <gz-physics7> component [heightmap]
[2.466s] -- Looking for gz-physics7-heightmap -- found version 7.4.0
[2.467s] -- Searching for dependencies of gz-physics7-heightmap
[2.467s] -- Looking for gz-common5 -- found version 5.7.0
[2.468s] -- Searching for <gz-physics7> component [mesh]
[2.472s] -- Looking for gz-physics7-mesh -- found version 7.4.0
[2.472s] -- Searching for dependencies of gz-physics7-mesh
[2.472s] -- Looking for gz-common5 -- found version 5.7.0
[2.474s] -- Searching for <gz-physics7> component [sdf]
[2.477s] -- Looking for gz-physics7-sdf -- found version 7.4.0
[2.477s] -- Searching for dependencies of gz-physics7-sdf
[2.478s] -- Looking for sdformat14 -- found version 14.5.0
[2.482s] -- Looking for gz-sensors8 -- found version 8.2.1
[2.482s] -- Searching for dependencies of gz-sensors8
[2.511s] -- Looking for gz-math7 -- found version 7.5.1
[2.511s] -- Looking for gz-common5 -- found version 5.7.0
[2.512s] -- Looking for gz-transport13 -- found version 13.4.0
[2.512s] -- Looking for gz-rendering8 -- found version 8.2.1
[2.513s] -- Looking for gz-msgs10 -- found version 10.3.1
[2.513s] -- Looking for sdformat14 -- found version 14.5.0
[2.515s] -- Searching for <gz-sensors8> component [air_pressure]
[2.518s] -- Looking for gz-sensors8-air_pressure -- found version 8.2.1
[2.518s] -- Searching for dependencies of gz-sensors8-air_pressure
[2.519s] -- Searching for <gz-sensors8> component [air_speed]
[2.522s] -- Looking for gz-sensors8-air_speed -- found version 8.2.1
[2.522s] -- Searching for dependencies of gz-sensors8-air_speed
[2.524s] -- Searching for <gz-sensors8> component [altimeter]
[2.527s] -- Looking for gz-sensors8-altimeter -- found version 8.2.1
[2.527s] -- Searching for dependencies of gz-sensors8-altimeter
[2.529s] -- Searching for <gz-sensors8> component [imu]
[2.531s] -- Looking for gz-sensors8-imu -- found version 8.2.1
[2.531s] -- Searching for dependencies of gz-sensors8-imu
[2.533s] -- Searching for <gz-sensors8> component [force_torque]
[2.536s] -- Looking for gz-sensors8-force_torque -- found version 8.2.1
[2.536s] -- Searching for dependencies of gz-sensors8-force_torque
[2.538s] -- Searching for <gz-sensors8> component [logical_camera]
[2.540s] -- Looking for gz-sensors8-logical_camera -- found version 8.2.1
[2.540s] -- Searching for dependencies of gz-sensors8-logical_camera
[2.542s] -- Searching for <gz-sensors8> component [magnetometer]
[2.544s] -- Looking for gz-sensors8-magnetometer -- found version 8.2.1
[2.544s] -- Searching for dependencies of gz-sensors8-magnetometer
[2.546s] -- Searching for <gz-sensors8> component [navsat]
[2.548s] -- Looking for gz-sensors8-navsat -- found version 8.2.1
[2.548s] -- Searching for dependencies of gz-sensors8-navsat
[2.550s] -- Searching for <gz-sensors8> component [dvl]
[2.552s] -- Looking for gz-sensors8-dvl -- found version 8.2.1
[2.552s] -- Searching for dependencies of gz-sensors8-dvl
[2.553s] -- Looking for gz-sensors8 -- found version 8.2.1
[2.553s] -- Searching for dependencies of gz-sensors8
[2.583s] -- Looking for gz-math7 -- found version 7.5.1
[2.584s] -- Looking for gz-common5 -- found version 5.7.0
[2.584s] -- Looking for gz-transport13 -- found version 13.4.0
[2.584s] -- Looking for gz-rendering8 -- found version 8.2.1
[2.585s] -- Looking for gz-msgs10 -- found version 10.3.1
[2.585s] -- Looking for sdformat14 -- found version 14.5.0
[2.586s] -- Searching for <gz-sensors8> component [rendering]
[2.588s] -- Looking for gz-sensors8-rendering -- found version 8.2.1
[2.589s] -- Searching for dependencies of gz-sensors8-rendering
[2.592s] -- Searching for <gz-sensors8> component [rendering]
[2.592s] -- Searching for <gz-sensors8> component [lidar]
[2.594s] -- Looking for gz-sensors8-lidar -- found version 8.2.1
[2.594s] -- Searching for dependencies of gz-sensors8-lidar
[2.595s] -- Looking for gz-sensors8 -- found version 8.2.1
[2.596s] -- Searching for <gz-sensors8> component [gpu_lidar]
[2.598s] -- Looking for gz-sensors8-gpu_lidar -- found version 8.2.1
[2.598s] -- Searching for dependencies of gz-sensors8-gpu_lidar
[2.599s] -- Looking for gz-sensors8 -- found version 8.2.1
[2.600s] -- Searching for <gz-sensors8> component [camera]
[2.603s] -- Looking for gz-sensors8-camera -- found version 8.2.1
[2.603s] -- Searching for dependencies of gz-sensors8-camera
[2.603s] -- Looking for gz-sensors8 -- found version 8.2.1
[2.605s] -- Searching for <gz-sensors8> component [boundingbox_camera]
[2.607s] -- Looking for gz-sensors8-boundingbox_camera -- found version 8.2.1
[2.608s] -- Searching for dependencies of gz-sensors8-boundingbox_camera
[2.609s] -- Searching for <gz-sensors8> component [segmentation_camera]
[2.612s] -- Looking for gz-sensors8-segmentation_camera -- found version 8.2.1
[2.612s] -- Searching for dependencies of gz-sensors8-segmentation_camera
[2.613s] -- Searching for <gz-sensors8> component [depth_camera]
[2.616s] -- Looking for gz-sensors8-depth_camera -- found version 8.2.1
[2.616s] -- Searching for dependencies of gz-sensors8-depth_camera
[2.616s] -- Looking for gz-sensors8 -- found version 8.2.1
[2.618s] -- Searching for <gz-sensors8> component [rgbd_camera]
[2.621s] -- Looking for gz-sensors8-rgbd_camera -- found version 8.2.1
[2.621s] -- Searching for dependencies of gz-sensors8-rgbd_camera
[2.622s] -- Looking for gz-sensors8 -- found version 8.2.1
[2.624s] -- Searching for <gz-sensors8> component [thermal_camera]
[2.627s] -- Looking for gz-sensors8-thermal_camera -- found version 8.2.1
[2.627s] -- Searching for dependencies of gz-sensors8-thermal_camera
[2.627s] -- Looking for gz-sensors8 -- found version 8.2.1
[2.629s] -- Searching for <gz-sensors8> component [wide_angle_camera]
[2.632s] -- Looking for gz-sensors8-wide_angle_camera -- found version 8.2.1
[2.632s] -- Searching for dependencies of gz-sensors8-wide_angle_camera
[2.634s] -- Looking for gz-rendering8 -- found version 8.2.1
[2.635s] -- Looking for gz-math7 -- found version 7.5.1
[2.635s] -- Looking for gz-utils2 -- found version 2.2.0
[2.677s] -- Found ament_lint_auto: 0.17.1 (/opt/ros/jazzy/share/ament_lint_auto/cmake)
[2.797s] -- Configuring done (2.8s)
[2.836s] -- Generating done (0.0s)
[2.839s] -- Build files have been written to: /home/ttpidelta/RushBoTT-ros2_ws/build/ros_gz_example_gazebo
[2.853s] Invoked command in '/home/ttpidelta/RushBoTT-ros2_ws/build/ros_gz_example_gazebo' returned '0': CMAKE_PREFIX_PATH=/home/ttpidelta/RushBoTT-ros2_ws/install/ros_gz_example_description:/home/ttpidelta/RushBoTT-ros2_ws/install/ros_gz_example_bringup:/home/ttpidelta/RushBoTT-ros2_ws/install/ros_gz_example_gazebo:/home/ttpidelta/RushBoTT-ros2_ws/install/ros_gz_example_application:/opt/ros/jazzy/opt/gz_sim_vendor:/opt/ros/jazzy/opt/gz_sensors_vendor:/opt/ros/jazzy/opt/gz_physics_vendor:/opt/ros/jazzy/opt/sdformat_vendor:/opt/ros/jazzy/opt/gz_gui_vendor:/opt/ros/jazzy/opt/gz_transport_vendor:/opt/ros/jazzy/opt/gz_rendering_vendor:/opt/ros/jazzy/opt/gz_plugin_vendor:/opt/ros/jazzy/opt/gz_fuel_tools_vendor:/opt/ros/jazzy/opt/gz_msgs_vendor:/opt/ros/jazzy/opt/gz_common_vendor:/opt/ros/jazzy/opt/gz_math_vendor:/opt/ros/jazzy/opt/gz_utils_vendor:/opt/ros/jazzy/opt/gz_tools_vendor:/opt/ros/jazzy/opt/gz_ogre_next_vendor:/opt/ros/jazzy/opt/gz_dartsim_vendor:/opt/ros/jazzy/opt/gz_cmake_vendor:/home/ttpidelta/RushBoTT-ros2_ws/install/rushbott_description:/opt/ros/jazzy GZ_SIM_RESOURCE_PATH=/home/ttpidelta/RushBoTT-ros2_ws/install/ros_gz_example_description/share/ros_gz_example_description/models:${GZ_SIM_RESOURCE_PATH} /usr/bin/cmake /home/ttpidelta/RushBoTT-ros2_ws/src/rushbott_gz/rushbott_gz_gazebo -DCMAKE_INSTALL_PREFIX=/home/ttpidelta/RushBoTT-ros2_ws/install/ros_gz_example_gazebo
[2.854s] Invoking command in '/home/ttpidelta/RushBoTT-ros2_ws/build/ros_gz_example_gazebo': CMAKE_PREFIX_PATH=/home/ttpidelta/RushBoTT-ros2_ws/install/ros_gz_example_description:/home/ttpidelta/RushBoTT-ros2_ws/install/ros_gz_example_bringup:/home/ttpidelta/RushBoTT-ros2_ws/install/ros_gz_example_gazebo:/home/ttpidelta/RushBoTT-ros2_ws/install/ros_gz_example_application:/opt/ros/jazzy/opt/gz_sim_vendor:/opt/ros/jazzy/opt/gz_sensors_vendor:/opt/ros/jazzy/opt/gz_physics_vendor:/opt/ros/jazzy/opt/sdformat_vendor:/opt/ros/jazzy/opt/gz_gui_vendor:/opt/ros/jazzy/opt/gz_transport_vendor:/opt/ros/jazzy/opt/gz_rendering_vendor:/opt/ros/jazzy/opt/gz_plugin_vendor:/opt/ros/jazzy/opt/gz_fuel_tools_vendor:/opt/ros/jazzy/opt/gz_msgs_vendor:/opt/ros/jazzy/opt/gz_common_vendor:/opt/ros/jazzy/opt/gz_math_vendor:/opt/ros/jazzy/opt/gz_utils_vendor:/opt/ros/jazzy/opt/gz_tools_vendor:/opt/ros/jazzy/opt/gz_ogre_next_vendor:/opt/ros/jazzy/opt/gz_dartsim_vendor:/opt/ros/jazzy/opt/gz_cmake_vendor:/home/ttpidelta/RushBoTT-ros2_ws/install/rushbott_description:/opt/ros/jazzy GZ_SIM_RESOURCE_PATH=/home/ttpidelta/RushBoTT-ros2_ws/install/ros_gz_example_description/share/ros_gz_example_description/models:${GZ_SIM_RESOURCE_PATH} /usr/bin/cmake --build /home/ttpidelta/RushBoTT-ros2_ws/build/ros_gz_example_gazebo -- -j12 -l12
[2.922s] [ 25%] [32mBuilding CXX object CMakeFiles/FullSystem.dir/src/FullSystem.cc.o[0m
[2.922s] [ 50%] [32mBuilding CXX object CMakeFiles/BasicSystem.dir/src/BasicSystem.cc.o[0m
[5.399s] [ 75%] [32m[1mLinking CXX shared library libBasicSystem.so[0m
[5.534s] [100%] [32m[1mLinking CXX shared library libFullSystem.so[0m
[5.615s] [100%] Built target BasicSystem
[5.689s] [100%] Built target FullSystem
[5.703s] Invoked command in '/home/ttpidelta/RushBoTT-ros2_ws/build/ros_gz_example_gazebo' returned '0': CMAKE_PREFIX_PATH=/home/ttpidelta/RushBoTT-ros2_ws/install/ros_gz_example_description:/home/ttpidelta/RushBoTT-ros2_ws/install/ros_gz_example_bringup:/home/ttpidelta/RushBoTT-ros2_ws/install/ros_gz_example_gazebo:/home/ttpidelta/RushBoTT-ros2_ws/install/ros_gz_example_application:/opt/ros/jazzy/opt/gz_sim_vendor:/opt/ros/jazzy/opt/gz_sensors_vendor:/opt/ros/jazzy/opt/gz_physics_vendor:/opt/ros/jazzy/opt/sdformat_vendor:/opt/ros/jazzy/opt/gz_gui_vendor:/opt/ros/jazzy/opt/gz_transport_vendor:/opt/ros/jazzy/opt/gz_rendering_vendor:/opt/ros/jazzy/opt/gz_plugin_vendor:/opt/ros/jazzy/opt/gz_fuel_tools_vendor:/opt/ros/jazzy/opt/gz_msgs_vendor:/opt/ros/jazzy/opt/gz_common_vendor:/opt/ros/jazzy/opt/gz_math_vendor:/opt/ros/jazzy/opt/gz_utils_vendor:/opt/ros/jazzy/opt/gz_tools_vendor:/opt/ros/jazzy/opt/gz_ogre_next_vendor:/opt/ros/jazzy/opt/gz_dartsim_vendor:/opt/ros/jazzy/opt/gz_cmake_vendor:/home/ttpidelta/RushBoTT-ros2_ws/install/rushbott_description:/opt/ros/jazzy GZ_SIM_RESOURCE_PATH=/home/ttpidelta/RushBoTT-ros2_ws/install/ros_gz_example_description/share/ros_gz_example_description/models:${GZ_SIM_RESOURCE_PATH} /usr/bin/cmake --build /home/ttpidelta/RushBoTT-ros2_ws/build/ros_gz_example_gazebo -- -j12 -l12
[5.739s] Invoking command in '/home/ttpidelta/RushBoTT-ros2_ws/build/ros_gz_example_gazebo': CMAKE_PREFIX_PATH=/home/ttpidelta/RushBoTT-ros2_ws/install/ros_gz_example_description:/home/ttpidelta/RushBoTT-ros2_ws/install/ros_gz_example_bringup:/home/ttpidelta/RushBoTT-ros2_ws/install/ros_gz_example_gazebo:/home/ttpidelta/RushBoTT-ros2_ws/install/ros_gz_example_application:/opt/ros/jazzy/opt/gz_sim_vendor:/opt/ros/jazzy/opt/gz_sensors_vendor:/opt/ros/jazzy/opt/gz_physics_vendor:/opt/ros/jazzy/opt/sdformat_vendor:/opt/ros/jazzy/opt/gz_gui_vendor:/opt/ros/jazzy/opt/gz_transport_vendor:/opt/ros/jazzy/opt/gz_rendering_vendor:/opt/ros/jazzy/opt/gz_plugin_vendor:/opt/ros/jazzy/opt/gz_fuel_tools_vendor:/opt/ros/jazzy/opt/gz_msgs_vendor:/opt/ros/jazzy/opt/gz_common_vendor:/opt/ros/jazzy/opt/gz_math_vendor:/opt/ros/jazzy/opt/gz_utils_vendor:/opt/ros/jazzy/opt/gz_tools_vendor:/opt/ros/jazzy/opt/gz_ogre_next_vendor:/opt/ros/jazzy/opt/gz_dartsim_vendor:/opt/ros/jazzy/opt/gz_cmake_vendor:/home/ttpidelta/RushBoTT-ros2_ws/install/rushbott_description:/opt/ros/jazzy GZ_SIM_RESOURCE_PATH=/home/ttpidelta/RushBoTT-ros2_ws/install/ros_gz_example_description/share/ros_gz_example_description/models:${GZ_SIM_RESOURCE_PATH} /usr/bin/cmake --install /home/ttpidelta/RushBoTT-ros2_ws/build/ros_gz_example_gazebo
[5.749s] -- Install configuration: ""
[5.749s] -- Installing: /home/ttpidelta/RushBoTT-ros2_ws/install/ros_gz_example_gazebo/lib/ros_gz_example_gazebo/libBasicSystem.so
[5.750s] -- Set non-toolchain portion of runtime path of "/home/ttpidelta/RushBoTT-ros2_ws/install/ros_gz_example_gazebo/lib/ros_gz_example_gazebo/libBasicSystem.so" to ""
[5.751s] -- Installing: /home/ttpidelta/RushBoTT-ros2_ws/install/ros_gz_example_gazebo/lib/ros_gz_example_gazebo/libFullSystem.so
[5.752s] -- Set non-toolchain portion of runtime path of "/home/ttpidelta/RushBoTT-ros2_ws/install/ros_gz_example_gazebo/lib/ros_gz_example_gazebo/libFullSystem.so" to ""
[5.752s] -- Installing: /home/ttpidelta/RushBoTT-ros2_ws/install/ros_gz_example_gazebo/share/ros_gz_example_gazebo/worlds
[5.753s] -- Installing: /home/ttpidelta/RushBoTT-ros2_ws/install/ros_gz_example_gazebo/share/ros_gz_example_gazebo/worlds/diff_drive.sdf
[5.754s] -- Installing: /home/ttpidelta/RushBoTT-ros2_ws/install/ros_gz_example_gazebo/share/ros_gz_example_gazebo/environment/ros_gz_example_gazebo.dsv
[5.754s] -- Installing: /home/ttpidelta/RushBoTT-ros2_ws/install/ros_gz_example_gazebo/share/ros_gz_example_gazebo/environment/ros_gz_example_gazebo.sh
[5.755s] -- Installing: /home/ttpidelta/RushBoTT-ros2_ws/install/ros_gz_example_gazebo/share/ament_index/resource_index/package_run_dependencies/ros_gz_example_gazebo
[5.755s] -- Installing: /home/ttpidelta/RushBoTT-ros2_ws/install/ros_gz_example_gazebo/share/ament_index/resource_index/parent_prefix_path/ros_gz_example_gazebo
[5.755s] -- Installing: /home/ttpidelta/RushBoTT-ros2_ws/install/ros_gz_example_gazebo/share/ros_gz_example_gazebo/environment/ament_prefix_path.sh
[5.756s] -- Installing: /home/ttpidelta/RushBoTT-ros2_ws/install/ros_gz_example_gazebo/share/ros_gz_example_gazebo/environment/ament_prefix_path.dsv
[5.756s] -- Installing: /home/ttpidelta/RushBoTT-ros2_ws/install/ros_gz_example_gazebo/share/ros_gz_example_gazebo/environment/path.sh
[5.756s] -- Installing: /home/ttpidelta/RushBoTT-ros2_ws/install/ros_gz_example_gazebo/share/ros_gz_example_gazebo/environment/path.dsv
[5.756s] -- Installing: /home/ttpidelta/RushBoTT-ros2_ws/install/ros_gz_example_gazebo/share/ros_gz_example_gazebo/local_setup.bash
[5.757s] -- Installing: /home/ttpidelta/RushBoTT-ros2_ws/install/ros_gz_example_gazebo/share/ros_gz_example_gazebo/local_setup.sh
[5.757s] -- Installing: /home/ttpidelta/RushBoTT-ros2_ws/install/ros_gz_example_gazebo/share/ros_gz_example_gazebo/local_setup.zsh
[5.757s] -- Installing: /home/ttpidelta/RushBoTT-ros2_ws/install/ros_gz_example_gazebo/share/ros_gz_example_gazebo/local_setup.dsv
[5.757s] -- Installing: /home/ttpidelta/RushBoTT-ros2_ws/install/ros_gz_example_gazebo/share/ros_gz_example_gazebo/package.dsv
[5.757s] -- Installing: /home/ttpidelta/RushBoTT-ros2_ws/install/ros_gz_example_gazebo/share/ament_index/resource_index/packages/ros_gz_example_gazebo
[5.758s] -- Installing: /home/ttpidelta/RushBoTT-ros2_ws/install/ros_gz_example_gazebo/share/ros_gz_example_gazebo/cmake/ros_gz_example_gazeboConfig.cmake
[5.758s] -- Installing: /home/ttpidelta/RushBoTT-ros2_ws/install/ros_gz_example_gazebo/share/ros_gz_example_gazebo/cmake/ros_gz_example_gazeboConfig-version.cmake
[5.758s] -- Installing: /home/ttpidelta/RushBoTT-ros2_ws/install/ros_gz_example_gazebo/share/ros_gz_example_gazebo/package.xml
[5.761s] Invoked command in '/home/ttpidelta/RushBoTT-ros2_ws/build/ros_gz_example_gazebo' returned '0': CMAKE_PREFIX_PATH=/home/ttpidelta/RushBoTT-ros2_ws/install/ros_gz_example_description:/home/ttpidelta/RushBoTT-ros2_ws/install/ros_gz_example_bringup:/home/ttpidelta/RushBoTT-ros2_ws/install/ros_gz_example_gazebo:/home/ttpidelta/RushBoTT-ros2_ws/install/ros_gz_example_application:/opt/ros/jazzy/opt/gz_sim_vendor:/opt/ros/jazzy/opt/gz_sensors_vendor:/opt/ros/jazzy/opt/gz_physics_vendor:/opt/ros/jazzy/opt/sdformat_vendor:/opt/ros/jazzy/opt/gz_gui_vendor:/opt/ros/jazzy/opt/gz_transport_vendor:/opt/ros/jazzy/opt/gz_rendering_vendor:/opt/ros/jazzy/opt/gz_plugin_vendor:/opt/ros/jazzy/opt/gz_fuel_tools_vendor:/opt/ros/jazzy/opt/gz_msgs_vendor:/opt/ros/jazzy/opt/gz_common_vendor:/opt/ros/jazzy/opt/gz_math_vendor:/opt/ros/jazzy/opt/gz_utils_vendor:/opt/ros/jazzy/opt/gz_tools_vendor:/opt/ros/jazzy/opt/gz_ogre_next_vendor:/opt/ros/jazzy/opt/gz_dartsim_vendor:/opt/ros/jazzy/opt/gz_cmake_vendor:/home/ttpidelta/RushBoTT-ros2_ws/install/rushbott_description:/opt/ros/jazzy GZ_SIM_RESOURCE_PATH=/home/ttpidelta/RushBoTT-ros2_ws/install/ros_gz_example_description/share/ros_gz_example_description/models:${GZ_SIM_RESOURCE_PATH} /usr/bin/cmake --install /home/ttpidelta/RushBoTT-ros2_ws/build/ros_gz_example_gazebo
