-- Found ament_cmake: 2.5.2 (/opt/ros/jazzy/share/ament_cmake/cmake)
-- Override CMake install command with custom implementation using symlinks instead of copying resources
-- Found ament_lint_auto: 0.17.1 (/opt/ros/jazzy/share/ament_lint_auto/cmake)
-- Added test 'copyright' to check source files copyright and LICENSE
-- Added test 'flake8' to check Python code syntax and style conventions
-- Configured 'flake8' exclude dirs and/or files: 
-- Added test 'lint_cmake' to check CMake code style
-- Added test 'pep257' to check Python code against some of the docstring style conventions in PEP 257
-- Added test 'xmllint' to check XML markup files
-- Configuring done (0.4s)
-- Generating done (0.0s)
-- Build files have been written to: /home/ttpidelta/RushBoTT-ros2_ws/build/rushbott_description
-- Install configuration: ""
-- Execute custom install script
-- Up-to-date symlink: /home/ttpidelta/RushBoTT-ros2_ws/install/rushbott_description/share/rushbott_description/launch/robot_description.launch.py
-- Symlinking: /home/ttpidelta/RushBoTT-ros2_ws/install/rushbott_description/share/rushbott_description/launch/rviz2.launch.py
-- Up-to-date symlink: /home/ttpidelta/RushBoTT-ros2_ws/install/rushbott_description/share/rushbott_description/urdf/common_properties.urdf.xacro
-- Up-to-date symlink: /home/ttpidelta/RushBoTT-ros2_ws/install/rushbott_description/share/rushbott_description/urdf/rushbott.urdf.xacro
-- Up-to-date symlink: /home/ttpidelta/RushBoTT-ros2_ws/install/rushbott_description/share/rushbott_description/urdf/wheel.urdf.xacro
-- Symlinking: /home/ttpidelta/RushBoTT-ros2_ws/install/rushbott_description/share/rushbott_description/rviz/rushbott.rviz
-- Up-to-date symlink: /home/ttpidelta/RushBoTT-ros2_ws/install/rushbott_description/share/ament_index/resource_index/package_run_dependencies/rushbott_description
-- Up-to-date symlink: /home/ttpidelta/RushBoTT-ros2_ws/install/rushbott_description/share/ament_index/resource_index/parent_prefix_path/rushbott_description
-- Up-to-date symlink: /home/ttpidelta/RushBoTT-ros2_ws/install/rushbott_description/share/rushbott_description/environment/ament_prefix_path.sh
-- Up-to-date symlink: /home/ttpidelta/RushBoTT-ros2_ws/install/rushbott_description/share/rushbott_description/environment/ament_prefix_path.dsv
-- Up-to-date symlink: /home/ttpidelta/RushBoTT-ros2_ws/install/rushbott_description/share/rushbott_description/environment/path.sh
-- Up-to-date symlink: /home/ttpidelta/RushBoTT-ros2_ws/install/rushbott_description/share/rushbott_description/environment/path.dsv
-- Up-to-date symlink: /home/ttpidelta/RushBoTT-ros2_ws/install/rushbott_description/share/rushbott_description/local_setup.bash
-- Up-to-date symlink: /home/ttpidelta/RushBoTT-ros2_ws/install/rushbott_description/share/rushbott_description/local_setup.sh
-- Up-to-date symlink: /home/ttpidelta/RushBoTT-ros2_ws/install/rushbott_description/share/rushbott_description/local_setup.zsh
-- Up-to-date symlink: /home/ttpidelta/RushBoTT-ros2_ws/install/rushbott_description/share/rushbott_description/local_setup.dsv
-- Symlinking: /home/ttpidelta/RushBoTT-ros2_ws/install/rushbott_description/share/rushbott_description/package.dsv
-- Up-to-date symlink: /home/ttpidelta/RushBoTT-ros2_ws/install/rushbott_description/share/ament_index/resource_index/packages/rushbott_description
-- Up-to-date symlink: /home/ttpidelta/RushBoTT-ros2_ws/install/rushbott_description/share/rushbott_description/cmake/rushbott_descriptionConfig.cmake
-- Up-to-date symlink: /home/ttpidelta/RushBoTT-ros2_ws/install/rushbott_description/share/rushbott_description/cmake/rushbott_descriptionConfig-version.cmake
-- Up-to-date symlink: /home/ttpidelta/RushBoTT-ros2_ws/install/rushbott_description/share/rushbott_description/package.xml
