[0.021s] Invoking command in '/home/ttpidelta/RushBoTT-ros2_ws/build/rushbott_description': CMAKE_PREFIX_PATH=${CMAKE_PREFIX_PATH}:/opt/ros/jazzy /usr/bin/cmake /home/ttpidelta/RushBoTT-ros2_ws/src/rushbott/rushbott_description -DCMAKE_INSTALL_PREFIX=/home/ttpidelta/RushBoTT-ros2_ws/install/rushbott_description
[0.088s] -- Found ament_cmake: 2.5.2 (/opt/ros/jazzy/share/ament_cmake/cmake)
[0.317s] -- Override CMake install command with custom implementation using symlinks instead of copying resources
[0.341s] -- Found ament_lint_auto: 0.17.1 (/opt/ros/jazzy/share/ament_lint_auto/cmake)
[0.459s] -- Added test 'copyright' to check source files copyright and LICENSE
[0.462s] -- Added test 'flake8' to check Python code syntax and style conventions
[0.462s] -- Configured 'flake8' exclude dirs and/or files: 
[0.463s] -- Added test 'lint_cmake' to check CMake code style
[0.464s] -- Added test 'pep257' to check Python code against some of the docstring style conventions in PEP 257
[0.465s] -- Added test 'xmllint' to check XML markup files
[0.470s] -- Configuring done (0.4s)
[0.477s] -- Generating done (0.0s)
[0.478s] -- Build files have been written to: /home/ttpidelta/RushBoTT-ros2_ws/build/rushbott_description
[0.483s] Invoked command in '/home/ttpidelta/RushBoTT-ros2_ws/build/rushbott_description' returned '0': CMAKE_PREFIX_PATH=${CMAKE_PREFIX_PATH}:/opt/ros/jazzy /usr/bin/cmake /home/ttpidelta/RushBoTT-ros2_ws/src/rushbott/rushbott_description -DCMAKE_INSTALL_PREFIX=/home/ttpidelta/RushBoTT-ros2_ws/install/rushbott_description
[0.483s] Invoking command in '/home/ttpidelta/RushBoTT-ros2_ws/build/rushbott_description': CMAKE_PREFIX_PATH=${CMAKE_PREFIX_PATH}:/opt/ros/jazzy /usr/bin/cmake --build /home/ttpidelta/RushBoTT-ros2_ws/build/rushbott_description -- -j12 -l12
[0.555s] Invoked command in '/home/ttpidelta/RushBoTT-ros2_ws/build/rushbott_description' returned '0': CMAKE_PREFIX_PATH=${CMAKE_PREFIX_PATH}:/opt/ros/jazzy /usr/bin/cmake --build /home/ttpidelta/RushBoTT-ros2_ws/build/rushbott_description -- -j12 -l12
[0.595s] Invoking command in '/home/ttpidelta/RushBoTT-ros2_ws/build/rushbott_description': CMAKE_PREFIX_PATH=${CMAKE_PREFIX_PATH}:/opt/ros/jazzy /usr/bin/cmake --install /home/ttpidelta/RushBoTT-ros2_ws/build/rushbott_description
[0.607s] -- Install configuration: ""
[0.607s] -- Execute custom install script
[0.608s] -- Up-to-date symlink: /home/ttpidelta/RushBoTT-ros2_ws/install/rushbott_description/share/rushbott_description/launch/robot_description.launch.py
[0.608s] -- Symlinking: /home/ttpidelta/RushBoTT-ros2_ws/install/rushbott_description/share/rushbott_description/launch/rviz2.launch.py
[0.620s] -- Up-to-date symlink: /home/ttpidelta/RushBoTT-ros2_ws/install/rushbott_description/share/rushbott_description/urdf/common_properties.urdf.xacro
[0.620s] -- Up-to-date symlink: /home/ttpidelta/RushBoTT-ros2_ws/install/rushbott_description/share/rushbott_description/urdf/rushbott.urdf.xacro
[0.620s] -- Up-to-date symlink: /home/ttpidelta/RushBoTT-ros2_ws/install/rushbott_description/share/rushbott_description/urdf/wheel.urdf.xacro
[0.621s] -- Symlinking: /home/ttpidelta/RushBoTT-ros2_ws/install/rushbott_description/share/rushbott_description/rviz/rushbott.rviz
[0.634s] -- Up-to-date symlink: /home/ttpidelta/RushBoTT-ros2_ws/install/rushbott_description/share/ament_index/resource_index/package_run_dependencies/rushbott_description
[0.634s] -- Up-to-date symlink: /home/ttpidelta/RushBoTT-ros2_ws/install/rushbott_description/share/ament_index/resource_index/parent_prefix_path/rushbott_description
[0.634s] -- Up-to-date symlink: /home/ttpidelta/RushBoTT-ros2_ws/install/rushbott_description/share/rushbott_description/environment/ament_prefix_path.sh
[0.634s] -- Up-to-date symlink: /home/ttpidelta/RushBoTT-ros2_ws/install/rushbott_description/share/rushbott_description/environment/ament_prefix_path.dsv
[0.635s] -- Up-to-date symlink: /home/ttpidelta/RushBoTT-ros2_ws/install/rushbott_description/share/rushbott_description/environment/path.sh
[0.635s] -- Up-to-date symlink: /home/ttpidelta/RushBoTT-ros2_ws/install/rushbott_description/share/rushbott_description/environment/path.dsv
[0.635s] -- Up-to-date symlink: /home/ttpidelta/RushBoTT-ros2_ws/install/rushbott_description/share/rushbott_description/local_setup.bash
[0.635s] -- Up-to-date symlink: /home/ttpidelta/RushBoTT-ros2_ws/install/rushbott_description/share/rushbott_description/local_setup.sh
[0.636s] -- Up-to-date symlink: /home/ttpidelta/RushBoTT-ros2_ws/install/rushbott_description/share/rushbott_description/local_setup.zsh
[0.636s] -- Up-to-date symlink: /home/ttpidelta/RushBoTT-ros2_ws/install/rushbott_description/share/rushbott_description/local_setup.dsv
[0.636s] -- Symlinking: /home/ttpidelta/RushBoTT-ros2_ws/install/rushbott_description/share/rushbott_description/package.dsv
[0.649s] -- Up-to-date symlink: /home/ttpidelta/RushBoTT-ros2_ws/install/rushbott_description/share/ament_index/resource_index/packages/rushbott_description
[0.649s] -- Up-to-date symlink: /home/ttpidelta/RushBoTT-ros2_ws/install/rushbott_description/share/rushbott_description/cmake/rushbott_descriptionConfig.cmake
[0.649s] -- Up-to-date symlink: /home/ttpidelta/RushBoTT-ros2_ws/install/rushbott_description/share/rushbott_description/cmake/rushbott_descriptionConfig-version.cmake
[0.649s] -- Up-to-date symlink: /home/ttpidelta/RushBoTT-ros2_ws/install/rushbott_description/share/rushbott_description/package.xml
[0.652s] Invoked command in '/home/ttpidelta/RushBoTT-ros2_ws/build/rushbott_description' returned '0': CMAKE_PREFIX_PATH=${CMAKE_PREFIX_PATH}:/opt/ros/jazzy /usr/bin/cmake --install /home/ttpidelta/RushBoTT-ros2_ws/build/rushbott_description
