[0.206s] DEBUG:colcon:Command line arguments: ['/usr/bin/colcon', 'build']
[0.206s] DEBUG:colcon:Parsed command line arguments: Namespace(log_base=None, log_level=None, verb_name='build', build_base='build', install_base='install', merge_install=False, symlink_install=False, test_result_base=None, continue_on_error=False, executor='parallel', parallel_workers=12, event_handlers=None, ignore_user_meta=False, metas=['./colcon.meta'], base_paths=['.'], packages_ignore=None, packages_ignore_regex=None, paths=None, packages_up_to=None, packages_up_to_regex=None, packages_above=None, packages_above_and_dependencies=None, packages_above_depth=None, packages_select_by_dep=None, packages_skip_by_dep=None, packages_skip_up_to=None, packages_select_build_failed=False, packages_skip_build_finished=False, packages_select_test_failures=False, packages_skip_test_passed=False, packages_select=None, packages_skip=None, packages_select_regex=None, packages_skip_regex=None, packages_start=None, packages_end=None, cmake_args=None, cmake_target=None, cmake_target_skip_unavailable=False, cmake_clean_cache=False, cmake_clean_first=False, cmake_force_configure=False, ament_cmake_args=None, catkin_cmake_args=None, catkin_skip_building_tests=False, mixin_files=None, mixin=None, verb_parser=<colcon_mixin.mixin.mixin_argument.MixinArgumentDecorator object at 0x7f83f6098770>, verb_extension=<colcon_core.verb.build.BuildVerb object at 0x7f83f4e3b440>, main=<bound method BuildVerb.main of <colcon_core.verb.build.BuildVerb object at 0x7f83f4e3b440>>, mixin_verb=('build',))
[0.268s] Level 1:colcon.colcon_core.package_discovery:discover_packages(colcon_meta) check parameters
[0.268s] Level 1:colcon.colcon_core.package_discovery:discover_packages(recursive) check parameters
[0.268s] Level 1:colcon.colcon_core.package_discovery:discover_packages(ignore) check parameters
[0.268s] Level 1:colcon.colcon_core.package_discovery:discover_packages(path) check parameters
[0.268s] Level 1:colcon.colcon_core.package_discovery:discover_packages(colcon_meta) discover
[0.268s] Level 1:colcon.colcon_core.package_discovery:discover_packages(recursive) discover
[0.268s] INFO:colcon.colcon_core.package_discovery:Crawling recursively for packages in '/home/ttpidelta/RushBoTT-ros2_ws'
[0.268s] Level 1:colcon.colcon_core.package_identification:_identify(.) by extensions ['ignore', 'ignore_ament_install']
[0.268s] Level 1:colcon.colcon_core.package_identification:_identify(.) by extension 'ignore'
[0.268s] Level 1:colcon.colcon_core.package_identification:_identify(.) by extension 'ignore_ament_install'
[0.269s] Level 1:colcon.colcon_core.package_identification:_identify(.) by extensions ['colcon_pkg']
[0.269s] Level 1:colcon.colcon_core.package_identification:_identify(.) by extension 'colcon_pkg'
[0.269s] Level 1:colcon.colcon_core.package_identification:_identify(.) by extensions ['colcon_meta']
[0.269s] Level 1:colcon.colcon_core.package_identification:_identify(.) by extension 'colcon_meta'
[0.269s] Level 1:colcon.colcon_core.package_identification:_identify(.) by extensions ['ros']
[0.269s] Level 1:colcon.colcon_core.package_identification:_identify(.) by extension 'ros'
[0.301s] Level 1:colcon.colcon_core.package_identification:_identify(.) by extensions ['cmake', 'python']
[0.301s] Level 1:colcon.colcon_core.package_identification:_identify(.) by extension 'cmake'
[0.301s] Level 1:colcon.colcon_core.package_identification:_identify(.) by extension 'python'
[0.301s] Level 1:colcon.colcon_core.package_identification:_identify(.) by extensions ['python_setup_py']
[0.301s] Level 1:colcon.colcon_core.package_identification:_identify(.) by extension 'python_setup_py'
[0.301s] Level 1:colcon.colcon_core.package_identification:_identify(build) by extensions ['ignore', 'ignore_ament_install']
[0.301s] Level 1:colcon.colcon_core.package_identification:_identify(build) by extension 'ignore'
[0.301s] Level 1:colcon.colcon_core.package_identification:_identify(build) ignored
[0.301s] Level 1:colcon.colcon_core.package_identification:_identify(install) by extensions ['ignore', 'ignore_ament_install']
[0.301s] Level 1:colcon.colcon_core.package_identification:_identify(install) by extension 'ignore'
[0.302s] Level 1:colcon.colcon_core.package_identification:_identify(install) ignored
[0.302s] Level 1:colcon.colcon_core.package_identification:_identify(log) by extensions ['ignore', 'ignore_ament_install']
[0.302s] Level 1:colcon.colcon_core.package_identification:_identify(log) by extension 'ignore'
[0.302s] Level 1:colcon.colcon_core.package_identification:_identify(log) ignored
[0.302s] Level 1:colcon.colcon_core.package_identification:_identify(src) by extensions ['ignore', 'ignore_ament_install']
[0.302s] Level 1:colcon.colcon_core.package_identification:_identify(src) by extension 'ignore'
[0.302s] Level 1:colcon.colcon_core.package_identification:_identify(src) by extension 'ignore_ament_install'
[0.302s] Level 1:colcon.colcon_core.package_identification:_identify(src) by extensions ['colcon_pkg']
[0.302s] Level 1:colcon.colcon_core.package_identification:_identify(src) by extension 'colcon_pkg'
[0.302s] Level 1:colcon.colcon_core.package_identification:_identify(src) by extensions ['colcon_meta']
[0.302s] Level 1:colcon.colcon_core.package_identification:_identify(src) by extension 'colcon_meta'
[0.302s] Level 1:colcon.colcon_core.package_identification:_identify(src) by extensions ['ros']
[0.302s] Level 1:colcon.colcon_core.package_identification:_identify(src) by extension 'ros'
[0.302s] Level 1:colcon.colcon_core.package_identification:_identify(src) by extensions ['cmake', 'python']
[0.302s] Level 1:colcon.colcon_core.package_identification:_identify(src) by extension 'cmake'
[0.302s] Level 1:colcon.colcon_core.package_identification:_identify(src) by extension 'python'
[0.302s] Level 1:colcon.colcon_core.package_identification:_identify(src) by extensions ['python_setup_py']
[0.303s] Level 1:colcon.colcon_core.package_identification:_identify(src) by extension 'python_setup_py'
[0.303s] Level 1:colcon.colcon_core.package_identification:_identify(src/rushbott) by extensions ['ignore', 'ignore_ament_install']
[0.303s] Level 1:colcon.colcon_core.package_identification:_identify(src/rushbott) by extension 'ignore'
[0.303s] Level 1:colcon.colcon_core.package_identification:_identify(src/rushbott) by extension 'ignore_ament_install'
[0.303s] Level 1:colcon.colcon_core.package_identification:_identify(src/rushbott) by extensions ['colcon_pkg']
[0.303s] Level 1:colcon.colcon_core.package_identification:_identify(src/rushbott) by extension 'colcon_pkg'
[0.303s] Level 1:colcon.colcon_core.package_identification:_identify(src/rushbott) by extensions ['colcon_meta']
[0.303s] Level 1:colcon.colcon_core.package_identification:_identify(src/rushbott) by extension 'colcon_meta'
[0.303s] Level 1:colcon.colcon_core.package_identification:_identify(src/rushbott) by extensions ['ros']
[0.303s] Level 1:colcon.colcon_core.package_identification:_identify(src/rushbott) by extension 'ros'
[0.303s] Level 1:colcon.colcon_core.package_identification:_identify(src/rushbott) by extensions ['cmake', 'python']
[0.303s] Level 1:colcon.colcon_core.package_identification:_identify(src/rushbott) by extension 'cmake'
[0.303s] Level 1:colcon.colcon_core.package_identification:_identify(src/rushbott) by extension 'python'
[0.303s] Level 1:colcon.colcon_core.package_identification:_identify(src/rushbott) by extensions ['python_setup_py']
[0.303s] Level 1:colcon.colcon_core.package_identification:_identify(src/rushbott) by extension 'python_setup_py'
[0.303s] Level 1:colcon.colcon_core.package_identification:_identify(src/rushbott/rushbott_description) by extensions ['ignore', 'ignore_ament_install']
[0.303s] Level 1:colcon.colcon_core.package_identification:_identify(src/rushbott/rushbott_description) by extension 'ignore'
[0.304s] Level 1:colcon.colcon_core.package_identification:_identify(src/rushbott/rushbott_description) by extension 'ignore_ament_install'
[0.304s] Level 1:colcon.colcon_core.package_identification:_identify(src/rushbott/rushbott_description) by extensions ['colcon_pkg']
[0.304s] Level 1:colcon.colcon_core.package_identification:_identify(src/rushbott/rushbott_description) by extension 'colcon_pkg'
[0.304s] Level 1:colcon.colcon_core.package_identification:_identify(src/rushbott/rushbott_description) by extensions ['colcon_meta']
[0.304s] Level 1:colcon.colcon_core.package_identification:_identify(src/rushbott/rushbott_description) by extension 'colcon_meta'
[0.304s] Level 1:colcon.colcon_core.package_identification:_identify(src/rushbott/rushbott_description) by extensions ['ros']
[0.304s] Level 1:colcon.colcon_core.package_identification:_identify(src/rushbott/rushbott_description) by extension 'ros'
[0.307s] DEBUG:colcon.colcon_core.package_identification:Package 'src/rushbott/rushbott_description' with type 'ros.ament_cmake' and name 'rushbott_description'
[0.307s] Level 1:colcon.colcon_core.package_identification:_identify(src/rushbott_gz) by extensions ['ignore', 'ignore_ament_install']
[0.307s] Level 1:colcon.colcon_core.package_identification:_identify(src/rushbott_gz) by extension 'ignore'
[0.307s] Level 1:colcon.colcon_core.package_identification:_identify(src/rushbott_gz) by extension 'ignore_ament_install'
[0.307s] Level 1:colcon.colcon_core.package_identification:_identify(src/rushbott_gz) by extensions ['colcon_pkg']
[0.307s] Level 1:colcon.colcon_core.package_identification:_identify(src/rushbott_gz) by extension 'colcon_pkg'
[0.307s] Level 1:colcon.colcon_core.package_identification:_identify(src/rushbott_gz) by extensions ['colcon_meta']
[0.307s] Level 1:colcon.colcon_core.package_identification:_identify(src/rushbott_gz) by extension 'colcon_meta'
[0.307s] Level 1:colcon.colcon_core.package_identification:_identify(src/rushbott_gz) by extensions ['ros']
[0.307s] Level 1:colcon.colcon_core.package_identification:_identify(src/rushbott_gz) by extension 'ros'
[0.307s] Level 1:colcon.colcon_core.package_identification:_identify(src/rushbott_gz) by extensions ['cmake', 'python']
[0.307s] Level 1:colcon.colcon_core.package_identification:_identify(src/rushbott_gz) by extension 'cmake'
[0.308s] Level 1:colcon.colcon_core.package_identification:_identify(src/rushbott_gz) by extension 'python'
[0.308s] Level 1:colcon.colcon_core.package_identification:_identify(src/rushbott_gz) by extensions ['python_setup_py']
[0.308s] Level 1:colcon.colcon_core.package_identification:_identify(src/rushbott_gz) by extension 'python_setup_py'
[0.308s] Level 1:colcon.colcon_core.package_identification:_identify(src/rushbott_gz/rushbott_gz_application) by extensions ['ignore', 'ignore_ament_install']
[0.308s] Level 1:colcon.colcon_core.package_identification:_identify(src/rushbott_gz/rushbott_gz_application) by extension 'ignore'
[0.308s] Level 1:colcon.colcon_core.package_identification:_identify(src/rushbott_gz/rushbott_gz_application) by extension 'ignore_ament_install'
[0.308s] Level 1:colcon.colcon_core.package_identification:_identify(src/rushbott_gz/rushbott_gz_application) by extensions ['colcon_pkg']
[0.308s] Level 1:colcon.colcon_core.package_identification:_identify(src/rushbott_gz/rushbott_gz_application) by extension 'colcon_pkg'
[0.308s] Level 1:colcon.colcon_core.package_identification:_identify(src/rushbott_gz/rushbott_gz_application) by extensions ['colcon_meta']
[0.308s] Level 1:colcon.colcon_core.package_identification:_identify(src/rushbott_gz/rushbott_gz_application) by extension 'colcon_meta'
[0.308s] Level 1:colcon.colcon_core.package_identification:_identify(src/rushbott_gz/rushbott_gz_application) by extensions ['ros']
[0.308s] Level 1:colcon.colcon_core.package_identification:_identify(src/rushbott_gz/rushbott_gz_application) by extension 'ros'
[0.309s] DEBUG:colcon.colcon_core.package_identification:Package 'src/rushbott_gz/rushbott_gz_application' with type 'ros.ament_cmake' and name 'ros_gz_example_application'
[0.309s] Level 1:colcon.colcon_core.package_identification:_identify(src/rushbott_gz/rushbott_gz_bringup) by extensions ['ignore', 'ignore_ament_install']
[0.309s] Level 1:colcon.colcon_core.package_identification:_identify(src/rushbott_gz/rushbott_gz_bringup) by extension 'ignore'
[0.309s] Level 1:colcon.colcon_core.package_identification:_identify(src/rushbott_gz/rushbott_gz_bringup) by extension 'ignore_ament_install'
[0.309s] Level 1:colcon.colcon_core.package_identification:_identify(src/rushbott_gz/rushbott_gz_bringup) by extensions ['colcon_pkg']
[0.309s] Level 1:colcon.colcon_core.package_identification:_identify(src/rushbott_gz/rushbott_gz_bringup) by extension 'colcon_pkg'
[0.309s] Level 1:colcon.colcon_core.package_identification:_identify(src/rushbott_gz/rushbott_gz_bringup) by extensions ['colcon_meta']
[0.309s] Level 1:colcon.colcon_core.package_identification:_identify(src/rushbott_gz/rushbott_gz_bringup) by extension 'colcon_meta'
[0.309s] Level 1:colcon.colcon_core.package_identification:_identify(src/rushbott_gz/rushbott_gz_bringup) by extensions ['ros']
[0.309s] Level 1:colcon.colcon_core.package_identification:_identify(src/rushbott_gz/rushbott_gz_bringup) by extension 'ros'
[0.310s] DEBUG:colcon.colcon_core.package_identification:Package 'src/rushbott_gz/rushbott_gz_bringup' with type 'ros.ament_cmake' and name 'ros_gz_example_bringup'
[0.310s] Level 1:colcon.colcon_core.package_identification:_identify(src/rushbott_gz/rushbott_gz_description) by extensions ['ignore', 'ignore_ament_install']
[0.310s] Level 1:colcon.colcon_core.package_identification:_identify(src/rushbott_gz/rushbott_gz_description) by extension 'ignore'
[0.310s] Level 1:colcon.colcon_core.package_identification:_identify(src/rushbott_gz/rushbott_gz_description) by extension 'ignore_ament_install'
[0.310s] Level 1:colcon.colcon_core.package_identification:_identify(src/rushbott_gz/rushbott_gz_description) by extensions ['colcon_pkg']
[0.310s] Level 1:colcon.colcon_core.package_identification:_identify(src/rushbott_gz/rushbott_gz_description) by extension 'colcon_pkg'
[0.311s] Level 1:colcon.colcon_core.package_identification:_identify(src/rushbott_gz/rushbott_gz_description) by extensions ['colcon_meta']
[0.311s] Level 1:colcon.colcon_core.package_identification:_identify(src/rushbott_gz/rushbott_gz_description) by extension 'colcon_meta'
[0.311s] Level 1:colcon.colcon_core.package_identification:_identify(src/rushbott_gz/rushbott_gz_description) by extensions ['ros']
[0.311s] Level 1:colcon.colcon_core.package_identification:_identify(src/rushbott_gz/rushbott_gz_description) by extension 'ros'
[0.311s] DEBUG:colcon.colcon_core.package_identification:Package 'src/rushbott_gz/rushbott_gz_description' with type 'ros.ament_cmake' and name 'ros_gz_example_description'
[0.311s] Level 1:colcon.colcon_core.package_identification:_identify(src/rushbott_gz/rushbott_gz_gazebo) by extensions ['ignore', 'ignore_ament_install']
[0.312s] Level 1:colcon.colcon_core.package_identification:_identify(src/rushbott_gz/rushbott_gz_gazebo) by extension 'ignore'
[0.312s] Level 1:colcon.colcon_core.package_identification:_identify(src/rushbott_gz/rushbott_gz_gazebo) by extension 'ignore_ament_install'
[0.312s] Level 1:colcon.colcon_core.package_identification:_identify(src/rushbott_gz/rushbott_gz_gazebo) by extensions ['colcon_pkg']
[0.312s] Level 1:colcon.colcon_core.package_identification:_identify(src/rushbott_gz/rushbott_gz_gazebo) by extension 'colcon_pkg'
[0.312s] Level 1:colcon.colcon_core.package_identification:_identify(src/rushbott_gz/rushbott_gz_gazebo) by extensions ['colcon_meta']
[0.312s] Level 1:colcon.colcon_core.package_identification:_identify(src/rushbott_gz/rushbott_gz_gazebo) by extension 'colcon_meta'
[0.312s] Level 1:colcon.colcon_core.package_identification:_identify(src/rushbott_gz/rushbott_gz_gazebo) by extensions ['ros']
[0.312s] Level 1:colcon.colcon_core.package_identification:_identify(src/rushbott_gz/rushbott_gz_gazebo) by extension 'ros'
[0.312s] DEBUG:colcon.colcon_core.package_identification:Package 'src/rushbott_gz/rushbott_gz_gazebo' with type 'ros.ament_cmake' and name 'ros_gz_example_gazebo'
[0.313s] Level 1:colcon.colcon_core.package_discovery:discover_packages(recursive) using defaults
[0.313s] Level 1:colcon.colcon_core.package_discovery:discover_packages(ignore) discover
[0.313s] Level 1:colcon.colcon_core.package_discovery:discover_packages(ignore) using defaults
[0.313s] Level 1:colcon.colcon_core.package_discovery:discover_packages(path) discover
[0.313s] Level 1:colcon.colcon_core.package_discovery:discover_packages(path) using defaults
[0.337s] Level 5:colcon.colcon_core.verb:set package 'ros_gz_example_application' build argument 'cmake_args' from command line to 'None'
[0.337s] Level 5:colcon.colcon_core.verb:set package 'ros_gz_example_application' build argument 'cmake_target' from command line to 'None'
[0.337s] Level 5:colcon.colcon_core.verb:set package 'ros_gz_example_application' build argument 'cmake_target_skip_unavailable' from command line to 'False'
[0.337s] Level 5:colcon.colcon_core.verb:set package 'ros_gz_example_application' build argument 'cmake_clean_cache' from command line to 'False'
[0.337s] Level 5:colcon.colcon_core.verb:set package 'ros_gz_example_application' build argument 'cmake_clean_first' from command line to 'False'
[0.337s] Level 5:colcon.colcon_core.verb:set package 'ros_gz_example_application' build argument 'cmake_force_configure' from command line to 'False'
[0.337s] Level 5:colcon.colcon_core.verb:set package 'ros_gz_example_application' build argument 'ament_cmake_args' from command line to 'None'
[0.337s] Level 5:colcon.colcon_core.verb:set package 'ros_gz_example_application' build argument 'catkin_cmake_args' from command line to 'None'
[0.337s] Level 5:colcon.colcon_core.verb:set package 'ros_gz_example_application' build argument 'catkin_skip_building_tests' from command line to 'False'
[0.337s] DEBUG:colcon.colcon_core.verb:Building package 'ros_gz_example_application' with the following arguments: {'ament_cmake_args': None, 'build_base': '/home/ttpidelta/RushBoTT-ros2_ws/build/ros_gz_example_application', 'catkin_cmake_args': None, 'catkin_skip_building_tests': False, 'cmake_args': None, 'cmake_clean_cache': False, 'cmake_clean_first': False, 'cmake_force_configure': False, 'cmake_target': None, 'cmake_target_skip_unavailable': False, 'install_base': '/home/ttpidelta/RushBoTT-ros2_ws/install/ros_gz_example_application', 'merge_install': False, 'path': '/home/ttpidelta/RushBoTT-ros2_ws/src/rushbott_gz/rushbott_gz_application', 'symlink_install': False, 'test_result_base': None}
[0.337s] Level 5:colcon.colcon_core.verb:set package 'ros_gz_example_description' build argument 'cmake_args' from command line to 'None'
[0.337s] Level 5:colcon.colcon_core.verb:set package 'ros_gz_example_description' build argument 'cmake_target' from command line to 'None'
[0.337s] Level 5:colcon.colcon_core.verb:set package 'ros_gz_example_description' build argument 'cmake_target_skip_unavailable' from command line to 'False'
[0.337s] Level 5:colcon.colcon_core.verb:set package 'ros_gz_example_description' build argument 'cmake_clean_cache' from command line to 'False'
[0.338s] Level 5:colcon.colcon_core.verb:set package 'ros_gz_example_description' build argument 'cmake_clean_first' from command line to 'False'
[0.338s] Level 5:colcon.colcon_core.verb:set package 'ros_gz_example_description' build argument 'cmake_force_configure' from command line to 'False'
[0.338s] Level 5:colcon.colcon_core.verb:set package 'ros_gz_example_description' build argument 'ament_cmake_args' from command line to 'None'
[0.338s] Level 5:colcon.colcon_core.verb:set package 'ros_gz_example_description' build argument 'catkin_cmake_args' from command line to 'None'
[0.338s] Level 5:colcon.colcon_core.verb:set package 'ros_gz_example_description' build argument 'catkin_skip_building_tests' from command line to 'False'
[0.338s] DEBUG:colcon.colcon_core.verb:Building package 'ros_gz_example_description' with the following arguments: {'ament_cmake_args': None, 'build_base': '/home/ttpidelta/RushBoTT-ros2_ws/build/ros_gz_example_description', 'catkin_cmake_args': None, 'catkin_skip_building_tests': False, 'cmake_args': None, 'cmake_clean_cache': False, 'cmake_clean_first': False, 'cmake_force_configure': False, 'cmake_target': None, 'cmake_target_skip_unavailable': False, 'install_base': '/home/ttpidelta/RushBoTT-ros2_ws/install/ros_gz_example_description', 'merge_install': False, 'path': '/home/ttpidelta/RushBoTT-ros2_ws/src/rushbott_gz/rushbott_gz_description', 'symlink_install': False, 'test_result_base': None}
[0.338s] Level 5:colcon.colcon_core.verb:set package 'rushbott_description' build argument 'cmake_args' from command line to 'None'
[0.338s] Level 5:colcon.colcon_core.verb:set package 'rushbott_description' build argument 'cmake_target' from command line to 'None'
[0.338s] Level 5:colcon.colcon_core.verb:set package 'rushbott_description' build argument 'cmake_target_skip_unavailable' from command line to 'False'
[0.338s] Level 5:colcon.colcon_core.verb:set package 'rushbott_description' build argument 'cmake_clean_cache' from command line to 'False'
[0.338s] Level 5:colcon.colcon_core.verb:set package 'rushbott_description' build argument 'cmake_clean_first' from command line to 'False'
[0.338s] Level 5:colcon.colcon_core.verb:set package 'rushbott_description' build argument 'cmake_force_configure' from command line to 'False'
[0.338s] Level 5:colcon.colcon_core.verb:set package 'rushbott_description' build argument 'ament_cmake_args' from command line to 'None'
[0.338s] Level 5:colcon.colcon_core.verb:set package 'rushbott_description' build argument 'catkin_cmake_args' from command line to 'None'
[0.338s] Level 5:colcon.colcon_core.verb:set package 'rushbott_description' build argument 'catkin_skip_building_tests' from command line to 'False'
[0.338s] DEBUG:colcon.colcon_core.verb:Building package 'rushbott_description' with the following arguments: {'ament_cmake_args': None, 'build_base': '/home/ttpidelta/RushBoTT-ros2_ws/build/rushbott_description', 'catkin_cmake_args': None, 'catkin_skip_building_tests': False, 'cmake_args': None, 'cmake_clean_cache': False, 'cmake_clean_first': False, 'cmake_force_configure': False, 'cmake_target': None, 'cmake_target_skip_unavailable': False, 'install_base': '/home/ttpidelta/RushBoTT-ros2_ws/install/rushbott_description', 'merge_install': False, 'path': '/home/ttpidelta/RushBoTT-ros2_ws/src/rushbott/rushbott_description', 'symlink_install': False, 'test_result_base': None}
[0.338s] Level 5:colcon.colcon_core.verb:set package 'ros_gz_example_gazebo' build argument 'cmake_args' from command line to 'None'
[0.338s] Level 5:colcon.colcon_core.verb:set package 'ros_gz_example_gazebo' build argument 'cmake_target' from command line to 'None'
[0.338s] Level 5:colcon.colcon_core.verb:set package 'ros_gz_example_gazebo' build argument 'cmake_target_skip_unavailable' from command line to 'False'
[0.338s] Level 5:colcon.colcon_core.verb:set package 'ros_gz_example_gazebo' build argument 'cmake_clean_cache' from command line to 'False'
[0.338s] Level 5:colcon.colcon_core.verb:set package 'ros_gz_example_gazebo' build argument 'cmake_clean_first' from command line to 'False'
[0.338s] Level 5:colcon.colcon_core.verb:set package 'ros_gz_example_gazebo' build argument 'cmake_force_configure' from command line to 'False'
[0.339s] Level 5:colcon.colcon_core.verb:set package 'ros_gz_example_gazebo' build argument 'ament_cmake_args' from command line to 'None'
[0.339s] Level 5:colcon.colcon_core.verb:set package 'ros_gz_example_gazebo' build argument 'catkin_cmake_args' from command line to 'None'
[0.339s] Level 5:colcon.colcon_core.verb:set package 'ros_gz_example_gazebo' build argument 'catkin_skip_building_tests' from command line to 'False'
[0.339s] DEBUG:colcon.colcon_core.verb:Building package 'ros_gz_example_gazebo' with the following arguments: {'ament_cmake_args': None, 'build_base': '/home/ttpidelta/RushBoTT-ros2_ws/build/ros_gz_example_gazebo', 'catkin_cmake_args': None, 'catkin_skip_building_tests': False, 'cmake_args': None, 'cmake_clean_cache': False, 'cmake_clean_first': False, 'cmake_force_configure': False, 'cmake_target': None, 'cmake_target_skip_unavailable': False, 'install_base': '/home/ttpidelta/RushBoTT-ros2_ws/install/ros_gz_example_gazebo', 'merge_install': False, 'path': '/home/ttpidelta/RushBoTT-ros2_ws/src/rushbott_gz/rushbott_gz_gazebo', 'symlink_install': False, 'test_result_base': None}
[0.339s] Level 5:colcon.colcon_core.verb:set package 'ros_gz_example_bringup' build argument 'cmake_args' from command line to 'None'
[0.339s] Level 5:colcon.colcon_core.verb:set package 'ros_gz_example_bringup' build argument 'cmake_target' from command line to 'None'
[0.339s] Level 5:colcon.colcon_core.verb:set package 'ros_gz_example_bringup' build argument 'cmake_target_skip_unavailable' from command line to 'False'
[0.339s] Level 5:colcon.colcon_core.verb:set package 'ros_gz_example_bringup' build argument 'cmake_clean_cache' from command line to 'False'
[0.339s] Level 5:colcon.colcon_core.verb:set package 'ros_gz_example_bringup' build argument 'cmake_clean_first' from command line to 'False'
[0.339s] Level 5:colcon.colcon_core.verb:set package 'ros_gz_example_bringup' build argument 'cmake_force_configure' from command line to 'False'
[0.339s] Level 5:colcon.colcon_core.verb:set package 'ros_gz_example_bringup' build argument 'ament_cmake_args' from command line to 'None'
[0.339s] Level 5:colcon.colcon_core.verb:set package 'ros_gz_example_bringup' build argument 'catkin_cmake_args' from command line to 'None'
[0.339s] Level 5:colcon.colcon_core.verb:set package 'ros_gz_example_bringup' build argument 'catkin_skip_building_tests' from command line to 'False'
[0.339s] DEBUG:colcon.colcon_core.verb:Building package 'ros_gz_example_bringup' with the following arguments: {'ament_cmake_args': None, 'build_base': '/home/ttpidelta/RushBoTT-ros2_ws/build/ros_gz_example_bringup', 'catkin_cmake_args': None, 'catkin_skip_building_tests': False, 'cmake_args': None, 'cmake_clean_cache': False, 'cmake_clean_first': False, 'cmake_force_configure': False, 'cmake_target': None, 'cmake_target_skip_unavailable': False, 'install_base': '/home/ttpidelta/RushBoTT-ros2_ws/install/ros_gz_example_bringup', 'merge_install': False, 'path': '/home/ttpidelta/RushBoTT-ros2_ws/src/rushbott_gz/rushbott_gz_bringup', 'symlink_install': False, 'test_result_base': None}
[0.339s] INFO:colcon.colcon_core.executor:Executing jobs using 'parallel' executor
[0.340s] DEBUG:colcon.colcon_parallel_executor.executor.parallel:run_until_complete
[0.341s] INFO:colcon.colcon_ros.task.ament_cmake.build:Building ROS package in '/home/ttpidelta/RushBoTT-ros2_ws/src/rushbott_gz/rushbott_gz_description' with build type 'ament_cmake'
[0.341s] INFO:colcon.colcon_cmake.task.cmake.build:Building CMake package in '/home/ttpidelta/RushBoTT-ros2_ws/src/rushbott_gz/rushbott_gz_description'
[0.346s] INFO:colcon.colcon_core.plugin_system:Skipping extension 'colcon_core.shell.bat': Not used on non-Windows systems
[0.346s] INFO:colcon.colcon_core.shell:Skip shell extension 'powershell' for command environment: Not usable outside of PowerShell
[0.346s] DEBUG:colcon.colcon_core.shell:Skip shell extension 'dsv' for command environment
[0.349s] WARNING:colcon.colcon_ros.prefix_path.ament:The path '/home/ttpidelta/RushBoTT-ros2_ws/install/rushbott_description' in the environment variable AMENT_PREFIX_PATH doesn't exist
[0.349s] WARNING:colcon.colcon_ros.prefix_path.ament:The path '/home/ttpidelta/RushBoTT-ros2_ws/install/ros_gz_example_bringup' in the environment variable AMENT_PREFIX_PATH doesn't exist
[0.349s] WARNING:colcon.colcon_ros.prefix_path.ament:The path '/home/ttpidelta/RushBoTT-ros2_ws/install/ros_gz_example_gazebo' in the environment variable AMENT_PREFIX_PATH doesn't exist
[0.349s] WARNING:colcon.colcon_ros.prefix_path.ament:The path '/home/ttpidelta/RushBoTT-ros2_ws/install/ros_gz_example_description' in the environment variable AMENT_PREFIX_PATH doesn't exist
[0.349s] WARNING:colcon.colcon_ros.prefix_path.ament:The path '/home/ttpidelta/RushBoTT-ros2_ws/install/ros_gz_example_application' in the environment variable AMENT_PREFIX_PATH doesn't exist
[0.350s] WARNING:colcon.colcon_ros.prefix_path.catkin:The path '/home/ttpidelta/RushBoTT-ros2_ws/install/ros_gz_example_bringup' in the environment variable CMAKE_PREFIX_PATH doesn't exist
[0.350s] WARNING:colcon.colcon_ros.prefix_path.catkin:The path '/home/ttpidelta/RushBoTT-ros2_ws/install/ros_gz_example_gazebo' in the environment variable CMAKE_PREFIX_PATH doesn't exist
[0.351s] WARNING:colcon.colcon_ros.prefix_path.catkin:The path '/home/ttpidelta/RushBoTT-ros2_ws/install/ros_gz_example_description' in the environment variable CMAKE_PREFIX_PATH doesn't exist
[0.351s] WARNING:colcon.colcon_ros.prefix_path.catkin:The path '/home/ttpidelta/RushBoTT-ros2_ws/install/ros_gz_example_application' in the environment variable CMAKE_PREFIX_PATH doesn't exist
[0.358s] INFO:colcon.colcon_ros.task.ament_cmake.build:Building ROS package in '/home/ttpidelta/RushBoTT-ros2_ws/src/rushbott_gz/rushbott_gz_application' with build type 'ament_cmake'
[0.358s] INFO:colcon.colcon_cmake.task.cmake.build:Building CMake package in '/home/ttpidelta/RushBoTT-ros2_ws/src/rushbott_gz/rushbott_gz_application'
[0.358s] INFO:colcon.colcon_core.shell:Skip shell extension 'powershell' for command environment: Not usable outside of PowerShell
[0.359s] DEBUG:colcon.colcon_core.shell:Skip shell extension 'dsv' for command environment
[0.363s] INFO:colcon.colcon_ros.task.ament_cmake.build:Building ROS package in '/home/ttpidelta/RushBoTT-ros2_ws/src/rushbott/rushbott_description' with build type 'ament_cmake'
[0.363s] INFO:colcon.colcon_cmake.task.cmake.build:Building CMake package in '/home/ttpidelta/RushBoTT-ros2_ws/src/rushbott/rushbott_description'
[0.364s] INFO:colcon.colcon_core.shell:Skip shell extension 'powershell' for command environment: Not usable outside of PowerShell
[0.364s] DEBUG:colcon.colcon_core.shell:Skip shell extension 'dsv' for command environment
[0.375s] DEBUG:colcon.colcon_core.event_handler.log_command:Invoking command in '/home/ttpidelta/RushBoTT-ros2_ws/build/ros_gz_example_description': CMAKE_PREFIX_PATH=${CMAKE_PREFIX_PATH}:/home/ttpidelta/RushBoTT-ros2_ws/install/rushbott_description:/opt/ros/jazzy /usr/bin/cmake /home/ttpidelta/RushBoTT-ros2_ws/src/rushbott_gz/rushbott_gz_description -DCMAKE_INSTALL_PREFIX=/home/ttpidelta/RushBoTT-ros2_ws/install/ros_gz_example_description
[0.379s] DEBUG:colcon.colcon_core.event_handler.log_command:Invoking command in '/home/ttpidelta/RushBoTT-ros2_ws/build/ros_gz_example_application': CMAKE_PREFIX_PATH=${CMAKE_PREFIX_PATH}:/home/ttpidelta/RushBoTT-ros2_ws/install/rushbott_description:/opt/ros/jazzy /usr/bin/cmake /home/ttpidelta/RushBoTT-ros2_ws/src/rushbott_gz/rushbott_gz_application -DCMAKE_INSTALL_PREFIX=/home/ttpidelta/RushBoTT-ros2_ws/install/ros_gz_example_application
[0.386s] DEBUG:colcon.colcon_core.event_handler.log_command:Invoking command in '/home/ttpidelta/RushBoTT-ros2_ws/build/rushbott_description': CMAKE_PREFIX_PATH=${CMAKE_PREFIX_PATH}:/home/ttpidelta/RushBoTT-ros2_ws/install/rushbott_description:/opt/ros/jazzy /usr/bin/cmake /home/ttpidelta/RushBoTT-ros2_ws/src/rushbott/rushbott_description -DCMAKE_INSTALL_PREFIX=/home/ttpidelta/RushBoTT-ros2_ws/install/rushbott_description
[1.645s] DEBUG:colcon.colcon_core.event_handler.log_command:Invoked command in '/home/ttpidelta/RushBoTT-ros2_ws/build/ros_gz_example_application' returned '0': CMAKE_PREFIX_PATH=${CMAKE_PREFIX_PATH}:/home/ttpidelta/RushBoTT-ros2_ws/install/rushbott_description:/opt/ros/jazzy /usr/bin/cmake /home/ttpidelta/RushBoTT-ros2_ws/src/rushbott_gz/rushbott_gz_application -DCMAKE_INSTALL_PREFIX=/home/ttpidelta/RushBoTT-ros2_ws/install/ros_gz_example_application
[1.646s] DEBUG:colcon.colcon_core.event_handler.log_command:Invoking command in '/home/ttpidelta/RushBoTT-ros2_ws/build/ros_gz_example_application': CMAKE_PREFIX_PATH=${CMAKE_PREFIX_PATH}:/home/ttpidelta/RushBoTT-ros2_ws/install/rushbott_description:/opt/ros/jazzy /usr/bin/cmake --build /home/ttpidelta/RushBoTT-ros2_ws/build/ros_gz_example_application -- -j12 -l12
[1.657s] DEBUG:colcon.colcon_core.event_handler.log_command:Invoked command in '/home/ttpidelta/RushBoTT-ros2_ws/build/ros_gz_example_description' returned '0': CMAKE_PREFIX_PATH=${CMAKE_PREFIX_PATH}:/home/ttpidelta/RushBoTT-ros2_ws/install/rushbott_description:/opt/ros/jazzy /usr/bin/cmake /home/ttpidelta/RushBoTT-ros2_ws/src/rushbott_gz/rushbott_gz_description -DCMAKE_INSTALL_PREFIX=/home/ttpidelta/RushBoTT-ros2_ws/install/ros_gz_example_description
[1.659s] DEBUG:colcon.colcon_core.event_handler.log_command:Invoking command in '/home/ttpidelta/RushBoTT-ros2_ws/build/ros_gz_example_description': CMAKE_PREFIX_PATH=${CMAKE_PREFIX_PATH}:/home/ttpidelta/RushBoTT-ros2_ws/install/rushbott_description:/opt/ros/jazzy /usr/bin/cmake --build /home/ttpidelta/RushBoTT-ros2_ws/build/ros_gz_example_description -- -j12 -l12
[1.699s] DEBUG:colcon.colcon_core.event_handler.log_command:Invoked command in '/home/ttpidelta/RushBoTT-ros2_ws/build/ros_gz_example_application' returned '0': CMAKE_PREFIX_PATH=${CMAKE_PREFIX_PATH}:/home/ttpidelta/RushBoTT-ros2_ws/install/rushbott_description:/opt/ros/jazzy /usr/bin/cmake --build /home/ttpidelta/RushBoTT-ros2_ws/build/ros_gz_example_application -- -j12 -l12
[1.710s] DEBUG:colcon.colcon_core.event_handler.log_command:Invoked command in '/home/ttpidelta/RushBoTT-ros2_ws/build/ros_gz_example_description' returned '0': CMAKE_PREFIX_PATH=${CMAKE_PREFIX_PATH}:/home/ttpidelta/RushBoTT-ros2_ws/install/rushbott_description:/opt/ros/jazzy /usr/bin/cmake --build /home/ttpidelta/RushBoTT-ros2_ws/build/ros_gz_example_description -- -j12 -l12
[1.738s] DEBUG:colcon.colcon_core.event_handler.log_command:Invoking command in '/home/ttpidelta/RushBoTT-ros2_ws/build/ros_gz_example_application': CMAKE_PREFIX_PATH=${CMAKE_PREFIX_PATH}:/home/ttpidelta/RushBoTT-ros2_ws/install/rushbott_description:/opt/ros/jazzy /usr/bin/cmake --install /home/ttpidelta/RushBoTT-ros2_ws/build/ros_gz_example_application
[1.741s] DEBUG:colcon.colcon_core.event_handler.log_command:Invoking command in '/home/ttpidelta/RushBoTT-ros2_ws/build/ros_gz_example_description': CMAKE_PREFIX_PATH=${CMAKE_PREFIX_PATH}:/home/ttpidelta/RushBoTT-ros2_ws/install/rushbott_description:/opt/ros/jazzy /usr/bin/cmake --install /home/ttpidelta/RushBoTT-ros2_ws/build/ros_gz_example_description
[1.758s] Level 1:colcon.colcon_core.environment:create_environment_scripts_only(ros_gz_example_application)
[1.759s] DEBUG:colcon.colcon_core.event_handler.log_command:Invoked command in '/home/ttpidelta/RushBoTT-ros2_ws/build/ros_gz_example_application' returned '0': CMAKE_PREFIX_PATH=${CMAKE_PREFIX_PATH}:/home/ttpidelta/RushBoTT-ros2_ws/install/rushbott_description:/opt/ros/jazzy /usr/bin/cmake --install /home/ttpidelta/RushBoTT-ros2_ws/build/ros_gz_example_application
[1.772s] Level 1:colcon.colcon_core.environment:checking '/home/ttpidelta/RushBoTT-ros2_ws/install/ros_gz_example_application' for CMake module files
[1.772s] Level 1:colcon.colcon_core.environment:checking '/home/ttpidelta/RushBoTT-ros2_ws/install/ros_gz_example_application' for CMake config files
[1.773s] Level 1:colcon.colcon_core.shell:create_environment_hook('ros_gz_example_application', 'cmake_prefix_path')
[1.773s] INFO:colcon.colcon_core.shell:Creating environment hook '/home/ttpidelta/RushBoTT-ros2_ws/install/ros_gz_example_application/share/ros_gz_example_application/hook/cmake_prefix_path.ps1'
[1.774s] INFO:colcon.colcon_core.shell:Creating environment descriptor '/home/ttpidelta/RushBoTT-ros2_ws/install/ros_gz_example_application/share/ros_gz_example_application/hook/cmake_prefix_path.dsv'
[1.775s] INFO:colcon.colcon_core.shell:Creating environment hook '/home/ttpidelta/RushBoTT-ros2_ws/install/ros_gz_example_application/share/ros_gz_example_application/hook/cmake_prefix_path.sh'
[1.777s] Level 1:colcon.colcon_core.environment:checking '/home/ttpidelta/RushBoTT-ros2_ws/install/ros_gz_example_application/bin'
[1.777s] Level 1:colcon.colcon_core.environment:checking '/home/ttpidelta/RushBoTT-ros2_ws/install/ros_gz_example_application/lib/pkgconfig/ros_gz_example_application.pc'
[1.779s] Level 1:colcon.colcon_core.environment:checking '/home/ttpidelta/RushBoTT-ros2_ws/install/ros_gz_example_application/lib/python3.12/site-packages'
[1.779s] Level 1:colcon.colcon_core.environment:checking '/home/ttpidelta/RushBoTT-ros2_ws/install/ros_gz_example_application/bin'
[1.780s] INFO:colcon.colcon_core.shell:Creating package script '/home/ttpidelta/RushBoTT-ros2_ws/install/ros_gz_example_application/share/ros_gz_example_application/package.ps1'
[1.781s] INFO:colcon.colcon_core.shell:Creating package descriptor '/home/ttpidelta/RushBoTT-ros2_ws/install/ros_gz_example_application/share/ros_gz_example_application/package.dsv'
[1.781s] INFO:colcon.colcon_core.shell:Creating package script '/home/ttpidelta/RushBoTT-ros2_ws/install/ros_gz_example_application/share/ros_gz_example_application/package.sh'
[1.782s] INFO:colcon.colcon_core.shell:Creating package script '/home/ttpidelta/RushBoTT-ros2_ws/install/ros_gz_example_application/share/ros_gz_example_application/package.bash'
[1.783s] INFO:colcon.colcon_core.shell:Creating package script '/home/ttpidelta/RushBoTT-ros2_ws/install/ros_gz_example_application/share/ros_gz_example_application/package.zsh'
[1.783s] Level 1:colcon.colcon_core.environment:create_file_with_runtime_dependencies(/home/ttpidelta/RushBoTT-ros2_ws/install/ros_gz_example_application/share/colcon-core/packages/ros_gz_example_application)
[1.786s] Level 1:colcon.colcon_core.environment:create_environment_scripts_only(ros_gz_example_description)
[1.786s] Level 1:colcon.colcon_core.environment:checking '/home/ttpidelta/RushBoTT-ros2_ws/install/ros_gz_example_description' for CMake module files
[1.787s] DEBUG:colcon.colcon_core.event_handler.log_command:Invoked command in '/home/ttpidelta/RushBoTT-ros2_ws/build/ros_gz_example_description' returned '0': CMAKE_PREFIX_PATH=${CMAKE_PREFIX_PATH}:/home/ttpidelta/RushBoTT-ros2_ws/install/rushbott_description:/opt/ros/jazzy /usr/bin/cmake --install /home/ttpidelta/RushBoTT-ros2_ws/build/ros_gz_example_description
[1.787s] Level 1:colcon.colcon_core.environment:checking '/home/ttpidelta/RushBoTT-ros2_ws/install/ros_gz_example_description' for CMake config files
[1.788s] Level 1:colcon.colcon_core.shell:create_environment_hook('ros_gz_example_description', 'cmake_prefix_path')
[1.788s] INFO:colcon.colcon_core.shell:Creating environment hook '/home/ttpidelta/RushBoTT-ros2_ws/install/ros_gz_example_description/share/ros_gz_example_description/hook/cmake_prefix_path.ps1'
[1.789s] INFO:colcon.colcon_core.shell:Creating environment descriptor '/home/ttpidelta/RushBoTT-ros2_ws/install/ros_gz_example_description/share/ros_gz_example_description/hook/cmake_prefix_path.dsv'
[1.789s] INFO:colcon.colcon_core.shell:Creating environment hook '/home/ttpidelta/RushBoTT-ros2_ws/install/ros_gz_example_description/share/ros_gz_example_description/hook/cmake_prefix_path.sh'
[1.789s] Level 1:colcon.colcon_core.environment:checking '/home/ttpidelta/RushBoTT-ros2_ws/install/ros_gz_example_description/bin'
[1.790s] Level 1:colcon.colcon_core.environment:checking '/home/ttpidelta/RushBoTT-ros2_ws/install/ros_gz_example_description/lib/pkgconfig/ros_gz_example_description.pc'
[1.790s] Level 1:colcon.colcon_core.environment:checking '/home/ttpidelta/RushBoTT-ros2_ws/install/ros_gz_example_description/lib/python3.12/site-packages'
[1.790s] Level 1:colcon.colcon_core.environment:checking '/home/ttpidelta/RushBoTT-ros2_ws/install/ros_gz_example_description/bin'
[1.790s] INFO:colcon.colcon_core.shell:Creating package script '/home/ttpidelta/RushBoTT-ros2_ws/install/ros_gz_example_description/share/ros_gz_example_description/package.ps1'
[1.791s] INFO:colcon.colcon_core.shell:Creating package descriptor '/home/ttpidelta/RushBoTT-ros2_ws/install/ros_gz_example_description/share/ros_gz_example_description/package.dsv'
[1.791s] INFO:colcon.colcon_core.shell:Creating package script '/home/ttpidelta/RushBoTT-ros2_ws/install/ros_gz_example_description/share/ros_gz_example_description/package.sh'
[1.792s] INFO:colcon.colcon_core.shell:Creating package script '/home/ttpidelta/RushBoTT-ros2_ws/install/ros_gz_example_description/share/ros_gz_example_description/package.bash'
[1.792s] INFO:colcon.colcon_core.shell:Creating package script '/home/ttpidelta/RushBoTT-ros2_ws/install/ros_gz_example_description/share/ros_gz_example_description/package.zsh'
[1.792s] Level 1:colcon.colcon_core.environment:create_file_with_runtime_dependencies(/home/ttpidelta/RushBoTT-ros2_ws/install/ros_gz_example_description/share/colcon-core/packages/ros_gz_example_description)
[1.814s] Level 1:colcon.colcon_core.environment:create_environment_scripts_only(ros_gz_example_application)
[1.814s] Level 1:colcon.colcon_core.environment:checking '/home/ttpidelta/RushBoTT-ros2_ws/install/ros_gz_example_application' for CMake module files
[1.815s] Level 1:colcon.colcon_core.environment:checking '/home/ttpidelta/RushBoTT-ros2_ws/install/ros_gz_example_application' for CMake config files
[1.815s] Level 1:colcon.colcon_core.shell:create_environment_hook('ros_gz_example_application', 'cmake_prefix_path')
[1.815s] INFO:colcon.colcon_core.shell:Creating environment hook '/home/ttpidelta/RushBoTT-ros2_ws/install/ros_gz_example_application/share/ros_gz_example_application/hook/cmake_prefix_path.ps1'
[1.816s] INFO:colcon.colcon_core.shell:Creating environment descriptor '/home/ttpidelta/RushBoTT-ros2_ws/install/ros_gz_example_application/share/ros_gz_example_application/hook/cmake_prefix_path.dsv'
[1.816s] INFO:colcon.colcon_core.shell:Creating environment hook '/home/ttpidelta/RushBoTT-ros2_ws/install/ros_gz_example_application/share/ros_gz_example_application/hook/cmake_prefix_path.sh'
[1.816s] Level 1:colcon.colcon_core.environment:checking '/home/ttpidelta/RushBoTT-ros2_ws/install/ros_gz_example_application/bin'
[1.817s] Level 1:colcon.colcon_core.environment:checking '/home/ttpidelta/RushBoTT-ros2_ws/install/ros_gz_example_application/lib/pkgconfig/ros_gz_example_application.pc'
[1.817s] Level 1:colcon.colcon_core.environment:checking '/home/ttpidelta/RushBoTT-ros2_ws/install/ros_gz_example_application/lib/python3.12/site-packages'
[1.817s] Level 1:colcon.colcon_core.environment:checking '/home/ttpidelta/RushBoTT-ros2_ws/install/ros_gz_example_application/bin'
[1.817s] INFO:colcon.colcon_core.shell:Creating package script '/home/ttpidelta/RushBoTT-ros2_ws/install/ros_gz_example_application/share/ros_gz_example_application/package.ps1'
[1.818s] INFO:colcon.colcon_core.shell:Creating package descriptor '/home/ttpidelta/RushBoTT-ros2_ws/install/ros_gz_example_application/share/ros_gz_example_application/package.dsv'
[1.818s] INFO:colcon.colcon_core.shell:Creating package script '/home/ttpidelta/RushBoTT-ros2_ws/install/ros_gz_example_application/share/ros_gz_example_application/package.sh'
[1.818s] INFO:colcon.colcon_core.shell:Creating package script '/home/ttpidelta/RushBoTT-ros2_ws/install/ros_gz_example_application/share/ros_gz_example_application/package.bash'
[1.819s] INFO:colcon.colcon_core.shell:Creating package script '/home/ttpidelta/RushBoTT-ros2_ws/install/ros_gz_example_application/share/ros_gz_example_application/package.zsh'
[1.819s] Level 1:colcon.colcon_core.environment:create_file_with_runtime_dependencies(/home/ttpidelta/RushBoTT-ros2_ws/install/ros_gz_example_application/share/colcon-core/packages/ros_gz_example_application)
[1.831s] Level 1:colcon.colcon_core.environment:create_environment_scripts_only(ros_gz_example_description)
[1.831s] Level 1:colcon.colcon_core.environment:checking '/home/ttpidelta/RushBoTT-ros2_ws/install/ros_gz_example_description' for CMake module files
[1.831s] Level 1:colcon.colcon_core.environment:checking '/home/ttpidelta/RushBoTT-ros2_ws/install/ros_gz_example_description' for CMake config files
[1.832s] Level 1:colcon.colcon_core.shell:create_environment_hook('ros_gz_example_description', 'cmake_prefix_path')
[1.832s] INFO:colcon.colcon_core.shell:Creating environment hook '/home/ttpidelta/RushBoTT-ros2_ws/install/ros_gz_example_description/share/ros_gz_example_description/hook/cmake_prefix_path.ps1'
[1.832s] INFO:colcon.colcon_core.shell:Creating environment descriptor '/home/ttpidelta/RushBoTT-ros2_ws/install/ros_gz_example_description/share/ros_gz_example_description/hook/cmake_prefix_path.dsv'
[1.833s] INFO:colcon.colcon_core.shell:Creating environment hook '/home/ttpidelta/RushBoTT-ros2_ws/install/ros_gz_example_description/share/ros_gz_example_description/hook/cmake_prefix_path.sh'
[1.833s] Level 1:colcon.colcon_core.environment:checking '/home/ttpidelta/RushBoTT-ros2_ws/install/ros_gz_example_description/bin'
[1.833s] Level 1:colcon.colcon_core.environment:checking '/home/ttpidelta/RushBoTT-ros2_ws/install/ros_gz_example_description/lib/pkgconfig/ros_gz_example_description.pc'
[1.833s] Level 1:colcon.colcon_core.environment:checking '/home/ttpidelta/RushBoTT-ros2_ws/install/ros_gz_example_description/lib/python3.12/site-packages'
[1.834s] Level 1:colcon.colcon_core.environment:checking '/home/ttpidelta/RushBoTT-ros2_ws/install/ros_gz_example_description/bin'
[1.834s] INFO:colcon.colcon_core.shell:Creating package script '/home/ttpidelta/RushBoTT-ros2_ws/install/ros_gz_example_description/share/ros_gz_example_description/package.ps1'
[1.835s] INFO:colcon.colcon_core.shell:Creating package descriptor '/home/ttpidelta/RushBoTT-ros2_ws/install/ros_gz_example_description/share/ros_gz_example_description/package.dsv'
[1.835s] INFO:colcon.colcon_core.shell:Creating package script '/home/ttpidelta/RushBoTT-ros2_ws/install/ros_gz_example_description/share/ros_gz_example_description/package.sh'
[1.836s] INFO:colcon.colcon_core.shell:Creating package script '/home/ttpidelta/RushBoTT-ros2_ws/install/ros_gz_example_description/share/ros_gz_example_description/package.bash'
[1.836s] INFO:colcon.colcon_core.shell:Creating package script '/home/ttpidelta/RushBoTT-ros2_ws/install/ros_gz_example_description/share/ros_gz_example_description/package.zsh'
[1.837s] Level 1:colcon.colcon_core.environment:create_file_with_runtime_dependencies(/home/ttpidelta/RushBoTT-ros2_ws/install/ros_gz_example_description/share/colcon-core/packages/ros_gz_example_description)
[1.837s] INFO:colcon.colcon_ros.task.ament_cmake.build:Building ROS package in '/home/ttpidelta/RushBoTT-ros2_ws/src/rushbott_gz/rushbott_gz_gazebo' with build type 'ament_cmake'
[1.837s] INFO:colcon.colcon_cmake.task.cmake.build:Building CMake package in '/home/ttpidelta/RushBoTT-ros2_ws/src/rushbott_gz/rushbott_gz_gazebo'
[1.838s] INFO:colcon.colcon_core.shell:Skip shell extension 'powershell' for command environment: Not usable outside of PowerShell
[1.838s] DEBUG:colcon.colcon_core.shell:Skip shell extension 'dsv' for command environment
[1.850s] DEBUG:colcon.colcon_core.event_handler.log_command:Invoking command in '/home/ttpidelta/RushBoTT-ros2_ws/build/ros_gz_example_gazebo': CMAKE_PREFIX_PATH=/home/ttpidelta/RushBoTT-ros2_ws/install/ros_gz_example_description:/home/ttpidelta/RushBoTT-ros2_ws/install/ros_gz_example_bringup:/home/ttpidelta/RushBoTT-ros2_ws/install/ros_gz_example_gazebo:/home/ttpidelta/RushBoTT-ros2_ws/install/ros_gz_example_application:/opt/ros/jazzy/opt/gz_sim_vendor:/opt/ros/jazzy/opt/gz_sensors_vendor:/opt/ros/jazzy/opt/gz_physics_vendor:/opt/ros/jazzy/opt/sdformat_vendor:/opt/ros/jazzy/opt/gz_gui_vendor:/opt/ros/jazzy/opt/gz_transport_vendor:/opt/ros/jazzy/opt/gz_rendering_vendor:/opt/ros/jazzy/opt/gz_plugin_vendor:/opt/ros/jazzy/opt/gz_fuel_tools_vendor:/opt/ros/jazzy/opt/gz_msgs_vendor:/opt/ros/jazzy/opt/gz_common_vendor:/opt/ros/jazzy/opt/gz_math_vendor:/opt/ros/jazzy/opt/gz_utils_vendor:/opt/ros/jazzy/opt/gz_tools_vendor:/opt/ros/jazzy/opt/gz_ogre_next_vendor:/opt/ros/jazzy/opt/gz_dartsim_vendor:/opt/ros/jazzy/opt/gz_cmake_vendor:/home/ttpidelta/RushBoTT-ros2_ws/install/rushbott_description:/opt/ros/jazzy GZ_SIM_RESOURCE_PATH=/home/ttpidelta/RushBoTT-ros2_ws/install/ros_gz_example_description/share/ros_gz_example_description/models:${GZ_SIM_RESOURCE_PATH} /usr/bin/cmake /home/ttpidelta/RushBoTT-ros2_ws/src/rushbott_gz/rushbott_gz_gazebo -DCMAKE_INSTALL_PREFIX=/home/ttpidelta/RushBoTT-ros2_ws/install/ros_gz_example_gazebo
[1.953s] DEBUG:colcon.colcon_core.event_handler.log_command:Invoked command in '/home/ttpidelta/RushBoTT-ros2_ws/build/rushbott_description' returned '0': CMAKE_PREFIX_PATH=${CMAKE_PREFIX_PATH}:/home/ttpidelta/RushBoTT-ros2_ws/install/rushbott_description:/opt/ros/jazzy /usr/bin/cmake /home/ttpidelta/RushBoTT-ros2_ws/src/rushbott/rushbott_description -DCMAKE_INSTALL_PREFIX=/home/ttpidelta/RushBoTT-ros2_ws/install/rushbott_description
[1.955s] DEBUG:colcon.colcon_core.event_handler.log_command:Invoking command in '/home/ttpidelta/RushBoTT-ros2_ws/build/rushbott_description': CMAKE_PREFIX_PATH=${CMAKE_PREFIX_PATH}:/home/ttpidelta/RushBoTT-ros2_ws/install/rushbott_description:/opt/ros/jazzy /usr/bin/cmake --build /home/ttpidelta/RushBoTT-ros2_ws/build/rushbott_description -- -j12 -l12
[2.005s] DEBUG:colcon.colcon_core.event_handler.log_command:Invoked command in '/home/ttpidelta/RushBoTT-ros2_ws/build/rushbott_description' returned '0': CMAKE_PREFIX_PATH=${CMAKE_PREFIX_PATH}:/home/ttpidelta/RushBoTT-ros2_ws/install/rushbott_description:/opt/ros/jazzy /usr/bin/cmake --build /home/ttpidelta/RushBoTT-ros2_ws/build/rushbott_description -- -j12 -l12
[2.033s] DEBUG:colcon.colcon_core.event_handler.log_command:Invoking command in '/home/ttpidelta/RushBoTT-ros2_ws/build/rushbott_description': CMAKE_PREFIX_PATH=${CMAKE_PREFIX_PATH}:/home/ttpidelta/RushBoTT-ros2_ws/install/rushbott_description:/opt/ros/jazzy /usr/bin/cmake --install /home/ttpidelta/RushBoTT-ros2_ws/build/rushbott_description
[2.051s] Level 1:colcon.colcon_core.environment:create_environment_scripts_only(rushbott_description)
[2.052s] Level 1:colcon.colcon_core.environment:checking '/home/ttpidelta/RushBoTT-ros2_ws/install/rushbott_description' for CMake module files
[2.052s] DEBUG:colcon.colcon_core.event_handler.log_command:Invoked command in '/home/ttpidelta/RushBoTT-ros2_ws/build/rushbott_description' returned '0': CMAKE_PREFIX_PATH=${CMAKE_PREFIX_PATH}:/home/ttpidelta/RushBoTT-ros2_ws/install/rushbott_description:/opt/ros/jazzy /usr/bin/cmake --install /home/ttpidelta/RushBoTT-ros2_ws/build/rushbott_description
[2.053s] Level 1:colcon.colcon_core.environment:checking '/home/ttpidelta/RushBoTT-ros2_ws/install/rushbott_description' for CMake config files
[2.053s] Level 1:colcon.colcon_core.shell:create_environment_hook('rushbott_description', 'cmake_prefix_path')
[2.054s] INFO:colcon.colcon_core.shell:Creating environment hook '/home/ttpidelta/RushBoTT-ros2_ws/install/rushbott_description/share/rushbott_description/hook/cmake_prefix_path.ps1'
[2.055s] INFO:colcon.colcon_core.shell:Creating environment descriptor '/home/ttpidelta/RushBoTT-ros2_ws/install/rushbott_description/share/rushbott_description/hook/cmake_prefix_path.dsv'
[2.055s] INFO:colcon.colcon_core.shell:Creating environment hook '/home/ttpidelta/RushBoTT-ros2_ws/install/rushbott_description/share/rushbott_description/hook/cmake_prefix_path.sh'
[2.055s] Level 1:colcon.colcon_core.environment:checking '/home/ttpidelta/RushBoTT-ros2_ws/install/rushbott_description/bin'
[2.055s] Level 1:colcon.colcon_core.environment:checking '/home/ttpidelta/RushBoTT-ros2_ws/install/rushbott_description/lib/pkgconfig/rushbott_description.pc'
[2.056s] Level 1:colcon.colcon_core.environment:checking '/home/ttpidelta/RushBoTT-ros2_ws/install/rushbott_description/lib/python3.12/site-packages'
[2.056s] Level 1:colcon.colcon_core.environment:checking '/home/ttpidelta/RushBoTT-ros2_ws/install/rushbott_description/bin'
[2.056s] INFO:colcon.colcon_core.shell:Creating package script '/home/ttpidelta/RushBoTT-ros2_ws/install/rushbott_description/share/rushbott_description/package.ps1'
[2.056s] INFO:colcon.colcon_core.shell:Creating package descriptor '/home/ttpidelta/RushBoTT-ros2_ws/install/rushbott_description/share/rushbott_description/package.dsv'
[2.057s] INFO:colcon.colcon_core.shell:Creating package script '/home/ttpidelta/RushBoTT-ros2_ws/install/rushbott_description/share/rushbott_description/package.sh'
[2.057s] INFO:colcon.colcon_core.shell:Creating package script '/home/ttpidelta/RushBoTT-ros2_ws/install/rushbott_description/share/rushbott_description/package.bash'
[2.058s] INFO:colcon.colcon_core.shell:Creating package script '/home/ttpidelta/RushBoTT-ros2_ws/install/rushbott_description/share/rushbott_description/package.zsh'
[2.058s] Level 1:colcon.colcon_core.environment:create_file_with_runtime_dependencies(/home/ttpidelta/RushBoTT-ros2_ws/install/rushbott_description/share/colcon-core/packages/rushbott_description)
[2.085s] Level 1:colcon.colcon_core.environment:create_environment_scripts_only(rushbott_description)
[2.086s] Level 1:colcon.colcon_core.environment:checking '/home/ttpidelta/RushBoTT-ros2_ws/install/rushbott_description' for CMake module files
[2.086s] Level 1:colcon.colcon_core.environment:checking '/home/ttpidelta/RushBoTT-ros2_ws/install/rushbott_description' for CMake config files
[2.086s] Level 1:colcon.colcon_core.shell:create_environment_hook('rushbott_description', 'cmake_prefix_path')
[2.087s] INFO:colcon.colcon_core.shell:Creating environment hook '/home/ttpidelta/RushBoTT-ros2_ws/install/rushbott_description/share/rushbott_description/hook/cmake_prefix_path.ps1'
[2.087s] INFO:colcon.colcon_core.shell:Creating environment descriptor '/home/ttpidelta/RushBoTT-ros2_ws/install/rushbott_description/share/rushbott_description/hook/cmake_prefix_path.dsv'
[2.087s] INFO:colcon.colcon_core.shell:Creating environment hook '/home/ttpidelta/RushBoTT-ros2_ws/install/rushbott_description/share/rushbott_description/hook/cmake_prefix_path.sh'
[2.088s] Level 1:colcon.colcon_core.environment:checking '/home/ttpidelta/RushBoTT-ros2_ws/install/rushbott_description/bin'
[2.088s] Level 1:colcon.colcon_core.environment:checking '/home/ttpidelta/RushBoTT-ros2_ws/install/rushbott_description/lib/pkgconfig/rushbott_description.pc'
[2.088s] Level 1:colcon.colcon_core.environment:checking '/home/ttpidelta/RushBoTT-ros2_ws/install/rushbott_description/lib/python3.12/site-packages'
[2.088s] Level 1:colcon.colcon_core.environment:checking '/home/ttpidelta/RushBoTT-ros2_ws/install/rushbott_description/bin'
[2.089s] INFO:colcon.colcon_core.shell:Creating package script '/home/ttpidelta/RushBoTT-ros2_ws/install/rushbott_description/share/rushbott_description/package.ps1'
[2.089s] INFO:colcon.colcon_core.shell:Creating package descriptor '/home/ttpidelta/RushBoTT-ros2_ws/install/rushbott_description/share/rushbott_description/package.dsv'
[2.090s] INFO:colcon.colcon_core.shell:Creating package script '/home/ttpidelta/RushBoTT-ros2_ws/install/rushbott_description/share/rushbott_description/package.sh'
[2.090s] INFO:colcon.colcon_core.shell:Creating package script '/home/ttpidelta/RushBoTT-ros2_ws/install/rushbott_description/share/rushbott_description/package.bash'
[2.090s] INFO:colcon.colcon_core.shell:Creating package script '/home/ttpidelta/RushBoTT-ros2_ws/install/rushbott_description/share/rushbott_description/package.zsh'
[2.091s] Level 1:colcon.colcon_core.environment:create_file_with_runtime_dependencies(/home/ttpidelta/RushBoTT-ros2_ws/install/rushbott_description/share/colcon-core/packages/rushbott_description)
[4.693s] DEBUG:colcon.colcon_core.event_handler.log_command:Invoked command in '/home/ttpidelta/RushBoTT-ros2_ws/build/ros_gz_example_gazebo' returned '0': CMAKE_PREFIX_PATH=/home/ttpidelta/RushBoTT-ros2_ws/install/ros_gz_example_description:/home/ttpidelta/RushBoTT-ros2_ws/install/ros_gz_example_bringup:/home/ttpidelta/RushBoTT-ros2_ws/install/ros_gz_example_gazebo:/home/ttpidelta/RushBoTT-ros2_ws/install/ros_gz_example_application:/opt/ros/jazzy/opt/gz_sim_vendor:/opt/ros/jazzy/opt/gz_sensors_vendor:/opt/ros/jazzy/opt/gz_physics_vendor:/opt/ros/jazzy/opt/sdformat_vendor:/opt/ros/jazzy/opt/gz_gui_vendor:/opt/ros/jazzy/opt/gz_transport_vendor:/opt/ros/jazzy/opt/gz_rendering_vendor:/opt/ros/jazzy/opt/gz_plugin_vendor:/opt/ros/jazzy/opt/gz_fuel_tools_vendor:/opt/ros/jazzy/opt/gz_msgs_vendor:/opt/ros/jazzy/opt/gz_common_vendor:/opt/ros/jazzy/opt/gz_math_vendor:/opt/ros/jazzy/opt/gz_utils_vendor:/opt/ros/jazzy/opt/gz_tools_vendor:/opt/ros/jazzy/opt/gz_ogre_next_vendor:/opt/ros/jazzy/opt/gz_dartsim_vendor:/opt/ros/jazzy/opt/gz_cmake_vendor:/home/ttpidelta/RushBoTT-ros2_ws/install/rushbott_description:/opt/ros/jazzy GZ_SIM_RESOURCE_PATH=/home/ttpidelta/RushBoTT-ros2_ws/install/ros_gz_example_description/share/ros_gz_example_description/models:${GZ_SIM_RESOURCE_PATH} /usr/bin/cmake /home/ttpidelta/RushBoTT-ros2_ws/src/rushbott_gz/rushbott_gz_gazebo -DCMAKE_INSTALL_PREFIX=/home/ttpidelta/RushBoTT-ros2_ws/install/ros_gz_example_gazebo
[4.694s] DEBUG:colcon.colcon_core.event_handler.log_command:Invoking command in '/home/ttpidelta/RushBoTT-ros2_ws/build/ros_gz_example_gazebo': CMAKE_PREFIX_PATH=/home/ttpidelta/RushBoTT-ros2_ws/install/ros_gz_example_description:/home/ttpidelta/RushBoTT-ros2_ws/install/ros_gz_example_bringup:/home/ttpidelta/RushBoTT-ros2_ws/install/ros_gz_example_gazebo:/home/ttpidelta/RushBoTT-ros2_ws/install/ros_gz_example_application:/opt/ros/jazzy/opt/gz_sim_vendor:/opt/ros/jazzy/opt/gz_sensors_vendor:/opt/ros/jazzy/opt/gz_physics_vendor:/opt/ros/jazzy/opt/sdformat_vendor:/opt/ros/jazzy/opt/gz_gui_vendor:/opt/ros/jazzy/opt/gz_transport_vendor:/opt/ros/jazzy/opt/gz_rendering_vendor:/opt/ros/jazzy/opt/gz_plugin_vendor:/opt/ros/jazzy/opt/gz_fuel_tools_vendor:/opt/ros/jazzy/opt/gz_msgs_vendor:/opt/ros/jazzy/opt/gz_common_vendor:/opt/ros/jazzy/opt/gz_math_vendor:/opt/ros/jazzy/opt/gz_utils_vendor:/opt/ros/jazzy/opt/gz_tools_vendor:/opt/ros/jazzy/opt/gz_ogre_next_vendor:/opt/ros/jazzy/opt/gz_dartsim_vendor:/opt/ros/jazzy/opt/gz_cmake_vendor:/home/ttpidelta/RushBoTT-ros2_ws/install/rushbott_description:/opt/ros/jazzy GZ_SIM_RESOURCE_PATH=/home/ttpidelta/RushBoTT-ros2_ws/install/ros_gz_example_description/share/ros_gz_example_description/models:${GZ_SIM_RESOURCE_PATH} /usr/bin/cmake --build /home/ttpidelta/RushBoTT-ros2_ws/build/ros_gz_example_gazebo -- -j12 -l12
[7.542s] DEBUG:colcon.colcon_core.event_handler.log_command:Invoked command in '/home/ttpidelta/RushBoTT-ros2_ws/build/ros_gz_example_gazebo' returned '0': CMAKE_PREFIX_PATH=/home/ttpidelta/RushBoTT-ros2_ws/install/ros_gz_example_description:/home/ttpidelta/RushBoTT-ros2_ws/install/ros_gz_example_bringup:/home/ttpidelta/RushBoTT-ros2_ws/install/ros_gz_example_gazebo:/home/ttpidelta/RushBoTT-ros2_ws/install/ros_gz_example_application:/opt/ros/jazzy/opt/gz_sim_vendor:/opt/ros/jazzy/opt/gz_sensors_vendor:/opt/ros/jazzy/opt/gz_physics_vendor:/opt/ros/jazzy/opt/sdformat_vendor:/opt/ros/jazzy/opt/gz_gui_vendor:/opt/ros/jazzy/opt/gz_transport_vendor:/opt/ros/jazzy/opt/gz_rendering_vendor:/opt/ros/jazzy/opt/gz_plugin_vendor:/opt/ros/jazzy/opt/gz_fuel_tools_vendor:/opt/ros/jazzy/opt/gz_msgs_vendor:/opt/ros/jazzy/opt/gz_common_vendor:/opt/ros/jazzy/opt/gz_math_vendor:/opt/ros/jazzy/opt/gz_utils_vendor:/opt/ros/jazzy/opt/gz_tools_vendor:/opt/ros/jazzy/opt/gz_ogre_next_vendor:/opt/ros/jazzy/opt/gz_dartsim_vendor:/opt/ros/jazzy/opt/gz_cmake_vendor:/home/ttpidelta/RushBoTT-ros2_ws/install/rushbott_description:/opt/ros/jazzy GZ_SIM_RESOURCE_PATH=/home/ttpidelta/RushBoTT-ros2_ws/install/ros_gz_example_description/share/ros_gz_example_description/models:${GZ_SIM_RESOURCE_PATH} /usr/bin/cmake --build /home/ttpidelta/RushBoTT-ros2_ws/build/ros_gz_example_gazebo -- -j12 -l12
[7.578s] DEBUG:colcon.colcon_core.event_handler.log_command:Invoking command in '/home/ttpidelta/RushBoTT-ros2_ws/build/ros_gz_example_gazebo': CMAKE_PREFIX_PATH=/home/ttpidelta/RushBoTT-ros2_ws/install/ros_gz_example_description:/home/ttpidelta/RushBoTT-ros2_ws/install/ros_gz_example_bringup:/home/ttpidelta/RushBoTT-ros2_ws/install/ros_gz_example_gazebo:/home/ttpidelta/RushBoTT-ros2_ws/install/ros_gz_example_application:/opt/ros/jazzy/opt/gz_sim_vendor:/opt/ros/jazzy/opt/gz_sensors_vendor:/opt/ros/jazzy/opt/gz_physics_vendor:/opt/ros/jazzy/opt/sdformat_vendor:/opt/ros/jazzy/opt/gz_gui_vendor:/opt/ros/jazzy/opt/gz_transport_vendor:/opt/ros/jazzy/opt/gz_rendering_vendor:/opt/ros/jazzy/opt/gz_plugin_vendor:/opt/ros/jazzy/opt/gz_fuel_tools_vendor:/opt/ros/jazzy/opt/gz_msgs_vendor:/opt/ros/jazzy/opt/gz_common_vendor:/opt/ros/jazzy/opt/gz_math_vendor:/opt/ros/jazzy/opt/gz_utils_vendor:/opt/ros/jazzy/opt/gz_tools_vendor:/opt/ros/jazzy/opt/gz_ogre_next_vendor:/opt/ros/jazzy/opt/gz_dartsim_vendor:/opt/ros/jazzy/opt/gz_cmake_vendor:/home/ttpidelta/RushBoTT-ros2_ws/install/rushbott_description:/opt/ros/jazzy GZ_SIM_RESOURCE_PATH=/home/ttpidelta/RushBoTT-ros2_ws/install/ros_gz_example_description/share/ros_gz_example_description/models:${GZ_SIM_RESOURCE_PATH} /usr/bin/cmake --install /home/ttpidelta/RushBoTT-ros2_ws/build/ros_gz_example_gazebo
[7.600s] Level 1:colcon.colcon_core.environment:create_environment_scripts_only(ros_gz_example_gazebo)
[7.600s] Level 1:colcon.colcon_core.environment:checking '/home/ttpidelta/RushBoTT-ros2_ws/install/ros_gz_example_gazebo' for CMake module files
[7.600s] DEBUG:colcon.colcon_core.event_handler.log_command:Invoked command in '/home/ttpidelta/RushBoTT-ros2_ws/build/ros_gz_example_gazebo' returned '0': CMAKE_PREFIX_PATH=/home/ttpidelta/RushBoTT-ros2_ws/install/ros_gz_example_description:/home/ttpidelta/RushBoTT-ros2_ws/install/ros_gz_example_bringup:/home/ttpidelta/RushBoTT-ros2_ws/install/ros_gz_example_gazebo:/home/ttpidelta/RushBoTT-ros2_ws/install/ros_gz_example_application:/opt/ros/jazzy/opt/gz_sim_vendor:/opt/ros/jazzy/opt/gz_sensors_vendor:/opt/ros/jazzy/opt/gz_physics_vendor:/opt/ros/jazzy/opt/sdformat_vendor:/opt/ros/jazzy/opt/gz_gui_vendor:/opt/ros/jazzy/opt/gz_transport_vendor:/opt/ros/jazzy/opt/gz_rendering_vendor:/opt/ros/jazzy/opt/gz_plugin_vendor:/opt/ros/jazzy/opt/gz_fuel_tools_vendor:/opt/ros/jazzy/opt/gz_msgs_vendor:/opt/ros/jazzy/opt/gz_common_vendor:/opt/ros/jazzy/opt/gz_math_vendor:/opt/ros/jazzy/opt/gz_utils_vendor:/opt/ros/jazzy/opt/gz_tools_vendor:/opt/ros/jazzy/opt/gz_ogre_next_vendor:/opt/ros/jazzy/opt/gz_dartsim_vendor:/opt/ros/jazzy/opt/gz_cmake_vendor:/home/ttpidelta/RushBoTT-ros2_ws/install/rushbott_description:/opt/ros/jazzy GZ_SIM_RESOURCE_PATH=/home/ttpidelta/RushBoTT-ros2_ws/install/ros_gz_example_description/share/ros_gz_example_description/models:${GZ_SIM_RESOURCE_PATH} /usr/bin/cmake --install /home/ttpidelta/RushBoTT-ros2_ws/build/ros_gz_example_gazebo
[7.601s] Level 1:colcon.colcon_core.environment:checking '/home/ttpidelta/RushBoTT-ros2_ws/install/ros_gz_example_gazebo' for CMake config files
[7.601s] Level 1:colcon.colcon_core.shell:create_environment_hook('ros_gz_example_gazebo', 'cmake_prefix_path')
[7.601s] INFO:colcon.colcon_core.shell:Creating environment hook '/home/ttpidelta/RushBoTT-ros2_ws/install/ros_gz_example_gazebo/share/ros_gz_example_gazebo/hook/cmake_prefix_path.ps1'
[7.602s] INFO:colcon.colcon_core.shell:Creating environment descriptor '/home/ttpidelta/RushBoTT-ros2_ws/install/ros_gz_example_gazebo/share/ros_gz_example_gazebo/hook/cmake_prefix_path.dsv'
[7.603s] INFO:colcon.colcon_core.shell:Creating environment hook '/home/ttpidelta/RushBoTT-ros2_ws/install/ros_gz_example_gazebo/share/ros_gz_example_gazebo/hook/cmake_prefix_path.sh'
[7.603s] Level 1:colcon.colcon_core.environment:checking '/home/ttpidelta/RushBoTT-ros2_ws/install/ros_gz_example_gazebo/lib'
[7.603s] Level 1:colcon.colcon_core.environment:checking '/home/ttpidelta/RushBoTT-ros2_ws/install/ros_gz_example_gazebo/bin'
[7.603s] Level 1:colcon.colcon_core.environment:checking '/home/ttpidelta/RushBoTT-ros2_ws/install/ros_gz_example_gazebo/lib/pkgconfig/ros_gz_example_gazebo.pc'
[7.604s] Level 1:colcon.colcon_core.environment:checking '/home/ttpidelta/RushBoTT-ros2_ws/install/ros_gz_example_gazebo/lib/python3.12/site-packages'
[7.604s] Level 1:colcon.colcon_core.environment:checking '/home/ttpidelta/RushBoTT-ros2_ws/install/ros_gz_example_gazebo/bin'
[7.604s] INFO:colcon.colcon_core.shell:Creating package script '/home/ttpidelta/RushBoTT-ros2_ws/install/ros_gz_example_gazebo/share/ros_gz_example_gazebo/package.ps1'
[7.604s] INFO:colcon.colcon_core.shell:Creating package descriptor '/home/ttpidelta/RushBoTT-ros2_ws/install/ros_gz_example_gazebo/share/ros_gz_example_gazebo/package.dsv'
[7.605s] INFO:colcon.colcon_core.shell:Creating package script '/home/ttpidelta/RushBoTT-ros2_ws/install/ros_gz_example_gazebo/share/ros_gz_example_gazebo/package.sh'
[7.605s] INFO:colcon.colcon_core.shell:Creating package script '/home/ttpidelta/RushBoTT-ros2_ws/install/ros_gz_example_gazebo/share/ros_gz_example_gazebo/package.bash'
[7.606s] INFO:colcon.colcon_core.shell:Creating package script '/home/ttpidelta/RushBoTT-ros2_ws/install/ros_gz_example_gazebo/share/ros_gz_example_gazebo/package.zsh'
[7.606s] Level 1:colcon.colcon_core.environment:create_file_with_runtime_dependencies(/home/ttpidelta/RushBoTT-ros2_ws/install/ros_gz_example_gazebo/share/colcon-core/packages/ros_gz_example_gazebo)
[7.642s] Level 1:colcon.colcon_core.environment:create_environment_scripts_only(ros_gz_example_gazebo)
[7.642s] Level 1:colcon.colcon_core.environment:checking '/home/ttpidelta/RushBoTT-ros2_ws/install/ros_gz_example_gazebo' for CMake module files
[7.643s] Level 1:colcon.colcon_core.environment:checking '/home/ttpidelta/RushBoTT-ros2_ws/install/ros_gz_example_gazebo' for CMake config files
[7.643s] Level 1:colcon.colcon_core.shell:create_environment_hook('ros_gz_example_gazebo', 'cmake_prefix_path')
[7.643s] INFO:colcon.colcon_core.shell:Creating environment hook '/home/ttpidelta/RushBoTT-ros2_ws/install/ros_gz_example_gazebo/share/ros_gz_example_gazebo/hook/cmake_prefix_path.ps1'
[7.644s] INFO:colcon.colcon_core.shell:Creating environment descriptor '/home/ttpidelta/RushBoTT-ros2_ws/install/ros_gz_example_gazebo/share/ros_gz_example_gazebo/hook/cmake_prefix_path.dsv'
[7.644s] INFO:colcon.colcon_core.shell:Creating environment hook '/home/ttpidelta/RushBoTT-ros2_ws/install/ros_gz_example_gazebo/share/ros_gz_example_gazebo/hook/cmake_prefix_path.sh'
[7.645s] Level 1:colcon.colcon_core.environment:checking '/home/ttpidelta/RushBoTT-ros2_ws/install/ros_gz_example_gazebo/lib'
[7.645s] Level 1:colcon.colcon_core.environment:checking '/home/ttpidelta/RushBoTT-ros2_ws/install/ros_gz_example_gazebo/bin'
[7.645s] Level 1:colcon.colcon_core.environment:checking '/home/ttpidelta/RushBoTT-ros2_ws/install/ros_gz_example_gazebo/lib/pkgconfig/ros_gz_example_gazebo.pc'
[7.645s] Level 1:colcon.colcon_core.environment:checking '/home/ttpidelta/RushBoTT-ros2_ws/install/ros_gz_example_gazebo/lib/python3.12/site-packages'
[7.645s] Level 1:colcon.colcon_core.environment:checking '/home/ttpidelta/RushBoTT-ros2_ws/install/ros_gz_example_gazebo/bin'
[7.645s] INFO:colcon.colcon_core.shell:Creating package script '/home/ttpidelta/RushBoTT-ros2_ws/install/ros_gz_example_gazebo/share/ros_gz_example_gazebo/package.ps1'
[7.646s] INFO:colcon.colcon_core.shell:Creating package descriptor '/home/ttpidelta/RushBoTT-ros2_ws/install/ros_gz_example_gazebo/share/ros_gz_example_gazebo/package.dsv'
[7.646s] INFO:colcon.colcon_core.shell:Creating package script '/home/ttpidelta/RushBoTT-ros2_ws/install/ros_gz_example_gazebo/share/ros_gz_example_gazebo/package.sh'
[7.647s] INFO:colcon.colcon_core.shell:Creating package script '/home/ttpidelta/RushBoTT-ros2_ws/install/ros_gz_example_gazebo/share/ros_gz_example_gazebo/package.bash'
[7.647s] INFO:colcon.colcon_core.shell:Creating package script '/home/ttpidelta/RushBoTT-ros2_ws/install/ros_gz_example_gazebo/share/ros_gz_example_gazebo/package.zsh'
[7.647s] Level 1:colcon.colcon_core.environment:create_file_with_runtime_dependencies(/home/ttpidelta/RushBoTT-ros2_ws/install/ros_gz_example_gazebo/share/colcon-core/packages/ros_gz_example_gazebo)
[7.648s] INFO:colcon.colcon_ros.task.ament_cmake.build:Building ROS package in '/home/ttpidelta/RushBoTT-ros2_ws/src/rushbott_gz/rushbott_gz_bringup' with build type 'ament_cmake'
[7.648s] INFO:colcon.colcon_cmake.task.cmake.build:Building CMake package in '/home/ttpidelta/RushBoTT-ros2_ws/src/rushbott_gz/rushbott_gz_bringup'
[7.649s] INFO:colcon.colcon_core.shell:Skip shell extension 'powershell' for command environment: Not usable outside of PowerShell
[7.649s] DEBUG:colcon.colcon_core.shell:Skip shell extension 'dsv' for command environment
[7.660s] DEBUG:colcon.colcon_core.event_handler.log_command:Invoking command in '/home/ttpidelta/RushBoTT-ros2_ws/build/ros_gz_example_bringup': CMAKE_PREFIX_PATH=/home/ttpidelta/RushBoTT-ros2_ws/install/ros_gz_example_gazebo:/home/ttpidelta/RushBoTT-ros2_ws/install/ros_gz_example_description:/home/ttpidelta/RushBoTT-ros2_ws/install/ros_gz_example_bringup:/home/ttpidelta/RushBoTT-ros2_ws/install/ros_gz_example_application:/opt/ros/jazzy/opt/gz_sim_vendor:/opt/ros/jazzy/opt/gz_sensors_vendor:/opt/ros/jazzy/opt/gz_physics_vendor:/opt/ros/jazzy/opt/sdformat_vendor:/opt/ros/jazzy/opt/gz_gui_vendor:/opt/ros/jazzy/opt/gz_transport_vendor:/opt/ros/jazzy/opt/gz_rendering_vendor:/opt/ros/jazzy/opt/gz_plugin_vendor:/opt/ros/jazzy/opt/gz_fuel_tools_vendor:/opt/ros/jazzy/opt/gz_msgs_vendor:/opt/ros/jazzy/opt/gz_common_vendor:/opt/ros/jazzy/opt/gz_math_vendor:/opt/ros/jazzy/opt/gz_utils_vendor:/opt/ros/jazzy/opt/gz_tools_vendor:/opt/ros/jazzy/opt/gz_ogre_next_vendor:/opt/ros/jazzy/opt/gz_dartsim_vendor:/opt/ros/jazzy/opt/gz_cmake_vendor:/home/ttpidelta/RushBoTT-ros2_ws/install/rushbott_description:/opt/ros/jazzy GZ_SIM_PLUGIN_PATH=/home/ttpidelta/RushBoTT-ros2_ws/install/ros_gz_example_gazebo/lib/ros_gz_example_gazebo GZ_SIM_RESOURCE_PATH=/home/ttpidelta/RushBoTT-ros2_ws/install/ros_gz_example_description/share/ros_gz_example_description/models:${GZ_SIM_RESOURCE_PATH} /usr/bin/cmake /home/ttpidelta/RushBoTT-ros2_ws/src/rushbott_gz/rushbott_gz_bringup -DCMAKE_INSTALL_PREFIX=/home/ttpidelta/RushBoTT-ros2_ws/install/ros_gz_example_bringup
[8.568s] DEBUG:colcon.colcon_core.event_handler.log_command:Invoked command in '/home/ttpidelta/RushBoTT-ros2_ws/build/ros_gz_example_bringup' returned '0': CMAKE_PREFIX_PATH=/home/ttpidelta/RushBoTT-ros2_ws/install/ros_gz_example_gazebo:/home/ttpidelta/RushBoTT-ros2_ws/install/ros_gz_example_description:/home/ttpidelta/RushBoTT-ros2_ws/install/ros_gz_example_bringup:/home/ttpidelta/RushBoTT-ros2_ws/install/ros_gz_example_application:/opt/ros/jazzy/opt/gz_sim_vendor:/opt/ros/jazzy/opt/gz_sensors_vendor:/opt/ros/jazzy/opt/gz_physics_vendor:/opt/ros/jazzy/opt/sdformat_vendor:/opt/ros/jazzy/opt/gz_gui_vendor:/opt/ros/jazzy/opt/gz_transport_vendor:/opt/ros/jazzy/opt/gz_rendering_vendor:/opt/ros/jazzy/opt/gz_plugin_vendor:/opt/ros/jazzy/opt/gz_fuel_tools_vendor:/opt/ros/jazzy/opt/gz_msgs_vendor:/opt/ros/jazzy/opt/gz_common_vendor:/opt/ros/jazzy/opt/gz_math_vendor:/opt/ros/jazzy/opt/gz_utils_vendor:/opt/ros/jazzy/opt/gz_tools_vendor:/opt/ros/jazzy/opt/gz_ogre_next_vendor:/opt/ros/jazzy/opt/gz_dartsim_vendor:/opt/ros/jazzy/opt/gz_cmake_vendor:/home/ttpidelta/RushBoTT-ros2_ws/install/rushbott_description:/opt/ros/jazzy GZ_SIM_PLUGIN_PATH=/home/ttpidelta/RushBoTT-ros2_ws/install/ros_gz_example_gazebo/lib/ros_gz_example_gazebo GZ_SIM_RESOURCE_PATH=/home/ttpidelta/RushBoTT-ros2_ws/install/ros_gz_example_description/share/ros_gz_example_description/models:${GZ_SIM_RESOURCE_PATH} /usr/bin/cmake /home/ttpidelta/RushBoTT-ros2_ws/src/rushbott_gz/rushbott_gz_bringup -DCMAKE_INSTALL_PREFIX=/home/ttpidelta/RushBoTT-ros2_ws/install/ros_gz_example_bringup
[8.569s] DEBUG:colcon.colcon_core.event_handler.log_command:Invoking command in '/home/ttpidelta/RushBoTT-ros2_ws/build/ros_gz_example_bringup': CMAKE_PREFIX_PATH=/home/ttpidelta/RushBoTT-ros2_ws/install/ros_gz_example_gazebo:/home/ttpidelta/RushBoTT-ros2_ws/install/ros_gz_example_description:/home/ttpidelta/RushBoTT-ros2_ws/install/ros_gz_example_bringup:/home/ttpidelta/RushBoTT-ros2_ws/install/ros_gz_example_application:/opt/ros/jazzy/opt/gz_sim_vendor:/opt/ros/jazzy/opt/gz_sensors_vendor:/opt/ros/jazzy/opt/gz_physics_vendor:/opt/ros/jazzy/opt/sdformat_vendor:/opt/ros/jazzy/opt/gz_gui_vendor:/opt/ros/jazzy/opt/gz_transport_vendor:/opt/ros/jazzy/opt/gz_rendering_vendor:/opt/ros/jazzy/opt/gz_plugin_vendor:/opt/ros/jazzy/opt/gz_fuel_tools_vendor:/opt/ros/jazzy/opt/gz_msgs_vendor:/opt/ros/jazzy/opt/gz_common_vendor:/opt/ros/jazzy/opt/gz_math_vendor:/opt/ros/jazzy/opt/gz_utils_vendor:/opt/ros/jazzy/opt/gz_tools_vendor:/opt/ros/jazzy/opt/gz_ogre_next_vendor:/opt/ros/jazzy/opt/gz_dartsim_vendor:/opt/ros/jazzy/opt/gz_cmake_vendor:/home/ttpidelta/RushBoTT-ros2_ws/install/rushbott_description:/opt/ros/jazzy GZ_SIM_PLUGIN_PATH=/home/ttpidelta/RushBoTT-ros2_ws/install/ros_gz_example_gazebo/lib/ros_gz_example_gazebo GZ_SIM_RESOURCE_PATH=/home/ttpidelta/RushBoTT-ros2_ws/install/ros_gz_example_description/share/ros_gz_example_description/models:${GZ_SIM_RESOURCE_PATH} /usr/bin/cmake --build /home/ttpidelta/RushBoTT-ros2_ws/build/ros_gz_example_bringup -- -j12 -l12
[8.618s] DEBUG:colcon.colcon_core.event_handler.log_command:Invoked command in '/home/ttpidelta/RushBoTT-ros2_ws/build/ros_gz_example_bringup' returned '0': CMAKE_PREFIX_PATH=/home/ttpidelta/RushBoTT-ros2_ws/install/ros_gz_example_gazebo:/home/ttpidelta/RushBoTT-ros2_ws/install/ros_gz_example_description:/home/ttpidelta/RushBoTT-ros2_ws/install/ros_gz_example_bringup:/home/ttpidelta/RushBoTT-ros2_ws/install/ros_gz_example_application:/opt/ros/jazzy/opt/gz_sim_vendor:/opt/ros/jazzy/opt/gz_sensors_vendor:/opt/ros/jazzy/opt/gz_physics_vendor:/opt/ros/jazzy/opt/sdformat_vendor:/opt/ros/jazzy/opt/gz_gui_vendor:/opt/ros/jazzy/opt/gz_transport_vendor:/opt/ros/jazzy/opt/gz_rendering_vendor:/opt/ros/jazzy/opt/gz_plugin_vendor:/opt/ros/jazzy/opt/gz_fuel_tools_vendor:/opt/ros/jazzy/opt/gz_msgs_vendor:/opt/ros/jazzy/opt/gz_common_vendor:/opt/ros/jazzy/opt/gz_math_vendor:/opt/ros/jazzy/opt/gz_utils_vendor:/opt/ros/jazzy/opt/gz_tools_vendor:/opt/ros/jazzy/opt/gz_ogre_next_vendor:/opt/ros/jazzy/opt/gz_dartsim_vendor:/opt/ros/jazzy/opt/gz_cmake_vendor:/home/ttpidelta/RushBoTT-ros2_ws/install/rushbott_description:/opt/ros/jazzy GZ_SIM_PLUGIN_PATH=/home/ttpidelta/RushBoTT-ros2_ws/install/ros_gz_example_gazebo/lib/ros_gz_example_gazebo GZ_SIM_RESOURCE_PATH=/home/ttpidelta/RushBoTT-ros2_ws/install/ros_gz_example_description/share/ros_gz_example_description/models:${GZ_SIM_RESOURCE_PATH} /usr/bin/cmake --build /home/ttpidelta/RushBoTT-ros2_ws/build/ros_gz_example_bringup -- -j12 -l12
[8.648s] DEBUG:colcon.colcon_core.event_handler.log_command:Invoking command in '/home/ttpidelta/RushBoTT-ros2_ws/build/ros_gz_example_bringup': CMAKE_PREFIX_PATH=/home/ttpidelta/RushBoTT-ros2_ws/install/ros_gz_example_gazebo:/home/ttpidelta/RushBoTT-ros2_ws/install/ros_gz_example_description:/home/ttpidelta/RushBoTT-ros2_ws/install/ros_gz_example_bringup:/home/ttpidelta/RushBoTT-ros2_ws/install/ros_gz_example_application:/opt/ros/jazzy/opt/gz_sim_vendor:/opt/ros/jazzy/opt/gz_sensors_vendor:/opt/ros/jazzy/opt/gz_physics_vendor:/opt/ros/jazzy/opt/sdformat_vendor:/opt/ros/jazzy/opt/gz_gui_vendor:/opt/ros/jazzy/opt/gz_transport_vendor:/opt/ros/jazzy/opt/gz_rendering_vendor:/opt/ros/jazzy/opt/gz_plugin_vendor:/opt/ros/jazzy/opt/gz_fuel_tools_vendor:/opt/ros/jazzy/opt/gz_msgs_vendor:/opt/ros/jazzy/opt/gz_common_vendor:/opt/ros/jazzy/opt/gz_math_vendor:/opt/ros/jazzy/opt/gz_utils_vendor:/opt/ros/jazzy/opt/gz_tools_vendor:/opt/ros/jazzy/opt/gz_ogre_next_vendor:/opt/ros/jazzy/opt/gz_dartsim_vendor:/opt/ros/jazzy/opt/gz_cmake_vendor:/home/ttpidelta/RushBoTT-ros2_ws/install/rushbott_description:/opt/ros/jazzy GZ_SIM_PLUGIN_PATH=/home/ttpidelta/RushBoTT-ros2_ws/install/ros_gz_example_gazebo/lib/ros_gz_example_gazebo GZ_SIM_RESOURCE_PATH=/home/ttpidelta/RushBoTT-ros2_ws/install/ros_gz_example_description/share/ros_gz_example_description/models:${GZ_SIM_RESOURCE_PATH} /usr/bin/cmake --install /home/ttpidelta/RushBoTT-ros2_ws/build/ros_gz_example_bringup
[8.669s] Level 1:colcon.colcon_core.environment:create_environment_scripts_only(ros_gz_example_bringup)
[8.669s] Level 1:colcon.colcon_core.environment:checking '/home/ttpidelta/RushBoTT-ros2_ws/install/ros_gz_example_bringup' for CMake module files
[8.670s] DEBUG:colcon.colcon_core.event_handler.log_command:Invoked command in '/home/ttpidelta/RushBoTT-ros2_ws/build/ros_gz_example_bringup' returned '0': CMAKE_PREFIX_PATH=/home/ttpidelta/RushBoTT-ros2_ws/install/ros_gz_example_gazebo:/home/ttpidelta/RushBoTT-ros2_ws/install/ros_gz_example_description:/home/ttpidelta/RushBoTT-ros2_ws/install/ros_gz_example_bringup:/home/ttpidelta/RushBoTT-ros2_ws/install/ros_gz_example_application:/opt/ros/jazzy/opt/gz_sim_vendor:/opt/ros/jazzy/opt/gz_sensors_vendor:/opt/ros/jazzy/opt/gz_physics_vendor:/opt/ros/jazzy/opt/sdformat_vendor:/opt/ros/jazzy/opt/gz_gui_vendor:/opt/ros/jazzy/opt/gz_transport_vendor:/opt/ros/jazzy/opt/gz_rendering_vendor:/opt/ros/jazzy/opt/gz_plugin_vendor:/opt/ros/jazzy/opt/gz_fuel_tools_vendor:/opt/ros/jazzy/opt/gz_msgs_vendor:/opt/ros/jazzy/opt/gz_common_vendor:/opt/ros/jazzy/opt/gz_math_vendor:/opt/ros/jazzy/opt/gz_utils_vendor:/opt/ros/jazzy/opt/gz_tools_vendor:/opt/ros/jazzy/opt/gz_ogre_next_vendor:/opt/ros/jazzy/opt/gz_dartsim_vendor:/opt/ros/jazzy/opt/gz_cmake_vendor:/home/ttpidelta/RushBoTT-ros2_ws/install/rushbott_description:/opt/ros/jazzy GZ_SIM_PLUGIN_PATH=/home/ttpidelta/RushBoTT-ros2_ws/install/ros_gz_example_gazebo/lib/ros_gz_example_gazebo GZ_SIM_RESOURCE_PATH=/home/ttpidelta/RushBoTT-ros2_ws/install/ros_gz_example_description/share/ros_gz_example_description/models:${GZ_SIM_RESOURCE_PATH} /usr/bin/cmake --install /home/ttpidelta/RushBoTT-ros2_ws/build/ros_gz_example_bringup
[8.670s] Level 1:colcon.colcon_core.environment:checking '/home/ttpidelta/RushBoTT-ros2_ws/install/ros_gz_example_bringup' for CMake config files
[8.671s] Level 1:colcon.colcon_core.shell:create_environment_hook('ros_gz_example_bringup', 'cmake_prefix_path')
[8.671s] INFO:colcon.colcon_core.shell:Creating environment hook '/home/ttpidelta/RushBoTT-ros2_ws/install/ros_gz_example_bringup/share/ros_gz_example_bringup/hook/cmake_prefix_path.ps1'
[8.672s] INFO:colcon.colcon_core.shell:Creating environment descriptor '/home/ttpidelta/RushBoTT-ros2_ws/install/ros_gz_example_bringup/share/ros_gz_example_bringup/hook/cmake_prefix_path.dsv'
[8.673s] INFO:colcon.colcon_core.shell:Creating environment hook '/home/ttpidelta/RushBoTT-ros2_ws/install/ros_gz_example_bringup/share/ros_gz_example_bringup/hook/cmake_prefix_path.sh'
[8.674s] Level 1:colcon.colcon_core.environment:checking '/home/ttpidelta/RushBoTT-ros2_ws/install/ros_gz_example_bringup/bin'
[8.674s] Level 1:colcon.colcon_core.environment:checking '/home/ttpidelta/RushBoTT-ros2_ws/install/ros_gz_example_bringup/lib/pkgconfig/ros_gz_example_bringup.pc'
[8.674s] Level 1:colcon.colcon_core.environment:checking '/home/ttpidelta/RushBoTT-ros2_ws/install/ros_gz_example_bringup/lib/python3.12/site-packages'
[8.674s] Level 1:colcon.colcon_core.environment:checking '/home/ttpidelta/RushBoTT-ros2_ws/install/ros_gz_example_bringup/bin'
[8.675s] INFO:colcon.colcon_core.shell:Creating package script '/home/ttpidelta/RushBoTT-ros2_ws/install/ros_gz_example_bringup/share/ros_gz_example_bringup/package.ps1'
[8.675s] INFO:colcon.colcon_core.shell:Creating package descriptor '/home/ttpidelta/RushBoTT-ros2_ws/install/ros_gz_example_bringup/share/ros_gz_example_bringup/package.dsv'
[8.676s] INFO:colcon.colcon_core.shell:Creating package script '/home/ttpidelta/RushBoTT-ros2_ws/install/ros_gz_example_bringup/share/ros_gz_example_bringup/package.sh'
[8.676s] INFO:colcon.colcon_core.shell:Creating package script '/home/ttpidelta/RushBoTT-ros2_ws/install/ros_gz_example_bringup/share/ros_gz_example_bringup/package.bash'
[8.677s] INFO:colcon.colcon_core.shell:Creating package script '/home/ttpidelta/RushBoTT-ros2_ws/install/ros_gz_example_bringup/share/ros_gz_example_bringup/package.zsh'
[8.677s] Level 1:colcon.colcon_core.environment:create_file_with_runtime_dependencies(/home/ttpidelta/RushBoTT-ros2_ws/install/ros_gz_example_bringup/share/colcon-core/packages/ros_gz_example_bringup)
[8.708s] Level 1:colcon.colcon_core.environment:create_environment_scripts_only(ros_gz_example_bringup)
[8.708s] Level 1:colcon.colcon_core.environment:checking '/home/ttpidelta/RushBoTT-ros2_ws/install/ros_gz_example_bringup' for CMake module files
[8.709s] Level 1:colcon.colcon_core.environment:checking '/home/ttpidelta/RushBoTT-ros2_ws/install/ros_gz_example_bringup' for CMake config files
[8.709s] Level 1:colcon.colcon_core.shell:create_environment_hook('ros_gz_example_bringup', 'cmake_prefix_path')
[8.709s] INFO:colcon.colcon_core.shell:Creating environment hook '/home/ttpidelta/RushBoTT-ros2_ws/install/ros_gz_example_bringup/share/ros_gz_example_bringup/hook/cmake_prefix_path.ps1'
[8.710s] INFO:colcon.colcon_core.shell:Creating environment descriptor '/home/ttpidelta/RushBoTT-ros2_ws/install/ros_gz_example_bringup/share/ros_gz_example_bringup/hook/cmake_prefix_path.dsv'
[8.710s] INFO:colcon.colcon_core.shell:Creating environment hook '/home/ttpidelta/RushBoTT-ros2_ws/install/ros_gz_example_bringup/share/ros_gz_example_bringup/hook/cmake_prefix_path.sh'
[8.711s] Level 1:colcon.colcon_core.environment:checking '/home/ttpidelta/RushBoTT-ros2_ws/install/ros_gz_example_bringup/bin'
[8.711s] Level 1:colcon.colcon_core.environment:checking '/home/ttpidelta/RushBoTT-ros2_ws/install/ros_gz_example_bringup/lib/pkgconfig/ros_gz_example_bringup.pc'
[8.711s] Level 1:colcon.colcon_core.environment:checking '/home/ttpidelta/RushBoTT-ros2_ws/install/ros_gz_example_bringup/lib/python3.12/site-packages'
[8.712s] Level 1:colcon.colcon_core.environment:checking '/home/ttpidelta/RushBoTT-ros2_ws/install/ros_gz_example_bringup/bin'
[8.712s] INFO:colcon.colcon_core.shell:Creating package script '/home/ttpidelta/RushBoTT-ros2_ws/install/ros_gz_example_bringup/share/ros_gz_example_bringup/package.ps1'
[8.713s] INFO:colcon.colcon_core.shell:Creating package descriptor '/home/ttpidelta/RushBoTT-ros2_ws/install/ros_gz_example_bringup/share/ros_gz_example_bringup/package.dsv'
[8.713s] INFO:colcon.colcon_core.shell:Creating package script '/home/ttpidelta/RushBoTT-ros2_ws/install/ros_gz_example_bringup/share/ros_gz_example_bringup/package.sh'
[8.714s] INFO:colcon.colcon_core.shell:Creating package script '/home/ttpidelta/RushBoTT-ros2_ws/install/ros_gz_example_bringup/share/ros_gz_example_bringup/package.bash'
[8.714s] INFO:colcon.colcon_core.shell:Creating package script '/home/ttpidelta/RushBoTT-ros2_ws/install/ros_gz_example_bringup/share/ros_gz_example_bringup/package.zsh'
[8.715s] Level 1:colcon.colcon_core.environment:create_file_with_runtime_dependencies(/home/ttpidelta/RushBoTT-ros2_ws/install/ros_gz_example_bringup/share/colcon-core/packages/ros_gz_example_bringup)
[8.715s] DEBUG:colcon.colcon_parallel_executor.executor.parallel:closing loop
[8.716s] DEBUG:colcon.colcon_parallel_executor.executor.parallel:loop closed
[8.716s] DEBUG:colcon.colcon_parallel_executor.executor.parallel:run_until_complete finished with '0'
[8.716s] DEBUG:colcon.colcon_core.event_reactor:joining thread
[8.752s] INFO:colcon.colcon_core.plugin_system:Skipping extension 'colcon_notification.desktop_notification.notify_send': Could not find 'notify-send'
[8.752s] INFO:colcon.colcon_core.plugin_system:Skipping extension 'colcon_notification.desktop_notification.terminal_notifier': Not used on non-Darwin systems
[8.752s] INFO:colcon.colcon_core.plugin_system:Skipping extension 'colcon_notification.desktop_notification.win32': Not used on non-Windows systems
[8.752s] INFO:colcon.colcon_notification.desktop_notification:Sending desktop notification using 'notify2'
[8.755s] DEBUG:colcon.colcon_notification.desktop_notification.notify2:Failed to initialize notify2: org.freedesktop.DBus.Error.Spawn.ExecFailed: /usr/bin/dbus-launch terminated abnormally without any error message
[8.755s] DEBUG:colcon.colcon_core.event_reactor:joined thread
[8.756s] INFO:colcon.colcon_core.shell:Creating prefix script '/home/ttpidelta/RushBoTT-ros2_ws/install/local_setup.ps1'
[8.757s] INFO:colcon.colcon_core.shell:Creating prefix util module '/home/ttpidelta/RushBoTT-ros2_ws/install/_local_setup_util_ps1.py'
[8.758s] INFO:colcon.colcon_core.shell:Creating prefix chain script '/home/ttpidelta/RushBoTT-ros2_ws/install/setup.ps1'
[8.760s] INFO:colcon.colcon_core.shell:Creating prefix script '/home/ttpidelta/RushBoTT-ros2_ws/install/local_setup.sh'
[8.761s] INFO:colcon.colcon_core.shell:Creating prefix util module '/home/ttpidelta/RushBoTT-ros2_ws/install/_local_setup_util_sh.py'
[8.761s] INFO:colcon.colcon_core.shell:Creating prefix chain script '/home/ttpidelta/RushBoTT-ros2_ws/install/setup.sh'
[8.763s] INFO:colcon.colcon_core.shell:Creating prefix script '/home/ttpidelta/RushBoTT-ros2_ws/install/local_setup.bash'
[8.763s] INFO:colcon.colcon_core.shell:Creating prefix chain script '/home/ttpidelta/RushBoTT-ros2_ws/install/setup.bash'
[8.764s] INFO:colcon.colcon_core.shell:Creating prefix script '/home/ttpidelta/RushBoTT-ros2_ws/install/local_setup.zsh'
[8.765s] INFO:colcon.colcon_core.shell:Creating prefix chain script '/home/ttpidelta/RushBoTT-ros2_ws/install/setup.zsh'
