[0.022s] Invoking command in '/home/ttpidelta/RushBoTT-ros2_ws/build/ros_gz_example_application': CMAKE_PREFIX_PATH=${CMAKE_PREFIX_PATH}:/opt/ros/jazzy /usr/bin/cmake --build /home/ttpidelta/RushBoTT-ros2_ws/build/ros_gz_example_application -- -j12 -l12
[0.126s] Invoked command in '/home/ttpidelta/RushBoTT-ros2_ws/build/ros_gz_example_application' returned '0': CMAKE_PREFIX_PATH=${CMAKE_PREFIX_PATH}:/opt/ros/jazzy /usr/bin/cmake --build /home/ttpidelta/RushBoTT-ros2_ws/build/ros_gz_example_application -- -j12 -l12
[0.165s] Invoking command in '/home/ttpidelta/RushBoTT-ros2_ws/build/ros_gz_example_application': CMAKE_PREFIX_PATH=${CMAKE_PREFIX_PATH}:/opt/ros/jazzy /usr/bin/cmake --install /home/ttpidelta/RushBoTT-ros2_ws/build/ros_gz_example_application
[0.175s] -- Install configuration: ""
[0.176s] -- Up-to-date: /home/ttpidelta/RushBoTT-ros2_ws/install/ros_gz_example_application/share/ament_index/resource_index/package_run_dependencies/ros_gz_example_application
[0.177s] -- Up-to-date: /home/ttpidelta/RushBoTT-ros2_ws/install/ros_gz_example_application/share/ament_index/resource_index/parent_prefix_path/ros_gz_example_application
[0.177s] -- Up-to-date: /home/ttpidelta/RushBoTT-ros2_ws/install/ros_gz_example_application/share/ros_gz_example_application/environment/ament_prefix_path.sh
[0.177s] -- Up-to-date: /home/ttpidelta/RushBoTT-ros2_ws/install/ros_gz_example_application/share/ros_gz_example_application/environment/ament_prefix_path.dsv
[0.177s] -- Up-to-date: /home/ttpidelta/RushBoTT-ros2_ws/install/ros_gz_example_application/share/ros_gz_example_application/environment/path.sh
[0.177s] -- Up-to-date: /home/ttpidelta/RushBoTT-ros2_ws/install/ros_gz_example_application/share/ros_gz_example_application/environment/path.dsv
[0.178s] -- Up-to-date: /home/ttpidelta/RushBoTT-ros2_ws/install/ros_gz_example_application/share/ros_gz_example_application/local_setup.bash
[0.178s] -- Up-to-date: /home/ttpidelta/RushBoTT-ros2_ws/install/ros_gz_example_application/share/ros_gz_example_application/local_setup.sh
[0.178s] -- Up-to-date: /home/ttpidelta/RushBoTT-ros2_ws/install/ros_gz_example_application/share/ros_gz_example_application/local_setup.zsh
[0.178s] -- Up-to-date: /home/ttpidelta/RushBoTT-ros2_ws/install/ros_gz_example_application/share/ros_gz_example_application/local_setup.dsv
[0.178s] -- Up-to-date: /home/ttpidelta/RushBoTT-ros2_ws/install/ros_gz_example_application/share/ros_gz_example_application/package.dsv
[0.178s] -- Up-to-date: /home/ttpidelta/RushBoTT-ros2_ws/install/ros_gz_example_application/share/ament_index/resource_index/packages/ros_gz_example_application
[0.178s] -- Up-to-date: /home/ttpidelta/RushBoTT-ros2_ws/install/ros_gz_example_application/share/ros_gz_example_application/cmake/ros_gz_example_applicationConfig.cmake
[0.178s] -- Up-to-date: /home/ttpidelta/RushBoTT-ros2_ws/install/ros_gz_example_application/share/ros_gz_example_application/cmake/ros_gz_example_applicationConfig-version.cmake
[0.178s] -- Up-to-date: /home/ttpidelta/RushBoTT-ros2_ws/install/ros_gz_example_application/share/ros_gz_example_application/package.xml
[0.180s] Invoked command in '/home/ttpidelta/RushBoTT-ros2_ws/build/ros_gz_example_application' returned '0': CMAKE_PREFIX_PATH=${CMAKE_PREFIX_PATH}:/opt/ros/jazzy /usr/bin/cmake --install /home/ttpidelta/RushBoTT-ros2_ws/build/ros_gz_example_application
