[0.096s] DEBUG:colcon:Command line arguments: ['/usr/bin/colcon', 'build', '--cmake-args', '-DBUILD_TESTING=ON']
[0.096s] DEBUG:colcon:Parsed command line arguments: Namespace(log_base=None, log_level=None, verb_name='build', build_base='build', install_base='install', merge_install=False, symlink_install=False, test_result_base=None, continue_on_error=False, executor='parallel', parallel_workers=12, event_handlers=None, ignore_user_meta=False, metas=['./colcon.meta'], base_paths=['.'], packages_ignore=None, packages_ignore_regex=None, paths=None, packages_up_to=None, packages_up_to_regex=None, packages_above=None, packages_above_and_dependencies=None, packages_above_depth=None, packages_select_by_dep=None, packages_skip_by_dep=None, packages_skip_up_to=None, packages_select_build_failed=False, packages_skip_build_finished=False, packages_select_test_failures=False, packages_skip_test_passed=False, packages_select=None, packages_skip=None, packages_select_regex=None, packages_skip_regex=None, packages_start=None, packages_end=None, cmake_args=['-DBUILD_TESTING=ON'], cmake_target=None, cmake_target_skip_unavailable=False, cmake_clean_cache=False, cmake_clean_first=False, cmake_force_configure=False, ament_cmake_args=None, catkin_cmake_args=None, catkin_skip_building_tests=False, mixin_files=None, mixin=None, verb_parser=<colcon_mixin.mixin.mixin_argument.MixinArgumentDecorator object at 0x7f05f31af110>, verb_extension=<colcon_core.verb.build.BuildVerb object at 0x7f05f31aeed0>, main=<bound method BuildVerb.main of <colcon_core.verb.build.BuildVerb object at 0x7f05f31aeed0>>, mixin_verb=('build',))
[0.135s] Level 1:colcon.colcon_core.package_discovery:discover_packages(colcon_meta) check parameters
[0.136s] Level 1:colcon.colcon_core.package_discovery:discover_packages(recursive) check parameters
[0.136s] Level 1:colcon.colcon_core.package_discovery:discover_packages(ignore) check parameters
[0.136s] Level 1:colcon.colcon_core.package_discovery:discover_packages(path) check parameters
[0.136s] Level 1:colcon.colcon_core.package_discovery:discover_packages(colcon_meta) discover
[0.136s] Level 1:colcon.colcon_core.package_discovery:discover_packages(recursive) discover
[0.136s] INFO:colcon.colcon_core.package_discovery:Crawling recursively for packages in '/home/ttpidelta/RushBoTT-ros2_ws'
[0.136s] Level 1:colcon.colcon_core.package_identification:_identify(.) by extensions ['ignore', 'ignore_ament_install']
[0.136s] Level 1:colcon.colcon_core.package_identification:_identify(.) by extension 'ignore'
[0.136s] Level 1:colcon.colcon_core.package_identification:_identify(.) by extension 'ignore_ament_install'
[0.136s] Level 1:colcon.colcon_core.package_identification:_identify(.) by extensions ['colcon_pkg']
[0.136s] Level 1:colcon.colcon_core.package_identification:_identify(.) by extension 'colcon_pkg'
[0.136s] Level 1:colcon.colcon_core.package_identification:_identify(.) by extensions ['colcon_meta']
[0.136s] Level 1:colcon.colcon_core.package_identification:_identify(.) by extension 'colcon_meta'
[0.136s] Level 1:colcon.colcon_core.package_identification:_identify(.) by extensions ['ros']
[0.136s] Level 1:colcon.colcon_core.package_identification:_identify(.) by extension 'ros'
[0.158s] Level 1:colcon.colcon_core.package_identification:_identify(.) by extensions ['cmake', 'python']
[0.159s] Level 1:colcon.colcon_core.package_identification:_identify(.) by extension 'cmake'
[0.159s] Level 1:colcon.colcon_core.package_identification:_identify(.) by extension 'python'
[0.159s] Level 1:colcon.colcon_core.package_identification:_identify(.) by extensions ['python_setup_py']
[0.159s] Level 1:colcon.colcon_core.package_identification:_identify(.) by extension 'python_setup_py'
[0.159s] Level 1:colcon.colcon_core.package_identification:_identify(build) by extensions ['ignore', 'ignore_ament_install']
[0.159s] Level 1:colcon.colcon_core.package_identification:_identify(build) by extension 'ignore'
[0.159s] Level 1:colcon.colcon_core.package_identification:_identify(build) ignored
[0.159s] Level 1:colcon.colcon_core.package_identification:_identify(install) by extensions ['ignore', 'ignore_ament_install']
[0.159s] Level 1:colcon.colcon_core.package_identification:_identify(install) by extension 'ignore'
[0.159s] Level 1:colcon.colcon_core.package_identification:_identify(install) ignored
[0.159s] Level 1:colcon.colcon_core.package_identification:_identify(log) by extensions ['ignore', 'ignore_ament_install']
[0.160s] Level 1:colcon.colcon_core.package_identification:_identify(log) by extension 'ignore'
[0.160s] Level 1:colcon.colcon_core.package_identification:_identify(log) ignored
[0.160s] Level 1:colcon.colcon_core.package_identification:_identify(src) by extensions ['ignore', 'ignore_ament_install']
[0.160s] Level 1:colcon.colcon_core.package_identification:_identify(src) by extension 'ignore'
[0.160s] Level 1:colcon.colcon_core.package_identification:_identify(src) by extension 'ignore_ament_install'
[0.160s] Level 1:colcon.colcon_core.package_identification:_identify(src) by extensions ['colcon_pkg']
[0.160s] Level 1:colcon.colcon_core.package_identification:_identify(src) by extension 'colcon_pkg'
[0.160s] Level 1:colcon.colcon_core.package_identification:_identify(src) by extensions ['colcon_meta']
[0.160s] Level 1:colcon.colcon_core.package_identification:_identify(src) by extension 'colcon_meta'
[0.160s] Level 1:colcon.colcon_core.package_identification:_identify(src) by extensions ['ros']
[0.160s] Level 1:colcon.colcon_core.package_identification:_identify(src) by extension 'ros'
[0.160s] Level 1:colcon.colcon_core.package_identification:_identify(src) by extensions ['cmake', 'python']
[0.160s] Level 1:colcon.colcon_core.package_identification:_identify(src) by extension 'cmake'
[0.160s] Level 1:colcon.colcon_core.package_identification:_identify(src) by extension 'python'
[0.160s] Level 1:colcon.colcon_core.package_identification:_identify(src) by extensions ['python_setup_py']
[0.160s] Level 1:colcon.colcon_core.package_identification:_identify(src) by extension 'python_setup_py'
[0.161s] Level 1:colcon.colcon_core.package_identification:_identify(src/rushbott) by extensions ['ignore', 'ignore_ament_install']
[0.161s] Level 1:colcon.colcon_core.package_identification:_identify(src/rushbott) by extension 'ignore'
[0.161s] Level 1:colcon.colcon_core.package_identification:_identify(src/rushbott) by extension 'ignore_ament_install'
[0.161s] Level 1:colcon.colcon_core.package_identification:_identify(src/rushbott) by extensions ['colcon_pkg']
[0.161s] Level 1:colcon.colcon_core.package_identification:_identify(src/rushbott) by extension 'colcon_pkg'
[0.161s] Level 1:colcon.colcon_core.package_identification:_identify(src/rushbott) by extensions ['colcon_meta']
[0.161s] Level 1:colcon.colcon_core.package_identification:_identify(src/rushbott) by extension 'colcon_meta'
[0.161s] Level 1:colcon.colcon_core.package_identification:_identify(src/rushbott) by extensions ['ros']
[0.161s] Level 1:colcon.colcon_core.package_identification:_identify(src/rushbott) by extension 'ros'
[0.161s] Level 1:colcon.colcon_core.package_identification:_identify(src/rushbott) by extensions ['cmake', 'python']
[0.161s] Level 1:colcon.colcon_core.package_identification:_identify(src/rushbott) by extension 'cmake'
[0.161s] Level 1:colcon.colcon_core.package_identification:_identify(src/rushbott) by extension 'python'
[0.161s] Level 1:colcon.colcon_core.package_identification:_identify(src/rushbott) by extensions ['python_setup_py']
[0.161s] Level 1:colcon.colcon_core.package_identification:_identify(src/rushbott) by extension 'python_setup_py'
[0.161s] Level 1:colcon.colcon_core.package_identification:_identify(src/rushbott/ros_gz_example_application) by extensions ['ignore', 'ignore_ament_install']
[0.161s] Level 1:colcon.colcon_core.package_identification:_identify(src/rushbott/ros_gz_example_application) by extension 'ignore'
[0.161s] Level 1:colcon.colcon_core.package_identification:_identify(src/rushbott/ros_gz_example_application) by extension 'ignore_ament_install'
[0.161s] Level 1:colcon.colcon_core.package_identification:_identify(src/rushbott/ros_gz_example_application) by extensions ['colcon_pkg']
[0.162s] Level 1:colcon.colcon_core.package_identification:_identify(src/rushbott/ros_gz_example_application) by extension 'colcon_pkg'
[0.162s] Level 1:colcon.colcon_core.package_identification:_identify(src/rushbott/ros_gz_example_application) by extensions ['colcon_meta']
[0.162s] Level 1:colcon.colcon_core.package_identification:_identify(src/rushbott/ros_gz_example_application) by extension 'colcon_meta'
[0.162s] Level 1:colcon.colcon_core.package_identification:_identify(src/rushbott/ros_gz_example_application) by extensions ['ros']
[0.162s] Level 1:colcon.colcon_core.package_identification:_identify(src/rushbott/ros_gz_example_application) by extension 'ros'
[0.164s] DEBUG:colcon.colcon_core.package_identification:Package 'src/rushbott/ros_gz_example_application' with type 'ros.ament_cmake' and name 'ros_gz_example_application'
[0.164s] Level 1:colcon.colcon_core.package_identification:_identify(src/rushbott/ros_gz_example_bringup) by extensions ['ignore', 'ignore_ament_install']
[0.164s] Level 1:colcon.colcon_core.package_identification:_identify(src/rushbott/ros_gz_example_bringup) by extension 'ignore'
[0.164s] Level 1:colcon.colcon_core.package_identification:_identify(src/rushbott/ros_gz_example_bringup) by extension 'ignore_ament_install'
[0.164s] Level 1:colcon.colcon_core.package_identification:_identify(src/rushbott/ros_gz_example_bringup) by extensions ['colcon_pkg']
[0.164s] Level 1:colcon.colcon_core.package_identification:_identify(src/rushbott/ros_gz_example_bringup) by extension 'colcon_pkg'
[0.164s] Level 1:colcon.colcon_core.package_identification:_identify(src/rushbott/ros_gz_example_bringup) by extensions ['colcon_meta']
[0.164s] Level 1:colcon.colcon_core.package_identification:_identify(src/rushbott/ros_gz_example_bringup) by extension 'colcon_meta'
[0.164s] Level 1:colcon.colcon_core.package_identification:_identify(src/rushbott/ros_gz_example_bringup) by extensions ['ros']
[0.164s] Level 1:colcon.colcon_core.package_identification:_identify(src/rushbott/ros_gz_example_bringup) by extension 'ros'
[0.165s] DEBUG:colcon.colcon_core.package_identification:Package 'src/rushbott/ros_gz_example_bringup' with type 'ros.ament_cmake' and name 'ros_gz_example_bringup'
[0.165s] Level 1:colcon.colcon_core.package_identification:_identify(src/rushbott/ros_gz_example_description) by extensions ['ignore', 'ignore_ament_install']
[0.165s] Level 1:colcon.colcon_core.package_identification:_identify(src/rushbott/ros_gz_example_description) by extension 'ignore'
[0.165s] Level 1:colcon.colcon_core.package_identification:_identify(src/rushbott/ros_gz_example_description) by extension 'ignore_ament_install'
[0.165s] Level 1:colcon.colcon_core.package_identification:_identify(src/rushbott/ros_gz_example_description) by extensions ['colcon_pkg']
[0.165s] Level 1:colcon.colcon_core.package_identification:_identify(src/rushbott/ros_gz_example_description) by extension 'colcon_pkg'
[0.165s] Level 1:colcon.colcon_core.package_identification:_identify(src/rushbott/ros_gz_example_description) by extensions ['colcon_meta']
[0.165s] Level 1:colcon.colcon_core.package_identification:_identify(src/rushbott/ros_gz_example_description) by extension 'colcon_meta'
[0.165s] Level 1:colcon.colcon_core.package_identification:_identify(src/rushbott/ros_gz_example_description) by extensions ['ros']
[0.166s] Level 1:colcon.colcon_core.package_identification:_identify(src/rushbott/ros_gz_example_description) by extension 'ros'
[0.166s] DEBUG:colcon.colcon_core.package_identification:Package 'src/rushbott/ros_gz_example_description' with type 'ros.ament_cmake' and name 'ros_gz_example_description'
[0.166s] Level 1:colcon.colcon_core.package_identification:_identify(src/rushbott/ros_gz_example_gazebo) by extensions ['ignore', 'ignore_ament_install']
[0.166s] Level 1:colcon.colcon_core.package_identification:_identify(src/rushbott/ros_gz_example_gazebo) by extension 'ignore'
[0.166s] Level 1:colcon.colcon_core.package_identification:_identify(src/rushbott/ros_gz_example_gazebo) by extension 'ignore_ament_install'
[0.166s] Level 1:colcon.colcon_core.package_identification:_identify(src/rushbott/ros_gz_example_gazebo) by extensions ['colcon_pkg']
[0.166s] Level 1:colcon.colcon_core.package_identification:_identify(src/rushbott/ros_gz_example_gazebo) by extension 'colcon_pkg'
[0.166s] Level 1:colcon.colcon_core.package_identification:_identify(src/rushbott/ros_gz_example_gazebo) by extensions ['colcon_meta']
[0.166s] Level 1:colcon.colcon_core.package_identification:_identify(src/rushbott/ros_gz_example_gazebo) by extension 'colcon_meta'
[0.166s] Level 1:colcon.colcon_core.package_identification:_identify(src/rushbott/ros_gz_example_gazebo) by extensions ['ros']
[0.166s] Level 1:colcon.colcon_core.package_identification:_identify(src/rushbott/ros_gz_example_gazebo) by extension 'ros'
[0.167s] DEBUG:colcon.colcon_core.package_identification:Package 'src/rushbott/ros_gz_example_gazebo' with type 'ros.ament_cmake' and name 'ros_gz_example_gazebo'
[0.167s] Level 1:colcon.colcon_core.package_discovery:discover_packages(recursive) using defaults
[0.167s] Level 1:colcon.colcon_core.package_discovery:discover_packages(ignore) discover
[0.167s] Level 1:colcon.colcon_core.package_discovery:discover_packages(ignore) using defaults
[0.167s] Level 1:colcon.colcon_core.package_discovery:discover_packages(path) discover
[0.167s] Level 1:colcon.colcon_core.package_discovery:discover_packages(path) using defaults
[0.183s] Level 5:colcon.colcon_core.verb:set package 'ros_gz_example_application' build argument 'cmake_args' from command line to '['-DBUILD_TESTING=ON']'
[0.183s] Level 5:colcon.colcon_core.verb:set package 'ros_gz_example_application' build argument 'cmake_target' from command line to 'None'
[0.183s] Level 5:colcon.colcon_core.verb:set package 'ros_gz_example_application' build argument 'cmake_target_skip_unavailable' from command line to 'False'
[0.183s] Level 5:colcon.colcon_core.verb:set package 'ros_gz_example_application' build argument 'cmake_clean_cache' from command line to 'False'
[0.183s] Level 5:colcon.colcon_core.verb:set package 'ros_gz_example_application' build argument 'cmake_clean_first' from command line to 'False'
[0.183s] Level 5:colcon.colcon_core.verb:set package 'ros_gz_example_application' build argument 'cmake_force_configure' from command line to 'False'
[0.183s] Level 5:colcon.colcon_core.verb:set package 'ros_gz_example_application' build argument 'ament_cmake_args' from command line to 'None'
[0.183s] Level 5:colcon.colcon_core.verb:set package 'ros_gz_example_application' build argument 'catkin_cmake_args' from command line to 'None'
[0.183s] Level 5:colcon.colcon_core.verb:set package 'ros_gz_example_application' build argument 'catkin_skip_building_tests' from command line to 'False'
[0.183s] DEBUG:colcon.colcon_core.verb:Building package 'ros_gz_example_application' with the following arguments: {'ament_cmake_args': None, 'build_base': '/home/ttpidelta/RushBoTT-ros2_ws/build/ros_gz_example_application', 'catkin_cmake_args': None, 'catkin_skip_building_tests': False, 'cmake_args': ['-DBUILD_TESTING=ON'], 'cmake_clean_cache': False, 'cmake_clean_first': False, 'cmake_force_configure': False, 'cmake_target': None, 'cmake_target_skip_unavailable': False, 'install_base': '/home/ttpidelta/RushBoTT-ros2_ws/install/ros_gz_example_application', 'merge_install': False, 'path': '/home/ttpidelta/RushBoTT-ros2_ws/src/rushbott/ros_gz_example_application', 'symlink_install': False, 'test_result_base': None}
[0.183s] Level 5:colcon.colcon_core.verb:set package 'ros_gz_example_description' build argument 'cmake_args' from command line to '['-DBUILD_TESTING=ON']'
[0.183s] Level 5:colcon.colcon_core.verb:set package 'ros_gz_example_description' build argument 'cmake_target' from command line to 'None'
[0.183s] Level 5:colcon.colcon_core.verb:set package 'ros_gz_example_description' build argument 'cmake_target_skip_unavailable' from command line to 'False'
[0.183s] Level 5:colcon.colcon_core.verb:set package 'ros_gz_example_description' build argument 'cmake_clean_cache' from command line to 'False'
[0.184s] Level 5:colcon.colcon_core.verb:set package 'ros_gz_example_description' build argument 'cmake_clean_first' from command line to 'False'
[0.184s] Level 5:colcon.colcon_core.verb:set package 'ros_gz_example_description' build argument 'cmake_force_configure' from command line to 'False'
[0.184s] Level 5:colcon.colcon_core.verb:set package 'ros_gz_example_description' build argument 'ament_cmake_args' from command line to 'None'
[0.184s] Level 5:colcon.colcon_core.verb:set package 'ros_gz_example_description' build argument 'catkin_cmake_args' from command line to 'None'
[0.184s] Level 5:colcon.colcon_core.verb:set package 'ros_gz_example_description' build argument 'catkin_skip_building_tests' from command line to 'False'
[0.184s] DEBUG:colcon.colcon_core.verb:Building package 'ros_gz_example_description' with the following arguments: {'ament_cmake_args': None, 'build_base': '/home/ttpidelta/RushBoTT-ros2_ws/build/ros_gz_example_description', 'catkin_cmake_args': None, 'catkin_skip_building_tests': False, 'cmake_args': ['-DBUILD_TESTING=ON'], 'cmake_clean_cache': False, 'cmake_clean_first': False, 'cmake_force_configure': False, 'cmake_target': None, 'cmake_target_skip_unavailable': False, 'install_base': '/home/ttpidelta/RushBoTT-ros2_ws/install/ros_gz_example_description', 'merge_install': False, 'path': '/home/ttpidelta/RushBoTT-ros2_ws/src/rushbott/ros_gz_example_description', 'symlink_install': False, 'test_result_base': None}
[0.184s] Level 5:colcon.colcon_core.verb:set package 'ros_gz_example_gazebo' build argument 'cmake_args' from command line to '['-DBUILD_TESTING=ON']'
[0.184s] Level 5:colcon.colcon_core.verb:set package 'ros_gz_example_gazebo' build argument 'cmake_target' from command line to 'None'
[0.184s] Level 5:colcon.colcon_core.verb:set package 'ros_gz_example_gazebo' build argument 'cmake_target_skip_unavailable' from command line to 'False'
[0.184s] Level 5:colcon.colcon_core.verb:set package 'ros_gz_example_gazebo' build argument 'cmake_clean_cache' from command line to 'False'
[0.184s] Level 5:colcon.colcon_core.verb:set package 'ros_gz_example_gazebo' build argument 'cmake_clean_first' from command line to 'False'
[0.184s] Level 5:colcon.colcon_core.verb:set package 'ros_gz_example_gazebo' build argument 'cmake_force_configure' from command line to 'False'
[0.184s] Level 5:colcon.colcon_core.verb:set package 'ros_gz_example_gazebo' build argument 'ament_cmake_args' from command line to 'None'
[0.184s] Level 5:colcon.colcon_core.verb:set package 'ros_gz_example_gazebo' build argument 'catkin_cmake_args' from command line to 'None'
[0.184s] Level 5:colcon.colcon_core.verb:set package 'ros_gz_example_gazebo' build argument 'catkin_skip_building_tests' from command line to 'False'
[0.184s] DEBUG:colcon.colcon_core.verb:Building package 'ros_gz_example_gazebo' with the following arguments: {'ament_cmake_args': None, 'build_base': '/home/ttpidelta/RushBoTT-ros2_ws/build/ros_gz_example_gazebo', 'catkin_cmake_args': None, 'catkin_skip_building_tests': False, 'cmake_args': ['-DBUILD_TESTING=ON'], 'cmake_clean_cache': False, 'cmake_clean_first': False, 'cmake_force_configure': False, 'cmake_target': None, 'cmake_target_skip_unavailable': False, 'install_base': '/home/ttpidelta/RushBoTT-ros2_ws/install/ros_gz_example_gazebo', 'merge_install': False, 'path': '/home/ttpidelta/RushBoTT-ros2_ws/src/rushbott/ros_gz_example_gazebo', 'symlink_install': False, 'test_result_base': None}
[0.184s] Level 5:colcon.colcon_core.verb:set package 'ros_gz_example_bringup' build argument 'cmake_args' from command line to '['-DBUILD_TESTING=ON']'
[0.184s] Level 5:colcon.colcon_core.verb:set package 'ros_gz_example_bringup' build argument 'cmake_target' from command line to 'None'
[0.184s] Level 5:colcon.colcon_core.verb:set package 'ros_gz_example_bringup' build argument 'cmake_target_skip_unavailable' from command line to 'False'
[0.184s] Level 5:colcon.colcon_core.verb:set package 'ros_gz_example_bringup' build argument 'cmake_clean_cache' from command line to 'False'
[0.184s] Level 5:colcon.colcon_core.verb:set package 'ros_gz_example_bringup' build argument 'cmake_clean_first' from command line to 'False'
[0.185s] Level 5:colcon.colcon_core.verb:set package 'ros_gz_example_bringup' build argument 'cmake_force_configure' from command line to 'False'
[0.185s] Level 5:colcon.colcon_core.verb:set package 'ros_gz_example_bringup' build argument 'ament_cmake_args' from command line to 'None'
[0.185s] Level 5:colcon.colcon_core.verb:set package 'ros_gz_example_bringup' build argument 'catkin_cmake_args' from command line to 'None'
[0.185s] Level 5:colcon.colcon_core.verb:set package 'ros_gz_example_bringup' build argument 'catkin_skip_building_tests' from command line to 'False'
[0.185s] DEBUG:colcon.colcon_core.verb:Building package 'ros_gz_example_bringup' with the following arguments: {'ament_cmake_args': None, 'build_base': '/home/ttpidelta/RushBoTT-ros2_ws/build/ros_gz_example_bringup', 'catkin_cmake_args': None, 'catkin_skip_building_tests': False, 'cmake_args': ['-DBUILD_TESTING=ON'], 'cmake_clean_cache': False, 'cmake_clean_first': False, 'cmake_force_configure': False, 'cmake_target': None, 'cmake_target_skip_unavailable': False, 'install_base': '/home/ttpidelta/RushBoTT-ros2_ws/install/ros_gz_example_bringup', 'merge_install': False, 'path': '/home/ttpidelta/RushBoTT-ros2_ws/src/rushbott/ros_gz_example_bringup', 'symlink_install': False, 'test_result_base': None}
[0.185s] INFO:colcon.colcon_core.executor:Executing jobs using 'parallel' executor
[0.186s] DEBUG:colcon.colcon_parallel_executor.executor.parallel:run_until_complete
[0.186s] INFO:colcon.colcon_ros.task.ament_cmake.build:Building ROS package in '/home/ttpidelta/RushBoTT-ros2_ws/src/rushbott/ros_gz_example_description' with build type 'ament_cmake'
[0.186s] INFO:colcon.colcon_cmake.task.cmake.build:Building CMake package in '/home/ttpidelta/RushBoTT-ros2_ws/src/rushbott/ros_gz_example_description'
[0.189s] INFO:colcon.colcon_core.plugin_system:Skipping extension 'colcon_core.shell.bat': Not used on non-Windows systems
[0.189s] INFO:colcon.colcon_core.shell:Skip shell extension 'powershell' for command environment: Not usable outside of PowerShell
[0.189s] DEBUG:colcon.colcon_core.shell:Skip shell extension 'dsv' for command environment
[0.193s] INFO:colcon.colcon_ros.task.ament_cmake.build:Building ROS package in '/home/ttpidelta/RushBoTT-ros2_ws/src/rushbott/ros_gz_example_application' with build type 'ament_cmake'
[0.194s] INFO:colcon.colcon_cmake.task.cmake.build:Building CMake package in '/home/ttpidelta/RushBoTT-ros2_ws/src/rushbott/ros_gz_example_application'
[0.194s] INFO:colcon.colcon_core.shell:Skip shell extension 'powershell' for command environment: Not usable outside of PowerShell
[0.194s] DEBUG:colcon.colcon_core.shell:Skip shell extension 'dsv' for command environment
[0.204s] DEBUG:colcon.colcon_core.event_handler.log_command:Invoking command in '/home/ttpidelta/RushBoTT-ros2_ws/build/ros_gz_example_description': CMAKE_PREFIX_PATH=${CMAKE_PREFIX_PATH}:/opt/ros/jazzy /usr/bin/cmake /home/ttpidelta/RushBoTT-ros2_ws/src/rushbott/ros_gz_example_description -DBUILD_TESTING=ON -DCMAKE_INSTALL_PREFIX=/home/ttpidelta/RushBoTT-ros2_ws/install/ros_gz_example_description
[0.208s] DEBUG:colcon.colcon_core.event_handler.log_command:Invoking command in '/home/ttpidelta/RushBoTT-ros2_ws/build/ros_gz_example_application': CMAKE_PREFIX_PATH=${CMAKE_PREFIX_PATH}:/opt/ros/jazzy /usr/bin/cmake /home/ttpidelta/RushBoTT-ros2_ws/src/rushbott/ros_gz_example_application -DBUILD_TESTING=ON -DCMAKE_INSTALL_PREFIX=/home/ttpidelta/RushBoTT-ros2_ws/install/ros_gz_example_application
[1.061s] DEBUG:colcon.colcon_core.event_handler.log_command:Invoked command in '/home/ttpidelta/RushBoTT-ros2_ws/build/ros_gz_example_application' returned '0': CMAKE_PREFIX_PATH=${CMAKE_PREFIX_PATH}:/opt/ros/jazzy /usr/bin/cmake /home/ttpidelta/RushBoTT-ros2_ws/src/rushbott/ros_gz_example_application -DBUILD_TESTING=ON -DCMAKE_INSTALL_PREFIX=/home/ttpidelta/RushBoTT-ros2_ws/install/ros_gz_example_application
[1.062s] DEBUG:colcon.colcon_core.event_handler.log_command:Invoking command in '/home/ttpidelta/RushBoTT-ros2_ws/build/ros_gz_example_application': CMAKE_PREFIX_PATH=${CMAKE_PREFIX_PATH}:/opt/ros/jazzy /usr/bin/cmake --build /home/ttpidelta/RushBoTT-ros2_ws/build/ros_gz_example_application -- -j12 -l12
[1.070s] DEBUG:colcon.colcon_core.event_handler.log_command:Invoked command in '/home/ttpidelta/RushBoTT-ros2_ws/build/ros_gz_example_description' returned '0': CMAKE_PREFIX_PATH=${CMAKE_PREFIX_PATH}:/opt/ros/jazzy /usr/bin/cmake /home/ttpidelta/RushBoTT-ros2_ws/src/rushbott/ros_gz_example_description -DBUILD_TESTING=ON -DCMAKE_INSTALL_PREFIX=/home/ttpidelta/RushBoTT-ros2_ws/install/ros_gz_example_description
[1.071s] DEBUG:colcon.colcon_core.event_handler.log_command:Invoking command in '/home/ttpidelta/RushBoTT-ros2_ws/build/ros_gz_example_description': CMAKE_PREFIX_PATH=${CMAKE_PREFIX_PATH}:/opt/ros/jazzy /usr/bin/cmake --build /home/ttpidelta/RushBoTT-ros2_ws/build/ros_gz_example_description -- -j12 -l12
[1.110s] DEBUG:colcon.colcon_core.event_handler.log_command:Invoked command in '/home/ttpidelta/RushBoTT-ros2_ws/build/ros_gz_example_application' returned '0': CMAKE_PREFIX_PATH=${CMAKE_PREFIX_PATH}:/opt/ros/jazzy /usr/bin/cmake --build /home/ttpidelta/RushBoTT-ros2_ws/build/ros_gz_example_application -- -j12 -l12
[1.119s] DEBUG:colcon.colcon_core.event_handler.log_command:Invoked command in '/home/ttpidelta/RushBoTT-ros2_ws/build/ros_gz_example_description' returned '0': CMAKE_PREFIX_PATH=${CMAKE_PREFIX_PATH}:/opt/ros/jazzy /usr/bin/cmake --build /home/ttpidelta/RushBoTT-ros2_ws/build/ros_gz_example_description -- -j12 -l12
[1.149s] DEBUG:colcon.colcon_core.event_handler.log_command:Invoking command in '/home/ttpidelta/RushBoTT-ros2_ws/build/ros_gz_example_application': CMAKE_PREFIX_PATH=${CMAKE_PREFIX_PATH}:/opt/ros/jazzy /usr/bin/cmake --install /home/ttpidelta/RushBoTT-ros2_ws/build/ros_gz_example_application
[1.151s] DEBUG:colcon.colcon_core.event_handler.log_command:Invoking command in '/home/ttpidelta/RushBoTT-ros2_ws/build/ros_gz_example_description': CMAKE_PREFIX_PATH=${CMAKE_PREFIX_PATH}:/opt/ros/jazzy /usr/bin/cmake --install /home/ttpidelta/RushBoTT-ros2_ws/build/ros_gz_example_description
[1.172s] Level 1:colcon.colcon_core.environment:create_environment_scripts_only(ros_gz_example_description)
[1.173s] DEBUG:colcon.colcon_core.event_handler.log_command:Invoked command in '/home/ttpidelta/RushBoTT-ros2_ws/build/ros_gz_example_description' returned '0': CMAKE_PREFIX_PATH=${CMAKE_PREFIX_PATH}:/opt/ros/jazzy /usr/bin/cmake --install /home/ttpidelta/RushBoTT-ros2_ws/build/ros_gz_example_description
[1.175s] Level 1:colcon.colcon_core.environment:checking '/home/ttpidelta/RushBoTT-ros2_ws/install/ros_gz_example_description' for CMake module files
[1.176s] Level 1:colcon.colcon_core.environment:checking '/home/ttpidelta/RushBoTT-ros2_ws/install/ros_gz_example_description' for CMake config files
[1.176s] Level 1:colcon.colcon_core.shell:create_environment_hook('ros_gz_example_description', 'cmake_prefix_path')
[1.176s] INFO:colcon.colcon_core.shell:Creating environment hook '/home/ttpidelta/RushBoTT-ros2_ws/install/ros_gz_example_description/share/ros_gz_example_description/hook/cmake_prefix_path.ps1'
[1.177s] INFO:colcon.colcon_core.shell:Creating environment descriptor '/home/ttpidelta/RushBoTT-ros2_ws/install/ros_gz_example_description/share/ros_gz_example_description/hook/cmake_prefix_path.dsv'
[1.177s] INFO:colcon.colcon_core.shell:Creating environment hook '/home/ttpidelta/RushBoTT-ros2_ws/install/ros_gz_example_description/share/ros_gz_example_description/hook/cmake_prefix_path.sh'
[1.178s] Level 1:colcon.colcon_core.environment:checking '/home/ttpidelta/RushBoTT-ros2_ws/install/ros_gz_example_description/bin'
[1.178s] Level 1:colcon.colcon_core.environment:checking '/home/ttpidelta/RushBoTT-ros2_ws/install/ros_gz_example_description/lib/pkgconfig/ros_gz_example_description.pc'
[1.181s] Level 1:colcon.colcon_core.environment:checking '/home/ttpidelta/RushBoTT-ros2_ws/install/ros_gz_example_description/lib/python3.12/site-packages'
[1.181s] Level 1:colcon.colcon_core.environment:checking '/home/ttpidelta/RushBoTT-ros2_ws/install/ros_gz_example_description/bin'
[1.181s] INFO:colcon.colcon_core.shell:Creating package script '/home/ttpidelta/RushBoTT-ros2_ws/install/ros_gz_example_description/share/ros_gz_example_description/package.ps1'
[1.182s] INFO:colcon.colcon_core.shell:Creating package descriptor '/home/ttpidelta/RushBoTT-ros2_ws/install/ros_gz_example_description/share/ros_gz_example_description/package.dsv'
[1.183s] INFO:colcon.colcon_core.shell:Creating package script '/home/ttpidelta/RushBoTT-ros2_ws/install/ros_gz_example_description/share/ros_gz_example_description/package.sh'
[1.183s] INFO:colcon.colcon_core.shell:Creating package script '/home/ttpidelta/RushBoTT-ros2_ws/install/ros_gz_example_description/share/ros_gz_example_description/package.bash'
[1.184s] INFO:colcon.colcon_core.shell:Creating package script '/home/ttpidelta/RushBoTT-ros2_ws/install/ros_gz_example_description/share/ros_gz_example_description/package.zsh'
[1.185s] Level 1:colcon.colcon_core.environment:create_file_with_runtime_dependencies(/home/ttpidelta/RushBoTT-ros2_ws/install/ros_gz_example_description/share/colcon-core/packages/ros_gz_example_description)
[1.188s] Level 1:colcon.colcon_core.environment:create_environment_scripts_only(ros_gz_example_application)
[1.188s] Level 1:colcon.colcon_core.environment:checking '/home/ttpidelta/RushBoTT-ros2_ws/install/ros_gz_example_application' for CMake module files
[1.189s] DEBUG:colcon.colcon_core.event_handler.log_command:Invoked command in '/home/ttpidelta/RushBoTT-ros2_ws/build/ros_gz_example_application' returned '0': CMAKE_PREFIX_PATH=${CMAKE_PREFIX_PATH}:/opt/ros/jazzy /usr/bin/cmake --install /home/ttpidelta/RushBoTT-ros2_ws/build/ros_gz_example_application
[1.189s] Level 1:colcon.colcon_core.environment:checking '/home/ttpidelta/RushBoTT-ros2_ws/install/ros_gz_example_application' for CMake config files
[1.190s] Level 1:colcon.colcon_core.shell:create_environment_hook('ros_gz_example_application', 'cmake_prefix_path')
[1.190s] INFO:colcon.colcon_core.shell:Creating environment hook '/home/ttpidelta/RushBoTT-ros2_ws/install/ros_gz_example_application/share/ros_gz_example_application/hook/cmake_prefix_path.ps1'
[1.191s] INFO:colcon.colcon_core.shell:Creating environment descriptor '/home/ttpidelta/RushBoTT-ros2_ws/install/ros_gz_example_application/share/ros_gz_example_application/hook/cmake_prefix_path.dsv'
[1.191s] INFO:colcon.colcon_core.shell:Creating environment hook '/home/ttpidelta/RushBoTT-ros2_ws/install/ros_gz_example_application/share/ros_gz_example_application/hook/cmake_prefix_path.sh'
[1.192s] Level 1:colcon.colcon_core.environment:checking '/home/ttpidelta/RushBoTT-ros2_ws/install/ros_gz_example_application/bin'
[1.192s] Level 1:colcon.colcon_core.environment:checking '/home/ttpidelta/RushBoTT-ros2_ws/install/ros_gz_example_application/lib/pkgconfig/ros_gz_example_application.pc'
[1.192s] Level 1:colcon.colcon_core.environment:checking '/home/ttpidelta/RushBoTT-ros2_ws/install/ros_gz_example_application/lib/python3.12/site-packages'
[1.192s] Level 1:colcon.colcon_core.environment:checking '/home/ttpidelta/RushBoTT-ros2_ws/install/ros_gz_example_application/bin'
[1.193s] INFO:colcon.colcon_core.shell:Creating package script '/home/ttpidelta/RushBoTT-ros2_ws/install/ros_gz_example_application/share/ros_gz_example_application/package.ps1'
[1.193s] INFO:colcon.colcon_core.shell:Creating package descriptor '/home/ttpidelta/RushBoTT-ros2_ws/install/ros_gz_example_application/share/ros_gz_example_application/package.dsv'
[1.194s] INFO:colcon.colcon_core.shell:Creating package script '/home/ttpidelta/RushBoTT-ros2_ws/install/ros_gz_example_application/share/ros_gz_example_application/package.sh'
[1.194s] INFO:colcon.colcon_core.shell:Creating package script '/home/ttpidelta/RushBoTT-ros2_ws/install/ros_gz_example_application/share/ros_gz_example_application/package.bash'
[1.194s] INFO:colcon.colcon_core.shell:Creating package script '/home/ttpidelta/RushBoTT-ros2_ws/install/ros_gz_example_application/share/ros_gz_example_application/package.zsh'
[1.195s] Level 1:colcon.colcon_core.environment:create_file_with_runtime_dependencies(/home/ttpidelta/RushBoTT-ros2_ws/install/ros_gz_example_application/share/colcon-core/packages/ros_gz_example_application)
[1.214s] Level 1:colcon.colcon_core.environment:create_environment_scripts_only(ros_gz_example_description)
[1.214s] Level 1:colcon.colcon_core.environment:checking '/home/ttpidelta/RushBoTT-ros2_ws/install/ros_gz_example_description' for CMake module files
[1.215s] Level 1:colcon.colcon_core.environment:checking '/home/ttpidelta/RushBoTT-ros2_ws/install/ros_gz_example_description' for CMake config files
[1.215s] Level 1:colcon.colcon_core.shell:create_environment_hook('ros_gz_example_description', 'cmake_prefix_path')
[1.215s] INFO:colcon.colcon_core.shell:Creating environment hook '/home/ttpidelta/RushBoTT-ros2_ws/install/ros_gz_example_description/share/ros_gz_example_description/hook/cmake_prefix_path.ps1'
[1.216s] INFO:colcon.colcon_core.shell:Creating environment descriptor '/home/ttpidelta/RushBoTT-ros2_ws/install/ros_gz_example_description/share/ros_gz_example_description/hook/cmake_prefix_path.dsv'
[1.216s] INFO:colcon.colcon_core.shell:Creating environment hook '/home/ttpidelta/RushBoTT-ros2_ws/install/ros_gz_example_description/share/ros_gz_example_description/hook/cmake_prefix_path.sh'
[1.217s] Level 1:colcon.colcon_core.environment:checking '/home/ttpidelta/RushBoTT-ros2_ws/install/ros_gz_example_description/bin'
[1.217s] Level 1:colcon.colcon_core.environment:checking '/home/ttpidelta/RushBoTT-ros2_ws/install/ros_gz_example_description/lib/pkgconfig/ros_gz_example_description.pc'
[1.217s] Level 1:colcon.colcon_core.environment:checking '/home/ttpidelta/RushBoTT-ros2_ws/install/ros_gz_example_description/lib/python3.12/site-packages'
[1.217s] Level 1:colcon.colcon_core.environment:checking '/home/ttpidelta/RushBoTT-ros2_ws/install/ros_gz_example_description/bin'
[1.218s] INFO:colcon.colcon_core.shell:Creating package script '/home/ttpidelta/RushBoTT-ros2_ws/install/ros_gz_example_description/share/ros_gz_example_description/package.ps1'
[1.218s] INFO:colcon.colcon_core.shell:Creating package descriptor '/home/ttpidelta/RushBoTT-ros2_ws/install/ros_gz_example_description/share/ros_gz_example_description/package.dsv'
[1.219s] INFO:colcon.colcon_core.shell:Creating package script '/home/ttpidelta/RushBoTT-ros2_ws/install/ros_gz_example_description/share/ros_gz_example_description/package.sh'
[1.219s] INFO:colcon.colcon_core.shell:Creating package script '/home/ttpidelta/RushBoTT-ros2_ws/install/ros_gz_example_description/share/ros_gz_example_description/package.bash'
[1.220s] INFO:colcon.colcon_core.shell:Creating package script '/home/ttpidelta/RushBoTT-ros2_ws/install/ros_gz_example_description/share/ros_gz_example_description/package.zsh'
[1.220s] Level 1:colcon.colcon_core.environment:create_file_with_runtime_dependencies(/home/ttpidelta/RushBoTT-ros2_ws/install/ros_gz_example_description/share/colcon-core/packages/ros_gz_example_description)
[1.220s] INFO:colcon.colcon_ros.task.ament_cmake.build:Building ROS package in '/home/ttpidelta/RushBoTT-ros2_ws/src/rushbott/ros_gz_example_gazebo' with build type 'ament_cmake'
[1.221s] INFO:colcon.colcon_cmake.task.cmake.build:Building CMake package in '/home/ttpidelta/RushBoTT-ros2_ws/src/rushbott/ros_gz_example_gazebo'
[1.221s] INFO:colcon.colcon_core.shell:Skip shell extension 'powershell' for command environment: Not usable outside of PowerShell
[1.222s] DEBUG:colcon.colcon_core.shell:Skip shell extension 'dsv' for command environment
[1.226s] Level 1:colcon.colcon_core.environment:create_environment_scripts_only(ros_gz_example_application)
[1.226s] Level 1:colcon.colcon_core.environment:checking '/home/ttpidelta/RushBoTT-ros2_ws/install/ros_gz_example_application' for CMake module files
[1.227s] Level 1:colcon.colcon_core.environment:checking '/home/ttpidelta/RushBoTT-ros2_ws/install/ros_gz_example_application' for CMake config files
[1.227s] Level 1:colcon.colcon_core.shell:create_environment_hook('ros_gz_example_application', 'cmake_prefix_path')
[1.227s] INFO:colcon.colcon_core.shell:Creating environment hook '/home/ttpidelta/RushBoTT-ros2_ws/install/ros_gz_example_application/share/ros_gz_example_application/hook/cmake_prefix_path.ps1'
[1.228s] INFO:colcon.colcon_core.shell:Creating environment descriptor '/home/ttpidelta/RushBoTT-ros2_ws/install/ros_gz_example_application/share/ros_gz_example_application/hook/cmake_prefix_path.dsv'
[1.228s] INFO:colcon.colcon_core.shell:Creating environment hook '/home/ttpidelta/RushBoTT-ros2_ws/install/ros_gz_example_application/share/ros_gz_example_application/hook/cmake_prefix_path.sh'
[1.229s] Level 1:colcon.colcon_core.environment:checking '/home/ttpidelta/RushBoTT-ros2_ws/install/ros_gz_example_application/bin'
[1.229s] Level 1:colcon.colcon_core.environment:checking '/home/ttpidelta/RushBoTT-ros2_ws/install/ros_gz_example_application/lib/pkgconfig/ros_gz_example_application.pc'
[1.229s] Level 1:colcon.colcon_core.environment:checking '/home/ttpidelta/RushBoTT-ros2_ws/install/ros_gz_example_application/lib/python3.12/site-packages'
[1.229s] Level 1:colcon.colcon_core.environment:checking '/home/ttpidelta/RushBoTT-ros2_ws/install/ros_gz_example_application/bin'
[1.230s] INFO:colcon.colcon_core.shell:Creating package script '/home/ttpidelta/RushBoTT-ros2_ws/install/ros_gz_example_application/share/ros_gz_example_application/package.ps1'
[1.230s] INFO:colcon.colcon_core.shell:Creating package descriptor '/home/ttpidelta/RushBoTT-ros2_ws/install/ros_gz_example_application/share/ros_gz_example_application/package.dsv'
[1.230s] INFO:colcon.colcon_core.shell:Creating package script '/home/ttpidelta/RushBoTT-ros2_ws/install/ros_gz_example_application/share/ros_gz_example_application/package.sh'
[1.231s] INFO:colcon.colcon_core.shell:Creating package script '/home/ttpidelta/RushBoTT-ros2_ws/install/ros_gz_example_application/share/ros_gz_example_application/package.bash'
[1.231s] INFO:colcon.colcon_core.shell:Creating package script '/home/ttpidelta/RushBoTT-ros2_ws/install/ros_gz_example_application/share/ros_gz_example_application/package.zsh'
[1.232s] Level 1:colcon.colcon_core.environment:create_file_with_runtime_dependencies(/home/ttpidelta/RushBoTT-ros2_ws/install/ros_gz_example_application/share/colcon-core/packages/ros_gz_example_application)
[1.236s] DEBUG:colcon.colcon_core.event_handler.log_command:Invoking command in '/home/ttpidelta/RushBoTT-ros2_ws/build/ros_gz_example_gazebo': AMENT_PREFIX_PATH=/home/ttpidelta/RushBoTT-ros2_ws/install/ros_gz_example_description:${AMENT_PREFIX_PATH} CMAKE_PREFIX_PATH=/home/ttpidelta/RushBoTT-ros2_ws/install/ros_gz_example_description:/opt/ros/jazzy/opt/gz_sim_vendor:/opt/ros/jazzy/opt/gz_sensors_vendor:/opt/ros/jazzy/opt/gz_physics_vendor:/opt/ros/jazzy/opt/sdformat_vendor:/opt/ros/jazzy/opt/gz_gui_vendor:/opt/ros/jazzy/opt/gz_transport_vendor:/opt/ros/jazzy/opt/gz_rendering_vendor:/opt/ros/jazzy/opt/gz_plugin_vendor:/opt/ros/jazzy/opt/gz_fuel_tools_vendor:/opt/ros/jazzy/opt/gz_msgs_vendor:/opt/ros/jazzy/opt/gz_common_vendor:/opt/ros/jazzy/opt/gz_math_vendor:/opt/ros/jazzy/opt/gz_utils_vendor:/opt/ros/jazzy/opt/gz_tools_vendor:/opt/ros/jazzy/opt/gz_ogre_next_vendor:/opt/ros/jazzy/opt/gz_dartsim_vendor:/opt/ros/jazzy/opt/gz_cmake_vendor:/opt/ros/jazzy GZ_SIM_RESOURCE_PATH=/home/ttpidelta/RushBoTT-ros2_ws/install/ros_gz_example_description/share/ros_gz_example_description/models /usr/bin/cmake /home/ttpidelta/RushBoTT-ros2_ws/src/rushbott/ros_gz_example_gazebo -DBUILD_TESTING=ON -DCMAKE_INSTALL_PREFIX=/home/ttpidelta/RushBoTT-ros2_ws/install/ros_gz_example_gazebo
[4.901s] DEBUG:colcon.colcon_core.event_handler.log_command:Invoked command in '/home/ttpidelta/RushBoTT-ros2_ws/build/ros_gz_example_gazebo' returned '0': AMENT_PREFIX_PATH=/home/ttpidelta/RushBoTT-ros2_ws/install/ros_gz_example_description:${AMENT_PREFIX_PATH} CMAKE_PREFIX_PATH=/home/ttpidelta/RushBoTT-ros2_ws/install/ros_gz_example_description:/opt/ros/jazzy/opt/gz_sim_vendor:/opt/ros/jazzy/opt/gz_sensors_vendor:/opt/ros/jazzy/opt/gz_physics_vendor:/opt/ros/jazzy/opt/sdformat_vendor:/opt/ros/jazzy/opt/gz_gui_vendor:/opt/ros/jazzy/opt/gz_transport_vendor:/opt/ros/jazzy/opt/gz_rendering_vendor:/opt/ros/jazzy/opt/gz_plugin_vendor:/opt/ros/jazzy/opt/gz_fuel_tools_vendor:/opt/ros/jazzy/opt/gz_msgs_vendor:/opt/ros/jazzy/opt/gz_common_vendor:/opt/ros/jazzy/opt/gz_math_vendor:/opt/ros/jazzy/opt/gz_utils_vendor:/opt/ros/jazzy/opt/gz_tools_vendor:/opt/ros/jazzy/opt/gz_ogre_next_vendor:/opt/ros/jazzy/opt/gz_dartsim_vendor:/opt/ros/jazzy/opt/gz_cmake_vendor:/opt/ros/jazzy GZ_SIM_RESOURCE_PATH=/home/ttpidelta/RushBoTT-ros2_ws/install/ros_gz_example_description/share/ros_gz_example_description/models /usr/bin/cmake /home/ttpidelta/RushBoTT-ros2_ws/src/rushbott/ros_gz_example_gazebo -DBUILD_TESTING=ON -DCMAKE_INSTALL_PREFIX=/home/ttpidelta/RushBoTT-ros2_ws/install/ros_gz_example_gazebo
[4.903s] DEBUG:colcon.colcon_core.event_handler.log_command:Invoking command in '/home/ttpidelta/RushBoTT-ros2_ws/build/ros_gz_example_gazebo': AMENT_PREFIX_PATH=/home/ttpidelta/RushBoTT-ros2_ws/install/ros_gz_example_description:${AMENT_PREFIX_PATH} CMAKE_PREFIX_PATH=/home/ttpidelta/RushBoTT-ros2_ws/install/ros_gz_example_description:/opt/ros/jazzy/opt/gz_sim_vendor:/opt/ros/jazzy/opt/gz_sensors_vendor:/opt/ros/jazzy/opt/gz_physics_vendor:/opt/ros/jazzy/opt/sdformat_vendor:/opt/ros/jazzy/opt/gz_gui_vendor:/opt/ros/jazzy/opt/gz_transport_vendor:/opt/ros/jazzy/opt/gz_rendering_vendor:/opt/ros/jazzy/opt/gz_plugin_vendor:/opt/ros/jazzy/opt/gz_fuel_tools_vendor:/opt/ros/jazzy/opt/gz_msgs_vendor:/opt/ros/jazzy/opt/gz_common_vendor:/opt/ros/jazzy/opt/gz_math_vendor:/opt/ros/jazzy/opt/gz_utils_vendor:/opt/ros/jazzy/opt/gz_tools_vendor:/opt/ros/jazzy/opt/gz_ogre_next_vendor:/opt/ros/jazzy/opt/gz_dartsim_vendor:/opt/ros/jazzy/opt/gz_cmake_vendor:/opt/ros/jazzy GZ_SIM_RESOURCE_PATH=/home/ttpidelta/RushBoTT-ros2_ws/install/ros_gz_example_description/share/ros_gz_example_description/models /usr/bin/cmake --build /home/ttpidelta/RushBoTT-ros2_ws/build/ros_gz_example_gazebo -- -j12 -l12
[7.703s] DEBUG:colcon.colcon_core.event_handler.log_command:Invoked command in '/home/ttpidelta/RushBoTT-ros2_ws/build/ros_gz_example_gazebo' returned '0': AMENT_PREFIX_PATH=/home/ttpidelta/RushBoTT-ros2_ws/install/ros_gz_example_description:${AMENT_PREFIX_PATH} CMAKE_PREFIX_PATH=/home/ttpidelta/RushBoTT-ros2_ws/install/ros_gz_example_description:/opt/ros/jazzy/opt/gz_sim_vendor:/opt/ros/jazzy/opt/gz_sensors_vendor:/opt/ros/jazzy/opt/gz_physics_vendor:/opt/ros/jazzy/opt/sdformat_vendor:/opt/ros/jazzy/opt/gz_gui_vendor:/opt/ros/jazzy/opt/gz_transport_vendor:/opt/ros/jazzy/opt/gz_rendering_vendor:/opt/ros/jazzy/opt/gz_plugin_vendor:/opt/ros/jazzy/opt/gz_fuel_tools_vendor:/opt/ros/jazzy/opt/gz_msgs_vendor:/opt/ros/jazzy/opt/gz_common_vendor:/opt/ros/jazzy/opt/gz_math_vendor:/opt/ros/jazzy/opt/gz_utils_vendor:/opt/ros/jazzy/opt/gz_tools_vendor:/opt/ros/jazzy/opt/gz_ogre_next_vendor:/opt/ros/jazzy/opt/gz_dartsim_vendor:/opt/ros/jazzy/opt/gz_cmake_vendor:/opt/ros/jazzy GZ_SIM_RESOURCE_PATH=/home/ttpidelta/RushBoTT-ros2_ws/install/ros_gz_example_description/share/ros_gz_example_description/models /usr/bin/cmake --build /home/ttpidelta/RushBoTT-ros2_ws/build/ros_gz_example_gazebo -- -j12 -l12
[7.736s] DEBUG:colcon.colcon_core.event_handler.log_command:Invoking command in '/home/ttpidelta/RushBoTT-ros2_ws/build/ros_gz_example_gazebo': AMENT_PREFIX_PATH=/home/ttpidelta/RushBoTT-ros2_ws/install/ros_gz_example_description:${AMENT_PREFIX_PATH} CMAKE_PREFIX_PATH=/home/ttpidelta/RushBoTT-ros2_ws/install/ros_gz_example_description:/opt/ros/jazzy/opt/gz_sim_vendor:/opt/ros/jazzy/opt/gz_sensors_vendor:/opt/ros/jazzy/opt/gz_physics_vendor:/opt/ros/jazzy/opt/sdformat_vendor:/opt/ros/jazzy/opt/gz_gui_vendor:/opt/ros/jazzy/opt/gz_transport_vendor:/opt/ros/jazzy/opt/gz_rendering_vendor:/opt/ros/jazzy/opt/gz_plugin_vendor:/opt/ros/jazzy/opt/gz_fuel_tools_vendor:/opt/ros/jazzy/opt/gz_msgs_vendor:/opt/ros/jazzy/opt/gz_common_vendor:/opt/ros/jazzy/opt/gz_math_vendor:/opt/ros/jazzy/opt/gz_utils_vendor:/opt/ros/jazzy/opt/gz_tools_vendor:/opt/ros/jazzy/opt/gz_ogre_next_vendor:/opt/ros/jazzy/opt/gz_dartsim_vendor:/opt/ros/jazzy/opt/gz_cmake_vendor:/opt/ros/jazzy GZ_SIM_RESOURCE_PATH=/home/ttpidelta/RushBoTT-ros2_ws/install/ros_gz_example_description/share/ros_gz_example_description/models /usr/bin/cmake --install /home/ttpidelta/RushBoTT-ros2_ws/build/ros_gz_example_gazebo
[7.756s] Level 1:colcon.colcon_core.environment:create_environment_scripts_only(ros_gz_example_gazebo)
[7.756s] Level 1:colcon.colcon_core.environment:checking '/home/ttpidelta/RushBoTT-ros2_ws/install/ros_gz_example_gazebo' for CMake module files
[7.756s] DEBUG:colcon.colcon_core.event_handler.log_command:Invoked command in '/home/ttpidelta/RushBoTT-ros2_ws/build/ros_gz_example_gazebo' returned '0': AMENT_PREFIX_PATH=/home/ttpidelta/RushBoTT-ros2_ws/install/ros_gz_example_description:${AMENT_PREFIX_PATH} CMAKE_PREFIX_PATH=/home/ttpidelta/RushBoTT-ros2_ws/install/ros_gz_example_description:/opt/ros/jazzy/opt/gz_sim_vendor:/opt/ros/jazzy/opt/gz_sensors_vendor:/opt/ros/jazzy/opt/gz_physics_vendor:/opt/ros/jazzy/opt/sdformat_vendor:/opt/ros/jazzy/opt/gz_gui_vendor:/opt/ros/jazzy/opt/gz_transport_vendor:/opt/ros/jazzy/opt/gz_rendering_vendor:/opt/ros/jazzy/opt/gz_plugin_vendor:/opt/ros/jazzy/opt/gz_fuel_tools_vendor:/opt/ros/jazzy/opt/gz_msgs_vendor:/opt/ros/jazzy/opt/gz_common_vendor:/opt/ros/jazzy/opt/gz_math_vendor:/opt/ros/jazzy/opt/gz_utils_vendor:/opt/ros/jazzy/opt/gz_tools_vendor:/opt/ros/jazzy/opt/gz_ogre_next_vendor:/opt/ros/jazzy/opt/gz_dartsim_vendor:/opt/ros/jazzy/opt/gz_cmake_vendor:/opt/ros/jazzy GZ_SIM_RESOURCE_PATH=/home/ttpidelta/RushBoTT-ros2_ws/install/ros_gz_example_description/share/ros_gz_example_description/models /usr/bin/cmake --install /home/ttpidelta/RushBoTT-ros2_ws/build/ros_gz_example_gazebo
[7.757s] Level 1:colcon.colcon_core.environment:checking '/home/ttpidelta/RushBoTT-ros2_ws/install/ros_gz_example_gazebo' for CMake config files
[7.758s] Level 1:colcon.colcon_core.shell:create_environment_hook('ros_gz_example_gazebo', 'cmake_prefix_path')
[7.758s] INFO:colcon.colcon_core.shell:Creating environment hook '/home/ttpidelta/RushBoTT-ros2_ws/install/ros_gz_example_gazebo/share/ros_gz_example_gazebo/hook/cmake_prefix_path.ps1'
[7.759s] INFO:colcon.colcon_core.shell:Creating environment descriptor '/home/ttpidelta/RushBoTT-ros2_ws/install/ros_gz_example_gazebo/share/ros_gz_example_gazebo/hook/cmake_prefix_path.dsv'
[7.759s] INFO:colcon.colcon_core.shell:Creating environment hook '/home/ttpidelta/RushBoTT-ros2_ws/install/ros_gz_example_gazebo/share/ros_gz_example_gazebo/hook/cmake_prefix_path.sh'
[7.760s] Level 1:colcon.colcon_core.environment:checking '/home/ttpidelta/RushBoTT-ros2_ws/install/ros_gz_example_gazebo/lib'
[7.760s] Level 1:colcon.colcon_core.environment:checking '/home/ttpidelta/RushBoTT-ros2_ws/install/ros_gz_example_gazebo/bin'
[7.760s] Level 1:colcon.colcon_core.environment:checking '/home/ttpidelta/RushBoTT-ros2_ws/install/ros_gz_example_gazebo/lib/pkgconfig/ros_gz_example_gazebo.pc'
[7.760s] Level 1:colcon.colcon_core.environment:checking '/home/ttpidelta/RushBoTT-ros2_ws/install/ros_gz_example_gazebo/lib/python3.12/site-packages'
[7.760s] Level 1:colcon.colcon_core.environment:checking '/home/ttpidelta/RushBoTT-ros2_ws/install/ros_gz_example_gazebo/bin'
[7.761s] INFO:colcon.colcon_core.shell:Creating package script '/home/ttpidelta/RushBoTT-ros2_ws/install/ros_gz_example_gazebo/share/ros_gz_example_gazebo/package.ps1'
[7.761s] INFO:colcon.colcon_core.shell:Creating package descriptor '/home/ttpidelta/RushBoTT-ros2_ws/install/ros_gz_example_gazebo/share/ros_gz_example_gazebo/package.dsv'
[7.761s] INFO:colcon.colcon_core.shell:Creating package script '/home/ttpidelta/RushBoTT-ros2_ws/install/ros_gz_example_gazebo/share/ros_gz_example_gazebo/package.sh'
[7.762s] INFO:colcon.colcon_core.shell:Creating package script '/home/ttpidelta/RushBoTT-ros2_ws/install/ros_gz_example_gazebo/share/ros_gz_example_gazebo/package.bash'
[7.762s] INFO:colcon.colcon_core.shell:Creating package script '/home/ttpidelta/RushBoTT-ros2_ws/install/ros_gz_example_gazebo/share/ros_gz_example_gazebo/package.zsh'
[7.762s] Level 1:colcon.colcon_core.environment:create_file_with_runtime_dependencies(/home/ttpidelta/RushBoTT-ros2_ws/install/ros_gz_example_gazebo/share/colcon-core/packages/ros_gz_example_gazebo)
[7.795s] Level 1:colcon.colcon_core.environment:create_environment_scripts_only(ros_gz_example_gazebo)
[7.795s] Level 1:colcon.colcon_core.environment:checking '/home/ttpidelta/RushBoTT-ros2_ws/install/ros_gz_example_gazebo' for CMake module files
[7.796s] Level 1:colcon.colcon_core.environment:checking '/home/ttpidelta/RushBoTT-ros2_ws/install/ros_gz_example_gazebo' for CMake config files
[7.796s] Level 1:colcon.colcon_core.shell:create_environment_hook('ros_gz_example_gazebo', 'cmake_prefix_path')
[7.797s] INFO:colcon.colcon_core.shell:Creating environment hook '/home/ttpidelta/RushBoTT-ros2_ws/install/ros_gz_example_gazebo/share/ros_gz_example_gazebo/hook/cmake_prefix_path.ps1'
[7.797s] INFO:colcon.colcon_core.shell:Creating environment descriptor '/home/ttpidelta/RushBoTT-ros2_ws/install/ros_gz_example_gazebo/share/ros_gz_example_gazebo/hook/cmake_prefix_path.dsv'
[7.798s] INFO:colcon.colcon_core.shell:Creating environment hook '/home/ttpidelta/RushBoTT-ros2_ws/install/ros_gz_example_gazebo/share/ros_gz_example_gazebo/hook/cmake_prefix_path.sh'
[7.798s] Level 1:colcon.colcon_core.environment:checking '/home/ttpidelta/RushBoTT-ros2_ws/install/ros_gz_example_gazebo/lib'
[7.798s] Level 1:colcon.colcon_core.environment:checking '/home/ttpidelta/RushBoTT-ros2_ws/install/ros_gz_example_gazebo/bin'
[7.798s] Level 1:colcon.colcon_core.environment:checking '/home/ttpidelta/RushBoTT-ros2_ws/install/ros_gz_example_gazebo/lib/pkgconfig/ros_gz_example_gazebo.pc'
[7.798s] Level 1:colcon.colcon_core.environment:checking '/home/ttpidelta/RushBoTT-ros2_ws/install/ros_gz_example_gazebo/lib/python3.12/site-packages'
[7.799s] Level 1:colcon.colcon_core.environment:checking '/home/ttpidelta/RushBoTT-ros2_ws/install/ros_gz_example_gazebo/bin'
[7.799s] INFO:colcon.colcon_core.shell:Creating package script '/home/ttpidelta/RushBoTT-ros2_ws/install/ros_gz_example_gazebo/share/ros_gz_example_gazebo/package.ps1'
[7.799s] INFO:colcon.colcon_core.shell:Creating package descriptor '/home/ttpidelta/RushBoTT-ros2_ws/install/ros_gz_example_gazebo/share/ros_gz_example_gazebo/package.dsv'
[7.800s] INFO:colcon.colcon_core.shell:Creating package script '/home/ttpidelta/RushBoTT-ros2_ws/install/ros_gz_example_gazebo/share/ros_gz_example_gazebo/package.sh'
[7.800s] INFO:colcon.colcon_core.shell:Creating package script '/home/ttpidelta/RushBoTT-ros2_ws/install/ros_gz_example_gazebo/share/ros_gz_example_gazebo/package.bash'
[7.800s] INFO:colcon.colcon_core.shell:Creating package script '/home/ttpidelta/RushBoTT-ros2_ws/install/ros_gz_example_gazebo/share/ros_gz_example_gazebo/package.zsh'
[7.801s] Level 1:colcon.colcon_core.environment:create_file_with_runtime_dependencies(/home/ttpidelta/RushBoTT-ros2_ws/install/ros_gz_example_gazebo/share/colcon-core/packages/ros_gz_example_gazebo)
[7.801s] INFO:colcon.colcon_ros.task.ament_cmake.build:Building ROS package in '/home/ttpidelta/RushBoTT-ros2_ws/src/rushbott/ros_gz_example_bringup' with build type 'ament_cmake'
[7.801s] INFO:colcon.colcon_cmake.task.cmake.build:Building CMake package in '/home/ttpidelta/RushBoTT-ros2_ws/src/rushbott/ros_gz_example_bringup'
[7.802s] INFO:colcon.colcon_core.shell:Skip shell extension 'powershell' for command environment: Not usable outside of PowerShell
[7.802s] DEBUG:colcon.colcon_core.shell:Skip shell extension 'dsv' for command environment
[7.813s] DEBUG:colcon.colcon_core.event_handler.log_command:Invoking command in '/home/ttpidelta/RushBoTT-ros2_ws/build/ros_gz_example_bringup': AMENT_PREFIX_PATH=/home/ttpidelta/RushBoTT-ros2_ws/install/ros_gz_example_gazebo:/home/ttpidelta/RushBoTT-ros2_ws/install/ros_gz_example_description:${AMENT_PREFIX_PATH} CMAKE_PREFIX_PATH=/home/ttpidelta/RushBoTT-ros2_ws/install/ros_gz_example_gazebo:/home/ttpidelta/RushBoTT-ros2_ws/install/ros_gz_example_description:/opt/ros/jazzy/opt/gz_sim_vendor:/opt/ros/jazzy/opt/gz_sensors_vendor:/opt/ros/jazzy/opt/gz_physics_vendor:/opt/ros/jazzy/opt/sdformat_vendor:/opt/ros/jazzy/opt/gz_gui_vendor:/opt/ros/jazzy/opt/gz_transport_vendor:/opt/ros/jazzy/opt/gz_rendering_vendor:/opt/ros/jazzy/opt/gz_plugin_vendor:/opt/ros/jazzy/opt/gz_fuel_tools_vendor:/opt/ros/jazzy/opt/gz_msgs_vendor:/opt/ros/jazzy/opt/gz_common_vendor:/opt/ros/jazzy/opt/gz_math_vendor:/opt/ros/jazzy/opt/gz_utils_vendor:/opt/ros/jazzy/opt/gz_tools_vendor:/opt/ros/jazzy/opt/gz_ogre_next_vendor:/opt/ros/jazzy/opt/gz_dartsim_vendor:/opt/ros/jazzy/opt/gz_cmake_vendor:/opt/ros/jazzy GZ_SIM_PLUGIN_PATH=/home/ttpidelta/RushBoTT-ros2_ws/install/ros_gz_example_gazebo/lib/ros_gz_example_gazebo GZ_SIM_RESOURCE_PATH=/home/ttpidelta/RushBoTT-ros2_ws/install/ros_gz_example_gazebo/share/ros_gz_example_gazebo/worlds:/home/ttpidelta/RushBoTT-ros2_ws/install/ros_gz_example_description/share/ros_gz_example_description/models /usr/bin/cmake /home/ttpidelta/RushBoTT-ros2_ws/src/rushbott/ros_gz_example_bringup -DBUILD_TESTING=ON -DCMAKE_INSTALL_PREFIX=/home/ttpidelta/RushBoTT-ros2_ws/install/ros_gz_example_bringup
[8.637s] DEBUG:colcon.colcon_core.event_handler.log_command:Invoked command in '/home/ttpidelta/RushBoTT-ros2_ws/build/ros_gz_example_bringup' returned '0': AMENT_PREFIX_PATH=/home/ttpidelta/RushBoTT-ros2_ws/install/ros_gz_example_gazebo:/home/ttpidelta/RushBoTT-ros2_ws/install/ros_gz_example_description:${AMENT_PREFIX_PATH} CMAKE_PREFIX_PATH=/home/ttpidelta/RushBoTT-ros2_ws/install/ros_gz_example_gazebo:/home/ttpidelta/RushBoTT-ros2_ws/install/ros_gz_example_description:/opt/ros/jazzy/opt/gz_sim_vendor:/opt/ros/jazzy/opt/gz_sensors_vendor:/opt/ros/jazzy/opt/gz_physics_vendor:/opt/ros/jazzy/opt/sdformat_vendor:/opt/ros/jazzy/opt/gz_gui_vendor:/opt/ros/jazzy/opt/gz_transport_vendor:/opt/ros/jazzy/opt/gz_rendering_vendor:/opt/ros/jazzy/opt/gz_plugin_vendor:/opt/ros/jazzy/opt/gz_fuel_tools_vendor:/opt/ros/jazzy/opt/gz_msgs_vendor:/opt/ros/jazzy/opt/gz_common_vendor:/opt/ros/jazzy/opt/gz_math_vendor:/opt/ros/jazzy/opt/gz_utils_vendor:/opt/ros/jazzy/opt/gz_tools_vendor:/opt/ros/jazzy/opt/gz_ogre_next_vendor:/opt/ros/jazzy/opt/gz_dartsim_vendor:/opt/ros/jazzy/opt/gz_cmake_vendor:/opt/ros/jazzy GZ_SIM_PLUGIN_PATH=/home/ttpidelta/RushBoTT-ros2_ws/install/ros_gz_example_gazebo/lib/ros_gz_example_gazebo GZ_SIM_RESOURCE_PATH=/home/ttpidelta/RushBoTT-ros2_ws/install/ros_gz_example_gazebo/share/ros_gz_example_gazebo/worlds:/home/ttpidelta/RushBoTT-ros2_ws/install/ros_gz_example_description/share/ros_gz_example_description/models /usr/bin/cmake /home/ttpidelta/RushBoTT-ros2_ws/src/rushbott/ros_gz_example_bringup -DBUILD_TESTING=ON -DCMAKE_INSTALL_PREFIX=/home/ttpidelta/RushBoTT-ros2_ws/install/ros_gz_example_bringup
[8.638s] DEBUG:colcon.colcon_core.event_handler.log_command:Invoking command in '/home/ttpidelta/RushBoTT-ros2_ws/build/ros_gz_example_bringup': AMENT_PREFIX_PATH=/home/ttpidelta/RushBoTT-ros2_ws/install/ros_gz_example_gazebo:/home/ttpidelta/RushBoTT-ros2_ws/install/ros_gz_example_description:${AMENT_PREFIX_PATH} CMAKE_PREFIX_PATH=/home/ttpidelta/RushBoTT-ros2_ws/install/ros_gz_example_gazebo:/home/ttpidelta/RushBoTT-ros2_ws/install/ros_gz_example_description:/opt/ros/jazzy/opt/gz_sim_vendor:/opt/ros/jazzy/opt/gz_sensors_vendor:/opt/ros/jazzy/opt/gz_physics_vendor:/opt/ros/jazzy/opt/sdformat_vendor:/opt/ros/jazzy/opt/gz_gui_vendor:/opt/ros/jazzy/opt/gz_transport_vendor:/opt/ros/jazzy/opt/gz_rendering_vendor:/opt/ros/jazzy/opt/gz_plugin_vendor:/opt/ros/jazzy/opt/gz_fuel_tools_vendor:/opt/ros/jazzy/opt/gz_msgs_vendor:/opt/ros/jazzy/opt/gz_common_vendor:/opt/ros/jazzy/opt/gz_math_vendor:/opt/ros/jazzy/opt/gz_utils_vendor:/opt/ros/jazzy/opt/gz_tools_vendor:/opt/ros/jazzy/opt/gz_ogre_next_vendor:/opt/ros/jazzy/opt/gz_dartsim_vendor:/opt/ros/jazzy/opt/gz_cmake_vendor:/opt/ros/jazzy GZ_SIM_PLUGIN_PATH=/home/ttpidelta/RushBoTT-ros2_ws/install/ros_gz_example_gazebo/lib/ros_gz_example_gazebo GZ_SIM_RESOURCE_PATH=/home/ttpidelta/RushBoTT-ros2_ws/install/ros_gz_example_gazebo/share/ros_gz_example_gazebo/worlds:/home/ttpidelta/RushBoTT-ros2_ws/install/ros_gz_example_description/share/ros_gz_example_description/models /usr/bin/cmake --build /home/ttpidelta/RushBoTT-ros2_ws/build/ros_gz_example_bringup -- -j12 -l12
[8.682s] DEBUG:colcon.colcon_core.event_handler.log_command:Invoked command in '/home/ttpidelta/RushBoTT-ros2_ws/build/ros_gz_example_bringup' returned '0': AMENT_PREFIX_PATH=/home/ttpidelta/RushBoTT-ros2_ws/install/ros_gz_example_gazebo:/home/ttpidelta/RushBoTT-ros2_ws/install/ros_gz_example_description:${AMENT_PREFIX_PATH} CMAKE_PREFIX_PATH=/home/ttpidelta/RushBoTT-ros2_ws/install/ros_gz_example_gazebo:/home/ttpidelta/RushBoTT-ros2_ws/install/ros_gz_example_description:/opt/ros/jazzy/opt/gz_sim_vendor:/opt/ros/jazzy/opt/gz_sensors_vendor:/opt/ros/jazzy/opt/gz_physics_vendor:/opt/ros/jazzy/opt/sdformat_vendor:/opt/ros/jazzy/opt/gz_gui_vendor:/opt/ros/jazzy/opt/gz_transport_vendor:/opt/ros/jazzy/opt/gz_rendering_vendor:/opt/ros/jazzy/opt/gz_plugin_vendor:/opt/ros/jazzy/opt/gz_fuel_tools_vendor:/opt/ros/jazzy/opt/gz_msgs_vendor:/opt/ros/jazzy/opt/gz_common_vendor:/opt/ros/jazzy/opt/gz_math_vendor:/opt/ros/jazzy/opt/gz_utils_vendor:/opt/ros/jazzy/opt/gz_tools_vendor:/opt/ros/jazzy/opt/gz_ogre_next_vendor:/opt/ros/jazzy/opt/gz_dartsim_vendor:/opt/ros/jazzy/opt/gz_cmake_vendor:/opt/ros/jazzy GZ_SIM_PLUGIN_PATH=/home/ttpidelta/RushBoTT-ros2_ws/install/ros_gz_example_gazebo/lib/ros_gz_example_gazebo GZ_SIM_RESOURCE_PATH=/home/ttpidelta/RushBoTT-ros2_ws/install/ros_gz_example_gazebo/share/ros_gz_example_gazebo/worlds:/home/ttpidelta/RushBoTT-ros2_ws/install/ros_gz_example_description/share/ros_gz_example_description/models /usr/bin/cmake --build /home/ttpidelta/RushBoTT-ros2_ws/build/ros_gz_example_bringup -- -j12 -l12
[8.707s] DEBUG:colcon.colcon_core.event_handler.log_command:Invoking command in '/home/ttpidelta/RushBoTT-ros2_ws/build/ros_gz_example_bringup': AMENT_PREFIX_PATH=/home/ttpidelta/RushBoTT-ros2_ws/install/ros_gz_example_gazebo:/home/ttpidelta/RushBoTT-ros2_ws/install/ros_gz_example_description:${AMENT_PREFIX_PATH} CMAKE_PREFIX_PATH=/home/ttpidelta/RushBoTT-ros2_ws/install/ros_gz_example_gazebo:/home/ttpidelta/RushBoTT-ros2_ws/install/ros_gz_example_description:/opt/ros/jazzy/opt/gz_sim_vendor:/opt/ros/jazzy/opt/gz_sensors_vendor:/opt/ros/jazzy/opt/gz_physics_vendor:/opt/ros/jazzy/opt/sdformat_vendor:/opt/ros/jazzy/opt/gz_gui_vendor:/opt/ros/jazzy/opt/gz_transport_vendor:/opt/ros/jazzy/opt/gz_rendering_vendor:/opt/ros/jazzy/opt/gz_plugin_vendor:/opt/ros/jazzy/opt/gz_fuel_tools_vendor:/opt/ros/jazzy/opt/gz_msgs_vendor:/opt/ros/jazzy/opt/gz_common_vendor:/opt/ros/jazzy/opt/gz_math_vendor:/opt/ros/jazzy/opt/gz_utils_vendor:/opt/ros/jazzy/opt/gz_tools_vendor:/opt/ros/jazzy/opt/gz_ogre_next_vendor:/opt/ros/jazzy/opt/gz_dartsim_vendor:/opt/ros/jazzy/opt/gz_cmake_vendor:/opt/ros/jazzy GZ_SIM_PLUGIN_PATH=/home/ttpidelta/RushBoTT-ros2_ws/install/ros_gz_example_gazebo/lib/ros_gz_example_gazebo GZ_SIM_RESOURCE_PATH=/home/ttpidelta/RushBoTT-ros2_ws/install/ros_gz_example_gazebo/share/ros_gz_example_gazebo/worlds:/home/ttpidelta/RushBoTT-ros2_ws/install/ros_gz_example_description/share/ros_gz_example_description/models /usr/bin/cmake --install /home/ttpidelta/RushBoTT-ros2_ws/build/ros_gz_example_bringup
[8.724s] Level 1:colcon.colcon_core.environment:create_environment_scripts_only(ros_gz_example_bringup)
[8.725s] Level 1:colcon.colcon_core.environment:checking '/home/ttpidelta/RushBoTT-ros2_ws/install/ros_gz_example_bringup' for CMake module files
[8.725s] DEBUG:colcon.colcon_core.event_handler.log_command:Invoked command in '/home/ttpidelta/RushBoTT-ros2_ws/build/ros_gz_example_bringup' returned '0': AMENT_PREFIX_PATH=/home/ttpidelta/RushBoTT-ros2_ws/install/ros_gz_example_gazebo:/home/ttpidelta/RushBoTT-ros2_ws/install/ros_gz_example_description:${AMENT_PREFIX_PATH} CMAKE_PREFIX_PATH=/home/ttpidelta/RushBoTT-ros2_ws/install/ros_gz_example_gazebo:/home/ttpidelta/RushBoTT-ros2_ws/install/ros_gz_example_description:/opt/ros/jazzy/opt/gz_sim_vendor:/opt/ros/jazzy/opt/gz_sensors_vendor:/opt/ros/jazzy/opt/gz_physics_vendor:/opt/ros/jazzy/opt/sdformat_vendor:/opt/ros/jazzy/opt/gz_gui_vendor:/opt/ros/jazzy/opt/gz_transport_vendor:/opt/ros/jazzy/opt/gz_rendering_vendor:/opt/ros/jazzy/opt/gz_plugin_vendor:/opt/ros/jazzy/opt/gz_fuel_tools_vendor:/opt/ros/jazzy/opt/gz_msgs_vendor:/opt/ros/jazzy/opt/gz_common_vendor:/opt/ros/jazzy/opt/gz_math_vendor:/opt/ros/jazzy/opt/gz_utils_vendor:/opt/ros/jazzy/opt/gz_tools_vendor:/opt/ros/jazzy/opt/gz_ogre_next_vendor:/opt/ros/jazzy/opt/gz_dartsim_vendor:/opt/ros/jazzy/opt/gz_cmake_vendor:/opt/ros/jazzy GZ_SIM_PLUGIN_PATH=/home/ttpidelta/RushBoTT-ros2_ws/install/ros_gz_example_gazebo/lib/ros_gz_example_gazebo GZ_SIM_RESOURCE_PATH=/home/ttpidelta/RushBoTT-ros2_ws/install/ros_gz_example_gazebo/share/ros_gz_example_gazebo/worlds:/home/ttpidelta/RushBoTT-ros2_ws/install/ros_gz_example_description/share/ros_gz_example_description/models /usr/bin/cmake --install /home/ttpidelta/RushBoTT-ros2_ws/build/ros_gz_example_bringup
[8.726s] Level 1:colcon.colcon_core.environment:checking '/home/ttpidelta/RushBoTT-ros2_ws/install/ros_gz_example_bringup' for CMake config files
[8.726s] Level 1:colcon.colcon_core.shell:create_environment_hook('ros_gz_example_bringup', 'cmake_prefix_path')
[8.726s] INFO:colcon.colcon_core.shell:Creating environment hook '/home/ttpidelta/RushBoTT-ros2_ws/install/ros_gz_example_bringup/share/ros_gz_example_bringup/hook/cmake_prefix_path.ps1'
[8.727s] INFO:colcon.colcon_core.shell:Creating environment descriptor '/home/ttpidelta/RushBoTT-ros2_ws/install/ros_gz_example_bringup/share/ros_gz_example_bringup/hook/cmake_prefix_path.dsv'
[8.728s] INFO:colcon.colcon_core.shell:Creating environment hook '/home/ttpidelta/RushBoTT-ros2_ws/install/ros_gz_example_bringup/share/ros_gz_example_bringup/hook/cmake_prefix_path.sh'
[8.729s] Level 1:colcon.colcon_core.environment:checking '/home/ttpidelta/RushBoTT-ros2_ws/install/ros_gz_example_bringup/bin'
[8.729s] Level 1:colcon.colcon_core.environment:checking '/home/ttpidelta/RushBoTT-ros2_ws/install/ros_gz_example_bringup/lib/pkgconfig/ros_gz_example_bringup.pc'
[8.729s] Level 1:colcon.colcon_core.environment:checking '/home/ttpidelta/RushBoTT-ros2_ws/install/ros_gz_example_bringup/lib/python3.12/site-packages'
[8.729s] Level 1:colcon.colcon_core.environment:checking '/home/ttpidelta/RushBoTT-ros2_ws/install/ros_gz_example_bringup/bin'
[8.730s] INFO:colcon.colcon_core.shell:Creating package script '/home/ttpidelta/RushBoTT-ros2_ws/install/ros_gz_example_bringup/share/ros_gz_example_bringup/package.ps1'
[8.731s] INFO:colcon.colcon_core.shell:Creating package descriptor '/home/ttpidelta/RushBoTT-ros2_ws/install/ros_gz_example_bringup/share/ros_gz_example_bringup/package.dsv'
[8.731s] INFO:colcon.colcon_core.shell:Creating package script '/home/ttpidelta/RushBoTT-ros2_ws/install/ros_gz_example_bringup/share/ros_gz_example_bringup/package.sh'
[8.731s] INFO:colcon.colcon_core.shell:Creating package script '/home/ttpidelta/RushBoTT-ros2_ws/install/ros_gz_example_bringup/share/ros_gz_example_bringup/package.bash'
[8.732s] INFO:colcon.colcon_core.shell:Creating package script '/home/ttpidelta/RushBoTT-ros2_ws/install/ros_gz_example_bringup/share/ros_gz_example_bringup/package.zsh'
[8.732s] Level 1:colcon.colcon_core.environment:create_file_with_runtime_dependencies(/home/ttpidelta/RushBoTT-ros2_ws/install/ros_gz_example_bringup/share/colcon-core/packages/ros_gz_example_bringup)
[8.759s] Level 1:colcon.colcon_core.environment:create_environment_scripts_only(ros_gz_example_bringup)
[8.759s] Level 1:colcon.colcon_core.environment:checking '/home/ttpidelta/RushBoTT-ros2_ws/install/ros_gz_example_bringup' for CMake module files
[8.760s] Level 1:colcon.colcon_core.environment:checking '/home/ttpidelta/RushBoTT-ros2_ws/install/ros_gz_example_bringup' for CMake config files
[8.760s] Level 1:colcon.colcon_core.shell:create_environment_hook('ros_gz_example_bringup', 'cmake_prefix_path')
[8.760s] INFO:colcon.colcon_core.shell:Creating environment hook '/home/ttpidelta/RushBoTT-ros2_ws/install/ros_gz_example_bringup/share/ros_gz_example_bringup/hook/cmake_prefix_path.ps1'
[8.761s] INFO:colcon.colcon_core.shell:Creating environment descriptor '/home/ttpidelta/RushBoTT-ros2_ws/install/ros_gz_example_bringup/share/ros_gz_example_bringup/hook/cmake_prefix_path.dsv'
[8.761s] INFO:colcon.colcon_core.shell:Creating environment hook '/home/ttpidelta/RushBoTT-ros2_ws/install/ros_gz_example_bringup/share/ros_gz_example_bringup/hook/cmake_prefix_path.sh'
[8.762s] Level 1:colcon.colcon_core.environment:checking '/home/ttpidelta/RushBoTT-ros2_ws/install/ros_gz_example_bringup/bin'
[8.762s] Level 1:colcon.colcon_core.environment:checking '/home/ttpidelta/RushBoTT-ros2_ws/install/ros_gz_example_bringup/lib/pkgconfig/ros_gz_example_bringup.pc'
[8.762s] Level 1:colcon.colcon_core.environment:checking '/home/ttpidelta/RushBoTT-ros2_ws/install/ros_gz_example_bringup/lib/python3.12/site-packages'
[8.762s] Level 1:colcon.colcon_core.environment:checking '/home/ttpidelta/RushBoTT-ros2_ws/install/ros_gz_example_bringup/bin'
[8.762s] INFO:colcon.colcon_core.shell:Creating package script '/home/ttpidelta/RushBoTT-ros2_ws/install/ros_gz_example_bringup/share/ros_gz_example_bringup/package.ps1'
[8.763s] INFO:colcon.colcon_core.shell:Creating package descriptor '/home/ttpidelta/RushBoTT-ros2_ws/install/ros_gz_example_bringup/share/ros_gz_example_bringup/package.dsv'
[8.763s] INFO:colcon.colcon_core.shell:Creating package script '/home/ttpidelta/RushBoTT-ros2_ws/install/ros_gz_example_bringup/share/ros_gz_example_bringup/package.sh'
[8.764s] INFO:colcon.colcon_core.shell:Creating package script '/home/ttpidelta/RushBoTT-ros2_ws/install/ros_gz_example_bringup/share/ros_gz_example_bringup/package.bash'
[8.764s] INFO:colcon.colcon_core.shell:Creating package script '/home/ttpidelta/RushBoTT-ros2_ws/install/ros_gz_example_bringup/share/ros_gz_example_bringup/package.zsh'
[8.764s] Level 1:colcon.colcon_core.environment:create_file_with_runtime_dependencies(/home/ttpidelta/RushBoTT-ros2_ws/install/ros_gz_example_bringup/share/colcon-core/packages/ros_gz_example_bringup)
[8.765s] DEBUG:colcon.colcon_parallel_executor.executor.parallel:closing loop
[8.765s] DEBUG:colcon.colcon_parallel_executor.executor.parallel:loop closed
[8.766s] DEBUG:colcon.colcon_parallel_executor.executor.parallel:run_until_complete finished with '0'
[8.766s] DEBUG:colcon.colcon_core.event_reactor:joining thread
[8.771s] INFO:colcon.colcon_core.plugin_system:Skipping extension 'colcon_notification.desktop_notification.notify_send': Could not find 'notify-send'
[8.771s] INFO:colcon.colcon_core.plugin_system:Skipping extension 'colcon_notification.desktop_notification.terminal_notifier': Not used on non-Darwin systems
[8.771s] INFO:colcon.colcon_core.plugin_system:Skipping extension 'colcon_notification.desktop_notification.win32': Not used on non-Windows systems
[8.772s] INFO:colcon.colcon_notification.desktop_notification:Sending desktop notification using 'notify2'
[8.775s] DEBUG:colcon.colcon_notification.desktop_notification.notify2:Failed to initialize notify2: org.freedesktop.DBus.Error.Spawn.ExecFailed: /usr/bin/dbus-launch terminated abnormally without any error message
[8.775s] DEBUG:colcon.colcon_core.event_reactor:joined thread
[8.775s] INFO:colcon.colcon_core.shell:Creating prefix script '/home/ttpidelta/RushBoTT-ros2_ws/install/local_setup.ps1'
[8.777s] INFO:colcon.colcon_core.shell:Creating prefix util module '/home/ttpidelta/RushBoTT-ros2_ws/install/_local_setup_util_ps1.py'
[8.778s] INFO:colcon.colcon_core.shell:Creating prefix chain script '/home/ttpidelta/RushBoTT-ros2_ws/install/setup.ps1'
[8.779s] INFO:colcon.colcon_core.shell:Creating prefix script '/home/ttpidelta/RushBoTT-ros2_ws/install/local_setup.sh'
[8.780s] INFO:colcon.colcon_core.shell:Creating prefix util module '/home/ttpidelta/RushBoTT-ros2_ws/install/_local_setup_util_sh.py'
[8.780s] INFO:colcon.colcon_core.shell:Creating prefix chain script '/home/ttpidelta/RushBoTT-ros2_ws/install/setup.sh'
[8.781s] INFO:colcon.colcon_core.shell:Creating prefix script '/home/ttpidelta/RushBoTT-ros2_ws/install/local_setup.bash'
[8.782s] INFO:colcon.colcon_core.shell:Creating prefix chain script '/home/ttpidelta/RushBoTT-ros2_ws/install/setup.bash'
[8.782s] INFO:colcon.colcon_core.shell:Creating prefix script '/home/ttpidelta/RushBoTT-ros2_ws/install/local_setup.zsh'
[8.783s] INFO:colcon.colcon_core.shell:Creating prefix chain script '/home/ttpidelta/RushBoTT-ros2_ws/install/setup.zsh'
