[0.013s] Invoking command in '/home/ttpidelta/RushBoTT-ros2_ws/build/ros_gz_example_gazebo': AMENT_PREFIX_PATH=/home/ttpidelta/RushBoTT-ros2_ws/install/ros_gz_example_description:${AMENT_PREFIX_PATH} CMAKE_PREFIX_PATH=/home/ttpidelta/RushBoTT-ros2_ws/install/ros_gz_example_description:/opt/ros/jazzy/opt/gz_sim_vendor:/opt/ros/jazzy/opt/gz_sensors_vendor:/opt/ros/jazzy/opt/gz_physics_vendor:/opt/ros/jazzy/opt/sdformat_vendor:/opt/ros/jazzy/opt/gz_gui_vendor:/opt/ros/jazzy/opt/gz_transport_vendor:/opt/ros/jazzy/opt/gz_rendering_vendor:/opt/ros/jazzy/opt/gz_plugin_vendor:/opt/ros/jazzy/opt/gz_fuel_tools_vendor:/opt/ros/jazzy/opt/gz_msgs_vendor:/opt/ros/jazzy/opt/gz_common_vendor:/opt/ros/jazzy/opt/gz_math_vendor:/opt/ros/jazzy/opt/gz_utils_vendor:/opt/ros/jazzy/opt/gz_tools_vendor:/opt/ros/jazzy/opt/gz_ogre_next_vendor:/opt/ros/jazzy/opt/gz_dartsim_vendor:/opt/ros/jazzy/opt/gz_cmake_vendor:/opt/ros/jazzy GZ_SIM_RESOURCE_PATH=/home/ttpidelta/RushBoTT-ros2_ws/install/ros_gz_example_description/share/ros_gz_example_description/models /usr/bin/cmake --build /home/ttpidelta/RushBoTT-ros2_ws/build/ros_gz_example_gazebo -- -j12 -l12
[0.072s] -- Found ament_cmake: 2.5.2 (/opt/ros/jazzy/share/ament_cmake/cmake)
[0.276s] -- Found ros_gz_example_description: 0.0.0 (/home/ttpidelta/RushBoTT-ros2_ws/install/ros_gz_example_description/share/ros_gz_example_description/cmake)
[0.290s] -- Looking for gz-plugin2 -- found version 2.0.3
[0.290s] -- Searching for dependencies of gz-plugin2
[0.291s] -- Looking for gz-utils2 -- found version 2.2.0
[0.292s] -- Searching for dependencies of gz-utils2
[0.293s] -- Searching for <gz-utils2> component [cli]
[0.294s] -- Looking for gz-utils2-cli -- found version 2.2.0
[0.294s] -- Searching for dependencies of gz-utils2-cli
[0.296s] -- Searching for <gz-plugin2> component [register]
[0.297s] -- Looking for gz-plugin2-register -- found version 2.0.3
[0.297s] -- Searching for dependencies of gz-plugin2-register
[0.299s] -- Looking for gz-common5 -- found version 5.7.0
[0.299s] -- Searching for dependencies of gz-common5
[0.299s] -- Looking for gz-utils2 -- found version 2.2.0
[0.300s] -- Looking for dlfcn.h - found
[0.300s] -- Looking for libdl - found
[0.307s] -- Checking for module 'uuid'
[0.329s] --   Found uuid, version 2.39.3
[0.362s] -- Searching for <gz-common5> component [profiler]
[0.363s] -- Looking for gz-common5-profiler -- found version 5.7.0
[0.363s] -- Searching for dependencies of gz-common5-profiler
[0.366s] -- Looking for gz-sim8 -- found version 8.7.0
[0.366s] -- Searching for dependencies of gz-sim8
[0.367s] -- Looking for sdformat14 -- found version 14.5.0
[0.367s] -- Searching for dependencies of sdformat14
[0.372s] -- Checking for module 'tinyxml2'
[0.386s] --   Found tinyxml2, version 10.0.0
[0.416s] -- Looking for gz-math7 -- found version 7.5.1
[0.416s] -- Searching for dependencies of gz-math7
[0.417s] -- Looking for gz-utils2 -- found version 2.2.0
[0.419s] -- Looking for gz-utils2 -- found version 2.2.0
[0.421s] -- Looking for gz-plugin2 -- found version 2.0.3
[0.422s] -- Searching for dependencies of gz-plugin2
[0.422s] -- Looking for gz-utils2 -- found version 2.2.0
[0.422s] -- Searching for <gz-plugin2> component [loader]
[0.423s] -- Looking for gz-plugin2-loader -- found version 2.0.3
[0.424s] -- Searching for dependencies of gz-plugin2-loader
[0.424s] -- Searching for <gz-plugin2> component [register]
[0.426s] -- Looking for gz-transport13 -- found version 13.4.0
[0.426s] -- Searching for dependencies of gz-transport13
[0.488s] -- Config-file not installed for ZeroMQ -- checking for pkg-config
[0.492s] -- Checking for module 'libzmq >= 4'
[0.509s] --   Found libzmq, version 4.3.5
[0.563s] -- Looking for gz-utils2 -- found version 2.2.0
[0.564s] -- Looking for gz-msgs10 -- found version 10.3.1
[0.564s] -- Searching for dependencies of gz-msgs10
[0.593s] -- Looking for gz-utils2 -- found version 2.2.0
[0.593s] -- Looking for gz-math7 -- found version 7.5.1
[0.734s] -- Searching for <gz-transport13> component [log]
[0.735s] -- Looking for gz-transport13-log -- found version 13.4.0
[0.735s] -- Searching for dependencies of gz-transport13-log
[0.737s] -- Searching for <gz-transport13> component [parameters]
[0.738s] -- Looking for gz-transport13-parameters -- found version 13.4.0
[0.738s] -- Searching for dependencies of gz-transport13-parameters
[0.740s] -- Looking for gz-msgs10 -- found version 10.3.1
[0.740s] -- Looking for gz-common5 -- found version 5.7.0
[0.741s] -- Searching for dependencies of gz-common5
[0.741s] -- Looking for gz-utils2 -- found version 2.2.0
[0.741s] -- Looking for dlfcn.h - found
[0.741s] -- Looking for libdl - found
[0.749s] -- Searching for <gz-common5> component [av]
[0.750s] -- Looking for gz-common5-av -- found version 5.7.0
[0.751s] -- Searching for dependencies of gz-common5-av
[0.756s] -- Checking for module 'libswscale'
[0.772s] --   Found libswscale, version 7.5.100
[0.810s] -- Checking for module 'libavdevice >= 56.4.100'
[0.824s] --   Found libavdevice, version 60.3.100
[0.880s] -- Checking for module 'libavformat'
[0.896s] --   Found libavformat, version 60.16.100
[0.939s] -- Checking for module 'libavcodec'
[0.954s] --   Found libavcodec, version 60.31.102
[0.994s] -- Checking for module 'libavutil'
[1.010s] --   Found libavutil, version 58.29.100
[1.044s] -- Searching for <gz-common5> component [events]
[1.045s] -- Looking for gz-common5-events -- found version 5.7.0
[1.045s] -- Searching for dependencies of gz-common5-events
[1.045s] -- Looking for gz-math7 -- found version 7.5.1
[1.047s] -- Searching for <gz-common5> component [graphics]
[1.048s] -- Looking for gz-common5-graphics -- found version 5.7.0
[1.048s] -- Searching for dependencies of gz-common5-graphics
[1.049s] -- Looking for gz-math7 -- found version 7.5.1
[1.054s] -- Searching for <gz-common5> component [io]
[1.055s] -- Looking for gz-common5-io -- found version 5.7.0
[1.056s] -- Searching for dependencies of gz-common5-io
[1.057s] -- Searching for <gz-common5> component [profiler]
[1.058s] -- Looking for gz-fuel_tools9 -- found version 9.1.0
[1.058s] -- Searching for dependencies of gz-fuel_tools9
[1.115s] -- Checking for module 'jsoncpp'
[1.132s] --   Found jsoncpp, version 1.9.5
[1.191s] -- Checking for module 'yaml-0.1'
[1.207s] --   Found yaml-0.1, version 0.2.5
[1.248s] -- Checking for module 'libzip'
[1.265s] --   Found libzip, version 1.7.3
[1.301s] -- Looking for gz-utils2 -- found version 2.2.0
[1.302s] -- Looking for gz-common5 -- found version 5.7.0
[1.302s] -- Searching for dependencies of gz-common5
[1.302s] -- Looking for gz-utils2 -- found version 2.2.0
[1.302s] -- Looking for dlfcn.h - found
[1.302s] -- Looking for libdl - found
[1.310s] -- Searching for <gz-common5> component [testing]
[1.311s] -- Looking for gz-common5-testing -- found version 5.7.0
[1.312s] -- Searching for dependencies of gz-common5-testing
[1.313s] -- Looking for gz-math7 -- found version 7.5.1
[1.314s] -- Looking for gz-msgs10 -- found version 10.3.1
[1.317s] -- Looking for gz-gui8 -- found version 8.3.0
[1.317s] -- Searching for dependencies of gz-gui8
[1.352s] -- Looking for gz-utils2 -- found version 2.2.0
[1.352s] -- Looking for gz-math7 -- found version 7.5.1
[1.352s] -- Looking for gz-common5 -- found version 5.7.0
[1.353s] -- Looking for gz-plugin2 -- found version 2.0.3
[1.354s] -- Looking for gz-transport13 -- found version 13.4.0
[1.355s] -- Looking for gz-rendering8 -- found version 8.2.1
[1.355s] -- Searching for dependencies of gz-rendering8
[1.356s] -- Looking for gz-math7 -- found version 7.5.1
[1.356s] -- Searching for dependencies of gz-math7
[1.356s] -- Looking for gz-utils2 -- found version 2.2.0
[1.357s] -- Searching for <gz-math7> component [eigen3]
[1.358s] -- Looking for gz-math7-eigen3 -- found version 7.5.1
[1.358s] -- Searching for dependencies of gz-math7-eigen3
[1.361s] -- Looking for gz-common5 -- found version 5.7.0
[1.361s] -- Searching for dependencies of gz-common5
[1.361s] -- Looking for gz-utils2 -- found version 2.2.0
[1.362s] -- Looking for dlfcn.h - found
[1.363s] -- Looking for libdl - found
[1.370s] -- Searching for <gz-common5> component [graphics]
[1.371s] -- Searching for <gz-common5> component [events]
[1.371s] -- Searching for <gz-common5> component [geospatial]
[1.371s] -- Looking for gz-common5-geospatial -- found version 5.7.0
[1.372s] -- Searching for dependencies of gz-common5-geospatial
[1.372s] -- Looking for gz-math7 -- found version 7.5.1
[1.372s] -- Looking for gz-common5 -- found version 5.7.0
[1.374s] -- Looking for gz-plugin2 -- found version 2.0.3
[1.374s] -- Searching for dependencies of gz-plugin2
[1.375s] -- Looking for gz-utils2 -- found version 2.2.0
[1.375s] -- Searching for <gz-plugin2> component [all]
[1.376s] -- Looking for all libraries of gz-plugin2 -- found version 2.0.3
[1.376s] -- Looking for gz-plugin2 -- found version 2.0.3
[1.378s] -- Looking for gz-utils2 -- found version 2.2.0
[1.388s] -- Looking for gz-msgs10 -- found version 10.3.1
[1.422s] -- Looking for gz-physics7 -- found version 7.4.0
[1.422s] -- Searching for dependencies of gz-physics7
[1.423s] -- Looking for gz-common5 -- found version 5.7.0
[1.423s] -- Looking for gz-math7 -- found version 7.5.1
[1.424s] -- Looking for gz-plugin2 -- found version 2.0.3
[1.424s] -- Looking for gz-utils2 -- found version 2.2.0
[1.426s] -- Searching for <gz-physics7> component [heightmap]
[1.427s] -- Looking for gz-physics7-heightmap -- found version 7.4.0
[1.427s] -- Searching for dependencies of gz-physics7-heightmap
[1.428s] -- Looking for gz-common5 -- found version 5.7.0
[1.429s] -- Searching for <gz-physics7> component [mesh]
[1.430s] -- Looking for gz-physics7-mesh -- found version 7.4.0
[1.430s] -- Searching for dependencies of gz-physics7-mesh
[1.430s] -- Looking for gz-common5 -- found version 5.7.0
[1.431s] -- Searching for <gz-physics7> component [sdf]
[1.433s] -- Looking for gz-physics7-sdf -- found version 7.4.0
[1.433s] -- Searching for dependencies of gz-physics7-sdf
[1.433s] -- Looking for sdformat14 -- found version 14.5.0
[1.435s] -- Looking for gz-sensors8 -- found version 8.2.1
[1.435s] -- Searching for dependencies of gz-sensors8
[1.464s] -- Looking for gz-math7 -- found version 7.5.1
[1.465s] -- Looking for gz-common5 -- found version 5.7.0
[1.465s] -- Looking for gz-transport13 -- found version 13.4.0
[1.466s] -- Looking for gz-rendering8 -- found version 8.2.1
[1.466s] -- Looking for gz-msgs10 -- found version 10.3.1
[1.466s] -- Looking for sdformat14 -- found version 14.5.0
[1.468s] -- Searching for <gz-sensors8> component [air_pressure]
[1.469s] -- Looking for gz-sensors8-air_pressure -- found version 8.2.1
[1.469s] -- Searching for dependencies of gz-sensors8-air_pressure
[1.471s] -- Searching for <gz-sensors8> component [air_speed]
[1.472s] -- Looking for gz-sensors8-air_speed -- found version 8.2.1
[1.473s] -- Searching for dependencies of gz-sensors8-air_speed
[1.474s] -- Searching for <gz-sensors8> component [altimeter]
[1.475s] -- Looking for gz-sensors8-altimeter -- found version 8.2.1
[1.476s] -- Searching for dependencies of gz-sensors8-altimeter
[1.476s] -- Searching for <gz-sensors8> component [imu]
[1.478s] -- Looking for gz-sensors8-imu -- found version 8.2.1
[1.478s] -- Searching for dependencies of gz-sensors8-imu
[1.479s] -- Searching for <gz-sensors8> component [force_torque]
[1.480s] -- Looking for gz-sensors8-force_torque -- found version 8.2.1
[1.480s] -- Searching for dependencies of gz-sensors8-force_torque
[1.481s] -- Searching for <gz-sensors8> component [logical_camera]
[1.483s] -- Looking for gz-sensors8-logical_camera -- found version 8.2.1
[1.483s] -- Searching for dependencies of gz-sensors8-logical_camera
[1.484s] -- Searching for <gz-sensors8> component [magnetometer]
[1.485s] -- Looking for gz-sensors8-magnetometer -- found version 8.2.1
[1.485s] -- Searching for dependencies of gz-sensors8-magnetometer
[1.486s] -- Searching for <gz-sensors8> component [navsat]
[1.488s] -- Looking for gz-sensors8-navsat -- found version 8.2.1
[1.488s] -- Searching for dependencies of gz-sensors8-navsat
[1.489s] -- Searching for <gz-sensors8> component [dvl]
[1.491s] -- Looking for gz-sensors8-dvl -- found version 8.2.1
[1.491s] -- Searching for dependencies of gz-sensors8-dvl
[1.491s] -- Looking for gz-sensors8 -- found version 8.2.1
[1.492s] -- Searching for dependencies of gz-sensors8
[1.519s] -- Looking for gz-math7 -- found version 7.5.1
[1.520s] -- Looking for gz-common5 -- found version 5.7.0
[1.520s] -- Looking for gz-transport13 -- found version 13.4.0
[1.521s] -- Looking for gz-rendering8 -- found version 8.2.1
[1.521s] -- Looking for gz-msgs10 -- found version 10.3.1
[1.522s] -- Looking for sdformat14 -- found version 14.5.0
[1.522s] -- Searching for <gz-sensors8> component [rendering]
[1.523s] -- Looking for gz-sensors8-rendering -- found version 8.2.1
[1.523s] -- Searching for dependencies of gz-sensors8-rendering
[1.526s] -- Searching for <gz-sensors8> component [rendering]
[1.526s] -- Searching for <gz-sensors8> component [lidar]
[1.527s] -- Looking for gz-sensors8-lidar -- found version 8.2.1
[1.527s] -- Searching for dependencies of gz-sensors8-lidar
[1.527s] -- Looking for gz-sensors8 -- found version 8.2.1
[1.528s] -- Searching for <gz-sensors8> component [gpu_lidar]
[1.530s] -- Looking for gz-sensors8-gpu_lidar -- found version 8.2.1
[1.531s] -- Searching for dependencies of gz-sensors8-gpu_lidar
[1.531s] -- Looking for gz-sensors8 -- found version 8.2.1
[1.532s] -- Searching for <gz-sensors8> component [camera]
[1.534s] -- Looking for gz-sensors8-camera -- found version 8.2.1
[1.534s] -- Searching for dependencies of gz-sensors8-camera
[1.534s] -- Looking for gz-sensors8 -- found version 8.2.1
[1.535s] -- Searching for <gz-sensors8> component [boundingbox_camera]
[1.537s] -- Looking for gz-sensors8-boundingbox_camera -- found version 8.2.1
[1.537s] -- Searching for dependencies of gz-sensors8-boundingbox_camera
[1.538s] -- Searching for <gz-sensors8> component [segmentation_camera]
[1.539s] -- Looking for gz-sensors8-segmentation_camera -- found version 8.2.1
[1.539s] -- Searching for dependencies of gz-sensors8-segmentation_camera
[1.541s] -- Searching for <gz-sensors8> component [depth_camera]
[1.542s] -- Looking for gz-sensors8-depth_camera -- found version 8.2.1
[1.542s] -- Searching for dependencies of gz-sensors8-depth_camera
[1.543s] -- Looking for gz-sensors8 -- found version 8.2.1
[1.544s] -- Searching for <gz-sensors8> component [rgbd_camera]
[1.546s] -- Looking for gz-sensors8-rgbd_camera -- found version 8.2.1
[1.546s] -- Searching for dependencies of gz-sensors8-rgbd_camera
[1.546s] -- Looking for gz-sensors8 -- found version 8.2.1
[1.547s] -- Searching for <gz-sensors8> component [thermal_camera]
[1.549s] -- Looking for gz-sensors8-thermal_camera -- found version 8.2.1
[1.549s] -- Searching for dependencies of gz-sensors8-thermal_camera
[1.550s] -- Looking for gz-sensors8 -- found version 8.2.1
[1.551s] -- Searching for <gz-sensors8> component [wide_angle_camera]
[1.552s] -- Looking for gz-sensors8-wide_angle_camera -- found version 8.2.1
[1.552s] -- Searching for dependencies of gz-sensors8-wide_angle_camera
[1.554s] -- Looking for gz-rendering8 -- found version 8.2.1
[1.554s] -- Looking for gz-math7 -- found version 7.5.1
[1.555s] -- Looking for gz-utils2 -- found version 2.2.0
[1.584s] -- Found ament_lint_auto: 0.17.1 (/opt/ros/jazzy/share/ament_lint_auto/cmake)
[1.669s] -- Configuring done (1.6s)
[1.704s] -- Generating done (0.0s)
[1.706s] -- Build files have been written to: /home/ttpidelta/RushBoTT-ros2_ws/build/ros_gz_example_gazebo
[1.773s] [ 25%] [32mBuilding CXX object CMakeFiles/BasicSystem.dir/src/BasicSystem.cc.o[0m
[1.773s] [ 50%] [32mBuilding CXX object CMakeFiles/FullSystem.dir/src/FullSystem.cc.o[0m
[4.358s] [ 75%] [32m[1mLinking CXX shared library libBasicSystem.so[0m
[4.477s] [100%] [32m[1mLinking CXX shared library libFullSystem.so[0m
[4.572s] [100%] Built target BasicSystem
[4.644s] [100%] Built target FullSystem
[4.659s] Invoked command in '/home/ttpidelta/RushBoTT-ros2_ws/build/ros_gz_example_gazebo' returned '0': AMENT_PREFIX_PATH=/home/ttpidelta/RushBoTT-ros2_ws/install/ros_gz_example_description:${AMENT_PREFIX_PATH} CMAKE_PREFIX_PATH=/home/ttpidelta/RushBoTT-ros2_ws/install/ros_gz_example_description:/opt/ros/jazzy/opt/gz_sim_vendor:/opt/ros/jazzy/opt/gz_sensors_vendor:/opt/ros/jazzy/opt/gz_physics_vendor:/opt/ros/jazzy/opt/sdformat_vendor:/opt/ros/jazzy/opt/gz_gui_vendor:/opt/ros/jazzy/opt/gz_transport_vendor:/opt/ros/jazzy/opt/gz_rendering_vendor:/opt/ros/jazzy/opt/gz_plugin_vendor:/opt/ros/jazzy/opt/gz_fuel_tools_vendor:/opt/ros/jazzy/opt/gz_msgs_vendor:/opt/ros/jazzy/opt/gz_common_vendor:/opt/ros/jazzy/opt/gz_math_vendor:/opt/ros/jazzy/opt/gz_utils_vendor:/opt/ros/jazzy/opt/gz_tools_vendor:/opt/ros/jazzy/opt/gz_ogre_next_vendor:/opt/ros/jazzy/opt/gz_dartsim_vendor:/opt/ros/jazzy/opt/gz_cmake_vendor:/opt/ros/jazzy GZ_SIM_RESOURCE_PATH=/home/ttpidelta/RushBoTT-ros2_ws/install/ros_gz_example_description/share/ros_gz_example_description/models /usr/bin/cmake --build /home/ttpidelta/RushBoTT-ros2_ws/build/ros_gz_example_gazebo -- -j12 -l12
[4.694s] Invoking command in '/home/ttpidelta/RushBoTT-ros2_ws/build/ros_gz_example_gazebo': AMENT_PREFIX_PATH=/home/ttpidelta/RushBoTT-ros2_ws/install/ros_gz_example_description:${AMENT_PREFIX_PATH} CMAKE_PREFIX_PATH=/home/ttpidelta/RushBoTT-ros2_ws/install/ros_gz_example_description:/opt/ros/jazzy/opt/gz_sim_vendor:/opt/ros/jazzy/opt/gz_sensors_vendor:/opt/ros/jazzy/opt/gz_physics_vendor:/opt/ros/jazzy/opt/sdformat_vendor:/opt/ros/jazzy/opt/gz_gui_vendor:/opt/ros/jazzy/opt/gz_transport_vendor:/opt/ros/jazzy/opt/gz_rendering_vendor:/opt/ros/jazzy/opt/gz_plugin_vendor:/opt/ros/jazzy/opt/gz_fuel_tools_vendor:/opt/ros/jazzy/opt/gz_msgs_vendor:/opt/ros/jazzy/opt/gz_common_vendor:/opt/ros/jazzy/opt/gz_math_vendor:/opt/ros/jazzy/opt/gz_utils_vendor:/opt/ros/jazzy/opt/gz_tools_vendor:/opt/ros/jazzy/opt/gz_ogre_next_vendor:/opt/ros/jazzy/opt/gz_dartsim_vendor:/opt/ros/jazzy/opt/gz_cmake_vendor:/opt/ros/jazzy GZ_SIM_RESOURCE_PATH=/home/ttpidelta/RushBoTT-ros2_ws/install/ros_gz_example_description/share/ros_gz_example_description/models /usr/bin/cmake --install /home/ttpidelta/RushBoTT-ros2_ws/build/ros_gz_example_gazebo
[4.703s] -- Install configuration: ""
[4.704s] -- Installing: /home/ttpidelta/RushBoTT-ros2_ws/install/ros_gz_example_gazebo/lib/ros_gz_example_gazebo/libBasicSystem.so
[4.705s] -- Set non-toolchain portion of runtime path of "/home/ttpidelta/RushBoTT-ros2_ws/install/ros_gz_example_gazebo/lib/ros_gz_example_gazebo/libBasicSystem.so" to ""
[4.706s] -- Installing: /home/ttpidelta/RushBoTT-ros2_ws/install/ros_gz_example_gazebo/lib/ros_gz_example_gazebo/libFullSystem.so
[4.707s] -- Set non-toolchain portion of runtime path of "/home/ttpidelta/RushBoTT-ros2_ws/install/ros_gz_example_gazebo/lib/ros_gz_example_gazebo/libFullSystem.so" to ""
[4.707s] -- Up-to-date: /home/ttpidelta/RushBoTT-ros2_ws/install/ros_gz_example_gazebo/share/ros_gz_example_gazebo/worlds
[4.708s] -- Installing: /home/ttpidelta/RushBoTT-ros2_ws/install/ros_gz_example_gazebo/share/ros_gz_example_gazebo/worlds/diff_drive.sdf
[4.708s] -- Up-to-date: /home/ttpidelta/RushBoTT-ros2_ws/install/ros_gz_example_gazebo/share/ros_gz_example_gazebo/environment/ros_gz_example_gazebo.dsv
[4.709s] -- Up-to-date: /home/ttpidelta/RushBoTT-ros2_ws/install/ros_gz_example_gazebo/share/ros_gz_example_gazebo/environment/ros_gz_example_gazebo.sh
[4.709s] -- Up-to-date: /home/ttpidelta/RushBoTT-ros2_ws/install/ros_gz_example_gazebo/share/ament_index/resource_index/package_run_dependencies/ros_gz_example_gazebo
[4.709s] -- Up-to-date: /home/ttpidelta/RushBoTT-ros2_ws/install/ros_gz_example_gazebo/share/ament_index/resource_index/parent_prefix_path/ros_gz_example_gazebo
[4.710s] -- Up-to-date: /home/ttpidelta/RushBoTT-ros2_ws/install/ros_gz_example_gazebo/share/ros_gz_example_gazebo/environment/ament_prefix_path.sh
[4.710s] -- Up-to-date: /home/ttpidelta/RushBoTT-ros2_ws/install/ros_gz_example_gazebo/share/ros_gz_example_gazebo/environment/ament_prefix_path.dsv
[4.710s] -- Up-to-date: /home/ttpidelta/RushBoTT-ros2_ws/install/ros_gz_example_gazebo/share/ros_gz_example_gazebo/environment/path.sh
[4.710s] -- Up-to-date: /home/ttpidelta/RushBoTT-ros2_ws/install/ros_gz_example_gazebo/share/ros_gz_example_gazebo/environment/path.dsv
[4.710s] -- Up-to-date: /home/ttpidelta/RushBoTT-ros2_ws/install/ros_gz_example_gazebo/share/ros_gz_example_gazebo/local_setup.bash
[4.711s] -- Up-to-date: /home/ttpidelta/RushBoTT-ros2_ws/install/ros_gz_example_gazebo/share/ros_gz_example_gazebo/local_setup.sh
[4.711s] -- Up-to-date: /home/ttpidelta/RushBoTT-ros2_ws/install/ros_gz_example_gazebo/share/ros_gz_example_gazebo/local_setup.zsh
[4.711s] -- Up-to-date: /home/ttpidelta/RushBoTT-ros2_ws/install/ros_gz_example_gazebo/share/ros_gz_example_gazebo/local_setup.dsv
[4.711s] -- Installing: /home/ttpidelta/RushBoTT-ros2_ws/install/ros_gz_example_gazebo/share/ros_gz_example_gazebo/package.dsv
[4.711s] -- Up-to-date: /home/ttpidelta/RushBoTT-ros2_ws/install/ros_gz_example_gazebo/share/ament_index/resource_index/packages/ros_gz_example_gazebo
[4.711s] -- Up-to-date: /home/ttpidelta/RushBoTT-ros2_ws/install/ros_gz_example_gazebo/share/ros_gz_example_gazebo/cmake/ros_gz_example_gazeboConfig.cmake
[4.711s] -- Up-to-date: /home/ttpidelta/RushBoTT-ros2_ws/install/ros_gz_example_gazebo/share/ros_gz_example_gazebo/cmake/ros_gz_example_gazeboConfig-version.cmake
[4.711s] -- Installing: /home/ttpidelta/RushBoTT-ros2_ws/install/ros_gz_example_gazebo/share/ros_gz_example_gazebo/package.xml
[4.713s] Invoked command in '/home/ttpidelta/RushBoTT-ros2_ws/build/ros_gz_example_gazebo' returned '0': AMENT_PREFIX_PATH=/home/ttpidelta/RushBoTT-ros2_ws/install/ros_gz_example_description:${AMENT_PREFIX_PATH} CMAKE_PREFIX_PATH=/home/ttpidelta/RushBoTT-ros2_ws/install/ros_gz_example_description:/opt/ros/jazzy/opt/gz_sim_vendor:/opt/ros/jazzy/opt/gz_sensors_vendor:/opt/ros/jazzy/opt/gz_physics_vendor:/opt/ros/jazzy/opt/sdformat_vendor:/opt/ros/jazzy/opt/gz_gui_vendor:/opt/ros/jazzy/opt/gz_transport_vendor:/opt/ros/jazzy/opt/gz_rendering_vendor:/opt/ros/jazzy/opt/gz_plugin_vendor:/opt/ros/jazzy/opt/gz_fuel_tools_vendor:/opt/ros/jazzy/opt/gz_msgs_vendor:/opt/ros/jazzy/opt/gz_common_vendor:/opt/ros/jazzy/opt/gz_math_vendor:/opt/ros/jazzy/opt/gz_utils_vendor:/opt/ros/jazzy/opt/gz_tools_vendor:/opt/ros/jazzy/opt/gz_ogre_next_vendor:/opt/ros/jazzy/opt/gz_dartsim_vendor:/opt/ros/jazzy/opt/gz_cmake_vendor:/opt/ros/jazzy GZ_SIM_RESOURCE_PATH=/home/ttpidelta/RushBoTT-ros2_ws/install/ros_gz_example_description/share/ros_gz_example_description/models /usr/bin/cmake --install /home/ttpidelta/RushBoTT-ros2_ws/build/ros_gz_example_gazebo
