[1.285s] Invoking command in '/RushBoTT-ros2_ws/src/my_package': PYTHONPATH=/RushBoTT-ros2_ws/build/my_package/prefix_override:/usr/lib/python3/dist-packages/colcon_core/task/python/colcon_distutils_commands:/RushBoTT-ros2_ws/install/my_package/lib/python3.12/site-packages:${PYTHONPATH} /usr/bin/python3 -W ignore:setup.py install is deprecated setup.py egg_info --egg-base ../../build/my_package build --build-base /RushBoTT-ros2_ws/build/my_package/build install --record /RushBoTT-ros2_ws/build/my_package/install.log --single-version-externally-managed install_data
[1.594s] running egg_info
[1.612s] writing ../../build/my_package/my_package.egg-info/PKG-INFO
[1.613s] writing dependency_links to ../../build/my_package/my_package.egg-info/dependency_links.txt
[1.614s] writing entry points to ../../build/my_package/my_package.egg-info/entry_points.txt
[1.614s] writing requirements to ../../build/my_package/my_package.egg-info/requires.txt
[1.615s] writing top-level names to ../../build/my_package/my_package.egg-info/top_level.txt
[1.660s] reading manifest file '../../build/my_package/my_package.egg-info/SOURCES.txt'
[1.661s] adding license file 'LICENSE'
[1.661s] writing manifest file '../../build/my_package/my_package.egg-info/SOURCES.txt'
[1.661s] running build
[1.662s] running build_py
[1.662s] running install
[1.670s] running install_lib
[1.689s] running install_data
[1.689s] running install_egg_info
[1.708s] removing '/RushBoTT-ros2_ws/install/my_package/lib/python3.12/site-packages/my_package-0.0.0-py3.12.egg-info' (and everything under it)
[1.708s] Copying ../../build/my_package/my_package.egg-info to /RushBoTT-ros2_ws/install/my_package/lib/python3.12/site-packages/my_package-0.0.0-py3.12.egg-info
[1.710s] running install_scripts
[1.862s] Installing my_robot_driver script to /RushBoTT-ros2_ws/install/my_package/lib/my_package
[1.863s] writing list of installed files to '/RushBoTT-ros2_ws/build/my_package/install.log'
[1.903s] Invoked command in '/RushBoTT-ros2_ws/src/my_package' returned '0': PYTHONPATH=/RushBoTT-ros2_ws/build/my_package/prefix_override:/usr/lib/python3/dist-packages/colcon_core/task/python/colcon_distutils_commands:/RushBoTT-ros2_ws/install/my_package/lib/python3.12/site-packages:${PYTHONPATH} /usr/bin/python3 -W ignore:setup.py install is deprecated setup.py egg_info --egg-base ../../build/my_package build --build-base /RushBoTT-ros2_ws/build/my_package/build install --record /RushBoTT-ros2_ws/build/my_package/install.log --single-version-externally-managed install_data
