-- The C compiler identification is GNU 13.2.0
-- The CXX compiler identification is GNU 13.2.0
-- Detecting C compiler ABI info
-- Detecting C compiler ABI info - done
-- Check for working C compiler: /usr/bin/cc - skipped
-- Detecting C compile features
-- Detecting C compile features - done
-- Detecting CXX compiler ABI info
-- Detecting CXX compiler ABI info - done
-- Check for working CXX compiler: /usr/bin/c++ - skipped
-- Detecting CXX compile features
-- Detecting CXX compile features - done
-- Found ament_cmake: 2.5.2 (/opt/ros/jazzy/share/ament_cmake/cmake)
-- Found Python3: /usr/bin/python3 (found version "3.12.3") found components: Interpreter 
-- Found urdf: 2.10.0 (/opt/ros/jazzy/share/urdf/cmake)
-- Found TinyXML2 via Config file: /usr/lib/x86_64-linux-gnu/cmake/tinyxml2
-- Found ament_lint_auto: 0.17.1 (/opt/ros/jazzy/share/ament_lint_auto/cmake)
-- Added test 'copyright' to check source files copyright and LICENSE
-- Added test 'flake8' to check Python code syntax and style conventions
-- Configured 'flake8' exclude dirs and/or files: 
-- Added test 'lint_cmake' to check CMake code style
-- Added test 'pep257' to check Python code against some of the docstring style conventions in PEP 257
-- Added test 'xmllint' to check XML markup files
-- Configuring done (1.5s)
-- Generating done (0.0s)
-- Build files have been written to: /home/ttpidelta/RushBoTT-ros2_ws/build/rushbott_description
-- Install configuration: ""
-- Installing: /home/ttpidelta/RushBoTT-ros2_ws/install/rushbott_description/share/rushbott_description/launch
-- Installing: /home/ttpidelta/RushBoTT-ros2_ws/install/rushbott_description/share/rushbott_description/launch/robot_description.launch.py
-- Installing: /home/ttpidelta/RushBoTT-ros2_ws/install/rushbott_description/share/rushbott_description/urdf
-- Installing: /home/ttpidelta/RushBoTT-ros2_ws/install/rushbott_description/share/rushbott_description/urdf/rushbott.urdf.xacro
-- Installing: /home/ttpidelta/RushBoTT-ros2_ws/install/rushbott_description/share/rushbott_description/urdf/common_properties.urdf.xacro
-- Installing: /home/ttpidelta/RushBoTT-ros2_ws/install/rushbott_description/share/rushbott_description/urdf/wheel.urdf.xacro
-- Installing: /home/ttpidelta/RushBoTT-ros2_ws/install/rushbott_description/share/ament_index/resource_index/package_run_dependencies/rushbott_description
-- Installing: /home/ttpidelta/RushBoTT-ros2_ws/install/rushbott_description/share/ament_index/resource_index/parent_prefix_path/rushbott_description
-- Installing: /home/ttpidelta/RushBoTT-ros2_ws/install/rushbott_description/share/rushbott_description/environment/ament_prefix_path.sh
-- Installing: /home/ttpidelta/RushBoTT-ros2_ws/install/rushbott_description/share/rushbott_description/environment/ament_prefix_path.dsv
-- Installing: /home/ttpidelta/RushBoTT-ros2_ws/install/rushbott_description/share/rushbott_description/environment/path.sh
-- Installing: /home/ttpidelta/RushBoTT-ros2_ws/install/rushbott_description/share/rushbott_description/environment/path.dsv
-- Installing: /home/ttpidelta/RushBoTT-ros2_ws/install/rushbott_description/share/rushbott_description/local_setup.bash
-- Installing: /home/ttpidelta/RushBoTT-ros2_ws/install/rushbott_description/share/rushbott_description/local_setup.sh
-- Installing: /home/ttpidelta/RushBoTT-ros2_ws/install/rushbott_description/share/rushbott_description/local_setup.zsh
-- Installing: /home/ttpidelta/RushBoTT-ros2_ws/install/rushbott_description/share/rushbott_description/local_setup.dsv
-- Installing: /home/ttpidelta/RushBoTT-ros2_ws/install/rushbott_description/share/rushbott_description/package.dsv
-- Installing: /home/ttpidelta/RushBoTT-ros2_ws/install/rushbott_description/share/ament_index/resource_index/packages/rushbott_description
-- Installing: /home/ttpidelta/RushBoTT-ros2_ws/install/rushbott_description/share/rushbott_description/cmake/rushbott_descriptionConfig.cmake
-- Installing: /home/ttpidelta/RushBoTT-ros2_ws/install/rushbott_description/share/rushbott_description/cmake/rushbott_descriptionConfig-version.cmake
-- Installing: /home/ttpidelta/RushBoTT-ros2_ws/install/rushbott_description/share/rushbott_description/package.xml
