[0.022s] Invoking command in '/home/ttpidelta/RushBoTT-ros2_ws/build/rushbott_description': CMAKE_PREFIX_PATH=${CMAKE_PREFIX_PATH}:/home/ttpidelta/RushBoTT-ros2_ws/install/rushbott_description:/opt/ros/jazzy /usr/bin/cmake /home/ttpidelta/RushBoTT-ros2_ws/src/rushbott/rushbott_description -DCMAKE_INSTALL_PREFIX=/home/ttpidelta/RushBoTT-ros2_ws/install/rushbott_description
[0.248s] -- The C compiler identification is GNU 13.2.0
[0.396s] -- The CXX compiler identification is GNU 13.2.0
[0.426s] -- Detecting C compiler ABI info
[0.560s] -- Detecting C compiler ABI info - done
[0.573s] -- Check for working C compiler: /usr/bin/cc - skipped
[0.574s] -- Detecting C compile features
[0.574s] -- Detecting C compile features - done
[0.586s] -- Detecting CXX compiler ABI info
[0.710s] -- Detecting CXX compiler ABI info - done
[0.721s] -- Check for working CXX compiler: /usr/bin/c++ - skipped
[0.721s] -- Detecting CXX compile features
[0.721s] -- Detecting CXX compile features - done
[0.761s] -- Found ament_cmake: 2.5.2 (/opt/ros/jazzy/share/ament_cmake/cmake)
[0.954s] -- Found Python3: /usr/bin/python3 (found version "3.12.3") found components: Interpreter 
[1.178s] -- Found urdf: 2.10.0 (/opt/ros/jazzy/share/urdf/cmake)
[1.320s] -- Found TinyXML2 via Config file: /usr/lib/x86_64-linux-gnu/cmake/tinyxml2
[1.358s] -- Found ament_lint_auto: 0.17.1 (/opt/ros/jazzy/share/ament_lint_auto/cmake)
[1.561s] -- Added test 'copyright' to check source files copyright and LICENSE
[1.566s] -- Added test 'flake8' to check Python code syntax and style conventions
[1.566s] -- Configured 'flake8' exclude dirs and/or files: 
[1.567s] -- Added test 'lint_cmake' to check CMake code style
[1.569s] -- Added test 'pep257' to check Python code against some of the docstring style conventions in PEP 257
[1.572s] -- Added test 'xmllint' to check XML markup files
[1.576s] -- Configuring done (1.5s)
[1.582s] -- Generating done (0.0s)
[1.583s] -- Build files have been written to: /home/ttpidelta/RushBoTT-ros2_ws/build/rushbott_description
[1.589s] Invoked command in '/home/ttpidelta/RushBoTT-ros2_ws/build/rushbott_description' returned '0': CMAKE_PREFIX_PATH=${CMAKE_PREFIX_PATH}:/home/ttpidelta/RushBoTT-ros2_ws/install/rushbott_description:/opt/ros/jazzy /usr/bin/cmake /home/ttpidelta/RushBoTT-ros2_ws/src/rushbott/rushbott_description -DCMAKE_INSTALL_PREFIX=/home/ttpidelta/RushBoTT-ros2_ws/install/rushbott_description
[1.591s] Invoking command in '/home/ttpidelta/RushBoTT-ros2_ws/build/rushbott_description': CMAKE_PREFIX_PATH=${CMAKE_PREFIX_PATH}:/home/ttpidelta/RushBoTT-ros2_ws/install/rushbott_description:/opt/ros/jazzy /usr/bin/cmake --build /home/ttpidelta/RushBoTT-ros2_ws/build/rushbott_description -- -j12 -l12
[1.642s] Invoked command in '/home/ttpidelta/RushBoTT-ros2_ws/build/rushbott_description' returned '0': CMAKE_PREFIX_PATH=${CMAKE_PREFIX_PATH}:/home/ttpidelta/RushBoTT-ros2_ws/install/rushbott_description:/opt/ros/jazzy /usr/bin/cmake --build /home/ttpidelta/RushBoTT-ros2_ws/build/rushbott_description -- -j12 -l12
[1.669s] Invoking command in '/home/ttpidelta/RushBoTT-ros2_ws/build/rushbott_description': CMAKE_PREFIX_PATH=${CMAKE_PREFIX_PATH}:/home/ttpidelta/RushBoTT-ros2_ws/install/rushbott_description:/opt/ros/jazzy /usr/bin/cmake --install /home/ttpidelta/RushBoTT-ros2_ws/build/rushbott_description
[1.678s] -- Install configuration: ""
[1.678s] -- Installing: /home/ttpidelta/RushBoTT-ros2_ws/install/rushbott_description/share/rushbott_description/launch
[1.679s] -- Installing: /home/ttpidelta/RushBoTT-ros2_ws/install/rushbott_description/share/rushbott_description/launch/robot_description.launch.py
[1.680s] -- Installing: /home/ttpidelta/RushBoTT-ros2_ws/install/rushbott_description/share/rushbott_description/urdf
[1.680s] -- Installing: /home/ttpidelta/RushBoTT-ros2_ws/install/rushbott_description/share/rushbott_description/urdf/rushbott.urdf.xacro
[1.680s] -- Installing: /home/ttpidelta/RushBoTT-ros2_ws/install/rushbott_description/share/rushbott_description/urdf/common_properties.urdf.xacro
[1.680s] -- Installing: /home/ttpidelta/RushBoTT-ros2_ws/install/rushbott_description/share/rushbott_description/urdf/wheel.urdf.xacro
[1.682s] -- Installing: /home/ttpidelta/RushBoTT-ros2_ws/install/rushbott_description/share/ament_index/resource_index/package_run_dependencies/rushbott_description
[1.682s] -- Installing: /home/ttpidelta/RushBoTT-ros2_ws/install/rushbott_description/share/ament_index/resource_index/parent_prefix_path/rushbott_description
[1.683s] -- Installing: /home/ttpidelta/RushBoTT-ros2_ws/install/rushbott_description/share/rushbott_description/environment/ament_prefix_path.sh
[1.683s] -- Installing: /home/ttpidelta/RushBoTT-ros2_ws/install/rushbott_description/share/rushbott_description/environment/ament_prefix_path.dsv
[1.683s] -- Installing: /home/ttpidelta/RushBoTT-ros2_ws/install/rushbott_description/share/rushbott_description/environment/path.sh
[1.684s] -- Installing: /home/ttpidelta/RushBoTT-ros2_ws/install/rushbott_description/share/rushbott_description/environment/path.dsv
[1.684s] -- Installing: /home/ttpidelta/RushBoTT-ros2_ws/install/rushbott_description/share/rushbott_description/local_setup.bash
[1.684s] -- Installing: /home/ttpidelta/RushBoTT-ros2_ws/install/rushbott_description/share/rushbott_description/local_setup.sh
[1.684s] -- Installing: /home/ttpidelta/RushBoTT-ros2_ws/install/rushbott_description/share/rushbott_description/local_setup.zsh
[1.684s] -- Installing: /home/ttpidelta/RushBoTT-ros2_ws/install/rushbott_description/share/rushbott_description/local_setup.dsv
[1.685s] -- Installing: /home/ttpidelta/RushBoTT-ros2_ws/install/rushbott_description/share/rushbott_description/package.dsv
[1.685s] -- Installing: /home/ttpidelta/RushBoTT-ros2_ws/install/rushbott_description/share/ament_index/resource_index/packages/rushbott_description
[1.685s] -- Installing: /home/ttpidelta/RushBoTT-ros2_ws/install/rushbott_description/share/rushbott_description/cmake/rushbott_descriptionConfig.cmake
[1.686s] -- Installing: /home/ttpidelta/RushBoTT-ros2_ws/install/rushbott_description/share/rushbott_description/cmake/rushbott_descriptionConfig-version.cmake
[1.686s] -- Installing: /home/ttpidelta/RushBoTT-ros2_ws/install/rushbott_description/share/rushbott_description/package.xml
[1.688s] Invoked command in '/home/ttpidelta/RushBoTT-ros2_ws/build/rushbott_description' returned '0': CMAKE_PREFIX_PATH=${CMAKE_PREFIX_PATH}:/home/ttpidelta/RushBoTT-ros2_ws/install/rushbott_description:/opt/ros/jazzy /usr/bin/cmake --install /home/ttpidelta/RushBoTT-ros2_ws/build/rushbott_description
