-- Install configuration: ""
-- Up-to-date: /home/ttpidelta/RushBoTT-ros2_ws/install/ros_gz_example_description/share/ros_gz_example_description/models
-- Up-to-date: /home/ttpidelta/RushBoTT-ros2_ws/install/ros_gz_example_description/share/ros_gz_example_description/models/diff_drive
-- Up-to-date: /home/ttpidelta/RushBoTT-ros2_ws/install/ros_gz_example_description/share/ros_gz_example_description/models/diff_drive/model.sdf
-- Up-to-date: /home/ttpidelta/RushBoTT-ros2_ws/install/ros_gz_example_description/share/ros_gz_example_description/models/diff_drive/model.config
-- Up-to-date: /home/ttpidelta/RushBoTT-ros2_ws/install/ros_gz_example_description/share/ros_gz_example_description/models/rrbot
-- Up-to-date: /home/ttpidelta/RushBoTT-ros2_ws/install/ros_gz_example_description/share/ros_gz_example_description/models/rrbot/model.sdf
-- Up-to-date: /home/ttpidelta/RushBoTT-ros2_ws/install/ros_gz_example_description/share/ros_gz_example_description/environment/ros_gz_example_description.dsv
-- Up-to-date: /home/ttpidelta/RushBoTT-ros2_ws/install/ros_gz_example_description/share/ros_gz_example_description/environment/ros_gz_example_description.sh
-- Up-to-date: /home/ttpidelta/RushBoTT-ros2_ws/install/ros_gz_example_description/share/ament_index/resource_index/package_run_dependencies/ros_gz_example_description
-- Up-to-date: /home/ttpidelta/RushBoTT-ros2_ws/install/ros_gz_example_description/share/ament_index/resource_index/parent_prefix_path/ros_gz_example_description
-- Up-to-date: /home/ttpidelta/RushBoTT-ros2_ws/install/ros_gz_example_description/share/ros_gz_example_description/environment/ament_prefix_path.sh
-- Up-to-date: /home/ttpidelta/RushBoTT-ros2_ws/install/ros_gz_example_description/share/ros_gz_example_description/environment/ament_prefix_path.dsv
-- Up-to-date: /home/ttpidelta/RushBoTT-ros2_ws/install/ros_gz_example_description/share/ros_gz_example_description/environment/path.sh
-- Up-to-date: /home/ttpidelta/RushBoTT-ros2_ws/install/ros_gz_example_description/share/ros_gz_example_description/environment/path.dsv
-- Up-to-date: /home/ttpidelta/RushBoTT-ros2_ws/install/ros_gz_example_description/share/ros_gz_example_description/local_setup.bash
-- Up-to-date: /home/ttpidelta/RushBoTT-ros2_ws/install/ros_gz_example_description/share/ros_gz_example_description/local_setup.sh
-- Up-to-date: /home/ttpidelta/RushBoTT-ros2_ws/install/ros_gz_example_description/share/ros_gz_example_description/local_setup.zsh
-- Up-to-date: /home/ttpidelta/RushBoTT-ros2_ws/install/ros_gz_example_description/share/ros_gz_example_description/local_setup.dsv
-- Up-to-date: /home/ttpidelta/RushBoTT-ros2_ws/install/ros_gz_example_description/share/ros_gz_example_description/package.dsv
-- Up-to-date: /home/ttpidelta/RushBoTT-ros2_ws/install/ros_gz_example_description/share/ament_index/resource_index/packages/ros_gz_example_description
-- Up-to-date: /home/ttpidelta/RushBoTT-ros2_ws/install/ros_gz_example_description/share/ros_gz_example_description/cmake/ros_gz_example_descriptionConfig.cmake
-- Up-to-date: /home/ttpidelta/RushBoTT-ros2_ws/install/ros_gz_example_description/share/ros_gz_example_description/cmake/ros_gz_example_descriptionConfig-version.cmake
-- Up-to-date: /home/ttpidelta/RushBoTT-ros2_ws/install/ros_gz_example_description/share/ros_gz_example_description/package.xml
