[0.100s] DEBUG:colcon:Command line arguments: ['/usr/bin/colcon', 'build', '--symlink-install', '--packages-select', 'rushbott_description']
[0.100s] DEBUG:colcon:Parsed command line arguments: Namespace(log_base=None, log_level=None, verb_name='build', build_base='build', install_base='install', merge_install=False, symlink_install=True, test_result_base=None, continue_on_error=False, executor='parallel', parallel_workers=12, event_handlers=None, ignore_user_meta=False, metas=['./colcon.meta'], base_paths=['.'], packages_ignore=None, packages_ignore_regex=None, paths=None, packages_up_to=None, packages_up_to_regex=None, packages_above=None, packages_above_and_dependencies=None, packages_above_depth=None, packages_select_by_dep=None, packages_skip_by_dep=None, packages_skip_up_to=None, packages_select_build_failed=False, packages_skip_build_finished=False, packages_select_test_failures=False, packages_skip_test_passed=False, packages_select=['rushbott_description'], packages_skip=None, packages_select_regex=None, packages_skip_regex=None, packages_start=None, packages_end=None, cmake_args=None, cmake_target=None, cmake_target_skip_unavailable=False, cmake_clean_cache=False, cmake_clean_first=False, cmake_force_configure=False, ament_cmake_args=None, catkin_cmake_args=None, catkin_skip_building_tests=False, mixin_files=None, mixin=None, verb_parser=<colcon_mixin.mixin.mixin_argument.MixinArgumentDecorator object at 0x7f4fa6a1aff0>, verb_extension=<colcon_core.verb.build.BuildVerb object at 0x7f4fa6a1ad20>, main=<bound method BuildVerb.main of <colcon_core.verb.build.BuildVerb object at 0x7f4fa6a1ad20>>, mixin_verb=('build',))
[0.137s] Level 1:colcon.colcon_core.package_discovery:discover_packages(colcon_meta) check parameters
[0.137s] Level 1:colcon.colcon_core.package_discovery:discover_packages(recursive) check parameters
[0.137s] Level 1:colcon.colcon_core.package_discovery:discover_packages(ignore) check parameters
[0.137s] Level 1:colcon.colcon_core.package_discovery:discover_packages(path) check parameters
[0.137s] Level 1:colcon.colcon_core.package_discovery:discover_packages(colcon_meta) discover
[0.137s] Level 1:colcon.colcon_core.package_discovery:discover_packages(recursive) discover
[0.137s] INFO:colcon.colcon_core.package_discovery:Crawling recursively for packages in '/home/ttpidelta/RushBoTT-ros2_ws'
[0.137s] Level 1:colcon.colcon_core.package_identification:_identify(.) by extensions ['ignore', 'ignore_ament_install']
[0.137s] Level 1:colcon.colcon_core.package_identification:_identify(.) by extension 'ignore'
[0.138s] Level 1:colcon.colcon_core.package_identification:_identify(.) by extension 'ignore_ament_install'
[0.138s] Level 1:colcon.colcon_core.package_identification:_identify(.) by extensions ['colcon_pkg']
[0.138s] Level 1:colcon.colcon_core.package_identification:_identify(.) by extension 'colcon_pkg'
[0.138s] Level 1:colcon.colcon_core.package_identification:_identify(.) by extensions ['colcon_meta']
[0.138s] Level 1:colcon.colcon_core.package_identification:_identify(.) by extension 'colcon_meta'
[0.138s] Level 1:colcon.colcon_core.package_identification:_identify(.) by extensions ['ros']
[0.138s] Level 1:colcon.colcon_core.package_identification:_identify(.) by extension 'ros'
[0.161s] Level 1:colcon.colcon_core.package_identification:_identify(.) by extensions ['cmake', 'python']
[0.161s] Level 1:colcon.colcon_core.package_identification:_identify(.) by extension 'cmake'
[0.161s] Level 1:colcon.colcon_core.package_identification:_identify(.) by extension 'python'
[0.161s] Level 1:colcon.colcon_core.package_identification:_identify(.) by extensions ['python_setup_py']
[0.161s] Level 1:colcon.colcon_core.package_identification:_identify(.) by extension 'python_setup_py'
[0.161s] Level 1:colcon.colcon_core.package_identification:_identify(build) by extensions ['ignore', 'ignore_ament_install']
[0.162s] Level 1:colcon.colcon_core.package_identification:_identify(build) by extension 'ignore'
[0.162s] Level 1:colcon.colcon_core.package_identification:_identify(build) ignored
[0.162s] Level 1:colcon.colcon_core.package_identification:_identify(install) by extensions ['ignore', 'ignore_ament_install']
[0.162s] Level 1:colcon.colcon_core.package_identification:_identify(install) by extension 'ignore'
[0.162s] Level 1:colcon.colcon_core.package_identification:_identify(install) ignored
[0.162s] Level 1:colcon.colcon_core.package_identification:_identify(log) by extensions ['ignore', 'ignore_ament_install']
[0.162s] Level 1:colcon.colcon_core.package_identification:_identify(log) by extension 'ignore'
[0.162s] Level 1:colcon.colcon_core.package_identification:_identify(log) ignored
[0.162s] Level 1:colcon.colcon_core.package_identification:_identify(src) by extensions ['ignore', 'ignore_ament_install']
[0.163s] Level 1:colcon.colcon_core.package_identification:_identify(src) by extension 'ignore'
[0.163s] Level 1:colcon.colcon_core.package_identification:_identify(src) by extension 'ignore_ament_install'
[0.163s] Level 1:colcon.colcon_core.package_identification:_identify(src) by extensions ['colcon_pkg']
[0.163s] Level 1:colcon.colcon_core.package_identification:_identify(src) by extension 'colcon_pkg'
[0.163s] Level 1:colcon.colcon_core.package_identification:_identify(src) by extensions ['colcon_meta']
[0.163s] Level 1:colcon.colcon_core.package_identification:_identify(src) by extension 'colcon_meta'
[0.163s] Level 1:colcon.colcon_core.package_identification:_identify(src) by extensions ['ros']
[0.163s] Level 1:colcon.colcon_core.package_identification:_identify(src) by extension 'ros'
[0.163s] Level 1:colcon.colcon_core.package_identification:_identify(src) by extensions ['cmake', 'python']
[0.163s] Level 1:colcon.colcon_core.package_identification:_identify(src) by extension 'cmake'
[0.163s] Level 1:colcon.colcon_core.package_identification:_identify(src) by extension 'python'
[0.163s] Level 1:colcon.colcon_core.package_identification:_identify(src) by extensions ['python_setup_py']
[0.163s] Level 1:colcon.colcon_core.package_identification:_identify(src) by extension 'python_setup_py'
[0.163s] Level 1:colcon.colcon_core.package_identification:_identify(src/rushbott) by extensions ['ignore', 'ignore_ament_install']
[0.163s] Level 1:colcon.colcon_core.package_identification:_identify(src/rushbott) by extension 'ignore'
[0.163s] Level 1:colcon.colcon_core.package_identification:_identify(src/rushbott) by extension 'ignore_ament_install'
[0.163s] Level 1:colcon.colcon_core.package_identification:_identify(src/rushbott) by extensions ['colcon_pkg']
[0.164s] Level 1:colcon.colcon_core.package_identification:_identify(src/rushbott) by extension 'colcon_pkg'
[0.164s] Level 1:colcon.colcon_core.package_identification:_identify(src/rushbott) by extensions ['colcon_meta']
[0.164s] Level 1:colcon.colcon_core.package_identification:_identify(src/rushbott) by extension 'colcon_meta'
[0.164s] Level 1:colcon.colcon_core.package_identification:_identify(src/rushbott) by extensions ['ros']
[0.164s] Level 1:colcon.colcon_core.package_identification:_identify(src/rushbott) by extension 'ros'
[0.164s] Level 1:colcon.colcon_core.package_identification:_identify(src/rushbott) by extensions ['cmake', 'python']
[0.164s] Level 1:colcon.colcon_core.package_identification:_identify(src/rushbott) by extension 'cmake'
[0.164s] Level 1:colcon.colcon_core.package_identification:_identify(src/rushbott) by extension 'python'
[0.164s] Level 1:colcon.colcon_core.package_identification:_identify(src/rushbott) by extensions ['python_setup_py']
[0.164s] Level 1:colcon.colcon_core.package_identification:_identify(src/rushbott) by extension 'python_setup_py'
[0.164s] Level 1:colcon.colcon_core.package_identification:_identify(src/rushbott/rushbott_description) by extensions ['ignore', 'ignore_ament_install']
[0.164s] Level 1:colcon.colcon_core.package_identification:_identify(src/rushbott/rushbott_description) by extension 'ignore'
[0.164s] Level 1:colcon.colcon_core.package_identification:_identify(src/rushbott/rushbott_description) by extension 'ignore_ament_install'
[0.164s] Level 1:colcon.colcon_core.package_identification:_identify(src/rushbott/rushbott_description) by extensions ['colcon_pkg']
[0.164s] Level 1:colcon.colcon_core.package_identification:_identify(src/rushbott/rushbott_description) by extension 'colcon_pkg'
[0.165s] Level 1:colcon.colcon_core.package_identification:_identify(src/rushbott/rushbott_description) by extensions ['colcon_meta']
[0.165s] Level 1:colcon.colcon_core.package_identification:_identify(src/rushbott/rushbott_description) by extension 'colcon_meta'
[0.165s] Level 1:colcon.colcon_core.package_identification:_identify(src/rushbott/rushbott_description) by extensions ['ros']
[0.165s] Level 1:colcon.colcon_core.package_identification:_identify(src/rushbott/rushbott_description) by extension 'ros'
[0.167s] DEBUG:colcon.colcon_core.package_identification:Package 'src/rushbott/rushbott_description' with type 'ros.ament_cmake' and name 'rushbott_description'
[0.167s] Level 1:colcon.colcon_core.package_identification:_identify(src/rushbott_gz) by extensions ['ignore', 'ignore_ament_install']
[0.167s] Level 1:colcon.colcon_core.package_identification:_identify(src/rushbott_gz) by extension 'ignore'
[0.167s] Level 1:colcon.colcon_core.package_identification:_identify(src/rushbott_gz) by extension 'ignore_ament_install'
[0.168s] Level 1:colcon.colcon_core.package_identification:_identify(src/rushbott_gz) by extensions ['colcon_pkg']
[0.168s] Level 1:colcon.colcon_core.package_identification:_identify(src/rushbott_gz) by extension 'colcon_pkg'
[0.168s] Level 1:colcon.colcon_core.package_identification:_identify(src/rushbott_gz) by extensions ['colcon_meta']
[0.168s] Level 1:colcon.colcon_core.package_identification:_identify(src/rushbott_gz) by extension 'colcon_meta'
[0.168s] Level 1:colcon.colcon_core.package_identification:_identify(src/rushbott_gz) by extensions ['ros']
[0.168s] Level 1:colcon.colcon_core.package_identification:_identify(src/rushbott_gz) by extension 'ros'
[0.168s] Level 1:colcon.colcon_core.package_identification:_identify(src/rushbott_gz) by extensions ['cmake', 'python']
[0.168s] Level 1:colcon.colcon_core.package_identification:_identify(src/rushbott_gz) by extension 'cmake'
[0.168s] Level 1:colcon.colcon_core.package_identification:_identify(src/rushbott_gz) by extension 'python'
[0.168s] Level 1:colcon.colcon_core.package_identification:_identify(src/rushbott_gz) by extensions ['python_setup_py']
[0.168s] Level 1:colcon.colcon_core.package_identification:_identify(src/rushbott_gz) by extension 'python_setup_py'
[0.169s] Level 1:colcon.colcon_core.package_identification:_identify(src/rushbott_gz/rushbott_gz_application) by extensions ['ignore', 'ignore_ament_install']
[0.169s] Level 1:colcon.colcon_core.package_identification:_identify(src/rushbott_gz/rushbott_gz_application) by extension 'ignore'
[0.169s] Level 1:colcon.colcon_core.package_identification:_identify(src/rushbott_gz/rushbott_gz_application) by extension 'ignore_ament_install'
[0.169s] Level 1:colcon.colcon_core.package_identification:_identify(src/rushbott_gz/rushbott_gz_application) by extensions ['colcon_pkg']
[0.169s] Level 1:colcon.colcon_core.package_identification:_identify(src/rushbott_gz/rushbott_gz_application) by extension 'colcon_pkg'
[0.169s] Level 1:colcon.colcon_core.package_identification:_identify(src/rushbott_gz/rushbott_gz_application) by extensions ['colcon_meta']
[0.169s] Level 1:colcon.colcon_core.package_identification:_identify(src/rushbott_gz/rushbott_gz_application) by extension 'colcon_meta'
[0.169s] Level 1:colcon.colcon_core.package_identification:_identify(src/rushbott_gz/rushbott_gz_application) by extensions ['ros']
[0.169s] Level 1:colcon.colcon_core.package_identification:_identify(src/rushbott_gz/rushbott_gz_application) by extension 'ros'
[0.170s] DEBUG:colcon.colcon_core.package_identification:Package 'src/rushbott_gz/rushbott_gz_application' with type 'ros.ament_cmake' and name 'ros_gz_example_application'
[0.170s] Level 1:colcon.colcon_core.package_identification:_identify(src/rushbott_gz/rushbott_gz_bringup) by extensions ['ignore', 'ignore_ament_install']
[0.170s] Level 1:colcon.colcon_core.package_identification:_identify(src/rushbott_gz/rushbott_gz_bringup) by extension 'ignore'
[0.170s] Level 1:colcon.colcon_core.package_identification:_identify(src/rushbott_gz/rushbott_gz_bringup) by extension 'ignore_ament_install'
[0.170s] Level 1:colcon.colcon_core.package_identification:_identify(src/rushbott_gz/rushbott_gz_bringup) by extensions ['colcon_pkg']
[0.170s] Level 1:colcon.colcon_core.package_identification:_identify(src/rushbott_gz/rushbott_gz_bringup) by extension 'colcon_pkg'
[0.170s] Level 1:colcon.colcon_core.package_identification:_identify(src/rushbott_gz/rushbott_gz_bringup) by extensions ['colcon_meta']
[0.170s] Level 1:colcon.colcon_core.package_identification:_identify(src/rushbott_gz/rushbott_gz_bringup) by extension 'colcon_meta'
[0.170s] Level 1:colcon.colcon_core.package_identification:_identify(src/rushbott_gz/rushbott_gz_bringup) by extensions ['ros']
[0.170s] Level 1:colcon.colcon_core.package_identification:_identify(src/rushbott_gz/rushbott_gz_bringup) by extension 'ros'
[0.171s] DEBUG:colcon.colcon_core.package_identification:Package 'src/rushbott_gz/rushbott_gz_bringup' with type 'ros.ament_cmake' and name 'ros_gz_example_bringup'
[0.171s] Level 1:colcon.colcon_core.package_identification:_identify(src/rushbott_gz/rushbott_gz_description) by extensions ['ignore', 'ignore_ament_install']
[0.171s] Level 1:colcon.colcon_core.package_identification:_identify(src/rushbott_gz/rushbott_gz_description) by extension 'ignore'
[0.171s] Level 1:colcon.colcon_core.package_identification:_identify(src/rushbott_gz/rushbott_gz_description) by extension 'ignore_ament_install'
[0.171s] Level 1:colcon.colcon_core.package_identification:_identify(src/rushbott_gz/rushbott_gz_description) by extensions ['colcon_pkg']
[0.171s] Level 1:colcon.colcon_core.package_identification:_identify(src/rushbott_gz/rushbott_gz_description) by extension 'colcon_pkg'
[0.171s] Level 1:colcon.colcon_core.package_identification:_identify(src/rushbott_gz/rushbott_gz_description) by extensions ['colcon_meta']
[0.171s] Level 1:colcon.colcon_core.package_identification:_identify(src/rushbott_gz/rushbott_gz_description) by extension 'colcon_meta'
[0.171s] Level 1:colcon.colcon_core.package_identification:_identify(src/rushbott_gz/rushbott_gz_description) by extensions ['ros']
[0.171s] Level 1:colcon.colcon_core.package_identification:_identify(src/rushbott_gz/rushbott_gz_description) by extension 'ros'
[0.172s] DEBUG:colcon.colcon_core.package_identification:Package 'src/rushbott_gz/rushbott_gz_description' with type 'ros.ament_cmake' and name 'ros_gz_example_description'
[0.172s] Level 1:colcon.colcon_core.package_identification:_identify(src/rushbott_gz/rushbott_gz_gazebo) by extensions ['ignore', 'ignore_ament_install']
[0.172s] Level 1:colcon.colcon_core.package_identification:_identify(src/rushbott_gz/rushbott_gz_gazebo) by extension 'ignore'
[0.172s] Level 1:colcon.colcon_core.package_identification:_identify(src/rushbott_gz/rushbott_gz_gazebo) by extension 'ignore_ament_install'
[0.172s] Level 1:colcon.colcon_core.package_identification:_identify(src/rushbott_gz/rushbott_gz_gazebo) by extensions ['colcon_pkg']
[0.172s] Level 1:colcon.colcon_core.package_identification:_identify(src/rushbott_gz/rushbott_gz_gazebo) by extension 'colcon_pkg'
[0.172s] Level 1:colcon.colcon_core.package_identification:_identify(src/rushbott_gz/rushbott_gz_gazebo) by extensions ['colcon_meta']
[0.172s] Level 1:colcon.colcon_core.package_identification:_identify(src/rushbott_gz/rushbott_gz_gazebo) by extension 'colcon_meta'
[0.173s] Level 1:colcon.colcon_core.package_identification:_identify(src/rushbott_gz/rushbott_gz_gazebo) by extensions ['ros']
[0.173s] Level 1:colcon.colcon_core.package_identification:_identify(src/rushbott_gz/rushbott_gz_gazebo) by extension 'ros'
[0.173s] DEBUG:colcon.colcon_core.package_identification:Package 'src/rushbott_gz/rushbott_gz_gazebo' with type 'ros.ament_cmake' and name 'ros_gz_example_gazebo'
[0.173s] Level 1:colcon.colcon_core.package_discovery:discover_packages(recursive) using defaults
[0.173s] Level 1:colcon.colcon_core.package_discovery:discover_packages(ignore) discover
[0.173s] Level 1:colcon.colcon_core.package_discovery:discover_packages(ignore) using defaults
[0.173s] Level 1:colcon.colcon_core.package_discovery:discover_packages(path) discover
[0.173s] Level 1:colcon.colcon_core.package_discovery:discover_packages(path) using defaults
[0.192s] INFO:colcon.colcon_core.package_selection:Skipping not selected package 'ros_gz_example_application' in 'src/rushbott_gz/rushbott_gz_application'
[0.192s] INFO:colcon.colcon_core.package_selection:Skipping not selected package 'ros_gz_example_description' in 'src/rushbott_gz/rushbott_gz_description'
[0.192s] INFO:colcon.colcon_core.package_selection:Skipping not selected package 'ros_gz_example_gazebo' in 'src/rushbott_gz/rushbott_gz_gazebo'
[0.192s] INFO:colcon.colcon_core.package_selection:Skipping not selected package 'ros_gz_example_bringup' in 'src/rushbott_gz/rushbott_gz_bringup'
[0.192s] Level 5:colcon.colcon_core.verb:set package 'rushbott_description' build argument 'cmake_args' from command line to 'None'
[0.192s] Level 5:colcon.colcon_core.verb:set package 'rushbott_description' build argument 'cmake_target' from command line to 'None'
[0.193s] Level 5:colcon.colcon_core.verb:set package 'rushbott_description' build argument 'cmake_target_skip_unavailable' from command line to 'False'
[0.193s] Level 5:colcon.colcon_core.verb:set package 'rushbott_description' build argument 'cmake_clean_cache' from command line to 'False'
[0.193s] Level 5:colcon.colcon_core.verb:set package 'rushbott_description' build argument 'cmake_clean_first' from command line to 'False'
[0.193s] Level 5:colcon.colcon_core.verb:set package 'rushbott_description' build argument 'cmake_force_configure' from command line to 'False'
[0.193s] Level 5:colcon.colcon_core.verb:set package 'rushbott_description' build argument 'ament_cmake_args' from command line to 'None'
[0.193s] Level 5:colcon.colcon_core.verb:set package 'rushbott_description' build argument 'catkin_cmake_args' from command line to 'None'
[0.193s] Level 5:colcon.colcon_core.verb:set package 'rushbott_description' build argument 'catkin_skip_building_tests' from command line to 'False'
[0.193s] DEBUG:colcon.colcon_core.verb:Building package 'rushbott_description' with the following arguments: {'ament_cmake_args': None, 'build_base': '/home/ttpidelta/RushBoTT-ros2_ws/build/rushbott_description', 'catkin_cmake_args': None, 'catkin_skip_building_tests': False, 'cmake_args': None, 'cmake_clean_cache': False, 'cmake_clean_first': False, 'cmake_force_configure': False, 'cmake_target': None, 'cmake_target_skip_unavailable': False, 'install_base': '/home/ttpidelta/RushBoTT-ros2_ws/install/rushbott_description', 'merge_install': False, 'path': '/home/ttpidelta/RushBoTT-ros2_ws/src/rushbott/rushbott_description', 'symlink_install': True, 'test_result_base': None}
[0.193s] INFO:colcon.colcon_core.executor:Executing jobs using 'parallel' executor
[0.194s] DEBUG:colcon.colcon_parallel_executor.executor.parallel:run_until_complete
[0.195s] INFO:colcon.colcon_ros.task.ament_cmake.build:Building ROS package in '/home/ttpidelta/RushBoTT-ros2_ws/src/rushbott/rushbott_description' with build type 'ament_cmake'
[0.195s] INFO:colcon.colcon_cmake.task.cmake.build:Building CMake package in '/home/ttpidelta/RushBoTT-ros2_ws/src/rushbott/rushbott_description'
[0.198s] INFO:colcon.colcon_core.plugin_system:Skipping extension 'colcon_core.shell.bat': Not used on non-Windows systems
[0.198s] INFO:colcon.colcon_core.shell:Skip shell extension 'powershell' for command environment: Not usable outside of PowerShell
[0.198s] DEBUG:colcon.colcon_core.shell:Skip shell extension 'dsv' for command environment
[0.212s] DEBUG:colcon.colcon_core.event_handler.log_command:Invoking command in '/home/ttpidelta/RushBoTT-ros2_ws/build/rushbott_description': CMAKE_PREFIX_PATH=${CMAKE_PREFIX_PATH}:/opt/ros/jazzy /usr/bin/cmake /home/ttpidelta/RushBoTT-ros2_ws/src/rushbott/rushbott_description -DAMENT_CMAKE_SYMLINK_INSTALL=1 -DCMAKE_INSTALL_PREFIX=/home/ttpidelta/RushBoTT-ros2_ws/install/rushbott_description
[0.570s] DEBUG:colcon.colcon_core.event_handler.log_command:Invoked command in '/home/ttpidelta/RushBoTT-ros2_ws/build/rushbott_description' returned '0': CMAKE_PREFIX_PATH=${CMAKE_PREFIX_PATH}:/opt/ros/jazzy /usr/bin/cmake /home/ttpidelta/RushBoTT-ros2_ws/src/rushbott/rushbott_description -DAMENT_CMAKE_SYMLINK_INSTALL=1 -DCMAKE_INSTALL_PREFIX=/home/ttpidelta/RushBoTT-ros2_ws/install/rushbott_description
[0.571s] DEBUG:colcon.colcon_core.event_handler.log_command:Invoking command in '/home/ttpidelta/RushBoTT-ros2_ws/build/rushbott_description': CMAKE_PREFIX_PATH=${CMAKE_PREFIX_PATH}:/opt/ros/jazzy /usr/bin/cmake --build /home/ttpidelta/RushBoTT-ros2_ws/build/rushbott_description -- -j12 -l12
[0.618s] DEBUG:colcon.colcon_core.event_handler.log_command:Invoked command in '/home/ttpidelta/RushBoTT-ros2_ws/build/rushbott_description' returned '0': CMAKE_PREFIX_PATH=${CMAKE_PREFIX_PATH}:/opt/ros/jazzy /usr/bin/cmake --build /home/ttpidelta/RushBoTT-ros2_ws/build/rushbott_description -- -j12 -l12
[0.655s] DEBUG:colcon.colcon_core.event_handler.log_command:Invoking command in '/home/ttpidelta/RushBoTT-ros2_ws/build/rushbott_description': CMAKE_PREFIX_PATH=${CMAKE_PREFIX_PATH}:/opt/ros/jazzy /usr/bin/cmake --install /home/ttpidelta/RushBoTT-ros2_ws/build/rushbott_description
[0.882s] Level 1:colcon.colcon_core.environment:create_environment_scripts_only(rushbott_description)
[0.883s] DEBUG:colcon.colcon_core.event_handler.log_command:Invoked command in '/home/ttpidelta/RushBoTT-ros2_ws/build/rushbott_description' returned '0': CMAKE_PREFIX_PATH=${CMAKE_PREFIX_PATH}:/opt/ros/jazzy /usr/bin/cmake --install /home/ttpidelta/RushBoTT-ros2_ws/build/rushbott_description
[0.885s] Level 1:colcon.colcon_core.environment:checking '/home/ttpidelta/RushBoTT-ros2_ws/install/rushbott_description' for CMake module files
[0.885s] Level 1:colcon.colcon_core.environment:checking '/home/ttpidelta/RushBoTT-ros2_ws/install/rushbott_description' for CMake config files
[0.886s] Level 1:colcon.colcon_core.shell:create_environment_hook('rushbott_description', 'cmake_prefix_path')
[0.886s] INFO:colcon.colcon_core.shell:Creating environment hook '/home/ttpidelta/RushBoTT-ros2_ws/install/rushbott_description/share/rushbott_description/hook/cmake_prefix_path.ps1'
[0.886s] INFO:colcon.colcon_core.shell:Creating environment descriptor '/home/ttpidelta/RushBoTT-ros2_ws/install/rushbott_description/share/rushbott_description/hook/cmake_prefix_path.dsv'
[0.887s] INFO:colcon.colcon_core.shell:Creating environment hook '/home/ttpidelta/RushBoTT-ros2_ws/install/rushbott_description/share/rushbott_description/hook/cmake_prefix_path.sh'
[0.888s] Level 1:colcon.colcon_core.environment:checking '/home/ttpidelta/RushBoTT-ros2_ws/install/rushbott_description/bin'
[0.888s] Level 1:colcon.colcon_core.environment:checking '/home/ttpidelta/RushBoTT-ros2_ws/install/rushbott_description/lib/pkgconfig/rushbott_description.pc'
[0.891s] Level 1:colcon.colcon_core.environment:checking '/home/ttpidelta/RushBoTT-ros2_ws/install/rushbott_description/lib/python3.12/site-packages'
[0.891s] Level 1:colcon.colcon_core.environment:checking '/home/ttpidelta/RushBoTT-ros2_ws/install/rushbott_description/bin'
[0.891s] INFO:colcon.colcon_core.shell:Creating package script '/home/ttpidelta/RushBoTT-ros2_ws/install/rushbott_description/share/rushbott_description/package.ps1'
[0.892s] INFO:colcon.colcon_core.shell:Creating package descriptor '/home/ttpidelta/RushBoTT-ros2_ws/install/rushbott_description/share/rushbott_description/package.dsv'
[0.893s] INFO:colcon.colcon_core.shell:Creating package script '/home/ttpidelta/RushBoTT-ros2_ws/install/rushbott_description/share/rushbott_description/package.sh'
[0.894s] INFO:colcon.colcon_core.shell:Creating package script '/home/ttpidelta/RushBoTT-ros2_ws/install/rushbott_description/share/rushbott_description/package.bash'
[0.894s] INFO:colcon.colcon_core.shell:Creating package script '/home/ttpidelta/RushBoTT-ros2_ws/install/rushbott_description/share/rushbott_description/package.zsh'
[0.895s] Level 1:colcon.colcon_core.environment:create_file_with_runtime_dependencies(/home/ttpidelta/RushBoTT-ros2_ws/install/rushbott_description/share/colcon-core/packages/rushbott_description)
[0.923s] Level 1:colcon.colcon_core.environment:create_environment_scripts_only(rushbott_description)
[0.923s] Level 1:colcon.colcon_core.environment:checking '/home/ttpidelta/RushBoTT-ros2_ws/install/rushbott_description' for CMake module files
[0.924s] Level 1:colcon.colcon_core.environment:checking '/home/ttpidelta/RushBoTT-ros2_ws/install/rushbott_description' for CMake config files
[0.924s] Level 1:colcon.colcon_core.shell:create_environment_hook('rushbott_description', 'cmake_prefix_path')
[0.924s] INFO:colcon.colcon_core.shell:Creating environment hook '/home/ttpidelta/RushBoTT-ros2_ws/install/rushbott_description/share/rushbott_description/hook/cmake_prefix_path.ps1'
[0.925s] INFO:colcon.colcon_core.shell:Creating environment descriptor '/home/ttpidelta/RushBoTT-ros2_ws/install/rushbott_description/share/rushbott_description/hook/cmake_prefix_path.dsv'
[0.925s] INFO:colcon.colcon_core.shell:Creating environment hook '/home/ttpidelta/RushBoTT-ros2_ws/install/rushbott_description/share/rushbott_description/hook/cmake_prefix_path.sh'
[0.926s] Level 1:colcon.colcon_core.environment:checking '/home/ttpidelta/RushBoTT-ros2_ws/install/rushbott_description/bin'
[0.926s] Level 1:colcon.colcon_core.environment:checking '/home/ttpidelta/RushBoTT-ros2_ws/install/rushbott_description/lib/pkgconfig/rushbott_description.pc'
[0.926s] Level 1:colcon.colcon_core.environment:checking '/home/ttpidelta/RushBoTT-ros2_ws/install/rushbott_description/lib/python3.12/site-packages'
[0.926s] Level 1:colcon.colcon_core.environment:checking '/home/ttpidelta/RushBoTT-ros2_ws/install/rushbott_description/bin'
[0.927s] INFO:colcon.colcon_core.shell:Creating package script '/home/ttpidelta/RushBoTT-ros2_ws/install/rushbott_description/share/rushbott_description/package.ps1'
[0.927s] INFO:colcon.colcon_core.shell:Creating package descriptor '/home/ttpidelta/RushBoTT-ros2_ws/install/rushbott_description/share/rushbott_description/package.dsv'
[0.928s] INFO:colcon.colcon_core.shell:Creating package script '/home/ttpidelta/RushBoTT-ros2_ws/install/rushbott_description/share/rushbott_description/package.sh'
[0.928s] INFO:colcon.colcon_core.shell:Creating package script '/home/ttpidelta/RushBoTT-ros2_ws/install/rushbott_description/share/rushbott_description/package.bash'
[0.929s] INFO:colcon.colcon_core.shell:Creating package script '/home/ttpidelta/RushBoTT-ros2_ws/install/rushbott_description/share/rushbott_description/package.zsh'
[0.929s] Level 1:colcon.colcon_core.environment:create_file_with_runtime_dependencies(/home/ttpidelta/RushBoTT-ros2_ws/install/rushbott_description/share/colcon-core/packages/rushbott_description)
[0.930s] DEBUG:colcon.colcon_parallel_executor.executor.parallel:closing loop
[0.930s] DEBUG:colcon.colcon_parallel_executor.executor.parallel:loop closed
[0.931s] DEBUG:colcon.colcon_parallel_executor.executor.parallel:run_until_complete finished with '0'
[0.931s] DEBUG:colcon.colcon_core.event_reactor:joining thread
[0.938s] INFO:colcon.colcon_core.plugin_system:Skipping extension 'colcon_notification.desktop_notification.notify_send': Could not find 'notify-send'
[0.938s] INFO:colcon.colcon_core.plugin_system:Skipping extension 'colcon_notification.desktop_notification.terminal_notifier': Not used on non-Darwin systems
[0.938s] INFO:colcon.colcon_core.plugin_system:Skipping extension 'colcon_notification.desktop_notification.win32': Not used on non-Windows systems
[0.938s] INFO:colcon.colcon_notification.desktop_notification:Sending desktop notification using 'notify2'
[0.942s] DEBUG:colcon.colcon_notification.desktop_notification.notify2:Failed to initialize notify2: org.freedesktop.DBus.Error.Spawn.ExecFailed: /usr/bin/dbus-launch terminated abnormally without any error message
[0.942s] DEBUG:colcon.colcon_core.event_reactor:joined thread
[0.943s] INFO:colcon.colcon_core.shell:Creating prefix script '/home/ttpidelta/RushBoTT-ros2_ws/install/local_setup.ps1'
[0.944s] INFO:colcon.colcon_core.shell:Creating prefix util module '/home/ttpidelta/RushBoTT-ros2_ws/install/_local_setup_util_ps1.py'
[0.945s] INFO:colcon.colcon_core.shell:Creating prefix chain script '/home/ttpidelta/RushBoTT-ros2_ws/install/setup.ps1'
[0.946s] INFO:colcon.colcon_core.shell:Creating prefix script '/home/ttpidelta/RushBoTT-ros2_ws/install/local_setup.sh'
[0.947s] INFO:colcon.colcon_core.shell:Creating prefix util module '/home/ttpidelta/RushBoTT-ros2_ws/install/_local_setup_util_sh.py'
[0.948s] INFO:colcon.colcon_core.shell:Creating prefix chain script '/home/ttpidelta/RushBoTT-ros2_ws/install/setup.sh'
[0.949s] INFO:colcon.colcon_core.shell:Creating prefix script '/home/ttpidelta/RushBoTT-ros2_ws/install/local_setup.bash'
[0.950s] INFO:colcon.colcon_core.shell:Creating prefix chain script '/home/ttpidelta/RushBoTT-ros2_ws/install/setup.bash'
[0.951s] INFO:colcon.colcon_core.shell:Creating prefix script '/home/ttpidelta/RushBoTT-ros2_ws/install/local_setup.zsh'
[0.951s] INFO:colcon.colcon_core.shell:Creating prefix chain script '/home/ttpidelta/RushBoTT-ros2_ws/install/setup.zsh'
