[0.888s] Invoking command in '/RushBoTT-ros2_ws/src/my_package': PYTHONPATH=/RushBoTT-ros2_ws/build/my_package/prefix_override:/usr/lib/python3/dist-packages/colcon_core/task/python/colcon_distutils_commands:/RushBoTT-ros2_ws/install/my_package/lib/python3.12/site-packages:${PYTHONPATH} /usr/bin/python3 -W ignore:setup.py install is deprecated setup.py egg_info --egg-base ../../build/my_package build --build-base /RushBoTT-ros2_ws/build/my_package/build install --record /RushBoTT-ros2_ws/build/my_package/install.log --single-version-externally-managed install_data
[1.156s] running egg_info
[1.157s] creating ../../build/my_package/my_package.egg-info
[1.175s] writing ../../build/my_package/my_package.egg-info/PKG-INFO
[1.176s] writing dependency_links to ../../build/my_package/my_package.egg-info/dependency_links.txt
[1.176s] writing entry points to ../../build/my_package/my_package.egg-info/entry_points.txt
[1.176s] writing requirements to ../../build/my_package/my_package.egg-info/requires.txt
[1.177s] writing top-level names to ../../build/my_package/my_package.egg-info/top_level.txt
[1.177s] writing manifest file '../../build/my_package/my_package.egg-info/SOURCES.txt'
[1.213s] reading manifest file '../../build/my_package/my_package.egg-info/SOURCES.txt'
[1.213s] adding license file 'LICENSE'
[1.214s] writing manifest file '../../build/my_package/my_package.egg-info/SOURCES.txt'
[1.214s] running build
[1.214s] running build_py
[1.215s] creating /RushBoTT-ros2_ws/build/my_package/build
[1.215s] creating /RushBoTT-ros2_ws/build/my_package/build/lib
[1.215s] creating /RushBoTT-ros2_ws/build/my_package/build/lib/my_package
[1.215s] copying my_package/__init__.py -> /RushBoTT-ros2_ws/build/my_package/build/lib/my_package
[1.215s] copying my_package/my_robot_driver.py -> /RushBoTT-ros2_ws/build/my_package/build/lib/my_package
[1.216s] running install
[1.224s] running install_lib
[1.246s] creating /RushBoTT-ros2_ws/install/my_package/lib/python3.12/site-packages/my_package
[1.246s] copying /RushBoTT-ros2_ws/build/my_package/build/lib/my_package/__init__.py -> /RushBoTT-ros2_ws/install/my_package/lib/python3.12/site-packages/my_package
[1.247s] copying /RushBoTT-ros2_ws/build/my_package/build/lib/my_package/my_robot_driver.py -> /RushBoTT-ros2_ws/install/my_package/lib/python3.12/site-packages/my_package
[1.249s] byte-compiling /RushBoTT-ros2_ws/install/my_package/lib/python3.12/site-packages/my_package/__init__.py to __init__.cpython-312.pyc
[1.250s] byte-compiling /RushBoTT-ros2_ws/install/my_package/lib/python3.12/site-packages/my_package/my_robot_driver.py to my_robot_driver.cpython-312.pyc
[1.251s] running install_data
[1.252s] creating /RushBoTT-ros2_ws/install/my_package/share/ament_index
[1.252s] creating /RushBoTT-ros2_ws/install/my_package/share/ament_index/resource_index
[1.252s] creating /RushBoTT-ros2_ws/install/my_package/share/ament_index/resource_index/packages
[1.252s] copying resource/my_package -> /RushBoTT-ros2_ws/install/my_package/share/ament_index/resource_index/packages
[1.252s] creating /RushBoTT-ros2_ws/install/my_package/share/my_package/launch
[1.252s] copying launch/robot_launch.py -> /RushBoTT-ros2_ws/install/my_package/share/my_package/launch
[1.253s] creating /RushBoTT-ros2_ws/install/my_package/share/my_package/worlds
[1.253s] copying worlds/my_world.wbt -> /RushBoTT-ros2_ws/install/my_package/share/my_package/worlds
[1.253s] creating /RushBoTT-ros2_ws/install/my_package/share/my_package/resource
[1.253s] copying resource/my_robot.urdf -> /RushBoTT-ros2_ws/install/my_package/share/my_package/resource
[1.254s] copying package.xml -> /RushBoTT-ros2_ws/install/my_package/share/my_package
[1.254s] running install_egg_info
[1.274s] Copying ../../build/my_package/my_package.egg-info to /RushBoTT-ros2_ws/install/my_package/lib/python3.12/site-packages/my_package-0.0.0-py3.12.egg-info
[1.275s] running install_scripts
[1.400s] Installing my_robot_driver script to /RushBoTT-ros2_ws/install/my_package/lib/my_package
[1.401s] writing list of installed files to '/RushBoTT-ros2_ws/build/my_package/install.log'
[1.448s] Invoked command in '/RushBoTT-ros2_ws/src/my_package' returned '0': PYTHONPATH=/RushBoTT-ros2_ws/build/my_package/prefix_override:/usr/lib/python3/dist-packages/colcon_core/task/python/colcon_distutils_commands:/RushBoTT-ros2_ws/install/my_package/lib/python3.12/site-packages:${PYTHONPATH} /usr/bin/python3 -W ignore:setup.py install is deprecated setup.py egg_info --egg-base ../../build/my_package build --build-base /RushBoTT-ros2_ws/build/my_package/build install --record /RushBoTT-ros2_ws/build/my_package/install.log --single-version-externally-managed install_data
