[0.016s] Invoking command in '/home/ttpidelta/RushBoTT-ros2_ws/build/rushbott_description': CMAKE_PREFIX_PATH=${CMAKE_PREFIX_PATH}:/opt/ros/jazzy /usr/bin/cmake /home/ttpidelta/RushBoTT-ros2_ws/src/rushbott/rushbott_description -DAMENT_CMAKE_SYMLINK_INSTALL=1 -DCMAKE_INSTALL_PREFIX=/home/ttpidelta/RushBoTT-ros2_ws/install/rushbott_description
[0.029s] -- Found ament_cmake: 2.5.2 (/opt/ros/jazzy/share/ament_cmake/cmake)
[0.227s] -- Override CMake install command with custom implementation using symlinks instead of copying resources
[0.236s] -- Found ament_lint_auto: 0.17.1 (/opt/ros/jazzy/share/ament_lint_auto/cmake)
[0.322s] -- Added test 'copyright' to check source files copyright and LICENSE
[0.324s] -- Added test 'flake8' to check Python code syntax and style conventions
[0.325s] -- Configured 'flake8' exclude dirs and/or files: 
[0.325s] -- Added test 'lint_cmake' to check CMake code style
[0.325s] -- Added test 'pep257' to check Python code against some of the docstring style conventions in PEP 257
[0.327s] -- Added test 'xmllint' to check XML markup files
[0.328s] -- Configuring done (0.3s)
[0.331s] -- Generating done (0.0s)
[0.332s] -- Build files have been written to: /home/ttpidelta/RushBoTT-ros2_ws/build/rushbott_description
[0.336s] Invoked command in '/home/ttpidelta/RushBoTT-ros2_ws/build/rushbott_description' returned '0': CMAKE_PREFIX_PATH=${CMAKE_PREFIX_PATH}:/opt/ros/jazzy /usr/bin/cmake /home/ttpidelta/RushBoTT-ros2_ws/src/rushbott/rushbott_description -DAMENT_CMAKE_SYMLINK_INSTALL=1 -DCMAKE_INSTALL_PREFIX=/home/ttpidelta/RushBoTT-ros2_ws/install/rushbott_description
[0.338s] Invoking command in '/home/ttpidelta/RushBoTT-ros2_ws/build/rushbott_description': CMAKE_PREFIX_PATH=${CMAKE_PREFIX_PATH}:/opt/ros/jazzy /usr/bin/cmake --build /home/ttpidelta/RushBoTT-ros2_ws/build/rushbott_description -- -j12 -l12
[0.389s] Invoked command in '/home/ttpidelta/RushBoTT-ros2_ws/build/rushbott_description' returned '0': CMAKE_PREFIX_PATH=${CMAKE_PREFIX_PATH}:/opt/ros/jazzy /usr/bin/cmake --build /home/ttpidelta/RushBoTT-ros2_ws/build/rushbott_description -- -j12 -l12
[0.429s] Invoking command in '/home/ttpidelta/RushBoTT-ros2_ws/build/rushbott_description': CMAKE_PREFIX_PATH=${CMAKE_PREFIX_PATH}:/opt/ros/jazzy /usr/bin/cmake --install /home/ttpidelta/RushBoTT-ros2_ws/build/rushbott_description
[0.438s] -- Install configuration: ""
[0.438s] -- Execute custom install script
[0.438s] -- Up-to-date symlink: /home/ttpidelta/RushBoTT-ros2_ws/install/rushbott_description/share/rushbott_description/launch/robot_description.launch.py
[0.439s] -- Up-to-date symlink: /home/ttpidelta/RushBoTT-ros2_ws/install/rushbott_description/share/rushbott_description/launch/rviz2.launch.py
[0.439s] -- Up-to-date symlink: /home/ttpidelta/RushBoTT-ros2_ws/install/rushbott_description/share/rushbott_description/urdf/common_properties.urdf.xacro
[0.439s] -- Up-to-date symlink: /home/ttpidelta/RushBoTT-ros2_ws/install/rushbott_description/share/rushbott_description/urdf/rushbott.urdf.xacro
[0.439s] -- Up-to-date symlink: /home/ttpidelta/RushBoTT-ros2_ws/install/rushbott_description/share/rushbott_description/urdf/wheel.urdf.xacro
[0.440s] -- Up-to-date symlink: /home/ttpidelta/RushBoTT-ros2_ws/install/rushbott_description/share/rushbott_description/rviz/rushbott.rviz
[0.440s] -- Up-to-date symlink: /home/ttpidelta/RushBoTT-ros2_ws/install/rushbott_description/share/ament_index/resource_index/package_run_dependencies/rushbott_description
[0.440s] -- Up-to-date symlink: /home/ttpidelta/RushBoTT-ros2_ws/install/rushbott_description/share/ament_index/resource_index/parent_prefix_path/rushbott_description
[0.440s] -- Up-to-date symlink: /home/ttpidelta/RushBoTT-ros2_ws/install/rushbott_description/share/rushbott_description/environment/ament_prefix_path.sh
[0.441s] -- Up-to-date symlink: /home/ttpidelta/RushBoTT-ros2_ws/install/rushbott_description/share/rushbott_description/environment/ament_prefix_path.dsv
[0.441s] -- Up-to-date symlink: /home/ttpidelta/RushBoTT-ros2_ws/install/rushbott_description/share/rushbott_description/environment/path.sh
[0.441s] -- Up-to-date symlink: /home/ttpidelta/RushBoTT-ros2_ws/install/rushbott_description/share/rushbott_description/environment/path.dsv
[0.441s] -- Up-to-date symlink: /home/ttpidelta/RushBoTT-ros2_ws/install/rushbott_description/share/rushbott_description/local_setup.bash
[0.441s] -- Up-to-date symlink: /home/ttpidelta/RushBoTT-ros2_ws/install/rushbott_description/share/rushbott_description/local_setup.sh
[0.442s] -- Up-to-date symlink: /home/ttpidelta/RushBoTT-ros2_ws/install/rushbott_description/share/rushbott_description/local_setup.zsh
[0.442s] -- Up-to-date symlink: /home/ttpidelta/RushBoTT-ros2_ws/install/rushbott_description/share/rushbott_description/local_setup.dsv
[0.442s] -- Symlinking: /home/ttpidelta/RushBoTT-ros2_ws/install/rushbott_description/share/rushbott_description/package.dsv
[0.454s] -- Up-to-date symlink: /home/ttpidelta/RushBoTT-ros2_ws/install/rushbott_description/share/ament_index/resource_index/packages/rushbott_description
[0.454s] -- Up-to-date symlink: /home/ttpidelta/RushBoTT-ros2_ws/install/rushbott_description/share/rushbott_description/cmake/rushbott_descriptionConfig.cmake
[0.454s] -- Up-to-date symlink: /home/ttpidelta/RushBoTT-ros2_ws/install/rushbott_description/share/rushbott_description/cmake/rushbott_descriptionConfig-version.cmake
[0.454s] -- Up-to-date symlink: /home/ttpidelta/RushBoTT-ros2_ws/install/rushbott_description/share/rushbott_description/package.xml
[0.457s] Invoked command in '/home/ttpidelta/RushBoTT-ros2_ws/build/rushbott_description' returned '0': CMAKE_PREFIX_PATH=${CMAKE_PREFIX_PATH}:/opt/ros/jazzy /usr/bin/cmake --install /home/ttpidelta/RushBoTT-ros2_ws/build/rushbott_description
