[1.239s] DEBUG:colcon:Command line arguments: ['/usr/bin/colcon', 'list', '-p', '--base-paths', '/RushBoTT-ros2_ws']
[1.246s] DEBUG:colcon:Parsed command line arguments: Namespace(log_base=None, log_level=None, verb_name='list', build_base='build', ignore_user_meta=False, metas=['./colcon.meta'], base_paths=['/RushBoTT-ros2_ws'], packages_ignore=None, packages_ignore_regex=None, paths=None, packages_up_to=None, packages_up_to_regex=None, packages_above=None, packages_above_and_dependencies=None, packages_above_depth=None, packages_select_by_dep=None, packages_skip_by_dep=None, packages_skip_up_to=None, packages_select_build_failed=False, packages_skip_build_finished=False, packages_select_test_failures=False, packages_skip_test_passed=False, packages_select=None, packages_skip=None, packages_select_regex=None, packages_skip_regex=None, packages_start=None, packages_end=None, topological_order=False, names_only=False, paths_only=True, topological_graph=False, topological_graph_dot=False, topological_graph_density=False, topological_graph_legend=False, topological_graph_dot_cluster=False, topological_graph_dot_include_skipped=False, mixin_files=None, mixin=None, verb_parser=<colcon_mixin.mixin.mixin_argument.MixinArgumentDecorator object at 0x7fe0c3e4d540>, verb_extension=<colcon_package_information.verb.list.ListVerb object at 0x7fe0c3e4c5b0>, main=<bound method ListVerb.main of <colcon_package_information.verb.list.ListVerb object at 0x7fe0c3e4c5b0>>, mixin_verb=('list',))
[3.576s] Level 1:colcon.colcon_core.package_discovery:discover_packages(colcon_meta) check parameters
[3.577s] Level 1:colcon.colcon_core.package_discovery:discover_packages(recursive) check parameters
[3.577s] Level 1:colcon.colcon_core.package_discovery:discover_packages(ignore) check parameters
[3.578s] Level 1:colcon.colcon_core.package_discovery:discover_packages(path) check parameters
[3.578s] Level 1:colcon.colcon_core.package_discovery:discover_packages(recursive) discover
[3.578s] INFO:colcon.colcon_core.package_discovery:Crawling recursively for packages in '/RushBoTT-ros2_ws'
[3.579s] Level 1:colcon.colcon_core.package_identification:_identify(/RushBoTT-ros2_ws) by extensions ['ignore', 'ignore_ament_install']
[3.580s] Level 1:colcon.colcon_core.package_identification:_identify(/RushBoTT-ros2_ws) by extension 'ignore'
[3.580s] Level 1:colcon.colcon_core.package_identification:_identify(/RushBoTT-ros2_ws) by extension 'ignore_ament_install'
[3.580s] Level 1:colcon.colcon_core.package_identification:_identify(/RushBoTT-ros2_ws) by extensions ['colcon_pkg']
[3.581s] Level 1:colcon.colcon_core.package_identification:_identify(/RushBoTT-ros2_ws) by extension 'colcon_pkg'
[3.581s] Level 1:colcon.colcon_core.package_identification:_identify(/RushBoTT-ros2_ws) by extensions ['colcon_meta']
[3.581s] Level 1:colcon.colcon_core.package_identification:_identify(/RushBoTT-ros2_ws) by extension 'colcon_meta'
[3.582s] Level 1:colcon.colcon_core.package_identification:_identify(/RushBoTT-ros2_ws) by extensions ['ros']
[3.582s] Level 1:colcon.colcon_core.package_identification:_identify(/RushBoTT-ros2_ws) by extension 'ros'
[3.653s] Level 1:colcon.colcon_core.package_identification:_identify(/RushBoTT-ros2_ws) by extensions ['cmake', 'python']
[3.653s] Level 1:colcon.colcon_core.package_identification:_identify(/RushBoTT-ros2_ws) by extension 'cmake'
[3.654s] Level 1:colcon.colcon_core.package_identification:_identify(/RushBoTT-ros2_ws) by extension 'python'
[3.654s] Level 1:colcon.colcon_core.package_identification:_identify(/RushBoTT-ros2_ws) by extensions ['python_setup_py']
[3.654s] Level 1:colcon.colcon_core.package_identification:_identify(/RushBoTT-ros2_ws) by extension 'python_setup_py'
[3.654s] Level 1:colcon.colcon_core.package_identification:_identify(/RushBoTT-ros2_ws/build) by extensions ['ignore', 'ignore_ament_install']
[3.655s] Level 1:colcon.colcon_core.package_identification:_identify(/RushBoTT-ros2_ws/build) by extension 'ignore'
[3.655s] Level 1:colcon.colcon_core.package_identification:_identify(/RushBoTT-ros2_ws/build) ignored
[3.655s] Level 1:colcon.colcon_core.package_identification:_identify(/RushBoTT-ros2_ws/install) by extensions ['ignore', 'ignore_ament_install']
[3.656s] Level 1:colcon.colcon_core.package_identification:_identify(/RushBoTT-ros2_ws/install) by extension 'ignore'
[3.656s] Level 1:colcon.colcon_core.package_identification:_identify(/RushBoTT-ros2_ws/install) ignored
[3.656s] Level 1:colcon.colcon_core.package_identification:_identify(/RushBoTT-ros2_ws/log) by extensions ['ignore', 'ignore_ament_install']
[3.657s] Level 1:colcon.colcon_core.package_identification:_identify(/RushBoTT-ros2_ws/log) by extension 'ignore'
[3.657s] Level 1:colcon.colcon_core.package_identification:_identify(/RushBoTT-ros2_ws/log) ignored
[3.657s] Level 1:colcon.colcon_core.package_identification:_identify(/RushBoTT-ros2_ws/src) by extensions ['ignore', 'ignore_ament_install']
[3.658s] Level 1:colcon.colcon_core.package_identification:_identify(/RushBoTT-ros2_ws/src) by extension 'ignore'
[3.658s] Level 1:colcon.colcon_core.package_identification:_identify(/RushBoTT-ros2_ws/src) by extension 'ignore_ament_install'
[3.658s] Level 1:colcon.colcon_core.package_identification:_identify(/RushBoTT-ros2_ws/src) by extensions ['colcon_pkg']
[3.659s] Level 1:colcon.colcon_core.package_identification:_identify(/RushBoTT-ros2_ws/src) by extension 'colcon_pkg'
[3.659s] Level 1:colcon.colcon_core.package_identification:_identify(/RushBoTT-ros2_ws/src) by extensions ['colcon_meta']
[3.659s] Level 1:colcon.colcon_core.package_identification:_identify(/RushBoTT-ros2_ws/src) by extension 'colcon_meta'
[3.659s] Level 1:colcon.colcon_core.package_identification:_identify(/RushBoTT-ros2_ws/src) by extensions ['ros']
[3.659s] Level 1:colcon.colcon_core.package_identification:_identify(/RushBoTT-ros2_ws/src) by extension 'ros'
[3.659s] Level 1:colcon.colcon_core.package_identification:_identify(/RushBoTT-ros2_ws/src) by extensions ['cmake', 'python']
[3.659s] Level 1:colcon.colcon_core.package_identification:_identify(/RushBoTT-ros2_ws/src) by extension 'cmake'
[3.660s] Level 1:colcon.colcon_core.package_identification:_identify(/RushBoTT-ros2_ws/src) by extension 'python'
[3.660s] Level 1:colcon.colcon_core.package_identification:_identify(/RushBoTT-ros2_ws/src) by extensions ['python_setup_py']
[3.660s] Level 1:colcon.colcon_core.package_identification:_identify(/RushBoTT-ros2_ws/src) by extension 'python_setup_py'
[3.660s] Level 1:colcon.colcon_core.package_identification:_identify(/RushBoTT-ros2_ws/src/my_package) by extensions ['ignore', 'ignore_ament_install']
[3.660s] Level 1:colcon.colcon_core.package_identification:_identify(/RushBoTT-ros2_ws/src/my_package) by extension 'ignore'
[3.661s] Level 1:colcon.colcon_core.package_identification:_identify(/RushBoTT-ros2_ws/src/my_package) by extension 'ignore_ament_install'
[3.661s] Level 1:colcon.colcon_core.package_identification:_identify(/RushBoTT-ros2_ws/src/my_package) by extensions ['colcon_pkg']
[3.661s] Level 1:colcon.colcon_core.package_identification:_identify(/RushBoTT-ros2_ws/src/my_package) by extension 'colcon_pkg'
[3.661s] Level 1:colcon.colcon_core.package_identification:_identify(/RushBoTT-ros2_ws/src/my_package) by extensions ['colcon_meta']
[3.661s] Level 1:colcon.colcon_core.package_identification:_identify(/RushBoTT-ros2_ws/src/my_package) by extension 'colcon_meta'
[3.662s] Level 1:colcon.colcon_core.package_identification:_identify(/RushBoTT-ros2_ws/src/my_package) by extensions ['ros']
[3.662s] Level 1:colcon.colcon_core.package_identification:_identify(/RushBoTT-ros2_ws/src/my_package) by extension 'ros'
[3.673s] DEBUG:colcon.colcon_core.package_identification:Package '/RushBoTT-ros2_ws/src/my_package' with type 'ros.ament_python' and name 'my_package'
[3.675s] Level 1:colcon.colcon_core.package_discovery:discover_packages(recursive) using defaults
