[0.011s] Invoking command in '/home/ttpidelta/RushBoTT-ros2_ws/build/ros_gz_example_bringup': CMAKE_PREFIX_PATH=/home/ttpidelta/RushBoTT-ros2_ws/install/ros_gz_example_gazebo:/home/ttpidelta/RushBoTT-ros2_ws/install/ros_gz_example_description:/home/ttpidelta/RushBoTT-ros2_ws/install/ros_gz_example_bringup:/home/ttpidelta/RushBoTT-ros2_ws/install/ros_gz_example_application:/opt/ros/jazzy/opt/gz_sim_vendor:/opt/ros/jazzy/opt/gz_sensors_vendor:/opt/ros/jazzy/opt/gz_physics_vendor:/opt/ros/jazzy/opt/sdformat_vendor:/opt/ros/jazzy/opt/gz_gui_vendor:/opt/ros/jazzy/opt/gz_transport_vendor:/opt/ros/jazzy/opt/gz_rendering_vendor:/opt/ros/jazzy/opt/gz_plugin_vendor:/opt/ros/jazzy/opt/gz_fuel_tools_vendor:/opt/ros/jazzy/opt/gz_msgs_vendor:/opt/ros/jazzy/opt/gz_common_vendor:/opt/ros/jazzy/opt/gz_math_vendor:/opt/ros/jazzy/opt/gz_utils_vendor:/opt/ros/jazzy/opt/gz_tools_vendor:/opt/ros/jazzy/opt/gz_ogre_next_vendor:/opt/ros/jazzy/opt/gz_dartsim_vendor:/opt/ros/jazzy/opt/gz_cmake_vendor:/home/ttpidelta/RushBoTT-ros2_ws/install/rushbott_description:/opt/ros/jazzy GZ_SIM_PLUGIN_PATH=/home/ttpidelta/RushBoTT-ros2_ws/install/ros_gz_example_gazebo/lib/ros_gz_example_gazebo GZ_SIM_RESOURCE_PATH=/home/ttpidelta/RushBoTT-ros2_ws/install/ros_gz_example_description/share/ros_gz_example_description/models:${GZ_SIM_RESOURCE_PATH} /usr/bin/cmake /home/ttpidelta/RushBoTT-ros2_ws/src/rushbott_gz/rushbott_gz_bringup -DCMAKE_INSTALL_PREFIX=/home/ttpidelta/RushBoTT-ros2_ws/install/ros_gz_example_bringup
[0.074s] -- The C compiler identification is GNU 13.2.0
[0.143s] -- The CXX compiler identification is GNU 13.2.0
[0.161s] -- Detecting C compiler ABI info
[0.262s] -- Detecting C compiler ABI info - done
[0.271s] -- Check for working C compiler: /usr/bin/cc - skipped
[0.271s] -- Detecting C compile features
[0.272s] -- Detecting C compile features - done
[0.283s] -- Detecting CXX compiler ABI info
[0.397s] -- Detecting CXX compiler ABI info - done
[0.407s] -- Check for working CXX compiler: /usr/bin/c++ - skipped
[0.408s] -- Detecting CXX compile features
[0.408s] -- Detecting CXX compile features - done
[0.417s] -- Found ament_cmake: 2.5.2 (/opt/ros/jazzy/share/ament_cmake/cmake)
[0.631s] -- Found Python3: /usr/bin/python3 (found version "3.12.3") found components: Interpreter 
[0.809s] -- Found ros_gz_example_description: 0.0.0 (/home/ttpidelta/RushBoTT-ros2_ws/install/ros_gz_example_description/share/ros_gz_example_description/cmake)
[0.809s] -- Found ros_gz_example_gazebo: 0.0.0 (/home/ttpidelta/RushBoTT-ros2_ws/install/ros_gz_example_gazebo/share/ros_gz_example_gazebo/cmake)
[0.817s] -- Found ament_lint_auto: 0.17.1 (/opt/ros/jazzy/share/ament_lint_auto/cmake)
[0.906s] -- Configuring done (0.9s)
[0.912s] -- Generating done (0.0s)
[0.913s] -- Build files have been written to: /home/ttpidelta/RushBoTT-ros2_ws/build/ros_gz_example_bringup
[0.918s] Invoked command in '/home/ttpidelta/RushBoTT-ros2_ws/build/ros_gz_example_bringup' returned '0': CMAKE_PREFIX_PATH=/home/ttpidelta/RushBoTT-ros2_ws/install/ros_gz_example_gazebo:/home/ttpidelta/RushBoTT-ros2_ws/install/ros_gz_example_description:/home/ttpidelta/RushBoTT-ros2_ws/install/ros_gz_example_bringup:/home/ttpidelta/RushBoTT-ros2_ws/install/ros_gz_example_application:/opt/ros/jazzy/opt/gz_sim_vendor:/opt/ros/jazzy/opt/gz_sensors_vendor:/opt/ros/jazzy/opt/gz_physics_vendor:/opt/ros/jazzy/opt/sdformat_vendor:/opt/ros/jazzy/opt/gz_gui_vendor:/opt/ros/jazzy/opt/gz_transport_vendor:/opt/ros/jazzy/opt/gz_rendering_vendor:/opt/ros/jazzy/opt/gz_plugin_vendor:/opt/ros/jazzy/opt/gz_fuel_tools_vendor:/opt/ros/jazzy/opt/gz_msgs_vendor:/opt/ros/jazzy/opt/gz_common_vendor:/opt/ros/jazzy/opt/gz_math_vendor:/opt/ros/jazzy/opt/gz_utils_vendor:/opt/ros/jazzy/opt/gz_tools_vendor:/opt/ros/jazzy/opt/gz_ogre_next_vendor:/opt/ros/jazzy/opt/gz_dartsim_vendor:/opt/ros/jazzy/opt/gz_cmake_vendor:/home/ttpidelta/RushBoTT-ros2_ws/install/rushbott_description:/opt/ros/jazzy GZ_SIM_PLUGIN_PATH=/home/ttpidelta/RushBoTT-ros2_ws/install/ros_gz_example_gazebo/lib/ros_gz_example_gazebo GZ_SIM_RESOURCE_PATH=/home/ttpidelta/RushBoTT-ros2_ws/install/ros_gz_example_description/share/ros_gz_example_description/models:${GZ_SIM_RESOURCE_PATH} /usr/bin/cmake /home/ttpidelta/RushBoTT-ros2_ws/src/rushbott_gz/rushbott_gz_bringup -DCMAKE_INSTALL_PREFIX=/home/ttpidelta/RushBoTT-ros2_ws/install/ros_gz_example_bringup
[0.920s] Invoking command in '/home/ttpidelta/RushBoTT-ros2_ws/build/ros_gz_example_bringup': CMAKE_PREFIX_PATH=/home/ttpidelta/RushBoTT-ros2_ws/install/ros_gz_example_gazebo:/home/ttpidelta/RushBoTT-ros2_ws/install/ros_gz_example_description:/home/ttpidelta/RushBoTT-ros2_ws/install/ros_gz_example_bringup:/home/ttpidelta/RushBoTT-ros2_ws/install/ros_gz_example_application:/opt/ros/jazzy/opt/gz_sim_vendor:/opt/ros/jazzy/opt/gz_sensors_vendor:/opt/ros/jazzy/opt/gz_physics_vendor:/opt/ros/jazzy/opt/sdformat_vendor:/opt/ros/jazzy/opt/gz_gui_vendor:/opt/ros/jazzy/opt/gz_transport_vendor:/opt/ros/jazzy/opt/gz_rendering_vendor:/opt/ros/jazzy/opt/gz_plugin_vendor:/opt/ros/jazzy/opt/gz_fuel_tools_vendor:/opt/ros/jazzy/opt/gz_msgs_vendor:/opt/ros/jazzy/opt/gz_common_vendor:/opt/ros/jazzy/opt/gz_math_vendor:/opt/ros/jazzy/opt/gz_utils_vendor:/opt/ros/jazzy/opt/gz_tools_vendor:/opt/ros/jazzy/opt/gz_ogre_next_vendor:/opt/ros/jazzy/opt/gz_dartsim_vendor:/opt/ros/jazzy/opt/gz_cmake_vendor:/home/ttpidelta/RushBoTT-ros2_ws/install/rushbott_description:/opt/ros/jazzy GZ_SIM_PLUGIN_PATH=/home/ttpidelta/RushBoTT-ros2_ws/install/ros_gz_example_gazebo/lib/ros_gz_example_gazebo GZ_SIM_RESOURCE_PATH=/home/ttpidelta/RushBoTT-ros2_ws/install/ros_gz_example_description/share/ros_gz_example_description/models:${GZ_SIM_RESOURCE_PATH} /usr/bin/cmake --build /home/ttpidelta/RushBoTT-ros2_ws/build/ros_gz_example_bringup -- -j12 -l12
[0.969s] Invoked command in '/home/ttpidelta/RushBoTT-ros2_ws/build/ros_gz_example_bringup' returned '0': CMAKE_PREFIX_PATH=/home/ttpidelta/RushBoTT-ros2_ws/install/ros_gz_example_gazebo:/home/ttpidelta/RushBoTT-ros2_ws/install/ros_gz_example_description:/home/ttpidelta/RushBoTT-ros2_ws/install/ros_gz_example_bringup:/home/ttpidelta/RushBoTT-ros2_ws/install/ros_gz_example_application:/opt/ros/jazzy/opt/gz_sim_vendor:/opt/ros/jazzy/opt/gz_sensors_vendor:/opt/ros/jazzy/opt/gz_physics_vendor:/opt/ros/jazzy/opt/sdformat_vendor:/opt/ros/jazzy/opt/gz_gui_vendor:/opt/ros/jazzy/opt/gz_transport_vendor:/opt/ros/jazzy/opt/gz_rendering_vendor:/opt/ros/jazzy/opt/gz_plugin_vendor:/opt/ros/jazzy/opt/gz_fuel_tools_vendor:/opt/ros/jazzy/opt/gz_msgs_vendor:/opt/ros/jazzy/opt/gz_common_vendor:/opt/ros/jazzy/opt/gz_math_vendor:/opt/ros/jazzy/opt/gz_utils_vendor:/opt/ros/jazzy/opt/gz_tools_vendor:/opt/ros/jazzy/opt/gz_ogre_next_vendor:/opt/ros/jazzy/opt/gz_dartsim_vendor:/opt/ros/jazzy/opt/gz_cmake_vendor:/home/ttpidelta/RushBoTT-ros2_ws/install/rushbott_description:/opt/ros/jazzy GZ_SIM_PLUGIN_PATH=/home/ttpidelta/RushBoTT-ros2_ws/install/ros_gz_example_gazebo/lib/ros_gz_example_gazebo GZ_SIM_RESOURCE_PATH=/home/ttpidelta/RushBoTT-ros2_ws/install/ros_gz_example_description/share/ros_gz_example_description/models:${GZ_SIM_RESOURCE_PATH} /usr/bin/cmake --build /home/ttpidelta/RushBoTT-ros2_ws/build/ros_gz_example_bringup -- -j12 -l12
[0.998s] Invoking command in '/home/ttpidelta/RushBoTT-ros2_ws/build/ros_gz_example_bringup': CMAKE_PREFIX_PATH=/home/ttpidelta/RushBoTT-ros2_ws/install/ros_gz_example_gazebo:/home/ttpidelta/RushBoTT-ros2_ws/install/ros_gz_example_description:/home/ttpidelta/RushBoTT-ros2_ws/install/ros_gz_example_bringup:/home/ttpidelta/RushBoTT-ros2_ws/install/ros_gz_example_application:/opt/ros/jazzy/opt/gz_sim_vendor:/opt/ros/jazzy/opt/gz_sensors_vendor:/opt/ros/jazzy/opt/gz_physics_vendor:/opt/ros/jazzy/opt/sdformat_vendor:/opt/ros/jazzy/opt/gz_gui_vendor:/opt/ros/jazzy/opt/gz_transport_vendor:/opt/ros/jazzy/opt/gz_rendering_vendor:/opt/ros/jazzy/opt/gz_plugin_vendor:/opt/ros/jazzy/opt/gz_fuel_tools_vendor:/opt/ros/jazzy/opt/gz_msgs_vendor:/opt/ros/jazzy/opt/gz_common_vendor:/opt/ros/jazzy/opt/gz_math_vendor:/opt/ros/jazzy/opt/gz_utils_vendor:/opt/ros/jazzy/opt/gz_tools_vendor:/opt/ros/jazzy/opt/gz_ogre_next_vendor:/opt/ros/jazzy/opt/gz_dartsim_vendor:/opt/ros/jazzy/opt/gz_cmake_vendor:/home/ttpidelta/RushBoTT-ros2_ws/install/rushbott_description:/opt/ros/jazzy GZ_SIM_PLUGIN_PATH=/home/ttpidelta/RushBoTT-ros2_ws/install/ros_gz_example_gazebo/lib/ros_gz_example_gazebo GZ_SIM_RESOURCE_PATH=/home/ttpidelta/RushBoTT-ros2_ws/install/ros_gz_example_description/share/ros_gz_example_description/models:${GZ_SIM_RESOURCE_PATH} /usr/bin/cmake --install /home/ttpidelta/RushBoTT-ros2_ws/build/ros_gz_example_bringup
[1.008s] -- Install configuration: ""
[1.008s] -- Installing: /home/ttpidelta/RushBoTT-ros2_ws/install/ros_gz_example_bringup/share/ros_gz_example_bringup/launch
[1.009s] -- Installing: /home/ttpidelta/RushBoTT-ros2_ws/install/ros_gz_example_bringup/share/ros_gz_example_bringup/launch/rrbot_setup.launch.py
[1.009s] -- Installing: /home/ttpidelta/RushBoTT-ros2_ws/install/ros_gz_example_bringup/share/ros_gz_example_bringup/launch/diff_drive.launch.py
[1.010s] -- Installing: /home/ttpidelta/RushBoTT-ros2_ws/install/ros_gz_example_bringup/share/ros_gz_example_bringup/config
[1.010s] -- Installing: /home/ttpidelta/RushBoTT-ros2_ws/install/ros_gz_example_bringup/share/ros_gz_example_bringup/config/rrbot.rviz
[1.010s] -- Installing: /home/ttpidelta/RushBoTT-ros2_ws/install/ros_gz_example_bringup/share/ros_gz_example_bringup/config/ros_gz_example_bridge.yaml
[1.011s] -- Installing: /home/ttpidelta/RushBoTT-ros2_ws/install/ros_gz_example_bringup/share/ros_gz_example_bringup/config/diff_drive.rviz
[1.012s] -- Installing: /home/ttpidelta/RushBoTT-ros2_ws/install/ros_gz_example_bringup/share/ament_index/resource_index/package_run_dependencies/ros_gz_example_bringup
[1.013s] -- Installing: /home/ttpidelta/RushBoTT-ros2_ws/install/ros_gz_example_bringup/share/ament_index/resource_index/parent_prefix_path/ros_gz_example_bringup
[1.013s] -- Installing: /home/ttpidelta/RushBoTT-ros2_ws/install/ros_gz_example_bringup/share/ros_gz_example_bringup/environment/ament_prefix_path.sh
[1.014s] -- Installing: /home/ttpidelta/RushBoTT-ros2_ws/install/ros_gz_example_bringup/share/ros_gz_example_bringup/environment/ament_prefix_path.dsv
[1.014s] -- Installing: /home/ttpidelta/RushBoTT-ros2_ws/install/ros_gz_example_bringup/share/ros_gz_example_bringup/environment/path.sh
[1.015s] -- Installing: /home/ttpidelta/RushBoTT-ros2_ws/install/ros_gz_example_bringup/share/ros_gz_example_bringup/environment/path.dsv
[1.015s] -- Installing: /home/ttpidelta/RushBoTT-ros2_ws/install/ros_gz_example_bringup/share/ros_gz_example_bringup/local_setup.bash
[1.015s] -- Installing: /home/ttpidelta/RushBoTT-ros2_ws/install/ros_gz_example_bringup/share/ros_gz_example_bringup/local_setup.sh
[1.015s] -- Installing: /home/ttpidelta/RushBoTT-ros2_ws/install/ros_gz_example_bringup/share/ros_gz_example_bringup/local_setup.zsh
[1.015s] -- Installing: /home/ttpidelta/RushBoTT-ros2_ws/install/ros_gz_example_bringup/share/ros_gz_example_bringup/local_setup.dsv
[1.015s] -- Installing: /home/ttpidelta/RushBoTT-ros2_ws/install/ros_gz_example_bringup/share/ros_gz_example_bringup/package.dsv
[1.016s] -- Installing: /home/ttpidelta/RushBoTT-ros2_ws/install/ros_gz_example_bringup/share/ament_index/resource_index/packages/ros_gz_example_bringup
[1.017s] -- Installing: /home/ttpidelta/RushBoTT-ros2_ws/install/ros_gz_example_bringup/share/ros_gz_example_bringup/cmake/ros_gz_example_bringupConfig.cmake
[1.017s] -- Installing: /home/ttpidelta/RushBoTT-ros2_ws/install/ros_gz_example_bringup/share/ros_gz_example_bringup/cmake/ros_gz_example_bringupConfig-version.cmake
[1.017s] -- Installing: /home/ttpidelta/RushBoTT-ros2_ws/install/ros_gz_example_bringup/share/ros_gz_example_bringup/package.xml
[1.020s] Invoked command in '/home/ttpidelta/RushBoTT-ros2_ws/build/ros_gz_example_bringup' returned '0': CMAKE_PREFIX_PATH=/home/ttpidelta/RushBoTT-ros2_ws/install/ros_gz_example_gazebo:/home/ttpidelta/RushBoTT-ros2_ws/install/ros_gz_example_description:/home/ttpidelta/RushBoTT-ros2_ws/install/ros_gz_example_bringup:/home/ttpidelta/RushBoTT-ros2_ws/install/ros_gz_example_application:/opt/ros/jazzy/opt/gz_sim_vendor:/opt/ros/jazzy/opt/gz_sensors_vendor:/opt/ros/jazzy/opt/gz_physics_vendor:/opt/ros/jazzy/opt/sdformat_vendor:/opt/ros/jazzy/opt/gz_gui_vendor:/opt/ros/jazzy/opt/gz_transport_vendor:/opt/ros/jazzy/opt/gz_rendering_vendor:/opt/ros/jazzy/opt/gz_plugin_vendor:/opt/ros/jazzy/opt/gz_fuel_tools_vendor:/opt/ros/jazzy/opt/gz_msgs_vendor:/opt/ros/jazzy/opt/gz_common_vendor:/opt/ros/jazzy/opt/gz_math_vendor:/opt/ros/jazzy/opt/gz_utils_vendor:/opt/ros/jazzy/opt/gz_tools_vendor:/opt/ros/jazzy/opt/gz_ogre_next_vendor:/opt/ros/jazzy/opt/gz_dartsim_vendor:/opt/ros/jazzy/opt/gz_cmake_vendor:/home/ttpidelta/RushBoTT-ros2_ws/install/rushbott_description:/opt/ros/jazzy GZ_SIM_PLUGIN_PATH=/home/ttpidelta/RushBoTT-ros2_ws/install/ros_gz_example_gazebo/lib/ros_gz_example_gazebo GZ_SIM_RESOURCE_PATH=/home/ttpidelta/RushBoTT-ros2_ws/install/ros_gz_example_description/share/ros_gz_example_description/models:${GZ_SIM_RESOURCE_PATH} /usr/bin/cmake --install /home/ttpidelta/RushBoTT-ros2_ws/build/ros_gz_example_bringup
