[1.331s] Invoking command in '/RushBoTT-ros2_ws/src/my_package': PYTHONPATH=/RushBoTT-ros2_ws/build/my_package/prefix_override:/usr/lib/python3/dist-packages/colcon_core/task/python/colcon_distutils_commands:/RushBoTT-ros2_ws/install/my_package/lib/python3.10/site-packages:${PYTHONPATH} /usr/bin/python3 -W ignore:setup.py install is deprecated setup.py egg_info --egg-base ../../build/my_package build --build-base /RushBoTT-ros2_ws/build/my_package/build install --record /RushBoTT-ros2_ws/build/my_package/install.log --single-version-externally-managed install_data
[1.593s] running egg_info
[1.594s] creating ../../build/my_package/my_package.egg-info
[1.594s] writing ../../build/my_package/my_package.egg-info/PKG-INFO
[1.595s] writing dependency_links to ../../build/my_package/my_package.egg-info/dependency_links.txt
[1.595s] writing entry points to ../../build/my_package/my_package.egg-info/entry_points.txt
[1.596s] writing requirements to ../../build/my_package/my_package.egg-info/requires.txt
[1.596s] writing top-level names to ../../build/my_package/my_package.egg-info/top_level.txt
[1.596s] writing manifest file '../../build/my_package/my_package.egg-info/SOURCES.txt'
[1.598s] reading manifest file '../../build/my_package/my_package.egg-info/SOURCES.txt'
[1.598s] adding license file 'LICENSE'
[1.599s] writing manifest file '../../build/my_package/my_package.egg-info/SOURCES.txt'
[1.599s] running build
[1.599s] running build_py
[1.599s] creating /RushBoTT-ros2_ws/build/my_package/build
[1.601s] creating /RushBoTT-ros2_ws/build/my_package/build/lib
[1.601s] creating /RushBoTT-ros2_ws/build/my_package/build/lib/my_package
[1.602s] copying my_package/__init__.py -> /RushBoTT-ros2_ws/build/my_package/build/lib/my_package
[1.602s] copying my_package/my_robot_driver.py -> /RushBoTT-ros2_ws/build/my_package/build/lib/my_package
[1.603s] running install
[1.604s] running install_lib
[1.607s] creating /RushBoTT-ros2_ws/install/my_package/lib/python3.10/site-packages/my_package
[1.607s] copying /RushBoTT-ros2_ws/build/my_package/build/lib/my_package/__init__.py -> /RushBoTT-ros2_ws/install/my_package/lib/python3.10/site-packages/my_package
[1.607s] copying /RushBoTT-ros2_ws/build/my_package/build/lib/my_package/my_robot_driver.py -> /RushBoTT-ros2_ws/install/my_package/lib/python3.10/site-packages/my_package
[1.608s] byte-compiling /RushBoTT-ros2_ws/install/my_package/lib/python3.10/site-packages/my_package/__init__.py to __init__.cpython-310.pyc
[1.609s] byte-compiling /RushBoTT-ros2_ws/install/my_package/lib/python3.10/site-packages/my_package/my_robot_driver.py to my_robot_driver.cpython-310.pyc
[1.610s] running install_data
[1.610s] creating /RushBoTT-ros2_ws/install/my_package/share/ament_index
[1.611s] creating /RushBoTT-ros2_ws/install/my_package/share/ament_index/resource_index
[1.611s] creating /RushBoTT-ros2_ws/install/my_package/share/ament_index/resource_index/packages
[1.611s] copying resource/my_package -> /RushBoTT-ros2_ws/install/my_package/share/ament_index/resource_index/packages
[1.611s] creating /RushBoTT-ros2_ws/install/my_package/share/my_package/launch
[1.612s] copying launch/robot_launch.py -> /RushBoTT-ros2_ws/install/my_package/share/my_package/launch
[1.612s] creating /RushBoTT-ros2_ws/install/my_package/share/my_package/worlds
[1.612s] copying worlds/my_world.wbt -> /RushBoTT-ros2_ws/install/my_package/share/my_package/worlds
[1.612s] creating /RushBoTT-ros2_ws/install/my_package/share/my_package/resource
[1.613s] copying resource/my_robot.urdf -> /RushBoTT-ros2_ws/install/my_package/share/my_package/resource
[1.614s] copying package.xml -> /RushBoTT-ros2_ws/install/my_package/share/my_package
[1.614s] running install_egg_info
[1.617s] Copying ../../build/my_package/my_package.egg-info to /RushBoTT-ros2_ws/install/my_package/lib/python3.10/site-packages/my_package-0.0.0-py3.10.egg-info
[1.618s] running install_scripts
[1.658s] Installing my_robot_driver script to /RushBoTT-ros2_ws/install/my_package/lib/my_package
[1.660s] writing list of installed files to '/RushBoTT-ros2_ws/build/my_package/install.log'
[1.694s] Invoked command in '/RushBoTT-ros2_ws/src/my_package' returned '0': PYTHONPATH=/RushBoTT-ros2_ws/build/my_package/prefix_override:/usr/lib/python3/dist-packages/colcon_core/task/python/colcon_distutils_commands:/RushBoTT-ros2_ws/install/my_package/lib/python3.10/site-packages:${PYTHONPATH} /usr/bin/python3 -W ignore:setup.py install is deprecated setup.py egg_info --egg-base ../../build/my_package build --build-base /RushBoTT-ros2_ws/build/my_package/build install --record /RushBoTT-ros2_ws/build/my_package/install.log --single-version-externally-managed install_data
