[0.024s] Invoking command in '/home/ttpidelta/RushBoTT-ros2_ws/build/ros_gz_example_application': CMAKE_PREFIX_PATH=${CMAKE_PREFIX_PATH}:/opt/ros/jazzy /usr/bin/cmake --build /home/ttpidelta/RushBoTT-ros2_ws/build/ros_gz_example_application -- -j12 -l12
[0.068s] -- Found ament_cmake: 2.5.2 (/opt/ros/jazzy/share/ament_cmake/cmake)
[0.397s] -- Configuring done (0.3s)
[0.410s] -- Generating done (0.0s)
[0.411s] -- Build files have been written to: /home/ttpidelta/RushBoTT-ros2_ws/build/ros_gz_example_application
[0.436s] Invoked command in '/home/ttpidelta/RushBoTT-ros2_ws/build/ros_gz_example_application' returned '0': CMAKE_PREFIX_PATH=${CMAKE_PREFIX_PATH}:/opt/ros/jazzy /usr/bin/cmake --build /home/ttpidelta/RushBoTT-ros2_ws/build/ros_gz_example_application -- -j12 -l12
[0.476s] Invoking command in '/home/ttpidelta/RushBoTT-ros2_ws/build/ros_gz_example_application': CMAKE_PREFIX_PATH=${CMAKE_PREFIX_PATH}:/opt/ros/jazzy /usr/bin/cmake --install /home/ttpidelta/RushBoTT-ros2_ws/build/ros_gz_example_application
[0.486s] -- Install configuration: ""
[0.486s] -- Up-to-date: /home/ttpidelta/RushBoTT-ros2_ws/install/ros_gz_example_application/share/ament_index/resource_index/package_run_dependencies/ros_gz_example_application
[0.487s] -- Up-to-date: /home/ttpidelta/RushBoTT-ros2_ws/install/ros_gz_example_application/share/ament_index/resource_index/parent_prefix_path/ros_gz_example_application
[0.488s] -- Up-to-date: /home/ttpidelta/RushBoTT-ros2_ws/install/ros_gz_example_application/share/ros_gz_example_application/environment/ament_prefix_path.sh
[0.488s] -- Up-to-date: /home/ttpidelta/RushBoTT-ros2_ws/install/ros_gz_example_application/share/ros_gz_example_application/environment/ament_prefix_path.dsv
[0.489s] -- Up-to-date: /home/ttpidelta/RushBoTT-ros2_ws/install/ros_gz_example_application/share/ros_gz_example_application/environment/path.sh
[0.489s] -- Up-to-date: /home/ttpidelta/RushBoTT-ros2_ws/install/ros_gz_example_application/share/ros_gz_example_application/environment/path.dsv
[0.489s] -- Up-to-date: /home/ttpidelta/RushBoTT-ros2_ws/install/ros_gz_example_application/share/ros_gz_example_application/local_setup.bash
[0.490s] -- Up-to-date: /home/ttpidelta/RushBoTT-ros2_ws/install/ros_gz_example_application/share/ros_gz_example_application/local_setup.sh
[0.490s] -- Up-to-date: /home/ttpidelta/RushBoTT-ros2_ws/install/ros_gz_example_application/share/ros_gz_example_application/local_setup.zsh
[0.490s] -- Up-to-date: /home/ttpidelta/RushBoTT-ros2_ws/install/ros_gz_example_application/share/ros_gz_example_application/local_setup.dsv
[0.491s] -- Up-to-date: /home/ttpidelta/RushBoTT-ros2_ws/install/ros_gz_example_application/share/ros_gz_example_application/package.dsv
[0.491s] -- Up-to-date: /home/ttpidelta/RushBoTT-ros2_ws/install/ros_gz_example_application/share/ament_index/resource_index/packages/ros_gz_example_application
[0.492s] -- Up-to-date: /home/ttpidelta/RushBoTT-ros2_ws/install/ros_gz_example_application/share/ros_gz_example_application/cmake/ros_gz_example_applicationConfig.cmake
[0.493s] -- Up-to-date: /home/ttpidelta/RushBoTT-ros2_ws/install/ros_gz_example_application/share/ros_gz_example_application/cmake/ros_gz_example_applicationConfig-version.cmake
[0.493s] -- Installing: /home/ttpidelta/RushBoTT-ros2_ws/install/ros_gz_example_application/share/ros_gz_example_application/package.xml
[0.500s] Invoked command in '/home/ttpidelta/RushBoTT-ros2_ws/build/ros_gz_example_application' returned '0': CMAKE_PREFIX_PATH=${CMAKE_PREFIX_PATH}:/opt/ros/jazzy /usr/bin/cmake --install /home/ttpidelta/RushBoTT-ros2_ws/build/ros_gz_example_application
